DEBUG 2025-02-23 16:31:11.178 UTC: 	 CRAB Client version: v3.241125
DEBUG 2025-02-23 16:31:11.179 UTC: 	 Running on: Linux lxplus814.cern.ch 4.18.0-553.40.1.el8_10.x86_64 #1 SMP Thu Feb 6 21:20:51 EST 2025 x86_64 x86_64 x86_64 GNU/Linux
DEBUG 2025-02-23 16:31:11.179 UTC: 	 Not using Singularity
DEBUG 2025-02-23 16:31:11.179 UTC: 	 Operating System: Red Hat Enterprise Linux 8.10 (Ootpa)
DEBUG 2025-02-23 16:31:11.179 UTC: 	 Executing command: 'remake'
DEBUG 2025-02-23 16:31:11.179 UTC: 	 Found CRAB cache file /afs/cern.ch/user/j/jelee/.crab3
DEBUG 2025-02-23 16:31:11.179 UTC: 	 Checking credentials
DEBUG 2025-02-23 16:31:11.179 UTC: 	 Found proxy file /tmp/x509up_u21686
DEBUG 2025-02-23 16:31:11.179 UTC: 	 Making sure it has proper VOMS extension
DEBUG 2025-02-23 16:31:11.179 UTC: 	 Executing command :
 voms-proxy-info --vo --file /tmp/x509up_u21686
DEBUG 2025-02-23 16:31:11.539 UTC: 	 output : cms

 error: 
 retcode : 0
DEBUG 2025-02-23 16:31:11.539 UTC: 	 Getting proxy life time left
DEBUG 2025-02-23 16:31:11.539 UTC: 	 Executing command :
 voms-proxy-info --actimeleft --timeleft --file /tmp/x509up_u21686
DEBUG 2025-02-23 16:31:11.887 UTC: 	 output : 349487
349487

 error: 
 retcode : 0
DEBUG 2025-02-23 16:31:11.887 UTC: 	 Proxy valid for 97:04:47 hours
DEBUG 2025-02-23 16:31:11.887 UTC: 	 Encoded data for curl request: subresource=delegatedn
DEBUG 2025-02-23 16:31:11.920 UTC: 	 Registering user credentials on myproxy for /DC=ch/DC=cern/OU=computers/CN=crab-(preprod|prod)-tw(01|02).cern.ch|/DC=ch/DC=cern/OU=computers/CN=crab-dev-tw(01|02|03|04).cern.ch|/DC=ch/DC=cern/OU=Organic Units/OU=Users/CN=cmscrab/CN=(817881|373708)/CN=Robot: cms crab|/DC=ch/DC=cern/OU=Organic Units/OU=Users/CN=crabint1/CN=373708/CN=Robot: CMS CRAB Integration 1
DEBUG 2025-02-23 16:31:11.921 UTC: 	 Executing command :
 voms-proxy-info --identity --file /tmp/x509up_u21686
DEBUG 2025-02-23 16:31:12.280 UTC: 	 output : /DC=ch/DC=cern/OU=Organic Units/OU=Users/CN=jelee/CN=727784/CN=Jeongeun Lee

 error: 
 retcode : 0
DEBUG 2025-02-23 16:31:12.281 UTC: 	 Getting myproxy life time left for f1f3941e9d4a8be26269c6d003b41f2827f63184
DEBUG 2025-02-23 16:31:12.281 UTC: 	 Executing command :
 myproxy-info -s myproxy.cern.ch -l f1f3941e9d4a8be26269c6d003b41f2827f63184
DEBUG 2025-02-23 16:31:12.549 UTC: 	 output : username: f1f3941e9d4a8be26269c6d003b41f2827f63184
owner: /DC=ch/DC=cern/OU=Organic Units/OU=Users/CN=jelee/CN=727784/CN=Jeongeun Lee
  renewal policy: /DC=ch/DC=cern/OU=computers/CN=crab-(preprod|prod)-tw(01|02).cern.ch|/DC=ch/DC=cern/OU=computers/CN=crab-dev-tw(01|02|03|04).cern.ch|/DC=ch/DC=cern/OU=Organic Units/OU=Users/CN=cmscrab/CN=(817881|373708)/CN=Robot: cms crab|/DC=ch/DC=cern/OU=Organic Units/OU=Users/CN=crabint1/CN=373708/CN=Robot: CMS CRAB Integration 1
  trusted retrieval policy: /DC=ch/DC=cern/OU=computers/CN=crab-(preprod|prod)-tw(01|02).cern.ch|/DC=ch/DC=cern/OU=computers/CN=crab-dev-tw(01|02|03|04).cern.ch|/DC=ch/DC=cern/OU=Organic Units/OU=Users/CN=cmscrab/CN=(817881|373708)/CN=Robot: cms crab|/DC=ch/DC=cern/OU=Organic Units/OU=Users/CN=crabint1/CN=373708/CN=Robot: CMS CRAB Integration 1
  timeleft: 645:36:28  (26.9 days)

 error: 
 retcode : 0
DEBUG 2025-02-23 16:31:12.549 UTC: 	 Myproxy is valid: 2324160
DEBUG 2025-02-23 16:31:12.549 UTC: 	 Result of myproxy credential check:
  Credential exists on myproxy: username: f1f3941e9d4a8be26269c6d003b41f2827f63184  - validity: 26 days, 21:36:00
DEBUG 2025-02-23 16:31:12.550 UTC: 	 Command use: remake
DEBUG 2025-02-23 16:31:12.550 UTC: 	 Options use: ['--task=250222_164736:jelee_crab_TbarBQ_t-ch']
DEBUG 2025-02-23 16:31:12.550 UTC: 	 Encoded data for curl request: subresource=version
DEBUG 2025-02-23 16:31:12.582 UTC: 	 CRABClient version: v3.241125
DEBUG 2025-02-23 16:31:12.582 UTC: 	 Instance is prod
DEBUG 2025-02-23 16:31:12.582 UTC: 	 Server base url is cmsweb.cern.ch
DEBUG 2025-02-23 16:31:12.582 UTC: 	 Command api workflow
WARNING 2025-02-23 16:31:12.582 UTC: 	 ATTENTION return value for 'remake' has been changed to a dictionary
 format is {'commandStatus': 'SUCCESS' or 'FAILED',
            'workDir': name of the work directory created}
INFO 2025-02-23 16:31:12.583 UTC: 	 Warning: crab_TbarBQ_t-ch/.requestcache not created, because it already exists.
INFO 2025-02-23 16:31:12.584 UTC: 	 Log file is /afs/cern.ch/work/j/jelee/nanoaod/workspace2025/CMSSW_13_3_0/src/PhysicsTools/NanoAODTools/crab_Run2_UL_Skim/2022preEE/TbarBQ_t-ch/crab.log
DEBUG 2025-02-23 19:35:27.517 UTC: 	 CRAB Client version: v3.241125
DEBUG 2025-02-23 19:35:27.517 UTC: 	 Running on: Linux lxplus814.cern.ch 4.18.0-553.40.1.el8_10.x86_64 #1 SMP Thu Feb 6 21:20:51 EST 2025 x86_64 x86_64 x86_64 GNU/Linux
DEBUG 2025-02-23 19:35:27.517 UTC: 	 Not using Singularity
DEBUG 2025-02-23 19:35:27.517 UTC: 	 Operating System: Red Hat Enterprise Linux 8.10 (Ootpa)
DEBUG 2025-02-23 19:35:27.517 UTC: 	 Executing command: 'remake'
DEBUG 2025-02-23 19:35:27.517 UTC: 	 Found CRAB cache file /afs/cern.ch/user/j/jelee/.crab3
DEBUG 2025-02-23 19:35:27.518 UTC: 	 Checking credentials
DEBUG 2025-02-23 19:35:27.518 UTC: 	 Found proxy file /tmp/x509up_u21686
DEBUG 2025-02-23 19:35:27.518 UTC: 	 Making sure it has proper VOMS extension
DEBUG 2025-02-23 19:35:27.518 UTC: 	 Executing command :
 voms-proxy-info --vo --file /tmp/x509up_u21686
DEBUG 2025-02-23 19:35:27.865 UTC: 	 output : cms

 error: 
 retcode : 0
DEBUG 2025-02-23 19:35:27.865 UTC: 	 Getting proxy life time left
DEBUG 2025-02-23 19:35:27.865 UTC: 	 Executing command :
 voms-proxy-info --actimeleft --timeleft --file /tmp/x509up_u21686
DEBUG 2025-02-23 19:35:28.222 UTC: 	 output : 338430
338430

 error: 
 retcode : 0
DEBUG 2025-02-23 19:35:28.223 UTC: 	 Proxy valid for 94:00:30 hours
DEBUG 2025-02-23 19:35:28.223 UTC: 	 Encoded data for curl request: subresource=delegatedn
DEBUG 2025-02-23 19:35:28.260 UTC: 	 Registering user credentials on myproxy for /DC=ch/DC=cern/OU=computers/CN=crab-(preprod|prod)-tw(01|02).cern.ch|/DC=ch/DC=cern/OU=computers/CN=crab-dev-tw(01|02|03|04).cern.ch|/DC=ch/DC=cern/OU=Organic Units/OU=Users/CN=cmscrab/CN=(817881|373708)/CN=Robot: cms crab|/DC=ch/DC=cern/OU=Organic Units/OU=Users/CN=crabint1/CN=373708/CN=Robot: CMS CRAB Integration 1
DEBUG 2025-02-23 19:35:28.260 UTC: 	 Executing command :
 voms-proxy-info --identity --file /tmp/x509up_u21686
DEBUG 2025-02-23 19:35:28.652 UTC: 	 output : /DC=ch/DC=cern/OU=Organic Units/OU=Users/CN=jelee/CN=727784/CN=Jeongeun Lee

 error: 
 retcode : 0
DEBUG 2025-02-23 19:35:28.652 UTC: 	 Getting myproxy life time left for f1f3941e9d4a8be26269c6d003b41f2827f63184
DEBUG 2025-02-23 19:35:28.652 UTC: 	 Executing command :
 myproxy-info -s myproxy.cern.ch -l f1f3941e9d4a8be26269c6d003b41f2827f63184
DEBUG 2025-02-23 19:35:28.989 UTC: 	 output : username: f1f3941e9d4a8be26269c6d003b41f2827f63184
owner: /DC=ch/DC=cern/OU=Organic Units/OU=Users/CN=jelee/CN=727784/CN=Jeongeun Lee
  renewal policy: /DC=ch/DC=cern/OU=computers/CN=crab-(preprod|prod)-tw(01|02).cern.ch|/DC=ch/DC=cern/OU=computers/CN=crab-dev-tw(01|02|03|04).cern.ch|/DC=ch/DC=cern/OU=Organic Units/OU=Users/CN=cmscrab/CN=(817881|373708)/CN=Robot: cms crab|/DC=ch/DC=cern/OU=Organic Units/OU=Users/CN=crabint1/CN=373708/CN=Robot: CMS CRAB Integration 1
  trusted retrieval policy: /DC=ch/DC=cern/OU=computers/CN=crab-(preprod|prod)-tw(01|02).cern.ch|/DC=ch/DC=cern/OU=computers/CN=crab-dev-tw(01|02|03|04).cern.ch|/DC=ch/DC=cern/OU=Organic Units/OU=Users/CN=cmscrab/CN=(817881|373708)/CN=Robot: cms crab|/DC=ch/DC=cern/OU=Organic Units/OU=Users/CN=crabint1/CN=373708/CN=Robot: CMS CRAB Integration 1
  timeleft: 642:32:12  (26.8 days)

 error: 
 retcode : 0
DEBUG 2025-02-23 19:35:28.990 UTC: 	 Myproxy is valid: 2313120
DEBUG 2025-02-23 19:35:28.990 UTC: 	 Result of myproxy credential check:
  Credential exists on myproxy: username: f1f3941e9d4a8be26269c6d003b41f2827f63184  - validity: 26 days, 18:32:00
DEBUG 2025-02-23 19:35:28.990 UTC: 	 Command use: remake
DEBUG 2025-02-23 19:35:28.990 UTC: 	 Options use: ['--task=250222_164736:jelee_crab_TbarBQ_t-ch']
DEBUG 2025-02-23 19:35:28.990 UTC: 	 Encoded data for curl request: subresource=version
DEBUG 2025-02-23 19:35:29.025 UTC: 	 CRABClient version: v3.241125
DEBUG 2025-02-23 19:35:29.025 UTC: 	 Instance is prod
DEBUG 2025-02-23 19:35:29.025 UTC: 	 Server base url is cmsweb.cern.ch
DEBUG 2025-02-23 19:35:29.025 UTC: 	 Command api workflow
WARNING 2025-02-23 19:35:29.025 UTC: 	 ATTENTION return value for 'remake' has been changed to a dictionary
 format is {'commandStatus': 'SUCCESS' or 'FAILED',
            'workDir': name of the work directory created}
INFO 2025-02-23 19:35:29.025 UTC: 	 Warning: crab_TbarBQ_t-ch/.requestcache not created, because it already exists.
INFO 2025-02-23 19:35:29.050 UTC: 	 Log file is /afs/cern.ch/work/j/jelee/nanoaod/workspace2025/CMSSW_13_3_0/src/PhysicsTools/NanoAODTools/crab_Run2_UL_Skim/2022preEE/TbarBQ_t-ch/crab.log
