DEBUG 2025-02-23 16:30:00.995 UTC: 	 CRAB Client version: v3.241125
DEBUG 2025-02-23 16:30:00.996 UTC: 	 Running on: Linux lxplus814.cern.ch 4.18.0-553.40.1.el8_10.x86_64 #1 SMP Thu Feb 6 21:20:51 EST 2025 x86_64 x86_64 x86_64 GNU/Linux
DEBUG 2025-02-23 16:30:00.996 UTC: 	 Not using Singularity
DEBUG 2025-02-23 16:30:00.996 UTC: 	 Operating System: Red Hat Enterprise Linux 8.10 (Ootpa)
DEBUG 2025-02-23 16:30:00.996 UTC: 	 Executing command: 'remake'
DEBUG 2025-02-23 16:30:00.996 UTC: 	 Found CRAB cache file /afs/cern.ch/user/j/jelee/.crab3
DEBUG 2025-02-23 16:30:00.996 UTC: 	 Checking credentials
DEBUG 2025-02-23 16:30:00.997 UTC: 	 Found proxy file /tmp/x509up_u21686
DEBUG 2025-02-23 16:30:00.997 UTC: 	 Making sure it has proper VOMS extension
DEBUG 2025-02-23 16:30:00.997 UTC: 	 Executing command :
 voms-proxy-info --vo --file /tmp/x509up_u21686
DEBUG 2025-02-23 16:30:01.348 UTC: 	 output : cms

 error: 
 retcode : 0
DEBUG 2025-02-23 16:30:01.349 UTC: 	 Getting proxy life time left
DEBUG 2025-02-23 16:30:01.349 UTC: 	 Executing command :
 voms-proxy-info --actimeleft --timeleft --file /tmp/x509up_u21686
DEBUG 2025-02-23 16:30:01.731 UTC: 	 output : 349557
349557

 error: 
 retcode : 0
DEBUG 2025-02-23 16:30:01.731 UTC: 	 Proxy valid for 97:05:57 hours
DEBUG 2025-02-23 16:30:01.732 UTC: 	 Encoded data for curl request: subresource=delegatedn
DEBUG 2025-02-23 16:30:01.771 UTC: 	 Registering user credentials on myproxy for /DC=ch/DC=cern/OU=computers/CN=crab-(preprod|prod)-tw(01|02).cern.ch|/DC=ch/DC=cern/OU=computers/CN=crab-dev-tw(01|02|03|04).cern.ch|/DC=ch/DC=cern/OU=Organic Units/OU=Users/CN=cmscrab/CN=(817881|373708)/CN=Robot: cms crab|/DC=ch/DC=cern/OU=Organic Units/OU=Users/CN=crabint1/CN=373708/CN=Robot: CMS CRAB Integration 1
DEBUG 2025-02-23 16:30:01.771 UTC: 	 Executing command :
 voms-proxy-info --identity --file /tmp/x509up_u21686
DEBUG 2025-02-23 16:30:02.139 UTC: 	 output : /DC=ch/DC=cern/OU=Organic Units/OU=Users/CN=jelee/CN=727784/CN=Jeongeun Lee

 error: 
 retcode : 0
DEBUG 2025-02-23 16:30:02.139 UTC: 	 Getting myproxy life time left for f1f3941e9d4a8be26269c6d003b41f2827f63184
DEBUG 2025-02-23 16:30:02.139 UTC: 	 Executing command :
 myproxy-info -s myproxy.cern.ch -l f1f3941e9d4a8be26269c6d003b41f2827f63184
DEBUG 2025-02-23 16:30:02.587 UTC: 	 output : username: f1f3941e9d4a8be26269c6d003b41f2827f63184
owner: /DC=ch/DC=cern/OU=Organic Units/OU=Users/CN=jelee/CN=727784/CN=Jeongeun Lee
  renewal policy: /DC=ch/DC=cern/OU=computers/CN=crab-(preprod|prod)-tw(01|02).cern.ch|/DC=ch/DC=cern/OU=computers/CN=crab-dev-tw(01|02|03|04).cern.ch|/DC=ch/DC=cern/OU=Organic Units/OU=Users/CN=cmscrab/CN=(817881|373708)/CN=Robot: cms crab|/DC=ch/DC=cern/OU=Organic Units/OU=Users/CN=crabint1/CN=373708/CN=Robot: CMS CRAB Integration 1
  trusted retrieval policy: /DC=ch/DC=cern/OU=computers/CN=crab-(preprod|prod)-tw(01|02).cern.ch|/DC=ch/DC=cern/OU=computers/CN=crab-dev-tw(01|02|03|04).cern.ch|/DC=ch/DC=cern/OU=Organic Units/OU=Users/CN=cmscrab/CN=(817881|373708)/CN=Robot: cms crab|/DC=ch/DC=cern/OU=Organic Units/OU=Users/CN=crabint1/CN=373708/CN=Robot: CMS CRAB Integration 1
  timeleft: 645:37:38  (26.9 days)

 error: 
 retcode : 0
DEBUG 2025-02-23 16:30:02.587 UTC: 	 Myproxy is valid: 2324220
DEBUG 2025-02-23 16:30:02.587 UTC: 	 Result of myproxy credential check:
  Credential exists on myproxy: username: f1f3941e9d4a8be26269c6d003b41f2827f63184  - validity: 26 days, 21:37:00
DEBUG 2025-02-23 16:30:02.587 UTC: 	 Command use: remake
DEBUG 2025-02-23 16:30:02.587 UTC: 	 Options use: ['--task=250222_164714:jelee_crab_DYto2E_MLL-120to200']
DEBUG 2025-02-23 16:30:02.588 UTC: 	 Encoded data for curl request: subresource=version
DEBUG 2025-02-23 16:30:02.622 UTC: 	 CRABClient version: v3.241125
DEBUG 2025-02-23 16:30:02.622 UTC: 	 Instance is prod
DEBUG 2025-02-23 16:30:02.622 UTC: 	 Server base url is cmsweb.cern.ch
DEBUG 2025-02-23 16:30:02.622 UTC: 	 Command api workflow
WARNING 2025-02-23 16:30:02.622 UTC: 	 ATTENTION return value for 'remake' has been changed to a dictionary
 format is {'commandStatus': 'SUCCESS' or 'FAILED',
            'workDir': name of the work directory created}
INFO 2025-02-23 16:30:02.623 UTC: 	 Warning: crab_DYto2E_MLL-120to200/.requestcache not created, because it already exists.
INFO 2025-02-23 16:30:02.624 UTC: 	 Log file is /afs/cern.ch/work/j/jelee/nanoaod/workspace2025/CMSSW_13_3_0/src/PhysicsTools/NanoAODTools/crab_Run2_UL_Skim/2022preEE/DYto2E_MLL-120to200/crab.log
DEBUG 2025-02-23 19:34:48.137 UTC: 	 CRAB Client version: v3.241125
DEBUG 2025-02-23 19:34:48.138 UTC: 	 Running on: Linux lxplus814.cern.ch 4.18.0-553.40.1.el8_10.x86_64 #1 SMP Thu Feb 6 21:20:51 EST 2025 x86_64 x86_64 x86_64 GNU/Linux
DEBUG 2025-02-23 19:34:48.138 UTC: 	 Not using Singularity
DEBUG 2025-02-23 19:34:48.138 UTC: 	 Operating System: Red Hat Enterprise Linux 8.10 (Ootpa)
DEBUG 2025-02-23 19:34:48.138 UTC: 	 Executing command: 'remake'
DEBUG 2025-02-23 19:34:48.138 UTC: 	 Found CRAB cache file /afs/cern.ch/user/j/jelee/.crab3
DEBUG 2025-02-23 19:34:48.138 UTC: 	 Checking credentials
DEBUG 2025-02-23 19:34:48.138 UTC: 	 Found proxy file /tmp/x509up_u21686
DEBUG 2025-02-23 19:34:48.138 UTC: 	 Making sure it has proper VOMS extension
DEBUG 2025-02-23 19:34:48.138 UTC: 	 Executing command :
 voms-proxy-info --vo --file /tmp/x509up_u21686
DEBUG 2025-02-23 19:34:48.544 UTC: 	 output : cms

 error: 
 retcode : 0
DEBUG 2025-02-23 19:34:48.544 UTC: 	 Getting proxy life time left
DEBUG 2025-02-23 19:34:48.544 UTC: 	 Executing command :
 voms-proxy-info --actimeleft --timeleft --file /tmp/x509up_u21686
DEBUG 2025-02-23 19:34:48.916 UTC: 	 output : 338470
338470

 error: 
 retcode : 0
DEBUG 2025-02-23 19:34:48.916 UTC: 	 Proxy valid for 94:01:10 hours
DEBUG 2025-02-23 19:34:48.916 UTC: 	 Encoded data for curl request: subresource=delegatedn
DEBUG 2025-02-23 19:34:48.948 UTC: 	 Registering user credentials on myproxy for /DC=ch/DC=cern/OU=computers/CN=crab-(preprod|prod)-tw(01|02).cern.ch|/DC=ch/DC=cern/OU=computers/CN=crab-dev-tw(01|02|03|04).cern.ch|/DC=ch/DC=cern/OU=Organic Units/OU=Users/CN=cmscrab/CN=(817881|373708)/CN=Robot: cms crab|/DC=ch/DC=cern/OU=Organic Units/OU=Users/CN=crabint1/CN=373708/CN=Robot: CMS CRAB Integration 1
DEBUG 2025-02-23 19:34:48.948 UTC: 	 Executing command :
 voms-proxy-info --identity --file /tmp/x509up_u21686
DEBUG 2025-02-23 19:34:49.319 UTC: 	 output : /DC=ch/DC=cern/OU=Organic Units/OU=Users/CN=jelee/CN=727784/CN=Jeongeun Lee

 error: 
 retcode : 0
DEBUG 2025-02-23 19:34:49.319 UTC: 	 Getting myproxy life time left for f1f3941e9d4a8be26269c6d003b41f2827f63184
DEBUG 2025-02-23 19:34:49.319 UTC: 	 Executing command :
 myproxy-info -s myproxy.cern.ch -l f1f3941e9d4a8be26269c6d003b41f2827f63184
DEBUG 2025-02-23 19:34:49.650 UTC: 	 output : username: f1f3941e9d4a8be26269c6d003b41f2827f63184
owner: /DC=ch/DC=cern/OU=Organic Units/OU=Users/CN=jelee/CN=727784/CN=Jeongeun Lee
  renewal policy: /DC=ch/DC=cern/OU=computers/CN=crab-(preprod|prod)-tw(01|02).cern.ch|/DC=ch/DC=cern/OU=computers/CN=crab-dev-tw(01|02|03|04).cern.ch|/DC=ch/DC=cern/OU=Organic Units/OU=Users/CN=cmscrab/CN=(817881|373708)/CN=Robot: cms crab|/DC=ch/DC=cern/OU=Organic Units/OU=Users/CN=crabint1/CN=373708/CN=Robot: CMS CRAB Integration 1
  trusted retrieval policy: /DC=ch/DC=cern/OU=computers/CN=crab-(preprod|prod)-tw(01|02).cern.ch|/DC=ch/DC=cern/OU=computers/CN=crab-dev-tw(01|02|03|04).cern.ch|/DC=ch/DC=cern/OU=Organic Units/OU=Users/CN=cmscrab/CN=(817881|373708)/CN=Robot: cms crab|/DC=ch/DC=cern/OU=Organic Units/OU=Users/CN=crabint1/CN=373708/CN=Robot: CMS CRAB Integration 1
  timeleft: 642:32:51  (26.8 days)

 error: 
 retcode : 0
DEBUG 2025-02-23 19:34:49.650 UTC: 	 Myproxy is valid: 2313120
DEBUG 2025-02-23 19:34:49.651 UTC: 	 Result of myproxy credential check:
  Credential exists on myproxy: username: f1f3941e9d4a8be26269c6d003b41f2827f63184  - validity: 26 days, 18:32:00
DEBUG 2025-02-23 19:34:49.651 UTC: 	 Command use: remake
DEBUG 2025-02-23 19:34:49.651 UTC: 	 Options use: ['--task=250222_164714:jelee_crab_DYto2E_MLL-120to200']
DEBUG 2025-02-23 19:34:49.651 UTC: 	 Encoded data for curl request: subresource=version
DEBUG 2025-02-23 19:34:49.695 UTC: 	 CRABClient version: v3.241125
DEBUG 2025-02-23 19:34:49.695 UTC: 	 Instance is prod
DEBUG 2025-02-23 19:34:49.695 UTC: 	 Server base url is cmsweb.cern.ch
DEBUG 2025-02-23 19:34:49.695 UTC: 	 Command api workflow
WARNING 2025-02-23 19:34:49.695 UTC: 	 ATTENTION return value for 'remake' has been changed to a dictionary
 format is {'commandStatus': 'SUCCESS' or 'FAILED',
            'workDir': name of the work directory created}
INFO 2025-02-23 19:34:49.695 UTC: 	 Warning: crab_DYto2E_MLL-120to200/.requestcache not created, because it already exists.
INFO 2025-02-23 19:34:49.698 UTC: 	 Log file is /afs/cern.ch/work/j/jelee/nanoaod/workspace2025/CMSSW_13_3_0/src/PhysicsTools/NanoAODTools/crab_Run2_UL_Skim/2022preEE/DYto2E_MLL-120to200/crab.log
