DEBUG 2025-02-23 16:29:09.090 UTC: 	 CRAB Client version: v3.241125
DEBUG 2025-02-23 16:29:09.090 UTC: 	 Running on: Linux lxplus814.cern.ch 4.18.0-553.40.1.el8_10.x86_64 #1 SMP Thu Feb 6 21:20:51 EST 2025 x86_64 x86_64 x86_64 GNU/Linux
DEBUG 2025-02-23 16:29:09.090 UTC: 	 Not using Singularity
DEBUG 2025-02-23 16:29:09.090 UTC: 	 Operating System: Red Hat Enterprise Linux 8.10 (Ootpa)
DEBUG 2025-02-23 16:29:09.090 UTC: 	 Executing command: 'remake'
DEBUG 2025-02-23 16:29:09.090 UTC: 	 Found CRAB cache file /afs/cern.ch/user/j/jelee/.crab3
DEBUG 2025-02-23 16:29:09.091 UTC: 	 Checking credentials
DEBUG 2025-02-23 16:29:09.091 UTC: 	 Found proxy file /tmp/x509up_u21686
DEBUG 2025-02-23 16:29:09.091 UTC: 	 Making sure it has proper VOMS extension
DEBUG 2025-02-23 16:29:09.091 UTC: 	 Executing command :
 voms-proxy-info --vo --file /tmp/x509up_u21686
DEBUG 2025-02-23 16:29:09.490 UTC: 	 output : cms

 error: 
 retcode : 0
DEBUG 2025-02-23 16:29:09.490 UTC: 	 Getting proxy life time left
DEBUG 2025-02-23 16:29:09.490 UTC: 	 Executing command :
 voms-proxy-info --actimeleft --timeleft --file /tmp/x509up_u21686
DEBUG 2025-02-23 16:29:09.863 UTC: 	 output : 349609
349609

 error: 
 retcode : 0
DEBUG 2025-02-23 16:29:09.864 UTC: 	 Proxy valid for 97:06:49 hours
DEBUG 2025-02-23 16:29:09.864 UTC: 	 Encoded data for curl request: subresource=delegatedn
DEBUG 2025-02-23 16:29:09.912 UTC: 	 Registering user credentials on myproxy for /DC=ch/DC=cern/OU=computers/CN=crab-(preprod|prod)-tw(01|02).cern.ch|/DC=ch/DC=cern/OU=computers/CN=crab-dev-tw(01|02|03|04).cern.ch|/DC=ch/DC=cern/OU=Organic Units/OU=Users/CN=cmscrab/CN=(817881|373708)/CN=Robot: cms crab|/DC=ch/DC=cern/OU=Organic Units/OU=Users/CN=crabint1/CN=373708/CN=Robot: CMS CRAB Integration 1
DEBUG 2025-02-23 16:29:09.912 UTC: 	 Executing command :
 voms-proxy-info --identity --file /tmp/x509up_u21686
DEBUG 2025-02-23 16:29:10.239 UTC: 	 output : /DC=ch/DC=cern/OU=Organic Units/OU=Users/CN=jelee/CN=727784/CN=Jeongeun Lee

 error: 
 retcode : 0
DEBUG 2025-02-23 16:29:10.239 UTC: 	 Getting myproxy life time left for f1f3941e9d4a8be26269c6d003b41f2827f63184
DEBUG 2025-02-23 16:29:10.239 UTC: 	 Executing command :
 myproxy-info -s myproxy.cern.ch -l f1f3941e9d4a8be26269c6d003b41f2827f63184
DEBUG 2025-02-23 16:29:10.506 UTC: 	 output : username: f1f3941e9d4a8be26269c6d003b41f2827f63184
owner: /DC=ch/DC=cern/OU=Organic Units/OU=Users/CN=jelee/CN=727784/CN=Jeongeun Lee
  renewal policy: /DC=ch/DC=cern/OU=computers/CN=crab-(preprod|prod)-tw(01|02).cern.ch|/DC=ch/DC=cern/OU=computers/CN=crab-dev-tw(01|02|03|04).cern.ch|/DC=ch/DC=cern/OU=Organic Units/OU=Users/CN=cmscrab/CN=(817881|373708)/CN=Robot: cms crab|/DC=ch/DC=cern/OU=Organic Units/OU=Users/CN=crabint1/CN=373708/CN=Robot: CMS CRAB Integration 1
  trusted retrieval policy: /DC=ch/DC=cern/OU=computers/CN=crab-(preprod|prod)-tw(01|02).cern.ch|/DC=ch/DC=cern/OU=computers/CN=crab-dev-tw(01|02|03|04).cern.ch|/DC=ch/DC=cern/OU=Organic Units/OU=Users/CN=cmscrab/CN=(817881|373708)/CN=Robot: cms crab|/DC=ch/DC=cern/OU=Organic Units/OU=Users/CN=crabint1/CN=373708/CN=Robot: CMS CRAB Integration 1
  timeleft: 645:38:30  (26.9 days)

 error: 
 retcode : 0
DEBUG 2025-02-23 16:29:10.506 UTC: 	 Myproxy is valid: 2324280
DEBUG 2025-02-23 16:29:10.506 UTC: 	 Result of myproxy credential check:
  Credential exists on myproxy: username: f1f3941e9d4a8be26269c6d003b41f2827f63184  - validity: 26 days, 21:38:00
DEBUG 2025-02-23 16:29:10.507 UTC: 	 Command use: remake
DEBUG 2025-02-23 16:29:10.507 UTC: 	 Options use: ['--task=250222_164659:jelee_crab_DYto2L-2Jets_MLL-50_ext1-v1']
DEBUG 2025-02-23 16:29:10.507 UTC: 	 Encoded data for curl request: subresource=version
DEBUG 2025-02-23 16:29:10.540 UTC: 	 CRABClient version: v3.241125
DEBUG 2025-02-23 16:29:10.540 UTC: 	 Instance is prod
DEBUG 2025-02-23 16:29:10.540 UTC: 	 Server base url is cmsweb.cern.ch
DEBUG 2025-02-23 16:29:10.540 UTC: 	 Command api workflow
WARNING 2025-02-23 16:29:10.540 UTC: 	 ATTENTION return value for 'remake' has been changed to a dictionary
 format is {'commandStatus': 'SUCCESS' or 'FAILED',
            'workDir': name of the work directory created}
INFO 2025-02-23 16:29:10.540 UTC: 	 Warning: crab_DYto2L-2Jets_MLL-50_ext1-v1/.requestcache not created, because it already exists.
INFO 2025-02-23 16:29:10.542 UTC: 	 Log file is /afs/cern.ch/work/j/jelee/nanoaod/workspace2025/CMSSW_13_3_0/src/PhysicsTools/NanoAODTools/crab_Run2_UL_Skim/2022preEE/DYto2L-2Jets_MLL-50_ext1-v1/crab.log
DEBUG 2025-02-23 19:34:20.099 UTC: 	 CRAB Client version: v3.241125
DEBUG 2025-02-23 19:34:20.100 UTC: 	 Running on: Linux lxplus814.cern.ch 4.18.0-553.40.1.el8_10.x86_64 #1 SMP Thu Feb 6 21:20:51 EST 2025 x86_64 x86_64 x86_64 GNU/Linux
DEBUG 2025-02-23 19:34:20.100 UTC: 	 Not using Singularity
DEBUG 2025-02-23 19:34:20.100 UTC: 	 Operating System: Red Hat Enterprise Linux 8.10 (Ootpa)
DEBUG 2025-02-23 19:34:20.100 UTC: 	 Executing command: 'remake'
DEBUG 2025-02-23 19:34:20.100 UTC: 	 Found CRAB cache file /afs/cern.ch/user/j/jelee/.crab3
DEBUG 2025-02-23 19:34:20.100 UTC: 	 Checking credentials
DEBUG 2025-02-23 19:34:20.100 UTC: 	 Found proxy file /tmp/x509up_u21686
DEBUG 2025-02-23 19:34:20.100 UTC: 	 Making sure it has proper VOMS extension
DEBUG 2025-02-23 19:34:20.100 UTC: 	 Executing command :
 voms-proxy-info --vo --file /tmp/x509up_u21686
DEBUG 2025-02-23 19:34:20.518 UTC: 	 output : cms

 error: 
 retcode : 0
DEBUG 2025-02-23 19:34:20.518 UTC: 	 Getting proxy life time left
DEBUG 2025-02-23 19:34:20.518 UTC: 	 Executing command :
 voms-proxy-info --actimeleft --timeleft --file /tmp/x509up_u21686
DEBUG 2025-02-23 19:34:20.899 UTC: 	 output : 338498
338498

 error: 
 retcode : 0
DEBUG 2025-02-23 19:34:20.899 UTC: 	 Proxy valid for 94:01:38 hours
DEBUG 2025-02-23 19:34:20.899 UTC: 	 Encoded data for curl request: subresource=delegatedn
DEBUG 2025-02-23 19:34:20.941 UTC: 	 Registering user credentials on myproxy for /DC=ch/DC=cern/OU=computers/CN=crab-(preprod|prod)-tw(01|02).cern.ch|/DC=ch/DC=cern/OU=computers/CN=crab-dev-tw(01|02|03|04).cern.ch|/DC=ch/DC=cern/OU=Organic Units/OU=Users/CN=cmscrab/CN=(817881|373708)/CN=Robot: cms crab|/DC=ch/DC=cern/OU=Organic Units/OU=Users/CN=crabint1/CN=373708/CN=Robot: CMS CRAB Integration 1
DEBUG 2025-02-23 19:34:20.942 UTC: 	 Executing command :
 voms-proxy-info --identity --file /tmp/x509up_u21686
DEBUG 2025-02-23 19:34:21.338 UTC: 	 output : /DC=ch/DC=cern/OU=Organic Units/OU=Users/CN=jelee/CN=727784/CN=Jeongeun Lee

 error: 
 retcode : 0
DEBUG 2025-02-23 19:34:21.338 UTC: 	 Getting myproxy life time left for f1f3941e9d4a8be26269c6d003b41f2827f63184
DEBUG 2025-02-23 19:34:21.338 UTC: 	 Executing command :
 myproxy-info -s myproxy.cern.ch -l f1f3941e9d4a8be26269c6d003b41f2827f63184
DEBUG 2025-02-23 19:34:21.731 UTC: 	 output : username: f1f3941e9d4a8be26269c6d003b41f2827f63184
owner: /DC=ch/DC=cern/OU=Organic Units/OU=Users/CN=jelee/CN=727784/CN=Jeongeun Lee
  renewal policy: /DC=ch/DC=cern/OU=computers/CN=crab-(preprod|prod)-tw(01|02).cern.ch|/DC=ch/DC=cern/OU=computers/CN=crab-dev-tw(01|02|03|04).cern.ch|/DC=ch/DC=cern/OU=Organic Units/OU=Users/CN=cmscrab/CN=(817881|373708)/CN=Robot: cms crab|/DC=ch/DC=cern/OU=Organic Units/OU=Users/CN=crabint1/CN=373708/CN=Robot: CMS CRAB Integration 1
  trusted retrieval policy: /DC=ch/DC=cern/OU=computers/CN=crab-(preprod|prod)-tw(01|02).cern.ch|/DC=ch/DC=cern/OU=computers/CN=crab-dev-tw(01|02|03|04).cern.ch|/DC=ch/DC=cern/OU=Organic Units/OU=Users/CN=cmscrab/CN=(817881|373708)/CN=Robot: cms crab|/DC=ch/DC=cern/OU=Organic Units/OU=Users/CN=crabint1/CN=373708/CN=Robot: CMS CRAB Integration 1
  timeleft: 642:33:19  (26.8 days)

 error: 
 retcode : 0
DEBUG 2025-02-23 19:34:21.731 UTC: 	 Myproxy is valid: 2313180
DEBUG 2025-02-23 19:34:21.731 UTC: 	 Result of myproxy credential check:
  Credential exists on myproxy: username: f1f3941e9d4a8be26269c6d003b41f2827f63184  - validity: 26 days, 18:33:00
DEBUG 2025-02-23 19:34:21.731 UTC: 	 Command use: remake
DEBUG 2025-02-23 19:34:21.731 UTC: 	 Options use: ['--task=250222_164659:jelee_crab_DYto2L-2Jets_MLL-50_ext1-v1']
DEBUG 2025-02-23 19:34:21.731 UTC: 	 Encoded data for curl request: subresource=version
DEBUG 2025-02-23 19:34:21.776 UTC: 	 CRABClient version: v3.241125
DEBUG 2025-02-23 19:34:21.776 UTC: 	 Instance is prod
DEBUG 2025-02-23 19:34:21.776 UTC: 	 Server base url is cmsweb.cern.ch
DEBUG 2025-02-23 19:34:21.776 UTC: 	 Command api workflow
WARNING 2025-02-23 19:34:21.776 UTC: 	 ATTENTION return value for 'remake' has been changed to a dictionary
 format is {'commandStatus': 'SUCCESS' or 'FAILED',
            'workDir': name of the work directory created}
INFO 2025-02-23 19:34:21.776 UTC: 	 Warning: crab_DYto2L-2Jets_MLL-50_ext1-v1/.requestcache not created, because it already exists.
INFO 2025-02-23 19:34:21.790 UTC: 	 Log file is /afs/cern.ch/work/j/jelee/nanoaod/workspace2025/CMSSW_13_3_0/src/PhysicsTools/NanoAODTools/crab_Run2_UL_Skim/2022preEE/DYto2L-2Jets_MLL-50_ext1-v1/crab.log
