DEBUG 2025-02-23 16:28:06.946 UTC: 	 CRAB Client version: v3.241125
DEBUG 2025-02-23 16:28:06.946 UTC: 	 Running on: Linux lxplus814.cern.ch 4.18.0-553.40.1.el8_10.x86_64 #1 SMP Thu Feb 6 21:20:51 EST 2025 x86_64 x86_64 x86_64 GNU/Linux
DEBUG 2025-02-23 16:28:06.946 UTC: 	 Not using Singularity
DEBUG 2025-02-23 16:28:06.946 UTC: 	 Operating System: Red Hat Enterprise Linux 8.10 (Ootpa)
DEBUG 2025-02-23 16:28:06.946 UTC: 	 Executing command: 'remake'
DEBUG 2025-02-23 16:28:06.946 UTC: 	 Found CRAB cache file /afs/cern.ch/user/j/jelee/.crab3
DEBUG 2025-02-23 16:28:06.947 UTC: 	 Checking credentials
DEBUG 2025-02-23 16:28:06.947 UTC: 	 Found proxy file /tmp/x509up_u21686
DEBUG 2025-02-23 16:28:06.947 UTC: 	 Making sure it has proper VOMS extension
DEBUG 2025-02-23 16:28:06.947 UTC: 	 Executing command :
 voms-proxy-info --vo --file /tmp/x509up_u21686
DEBUG 2025-02-23 16:28:07.295 UTC: 	 output : cms

 error: 
 retcode : 0
DEBUG 2025-02-23 16:28:07.295 UTC: 	 Getting proxy life time left
DEBUG 2025-02-23 16:28:07.295 UTC: 	 Executing command :
 voms-proxy-info --actimeleft --timeleft --file /tmp/x509up_u21686
DEBUG 2025-02-23 16:28:07.653 UTC: 	 output : 349671
349671

 error: 
 retcode : 0
DEBUG 2025-02-23 16:28:07.653 UTC: 	 Proxy valid for 97:07:51 hours
DEBUG 2025-02-23 16:28:07.653 UTC: 	 Encoded data for curl request: subresource=delegatedn
DEBUG 2025-02-23 16:28:07.689 UTC: 	 Registering user credentials on myproxy for /DC=ch/DC=cern/OU=computers/CN=crab-(preprod|prod)-tw(01|02).cern.ch|/DC=ch/DC=cern/OU=computers/CN=crab-dev-tw(01|02|03|04).cern.ch|/DC=ch/DC=cern/OU=Organic Units/OU=Users/CN=cmscrab/CN=(817881|373708)/CN=Robot: cms crab|/DC=ch/DC=cern/OU=Organic Units/OU=Users/CN=crabint1/CN=373708/CN=Robot: CMS CRAB Integration 1
DEBUG 2025-02-23 16:28:07.689 UTC: 	 Executing command :
 voms-proxy-info --identity --file /tmp/x509up_u21686
DEBUG 2025-02-23 16:28:08.014 UTC: 	 output : /DC=ch/DC=cern/OU=Organic Units/OU=Users/CN=jelee/CN=727784/CN=Jeongeun Lee

 error: 
 retcode : 0
DEBUG 2025-02-23 16:28:08.014 UTC: 	 Getting myproxy life time left for f1f3941e9d4a8be26269c6d003b41f2827f63184
DEBUG 2025-02-23 16:28:08.014 UTC: 	 Executing command :
 myproxy-info -s myproxy.cern.ch -l f1f3941e9d4a8be26269c6d003b41f2827f63184
DEBUG 2025-02-23 16:28:08.265 UTC: 	 output : username: f1f3941e9d4a8be26269c6d003b41f2827f63184
owner: /DC=ch/DC=cern/OU=Organic Units/OU=Users/CN=jelee/CN=727784/CN=Jeongeun Lee
  renewal policy: /DC=ch/DC=cern/OU=computers/CN=crab-(preprod|prod)-tw(01|02).cern.ch|/DC=ch/DC=cern/OU=computers/CN=crab-dev-tw(01|02|03|04).cern.ch|/DC=ch/DC=cern/OU=Organic Units/OU=Users/CN=cmscrab/CN=(817881|373708)/CN=Robot: cms crab|/DC=ch/DC=cern/OU=Organic Units/OU=Users/CN=crabint1/CN=373708/CN=Robot: CMS CRAB Integration 1
  trusted retrieval policy: /DC=ch/DC=cern/OU=computers/CN=crab-(preprod|prod)-tw(01|02).cern.ch|/DC=ch/DC=cern/OU=computers/CN=crab-dev-tw(01|02|03|04).cern.ch|/DC=ch/DC=cern/OU=Organic Units/OU=Users/CN=cmscrab/CN=(817881|373708)/CN=Robot: cms crab|/DC=ch/DC=cern/OU=Organic Units/OU=Users/CN=crabint1/CN=373708/CN=Robot: CMS CRAB Integration 1
  timeleft: 645:39:32  (26.9 days)

 error: 
 retcode : 0
DEBUG 2025-02-23 16:28:08.265 UTC: 	 Myproxy is valid: 2324340
DEBUG 2025-02-23 16:28:08.265 UTC: 	 Result of myproxy credential check:
  Credential exists on myproxy: username: f1f3941e9d4a8be26269c6d003b41f2827f63184  - validity: 26 days, 21:39:00
DEBUG 2025-02-23 16:28:08.266 UTC: 	 Command use: remake
DEBUG 2025-02-23 16:28:08.266 UTC: 	 Options use: ['--task=250222_164637:jelee_crab_WtoLNu-2Jets_PTLNu-100to200_2J']
DEBUG 2025-02-23 16:28:08.266 UTC: 	 Encoded data for curl request: subresource=version
DEBUG 2025-02-23 16:28:08.301 UTC: 	 CRABClient version: v3.241125
DEBUG 2025-02-23 16:28:08.301 UTC: 	 Instance is prod
DEBUG 2025-02-23 16:28:08.301 UTC: 	 Server base url is cmsweb.cern.ch
DEBUG 2025-02-23 16:28:08.301 UTC: 	 Command api workflow
WARNING 2025-02-23 16:28:08.301 UTC: 	 ATTENTION return value for 'remake' has been changed to a dictionary
 format is {'commandStatus': 'SUCCESS' or 'FAILED',
            'workDir': name of the work directory created}
INFO 2025-02-23 16:28:08.301 UTC: 	 Warning: crab_WtoLNu-2Jets_PTLNu-100to200_2J/.requestcache not created, because it already exists.
INFO 2025-02-23 16:28:08.303 UTC: 	 Log file is /afs/cern.ch/work/j/jelee/nanoaod/workspace2025/CMSSW_13_3_0/src/PhysicsTools/NanoAODTools/crab_Run2_UL_Skim/2022preEE/WtoLNu-2Jets_PTLNu-100to200_2J/crab.log
DEBUG 2025-02-23 19:33:46.945 UTC: 	 CRAB Client version: v3.241125
DEBUG 2025-02-23 19:33:46.945 UTC: 	 Running on: Linux lxplus814.cern.ch 4.18.0-553.40.1.el8_10.x86_64 #1 SMP Thu Feb 6 21:20:51 EST 2025 x86_64 x86_64 x86_64 GNU/Linux
DEBUG 2025-02-23 19:33:46.945 UTC: 	 Not using Singularity
DEBUG 2025-02-23 19:33:46.945 UTC: 	 Operating System: Red Hat Enterprise Linux 8.10 (Ootpa)
DEBUG 2025-02-23 19:33:46.945 UTC: 	 Executing command: 'remake'
DEBUG 2025-02-23 19:33:46.945 UTC: 	 Found CRAB cache file /afs/cern.ch/user/j/jelee/.crab3
DEBUG 2025-02-23 19:33:46.946 UTC: 	 Checking credentials
DEBUG 2025-02-23 19:33:46.946 UTC: 	 Found proxy file /tmp/x509up_u21686
DEBUG 2025-02-23 19:33:46.946 UTC: 	 Making sure it has proper VOMS extension
DEBUG 2025-02-23 19:33:46.946 UTC: 	 Executing command :
 voms-proxy-info --vo --file /tmp/x509up_u21686
DEBUG 2025-02-23 19:33:47.391 UTC: 	 output : cms

 error: 
 retcode : 0
DEBUG 2025-02-23 19:33:47.392 UTC: 	 Getting proxy life time left
DEBUG 2025-02-23 19:33:47.392 UTC: 	 Executing command :
 voms-proxy-info --actimeleft --timeleft --file /tmp/x509up_u21686
DEBUG 2025-02-23 19:33:47.836 UTC: 	 output : 338531
338531

 error: 
 retcode : 0
DEBUG 2025-02-23 19:33:47.836 UTC: 	 Proxy valid for 94:02:11 hours
DEBUG 2025-02-23 19:33:47.836 UTC: 	 Encoded data for curl request: subresource=delegatedn
DEBUG 2025-02-23 19:33:47.876 UTC: 	 Registering user credentials on myproxy for /DC=ch/DC=cern/OU=computers/CN=crab-(preprod|prod)-tw(01|02).cern.ch|/DC=ch/DC=cern/OU=computers/CN=crab-dev-tw(01|02|03|04).cern.ch|/DC=ch/DC=cern/OU=Organic Units/OU=Users/CN=cmscrab/CN=(817881|373708)/CN=Robot: cms crab|/DC=ch/DC=cern/OU=Organic Units/OU=Users/CN=crabint1/CN=373708/CN=Robot: CMS CRAB Integration 1
DEBUG 2025-02-23 19:33:47.876 UTC: 	 Executing command :
 voms-proxy-info --identity --file /tmp/x509up_u21686
DEBUG 2025-02-23 19:33:48.255 UTC: 	 output : /DC=ch/DC=cern/OU=Organic Units/OU=Users/CN=jelee/CN=727784/CN=Jeongeun Lee

 error: 
 retcode : 0
DEBUG 2025-02-23 19:33:48.255 UTC: 	 Getting myproxy life time left for f1f3941e9d4a8be26269c6d003b41f2827f63184
DEBUG 2025-02-23 19:33:48.255 UTC: 	 Executing command :
 myproxy-info -s myproxy.cern.ch -l f1f3941e9d4a8be26269c6d003b41f2827f63184
DEBUG 2025-02-23 19:33:48.525 UTC: 	 output : username: f1f3941e9d4a8be26269c6d003b41f2827f63184
owner: /DC=ch/DC=cern/OU=Organic Units/OU=Users/CN=jelee/CN=727784/CN=Jeongeun Lee
  renewal policy: /DC=ch/DC=cern/OU=computers/CN=crab-(preprod|prod)-tw(01|02).cern.ch|/DC=ch/DC=cern/OU=computers/CN=crab-dev-tw(01|02|03|04).cern.ch|/DC=ch/DC=cern/OU=Organic Units/OU=Users/CN=cmscrab/CN=(817881|373708)/CN=Robot: cms crab|/DC=ch/DC=cern/OU=Organic Units/OU=Users/CN=crabint1/CN=373708/CN=Robot: CMS CRAB Integration 1
  trusted retrieval policy: /DC=ch/DC=cern/OU=computers/CN=crab-(preprod|prod)-tw(01|02).cern.ch|/DC=ch/DC=cern/OU=computers/CN=crab-dev-tw(01|02|03|04).cern.ch|/DC=ch/DC=cern/OU=Organic Units/OU=Users/CN=cmscrab/CN=(817881|373708)/CN=Robot: cms crab|/DC=ch/DC=cern/OU=Organic Units/OU=Users/CN=crabint1/CN=373708/CN=Robot: CMS CRAB Integration 1
  timeleft: 642:33:52  (26.8 days)

 error: 
 retcode : 0
DEBUG 2025-02-23 19:33:48.525 UTC: 	 Myproxy is valid: 2313180
DEBUG 2025-02-23 19:33:48.525 UTC: 	 Result of myproxy credential check:
  Credential exists on myproxy: username: f1f3941e9d4a8be26269c6d003b41f2827f63184  - validity: 26 days, 18:33:00
DEBUG 2025-02-23 19:33:48.526 UTC: 	 Command use: remake
DEBUG 2025-02-23 19:33:48.526 UTC: 	 Options use: ['--task=250222_164637:jelee_crab_WtoLNu-2Jets_PTLNu-100to200_2J']
DEBUG 2025-02-23 19:33:48.526 UTC: 	 Encoded data for curl request: subresource=version
DEBUG 2025-02-23 19:33:48.567 UTC: 	 CRABClient version: v3.241125
DEBUG 2025-02-23 19:33:48.567 UTC: 	 Instance is prod
DEBUG 2025-02-23 19:33:48.567 UTC: 	 Server base url is cmsweb.cern.ch
DEBUG 2025-02-23 19:33:48.567 UTC: 	 Command api workflow
WARNING 2025-02-23 19:33:48.567 UTC: 	 ATTENTION return value for 'remake' has been changed to a dictionary
 format is {'commandStatus': 'SUCCESS' or 'FAILED',
            'workDir': name of the work directory created}
INFO 2025-02-23 19:33:48.568 UTC: 	 Warning: crab_WtoLNu-2Jets_PTLNu-100to200_2J/.requestcache not created, because it already exists.
INFO 2025-02-23 19:33:48.580 UTC: 	 Log file is /afs/cern.ch/work/j/jelee/nanoaod/workspace2025/CMSSW_13_3_0/src/PhysicsTools/NanoAODTools/crab_Run2_UL_Skim/2022preEE/WtoLNu-2Jets_PTLNu-100to200_2J/crab.log
