DEBUG 2025-02-23 16:31:50.156 UTC: 	 CRAB Client version: v3.241125
DEBUG 2025-02-23 16:31:50.156 UTC: 	 Running on: Linux lxplus814.cern.ch 4.18.0-553.40.1.el8_10.x86_64 #1 SMP Thu Feb 6 21:20:51 EST 2025 x86_64 x86_64 x86_64 GNU/Linux
DEBUG 2025-02-23 16:31:50.156 UTC: 	 Not using Singularity
DEBUG 2025-02-23 16:31:50.156 UTC: 	 Operating System: Red Hat Enterprise Linux 8.10 (Ootpa)
DEBUG 2025-02-23 16:31:50.156 UTC: 	 Executing command: 'remake'
DEBUG 2025-02-23 16:31:50.156 UTC: 	 Found CRAB cache file /afs/cern.ch/user/j/jelee/.crab3
DEBUG 2025-02-23 16:31:50.157 UTC: 	 Checking credentials
DEBUG 2025-02-23 16:31:50.157 UTC: 	 Found proxy file /tmp/x509up_u21686
DEBUG 2025-02-23 16:31:50.157 UTC: 	 Making sure it has proper VOMS extension
DEBUG 2025-02-23 16:31:50.157 UTC: 	 Executing command :
 voms-proxy-info --vo --file /tmp/x509up_u21686
DEBUG 2025-02-23 16:31:50.489 UTC: 	 output : cms

 error: 
 retcode : 0
DEBUG 2025-02-23 16:31:50.490 UTC: 	 Getting proxy life time left
DEBUG 2025-02-23 16:31:50.490 UTC: 	 Executing command :
 voms-proxy-info --actimeleft --timeleft --file /tmp/x509up_u21686
DEBUG 2025-02-23 16:31:50.839 UTC: 	 output : 349448
349448

 error: 
 retcode : 0
DEBUG 2025-02-23 16:31:50.839 UTC: 	 Proxy valid for 97:04:08 hours
DEBUG 2025-02-23 16:31:50.839 UTC: 	 Encoded data for curl request: subresource=delegatedn
DEBUG 2025-02-23 16:31:50.873 UTC: 	 Registering user credentials on myproxy for /DC=ch/DC=cern/OU=computers/CN=crab-(preprod|prod)-tw(01|02).cern.ch|/DC=ch/DC=cern/OU=computers/CN=crab-dev-tw(01|02|03|04).cern.ch|/DC=ch/DC=cern/OU=Organic Units/OU=Users/CN=cmscrab/CN=(817881|373708)/CN=Robot: cms crab|/DC=ch/DC=cern/OU=Organic Units/OU=Users/CN=crabint1/CN=373708/CN=Robot: CMS CRAB Integration 1
DEBUG 2025-02-23 16:31:50.873 UTC: 	 Executing command :
 voms-proxy-info --identity --file /tmp/x509up_u21686
DEBUG 2025-02-23 16:31:51.233 UTC: 	 output : /DC=ch/DC=cern/OU=Organic Units/OU=Users/CN=jelee/CN=727784/CN=Jeongeun Lee

 error: 
 retcode : 0
DEBUG 2025-02-23 16:31:51.233 UTC: 	 Getting myproxy life time left for f1f3941e9d4a8be26269c6d003b41f2827f63184
DEBUG 2025-02-23 16:31:51.233 UTC: 	 Executing command :
 myproxy-info -s myproxy.cern.ch -l f1f3941e9d4a8be26269c6d003b41f2827f63184
DEBUG 2025-02-23 16:31:51.513 UTC: 	 output : username: f1f3941e9d4a8be26269c6d003b41f2827f63184
owner: /DC=ch/DC=cern/OU=Organic Units/OU=Users/CN=jelee/CN=727784/CN=Jeongeun Lee
  renewal policy: /DC=ch/DC=cern/OU=computers/CN=crab-(preprod|prod)-tw(01|02).cern.ch|/DC=ch/DC=cern/OU=computers/CN=crab-dev-tw(01|02|03|04).cern.ch|/DC=ch/DC=cern/OU=Organic Units/OU=Users/CN=cmscrab/CN=(817881|373708)/CN=Robot: cms crab|/DC=ch/DC=cern/OU=Organic Units/OU=Users/CN=crabint1/CN=373708/CN=Robot: CMS CRAB Integration 1
  trusted retrieval policy: /DC=ch/DC=cern/OU=computers/CN=crab-(preprod|prod)-tw(01|02).cern.ch|/DC=ch/DC=cern/OU=computers/CN=crab-dev-tw(01|02|03|04).cern.ch|/DC=ch/DC=cern/OU=Organic Units/OU=Users/CN=cmscrab/CN=(817881|373708)/CN=Robot: cms crab|/DC=ch/DC=cern/OU=Organic Units/OU=Users/CN=crabint1/CN=373708/CN=Robot: CMS CRAB Integration 1
  timeleft: 645:35:49  (26.9 days)

 error: 
 retcode : 0
DEBUG 2025-02-23 16:31:51.514 UTC: 	 Myproxy is valid: 2324100
DEBUG 2025-02-23 16:31:51.514 UTC: 	 Result of myproxy credential check:
  Credential exists on myproxy: username: f1f3941e9d4a8be26269c6d003b41f2827f63184  - validity: 26 days, 21:35:00
DEBUG 2025-02-23 16:31:51.514 UTC: 	 Command use: remake
DEBUG 2025-02-23 16:31:51.514 UTC: 	 Options use: ['--task=250222_164750:jelee_crab_TWminustoLNu2Q']
DEBUG 2025-02-23 16:31:51.514 UTC: 	 Encoded data for curl request: subresource=version
DEBUG 2025-02-23 16:31:51.549 UTC: 	 CRABClient version: v3.241125
DEBUG 2025-02-23 16:31:51.549 UTC: 	 Instance is prod
DEBUG 2025-02-23 16:31:51.549 UTC: 	 Server base url is cmsweb.cern.ch
DEBUG 2025-02-23 16:31:51.549 UTC: 	 Command api workflow
WARNING 2025-02-23 16:31:51.549 UTC: 	 ATTENTION return value for 'remake' has been changed to a dictionary
 format is {'commandStatus': 'SUCCESS' or 'FAILED',
            'workDir': name of the work directory created}
INFO 2025-02-23 16:31:51.549 UTC: 	 Warning: crab_TWminustoLNu2Q/.requestcache not created, because it already exists.
INFO 2025-02-23 16:31:51.551 UTC: 	 Log file is /afs/cern.ch/work/j/jelee/nanoaod/workspace2025/CMSSW_13_3_0/src/PhysicsTools/NanoAODTools/crab_Run2_UL_Skim/2022preEE/TWminustoLNu2Q/crab.log
DEBUG 2025-02-23 19:35:47.622 UTC: 	 CRAB Client version: v3.241125
DEBUG 2025-02-23 19:35:47.622 UTC: 	 Running on: Linux lxplus814.cern.ch 4.18.0-553.40.1.el8_10.x86_64 #1 SMP Thu Feb 6 21:20:51 EST 2025 x86_64 x86_64 x86_64 GNU/Linux
DEBUG 2025-02-23 19:35:47.622 UTC: 	 Not using Singularity
DEBUG 2025-02-23 19:35:47.622 UTC: 	 Operating System: Red Hat Enterprise Linux 8.10 (Ootpa)
DEBUG 2025-02-23 19:35:47.622 UTC: 	 Executing command: 'remake'
DEBUG 2025-02-23 19:35:47.622 UTC: 	 Found CRAB cache file /afs/cern.ch/user/j/jelee/.crab3
DEBUG 2025-02-23 19:35:47.623 UTC: 	 Checking credentials
DEBUG 2025-02-23 19:35:47.623 UTC: 	 Found proxy file /tmp/x509up_u21686
DEBUG 2025-02-23 19:35:47.623 UTC: 	 Making sure it has proper VOMS extension
DEBUG 2025-02-23 19:35:47.623 UTC: 	 Executing command :
 voms-proxy-info --vo --file /tmp/x509up_u21686
DEBUG 2025-02-23 19:35:47.959 UTC: 	 output : cms

 error: 
 retcode : 0
DEBUG 2025-02-23 19:35:47.959 UTC: 	 Getting proxy life time left
DEBUG 2025-02-23 19:35:47.959 UTC: 	 Executing command :
 voms-proxy-info --actimeleft --timeleft --file /tmp/x509up_u21686
DEBUG 2025-02-23 19:35:48.300 UTC: 	 output : 338410
338410

 error: 
 retcode : 0
DEBUG 2025-02-23 19:35:48.300 UTC: 	 Proxy valid for 94:00:10 hours
DEBUG 2025-02-23 19:35:48.300 UTC: 	 Encoded data for curl request: subresource=delegatedn
DEBUG 2025-02-23 19:35:48.344 UTC: 	 Registering user credentials on myproxy for /DC=ch/DC=cern/OU=computers/CN=crab-(preprod|prod)-tw(01|02).cern.ch|/DC=ch/DC=cern/OU=computers/CN=crab-dev-tw(01|02|03|04).cern.ch|/DC=ch/DC=cern/OU=Organic Units/OU=Users/CN=cmscrab/CN=(817881|373708)/CN=Robot: cms crab|/DC=ch/DC=cern/OU=Organic Units/OU=Users/CN=crabint1/CN=373708/CN=Robot: CMS CRAB Integration 1
DEBUG 2025-02-23 19:35:48.344 UTC: 	 Executing command :
 voms-proxy-info --identity --file /tmp/x509up_u21686
DEBUG 2025-02-23 19:35:48.784 UTC: 	 output : /DC=ch/DC=cern/OU=Organic Units/OU=Users/CN=jelee/CN=727784/CN=Jeongeun Lee

 error: 
 retcode : 0
DEBUG 2025-02-23 19:35:48.785 UTC: 	 Getting myproxy life time left for f1f3941e9d4a8be26269c6d003b41f2827f63184
DEBUG 2025-02-23 19:35:48.785 UTC: 	 Executing command :
 myproxy-info -s myproxy.cern.ch -l f1f3941e9d4a8be26269c6d003b41f2827f63184
DEBUG 2025-02-23 19:35:49.069 UTC: 	 output : username: f1f3941e9d4a8be26269c6d003b41f2827f63184
owner: /DC=ch/DC=cern/OU=Organic Units/OU=Users/CN=jelee/CN=727784/CN=Jeongeun Lee
  renewal policy: /DC=ch/DC=cern/OU=computers/CN=crab-(preprod|prod)-tw(01|02).cern.ch|/DC=ch/DC=cern/OU=computers/CN=crab-dev-tw(01|02|03|04).cern.ch|/DC=ch/DC=cern/OU=Organic Units/OU=Users/CN=cmscrab/CN=(817881|373708)/CN=Robot: cms crab|/DC=ch/DC=cern/OU=Organic Units/OU=Users/CN=crabint1/CN=373708/CN=Robot: CMS CRAB Integration 1
  trusted retrieval policy: /DC=ch/DC=cern/OU=computers/CN=crab-(preprod|prod)-tw(01|02).cern.ch|/DC=ch/DC=cern/OU=computers/CN=crab-dev-tw(01|02|03|04).cern.ch|/DC=ch/DC=cern/OU=Organic Units/OU=Users/CN=cmscrab/CN=(817881|373708)/CN=Robot: cms crab|/DC=ch/DC=cern/OU=Organic Units/OU=Users/CN=crabint1/CN=373708/CN=Robot: CMS CRAB Integration 1
  timeleft: 642:31:51  (26.8 days)

 error: 
 retcode : 0
DEBUG 2025-02-23 19:35:49.069 UTC: 	 Myproxy is valid: 2313060
DEBUG 2025-02-23 19:35:49.069 UTC: 	 Result of myproxy credential check:
  Credential exists on myproxy: username: f1f3941e9d4a8be26269c6d003b41f2827f63184  - validity: 26 days, 18:31:00
DEBUG 2025-02-23 19:35:49.070 UTC: 	 Command use: remake
DEBUG 2025-02-23 19:35:49.070 UTC: 	 Options use: ['--task=250222_164750:jelee_crab_TWminustoLNu2Q']
DEBUG 2025-02-23 19:35:49.070 UTC: 	 Encoded data for curl request: subresource=version
DEBUG 2025-02-23 19:35:49.114 UTC: 	 CRABClient version: v3.241125
DEBUG 2025-02-23 19:35:49.114 UTC: 	 Instance is prod
DEBUG 2025-02-23 19:35:49.114 UTC: 	 Server base url is cmsweb.cern.ch
DEBUG 2025-02-23 19:35:49.114 UTC: 	 Command api workflow
WARNING 2025-02-23 19:35:49.115 UTC: 	 ATTENTION return value for 'remake' has been changed to a dictionary
 format is {'commandStatus': 'SUCCESS' or 'FAILED',
            'workDir': name of the work directory created}
INFO 2025-02-23 19:35:49.115 UTC: 	 Warning: crab_TWminustoLNu2Q/.requestcache not created, because it already exists.
INFO 2025-02-23 19:35:49.136 UTC: 	 Log file is /afs/cern.ch/work/j/jelee/nanoaod/workspace2025/CMSSW_13_3_0/src/PhysicsTools/NanoAODTools/crab_Run2_UL_Skim/2022preEE/TWminustoLNu2Q/crab.log
