DEBUG 2025-02-23 16:27:34.014 UTC: 	 CRAB Client version: v3.241125
DEBUG 2025-02-23 16:27:34.014 UTC: 	 Running on: Linux lxplus814.cern.ch 4.18.0-553.40.1.el8_10.x86_64 #1 SMP Thu Feb 6 21:20:51 EST 2025 x86_64 x86_64 x86_64 GNU/Linux
DEBUG 2025-02-23 16:27:34.014 UTC: 	 Not using Singularity
DEBUG 2025-02-23 16:27:34.014 UTC: 	 Operating System: Red Hat Enterprise Linux 8.10 (Ootpa)
DEBUG 2025-02-23 16:27:34.014 UTC: 	 Executing command: 'remake'
DEBUG 2025-02-23 16:27:34.015 UTC: 	 Found CRAB cache file /afs/cern.ch/user/j/jelee/.crab3
DEBUG 2025-02-23 16:27:34.015 UTC: 	 Checking credentials
DEBUG 2025-02-23 16:27:34.015 UTC: 	 Found proxy file /tmp/x509up_u21686
DEBUG 2025-02-23 16:27:34.015 UTC: 	 Making sure it has proper VOMS extension
DEBUG 2025-02-23 16:27:34.015 UTC: 	 Executing command :
 voms-proxy-info --vo --file /tmp/x509up_u21686
DEBUG 2025-02-23 16:27:34.379 UTC: 	 output : cms

 error: 
 retcode : 0
DEBUG 2025-02-23 16:27:34.379 UTC: 	 Getting proxy life time left
DEBUG 2025-02-23 16:27:34.379 UTC: 	 Executing command :
 voms-proxy-info --actimeleft --timeleft --file /tmp/x509up_u21686
DEBUG 2025-02-23 16:27:34.767 UTC: 	 output : 349704
349704

 error: 
 retcode : 0
DEBUG 2025-02-23 16:27:34.767 UTC: 	 Proxy valid for 97:08:24 hours
DEBUG 2025-02-23 16:27:34.768 UTC: 	 Encoded data for curl request: subresource=delegatedn
DEBUG 2025-02-23 16:27:34.811 UTC: 	 Registering user credentials on myproxy for /DC=ch/DC=cern/OU=computers/CN=crab-(preprod|prod)-tw(01|02).cern.ch|/DC=ch/DC=cern/OU=computers/CN=crab-dev-tw(01|02|03|04).cern.ch|/DC=ch/DC=cern/OU=Organic Units/OU=Users/CN=cmscrab/CN=(817881|373708)/CN=Robot: cms crab|/DC=ch/DC=cern/OU=Organic Units/OU=Users/CN=crabint1/CN=373708/CN=Robot: CMS CRAB Integration 1
DEBUG 2025-02-23 16:27:34.811 UTC: 	 Executing command :
 voms-proxy-info --identity --file /tmp/x509up_u21686
DEBUG 2025-02-23 16:27:35.158 UTC: 	 output : /DC=ch/DC=cern/OU=Organic Units/OU=Users/CN=jelee/CN=727784/CN=Jeongeun Lee

 error: 
 retcode : 0
DEBUG 2025-02-23 16:27:35.158 UTC: 	 Getting myproxy life time left for f1f3941e9d4a8be26269c6d003b41f2827f63184
DEBUG 2025-02-23 16:27:35.158 UTC: 	 Executing command :
 myproxy-info -s myproxy.cern.ch -l f1f3941e9d4a8be26269c6d003b41f2827f63184
DEBUG 2025-02-23 16:27:35.416 UTC: 	 output : username: f1f3941e9d4a8be26269c6d003b41f2827f63184
owner: /DC=ch/DC=cern/OU=Organic Units/OU=Users/CN=jelee/CN=727784/CN=Jeongeun Lee
  renewal policy: /DC=ch/DC=cern/OU=computers/CN=crab-(preprod|prod)-tw(01|02).cern.ch|/DC=ch/DC=cern/OU=computers/CN=crab-dev-tw(01|02|03|04).cern.ch|/DC=ch/DC=cern/OU=Organic Units/OU=Users/CN=cmscrab/CN=(817881|373708)/CN=Robot: cms crab|/DC=ch/DC=cern/OU=Organic Units/OU=Users/CN=crabint1/CN=373708/CN=Robot: CMS CRAB Integration 1
  trusted retrieval policy: /DC=ch/DC=cern/OU=computers/CN=crab-(preprod|prod)-tw(01|02).cern.ch|/DC=ch/DC=cern/OU=computers/CN=crab-dev-tw(01|02|03|04).cern.ch|/DC=ch/DC=cern/OU=Organic Units/OU=Users/CN=cmscrab/CN=(817881|373708)/CN=Robot: cms crab|/DC=ch/DC=cern/OU=Organic Units/OU=Users/CN=crabint1/CN=373708/CN=Robot: CMS CRAB Integration 1
  timeleft: 645:40:05  (26.9 days)

 error: 
 retcode : 0
DEBUG 2025-02-23 16:27:35.416 UTC: 	 Myproxy is valid: 2324400
DEBUG 2025-02-23 16:27:35.416 UTC: 	 Result of myproxy credential check:
  Credential exists on myproxy: username: f1f3941e9d4a8be26269c6d003b41f2827f63184  - validity: 26 days, 21:40:00
DEBUG 2025-02-23 16:27:35.417 UTC: 	 Command use: remake
DEBUG 2025-02-23 16:27:35.417 UTC: 	 Options use: ['--task=250222_164622:jelee_crab_SingleMuon_Run2022C']
DEBUG 2025-02-23 16:27:35.417 UTC: 	 Encoded data for curl request: subresource=version
DEBUG 2025-02-23 16:27:35.450 UTC: 	 CRABClient version: v3.241125
DEBUG 2025-02-23 16:27:35.450 UTC: 	 Instance is prod
DEBUG 2025-02-23 16:27:35.450 UTC: 	 Server base url is cmsweb.cern.ch
DEBUG 2025-02-23 16:27:35.450 UTC: 	 Command api workflow
WARNING 2025-02-23 16:27:35.450 UTC: 	 ATTENTION return value for 'remake' has been changed to a dictionary
 format is {'commandStatus': 'SUCCESS' or 'FAILED',
            'workDir': name of the work directory created}
INFO 2025-02-23 16:27:35.450 UTC: 	 Warning: crab_SingleMuon_Run2022C/.requestcache not created, because it already exists.
INFO 2025-02-23 16:27:35.452 UTC: 	 Log file is /afs/cern.ch/work/j/jelee/nanoaod/workspace2025/CMSSW_13_3_0/src/PhysicsTools/NanoAODTools/crab_Run2_UL_Skim/2022preEE/SingleMuon_Run2022C/crab.log
DEBUG 2025-02-23 19:33:28.071 UTC: 	 CRAB Client version: v3.241125
DEBUG 2025-02-23 19:33:28.071 UTC: 	 Running on: Linux lxplus814.cern.ch 4.18.0-553.40.1.el8_10.x86_64 #1 SMP Thu Feb 6 21:20:51 EST 2025 x86_64 x86_64 x86_64 GNU/Linux
DEBUG 2025-02-23 19:33:28.071 UTC: 	 Not using Singularity
DEBUG 2025-02-23 19:33:28.071 UTC: 	 Operating System: Red Hat Enterprise Linux 8.10 (Ootpa)
DEBUG 2025-02-23 19:33:28.071 UTC: 	 Executing command: 'remake'
DEBUG 2025-02-23 19:33:28.071 UTC: 	 Found CRAB cache file /afs/cern.ch/user/j/jelee/.crab3
DEBUG 2025-02-23 19:33:28.072 UTC: 	 Checking credentials
DEBUG 2025-02-23 19:33:28.072 UTC: 	 Found proxy file /tmp/x509up_u21686
DEBUG 2025-02-23 19:33:28.072 UTC: 	 Making sure it has proper VOMS extension
DEBUG 2025-02-23 19:33:28.072 UTC: 	 Executing command :
 voms-proxy-info --vo --file /tmp/x509up_u21686
DEBUG 2025-02-23 19:33:28.507 UTC: 	 output : cms

 error: 
 retcode : 0
DEBUG 2025-02-23 19:33:28.507 UTC: 	 Getting proxy life time left
DEBUG 2025-02-23 19:33:28.507 UTC: 	 Executing command :
 voms-proxy-info --actimeleft --timeleft --file /tmp/x509up_u21686
DEBUG 2025-02-23 19:33:28.956 UTC: 	 output : 338550
338550

 error: 
 retcode : 0
DEBUG 2025-02-23 19:33:28.956 UTC: 	 Proxy valid for 94:02:30 hours
DEBUG 2025-02-23 19:33:28.957 UTC: 	 Encoded data for curl request: subresource=delegatedn
DEBUG 2025-02-23 19:33:28.997 UTC: 	 Registering user credentials on myproxy for /DC=ch/DC=cern/OU=computers/CN=crab-(preprod|prod)-tw(01|02).cern.ch|/DC=ch/DC=cern/OU=computers/CN=crab-dev-tw(01|02|03|04).cern.ch|/DC=ch/DC=cern/OU=Organic Units/OU=Users/CN=cmscrab/CN=(817881|373708)/CN=Robot: cms crab|/DC=ch/DC=cern/OU=Organic Units/OU=Users/CN=crabint1/CN=373708/CN=Robot: CMS CRAB Integration 1
DEBUG 2025-02-23 19:33:28.997 UTC: 	 Executing command :
 voms-proxy-info --identity --file /tmp/x509up_u21686
DEBUG 2025-02-23 19:33:29.436 UTC: 	 output : /DC=ch/DC=cern/OU=Organic Units/OU=Users/CN=jelee/CN=727784/CN=Jeongeun Lee

 error: 
 retcode : 0
DEBUG 2025-02-23 19:33:29.436 UTC: 	 Getting myproxy life time left for f1f3941e9d4a8be26269c6d003b41f2827f63184
DEBUG 2025-02-23 19:33:29.436 UTC: 	 Executing command :
 myproxy-info -s myproxy.cern.ch -l f1f3941e9d4a8be26269c6d003b41f2827f63184
DEBUG 2025-02-23 19:33:30.292 UTC: 	 output : username: f1f3941e9d4a8be26269c6d003b41f2827f63184
owner: /DC=ch/DC=cern/OU=Organic Units/OU=Users/CN=jelee/CN=727784/CN=Jeongeun Lee
  renewal policy: /DC=ch/DC=cern/OU=computers/CN=crab-(preprod|prod)-tw(01|02).cern.ch|/DC=ch/DC=cern/OU=computers/CN=crab-dev-tw(01|02|03|04).cern.ch|/DC=ch/DC=cern/OU=Organic Units/OU=Users/CN=cmscrab/CN=(817881|373708)/CN=Robot: cms crab|/DC=ch/DC=cern/OU=Organic Units/OU=Users/CN=crabint1/CN=373708/CN=Robot: CMS CRAB Integration 1
  trusted retrieval policy: /DC=ch/DC=cern/OU=computers/CN=crab-(preprod|prod)-tw(01|02).cern.ch|/DC=ch/DC=cern/OU=computers/CN=crab-dev-tw(01|02|03|04).cern.ch|/DC=ch/DC=cern/OU=Organic Units/OU=Users/CN=cmscrab/CN=(817881|373708)/CN=Robot: cms crab|/DC=ch/DC=cern/OU=Organic Units/OU=Users/CN=crabint1/CN=373708/CN=Robot: CMS CRAB Integration 1
  timeleft: 642:34:10  (26.8 days)

 error: 
 retcode : 0
DEBUG 2025-02-23 19:33:30.292 UTC: 	 Myproxy is valid: 2313240
DEBUG 2025-02-23 19:33:30.292 UTC: 	 Result of myproxy credential check:
  Credential exists on myproxy: username: f1f3941e9d4a8be26269c6d003b41f2827f63184  - validity: 26 days, 18:34:00
DEBUG 2025-02-23 19:33:30.293 UTC: 	 Command use: remake
DEBUG 2025-02-23 19:33:30.293 UTC: 	 Options use: ['--task=250222_164622:jelee_crab_SingleMuon_Run2022C']
DEBUG 2025-02-23 19:33:30.293 UTC: 	 Encoded data for curl request: subresource=version
DEBUG 2025-02-23 19:33:30.330 UTC: 	 CRABClient version: v3.241125
DEBUG 2025-02-23 19:33:30.330 UTC: 	 Instance is prod
DEBUG 2025-02-23 19:33:30.330 UTC: 	 Server base url is cmsweb.cern.ch
DEBUG 2025-02-23 19:33:30.330 UTC: 	 Command api workflow
WARNING 2025-02-23 19:33:30.330 UTC: 	 ATTENTION return value for 'remake' has been changed to a dictionary
 format is {'commandStatus': 'SUCCESS' or 'FAILED',
            'workDir': name of the work directory created}
INFO 2025-02-23 19:33:30.331 UTC: 	 Warning: crab_SingleMuon_Run2022C/.requestcache not created, because it already exists.
INFO 2025-02-23 19:33:30.352 UTC: 	 Log file is /afs/cern.ch/work/j/jelee/nanoaod/workspace2025/CMSSW_13_3_0/src/PhysicsTools/NanoAODTools/crab_Run2_UL_Skim/2022preEE/SingleMuon_Run2022C/crab.log
