DEBUG 2025-02-23 16:29:58.761 UTC: 	 CRAB Client version: v3.241125
DEBUG 2025-02-23 16:29:58.761 UTC: 	 Running on: Linux lxplus814.cern.ch 4.18.0-553.40.1.el8_10.x86_64 #1 SMP Thu Feb 6 21:20:51 EST 2025 x86_64 x86_64 x86_64 GNU/Linux
DEBUG 2025-02-23 16:29:58.761 UTC: 	 Not using Singularity
DEBUG 2025-02-23 16:29:58.761 UTC: 	 Operating System: Red Hat Enterprise Linux 8.10 (Ootpa)
DEBUG 2025-02-23 16:29:58.761 UTC: 	 Executing command: 'remake'
DEBUG 2025-02-23 16:29:58.761 UTC: 	 Found CRAB cache file /afs/cern.ch/user/j/jelee/.crab3
DEBUG 2025-02-23 16:29:58.761 UTC: 	 Checking credentials
DEBUG 2025-02-23 16:29:58.761 UTC: 	 Found proxy file /tmp/x509up_u21686
DEBUG 2025-02-23 16:29:58.761 UTC: 	 Making sure it has proper VOMS extension
DEBUG 2025-02-23 16:29:58.761 UTC: 	 Executing command :
 voms-proxy-info --vo --file /tmp/x509up_u21686
DEBUG 2025-02-23 16:29:59.108 UTC: 	 output : cms

 error: 
 retcode : 0
DEBUG 2025-02-23 16:29:59.109 UTC: 	 Getting proxy life time left
DEBUG 2025-02-23 16:29:59.109 UTC: 	 Executing command :
 voms-proxy-info --actimeleft --timeleft --file /tmp/x509up_u21686
DEBUG 2025-02-23 16:29:59.466 UTC: 	 output : 349559
349559

 error: 
 retcode : 0
DEBUG 2025-02-23 16:29:59.467 UTC: 	 Proxy valid for 97:05:59 hours
DEBUG 2025-02-23 16:29:59.467 UTC: 	 Encoded data for curl request: subresource=delegatedn
DEBUG 2025-02-23 16:29:59.502 UTC: 	 Registering user credentials on myproxy for /DC=ch/DC=cern/OU=computers/CN=crab-(preprod|prod)-tw(01|02).cern.ch|/DC=ch/DC=cern/OU=computers/CN=crab-dev-tw(01|02|03|04).cern.ch|/DC=ch/DC=cern/OU=Organic Units/OU=Users/CN=cmscrab/CN=(817881|373708)/CN=Robot: cms crab|/DC=ch/DC=cern/OU=Organic Units/OU=Users/CN=crabint1/CN=373708/CN=Robot: CMS CRAB Integration 1
DEBUG 2025-02-23 16:29:59.503 UTC: 	 Executing command :
 voms-proxy-info --identity --file /tmp/x509up_u21686
DEBUG 2025-02-23 16:29:59.863 UTC: 	 output : /DC=ch/DC=cern/OU=Organic Units/OU=Users/CN=jelee/CN=727784/CN=Jeongeun Lee

 error: 
 retcode : 0
DEBUG 2025-02-23 16:29:59.863 UTC: 	 Getting myproxy life time left for f1f3941e9d4a8be26269c6d003b41f2827f63184
DEBUG 2025-02-23 16:29:59.863 UTC: 	 Executing command :
 myproxy-info -s myproxy.cern.ch -l f1f3941e9d4a8be26269c6d003b41f2827f63184
DEBUG 2025-02-23 16:30:00.133 UTC: 	 output : username: f1f3941e9d4a8be26269c6d003b41f2827f63184
owner: /DC=ch/DC=cern/OU=Organic Units/OU=Users/CN=jelee/CN=727784/CN=Jeongeun Lee
  renewal policy: /DC=ch/DC=cern/OU=computers/CN=crab-(preprod|prod)-tw(01|02).cern.ch|/DC=ch/DC=cern/OU=computers/CN=crab-dev-tw(01|02|03|04).cern.ch|/DC=ch/DC=cern/OU=Organic Units/OU=Users/CN=cmscrab/CN=(817881|373708)/CN=Robot: cms crab|/DC=ch/DC=cern/OU=Organic Units/OU=Users/CN=crabint1/CN=373708/CN=Robot: CMS CRAB Integration 1
  trusted retrieval policy: /DC=ch/DC=cern/OU=computers/CN=crab-(preprod|prod)-tw(01|02).cern.ch|/DC=ch/DC=cern/OU=computers/CN=crab-dev-tw(01|02|03|04).cern.ch|/DC=ch/DC=cern/OU=Organic Units/OU=Users/CN=cmscrab/CN=(817881|373708)/CN=Robot: cms crab|/DC=ch/DC=cern/OU=Organic Units/OU=Users/CN=crabint1/CN=373708/CN=Robot: CMS CRAB Integration 1
  timeleft: 645:37:40  (26.9 days)

 error: 
 retcode : 0
DEBUG 2025-02-23 16:30:00.133 UTC: 	 Myproxy is valid: 2324220
DEBUG 2025-02-23 16:30:00.133 UTC: 	 Result of myproxy credential check:
  Credential exists on myproxy: username: f1f3941e9d4a8be26269c6d003b41f2827f63184  - validity: 26 days, 21:37:00
DEBUG 2025-02-23 16:30:00.133 UTC: 	 Command use: remake
DEBUG 2025-02-23 16:30:00.133 UTC: 	 Options use: ['--task=250222_164711:jelee_crab_ZZto2L2Nu']
DEBUG 2025-02-23 16:30:00.133 UTC: 	 Encoded data for curl request: subresource=version
DEBUG 2025-02-23 16:30:00.174 UTC: 	 CRABClient version: v3.241125
DEBUG 2025-02-23 16:30:00.175 UTC: 	 Instance is prod
DEBUG 2025-02-23 16:30:00.175 UTC: 	 Server base url is cmsweb.cern.ch
DEBUG 2025-02-23 16:30:00.175 UTC: 	 Command api workflow
WARNING 2025-02-23 16:30:00.175 UTC: 	 ATTENTION return value for 'remake' has been changed to a dictionary
 format is {'commandStatus': 'SUCCESS' or 'FAILED',
            'workDir': name of the work directory created}
INFO 2025-02-23 16:30:00.175 UTC: 	 Warning: crab_ZZto2L2Nu/.requestcache not created, because it already exists.
INFO 2025-02-23 16:30:00.178 UTC: 	 Log file is /afs/cern.ch/work/j/jelee/nanoaod/workspace2025/CMSSW_13_3_0/src/PhysicsTools/NanoAODTools/crab_Run2_UL_Skim/2022preEE/ZZto2L2Nu/crab.log
DEBUG 2025-02-23 19:34:47.978 UTC: 	 CRAB Client version: v3.241125
DEBUG 2025-02-23 19:34:47.978 UTC: 	 Running on: Linux lxplus814.cern.ch 4.18.0-553.40.1.el8_10.x86_64 #1 SMP Thu Feb 6 21:20:51 EST 2025 x86_64 x86_64 x86_64 GNU/Linux
DEBUG 2025-02-23 19:34:47.978 UTC: 	 Not using Singularity
DEBUG 2025-02-23 19:34:47.978 UTC: 	 Operating System: Red Hat Enterprise Linux 8.10 (Ootpa)
DEBUG 2025-02-23 19:34:47.978 UTC: 	 Executing command: 'remake'
DEBUG 2025-02-23 19:34:47.978 UTC: 	 Found CRAB cache file /afs/cern.ch/user/j/jelee/.crab3
DEBUG 2025-02-23 19:34:47.979 UTC: 	 Checking credentials
DEBUG 2025-02-23 19:34:47.979 UTC: 	 Found proxy file /tmp/x509up_u21686
DEBUG 2025-02-23 19:34:47.979 UTC: 	 Making sure it has proper VOMS extension
DEBUG 2025-02-23 19:34:47.979 UTC: 	 Executing command :
 voms-proxy-info --vo --file /tmp/x509up_u21686
DEBUG 2025-02-23 19:34:48.345 UTC: 	 output : cms

 error: 
 retcode : 0
DEBUG 2025-02-23 19:34:48.345 UTC: 	 Getting proxy life time left
DEBUG 2025-02-23 19:34:48.345 UTC: 	 Executing command :
 voms-proxy-info --actimeleft --timeleft --file /tmp/x509up_u21686
DEBUG 2025-02-23 19:34:48.751 UTC: 	 output : 338470
338470

 error: 
 retcode : 0
DEBUG 2025-02-23 19:34:48.751 UTC: 	 Proxy valid for 94:01:10 hours
DEBUG 2025-02-23 19:34:48.751 UTC: 	 Encoded data for curl request: subresource=delegatedn
DEBUG 2025-02-23 19:34:48.785 UTC: 	 Registering user credentials on myproxy for /DC=ch/DC=cern/OU=computers/CN=crab-(preprod|prod)-tw(01|02).cern.ch|/DC=ch/DC=cern/OU=computers/CN=crab-dev-tw(01|02|03|04).cern.ch|/DC=ch/DC=cern/OU=Organic Units/OU=Users/CN=cmscrab/CN=(817881|373708)/CN=Robot: cms crab|/DC=ch/DC=cern/OU=Organic Units/OU=Users/CN=crabint1/CN=373708/CN=Robot: CMS CRAB Integration 1
DEBUG 2025-02-23 19:34:48.785 UTC: 	 Executing command :
 voms-proxy-info --identity --file /tmp/x509up_u21686
DEBUG 2025-02-23 19:34:49.204 UTC: 	 output : /DC=ch/DC=cern/OU=Organic Units/OU=Users/CN=jelee/CN=727784/CN=Jeongeun Lee

 error: 
 retcode : 0
DEBUG 2025-02-23 19:34:49.204 UTC: 	 Getting myproxy life time left for f1f3941e9d4a8be26269c6d003b41f2827f63184
DEBUG 2025-02-23 19:34:49.204 UTC: 	 Executing command :
 myproxy-info -s myproxy.cern.ch -l f1f3941e9d4a8be26269c6d003b41f2827f63184
DEBUG 2025-02-23 19:34:49.531 UTC: 	 output : username: f1f3941e9d4a8be26269c6d003b41f2827f63184
owner: /DC=ch/DC=cern/OU=Organic Units/OU=Users/CN=jelee/CN=727784/CN=Jeongeun Lee
  renewal policy: /DC=ch/DC=cern/OU=computers/CN=crab-(preprod|prod)-tw(01|02).cern.ch|/DC=ch/DC=cern/OU=computers/CN=crab-dev-tw(01|02|03|04).cern.ch|/DC=ch/DC=cern/OU=Organic Units/OU=Users/CN=cmscrab/CN=(817881|373708)/CN=Robot: cms crab|/DC=ch/DC=cern/OU=Organic Units/OU=Users/CN=crabint1/CN=373708/CN=Robot: CMS CRAB Integration 1
  trusted retrieval policy: /DC=ch/DC=cern/OU=computers/CN=crab-(preprod|prod)-tw(01|02).cern.ch|/DC=ch/DC=cern/OU=computers/CN=crab-dev-tw(01|02|03|04).cern.ch|/DC=ch/DC=cern/OU=Organic Units/OU=Users/CN=cmscrab/CN=(817881|373708)/CN=Robot: cms crab|/DC=ch/DC=cern/OU=Organic Units/OU=Users/CN=crabint1/CN=373708/CN=Robot: CMS CRAB Integration 1
  timeleft: 642:32:51  (26.8 days)

 error: 
 retcode : 0
DEBUG 2025-02-23 19:34:49.531 UTC: 	 Myproxy is valid: 2313120
DEBUG 2025-02-23 19:34:49.531 UTC: 	 Result of myproxy credential check:
  Credential exists on myproxy: username: f1f3941e9d4a8be26269c6d003b41f2827f63184  - validity: 26 days, 18:32:00
DEBUG 2025-02-23 19:34:49.532 UTC: 	 Command use: remake
DEBUG 2025-02-23 19:34:49.532 UTC: 	 Options use: ['--task=250222_164711:jelee_crab_ZZto2L2Nu']
DEBUG 2025-02-23 19:34:49.532 UTC: 	 Encoded data for curl request: subresource=version
DEBUG 2025-02-23 19:34:49.578 UTC: 	 CRABClient version: v3.241125
DEBUG 2025-02-23 19:34:49.578 UTC: 	 Instance is prod
DEBUG 2025-02-23 19:34:49.578 UTC: 	 Server base url is cmsweb.cern.ch
DEBUG 2025-02-23 19:34:49.578 UTC: 	 Command api workflow
WARNING 2025-02-23 19:34:49.578 UTC: 	 ATTENTION return value for 'remake' has been changed to a dictionary
 format is {'commandStatus': 'SUCCESS' or 'FAILED',
            'workDir': name of the work directory created}
INFO 2025-02-23 19:34:49.578 UTC: 	 Warning: crab_ZZto2L2Nu/.requestcache not created, because it already exists.
INFO 2025-02-23 19:34:49.628 UTC: 	 Log file is /afs/cern.ch/work/j/jelee/nanoaod/workspace2025/CMSSW_13_3_0/src/PhysicsTools/NanoAODTools/crab_Run2_UL_Skim/2022preEE/ZZto2L2Nu/crab.log
