DEBUG 2025-02-23 16:31:26.525 UTC: 	 CRAB Client version: v3.241125
DEBUG 2025-02-23 16:31:26.525 UTC: 	 Running on: Linux lxplus814.cern.ch 4.18.0-553.40.1.el8_10.x86_64 #1 SMP Thu Feb 6 21:20:51 EST 2025 x86_64 x86_64 x86_64 GNU/Linux
DEBUG 2025-02-23 16:31:26.526 UTC: 	 Not using Singularity
DEBUG 2025-02-23 16:31:26.526 UTC: 	 Operating System: Red Hat Enterprise Linux 8.10 (Ootpa)
DEBUG 2025-02-23 16:31:26.526 UTC: 	 Executing command: 'remake'
DEBUG 2025-02-23 16:31:26.526 UTC: 	 Found CRAB cache file /afs/cern.ch/user/j/jelee/.crab3
DEBUG 2025-02-23 16:31:26.526 UTC: 	 Checking credentials
DEBUG 2025-02-23 16:31:26.526 UTC: 	 Found proxy file /tmp/x509up_u21686
DEBUG 2025-02-23 16:31:26.526 UTC: 	 Making sure it has proper VOMS extension
DEBUG 2025-02-23 16:31:26.526 UTC: 	 Executing command :
 voms-proxy-info --vo --file /tmp/x509up_u21686
DEBUG 2025-02-23 16:31:26.885 UTC: 	 output : cms

 error: 
 retcode : 0
DEBUG 2025-02-23 16:31:26.885 UTC: 	 Getting proxy life time left
DEBUG 2025-02-23 16:31:26.886 UTC: 	 Executing command :
 voms-proxy-info --actimeleft --timeleft --file /tmp/x509up_u21686
DEBUG 2025-02-23 16:31:27.246 UTC: 	 output : 349471
349471

 error: 
 retcode : 0
DEBUG 2025-02-23 16:31:27.246 UTC: 	 Proxy valid for 97:04:31 hours
DEBUG 2025-02-23 16:31:27.247 UTC: 	 Encoded data for curl request: subresource=delegatedn
DEBUG 2025-02-23 16:31:27.285 UTC: 	 Registering user credentials on myproxy for /DC=ch/DC=cern/OU=computers/CN=crab-(preprod|prod)-tw(01|02).cern.ch|/DC=ch/DC=cern/OU=computers/CN=crab-dev-tw(01|02|03|04).cern.ch|/DC=ch/DC=cern/OU=Organic Units/OU=Users/CN=cmscrab/CN=(817881|373708)/CN=Robot: cms crab|/DC=ch/DC=cern/OU=Organic Units/OU=Users/CN=crabint1/CN=373708/CN=Robot: CMS CRAB Integration 1
DEBUG 2025-02-23 16:31:27.285 UTC: 	 Executing command :
 voms-proxy-info --identity --file /tmp/x509up_u21686
DEBUG 2025-02-23 16:31:27.645 UTC: 	 output : /DC=ch/DC=cern/OU=Organic Units/OU=Users/CN=jelee/CN=727784/CN=Jeongeun Lee

 error: 
 retcode : 0
DEBUG 2025-02-23 16:31:27.645 UTC: 	 Getting myproxy life time left for f1f3941e9d4a8be26269c6d003b41f2827f63184
DEBUG 2025-02-23 16:31:27.645 UTC: 	 Executing command :
 myproxy-info -s myproxy.cern.ch -l f1f3941e9d4a8be26269c6d003b41f2827f63184
DEBUG 2025-02-23 16:31:27.918 UTC: 	 output : username: f1f3941e9d4a8be26269c6d003b41f2827f63184
owner: /DC=ch/DC=cern/OU=Organic Units/OU=Users/CN=jelee/CN=727784/CN=Jeongeun Lee
  renewal policy: /DC=ch/DC=cern/OU=computers/CN=crab-(preprod|prod)-tw(01|02).cern.ch|/DC=ch/DC=cern/OU=computers/CN=crab-dev-tw(01|02|03|04).cern.ch|/DC=ch/DC=cern/OU=Organic Units/OU=Users/CN=cmscrab/CN=(817881|373708)/CN=Robot: cms crab|/DC=ch/DC=cern/OU=Organic Units/OU=Users/CN=crabint1/CN=373708/CN=Robot: CMS CRAB Integration 1
  trusted retrieval policy: /DC=ch/DC=cern/OU=computers/CN=crab-(preprod|prod)-tw(01|02).cern.ch|/DC=ch/DC=cern/OU=computers/CN=crab-dev-tw(01|02|03|04).cern.ch|/DC=ch/DC=cern/OU=Organic Units/OU=Users/CN=cmscrab/CN=(817881|373708)/CN=Robot: cms crab|/DC=ch/DC=cern/OU=Organic Units/OU=Users/CN=crabint1/CN=373708/CN=Robot: CMS CRAB Integration 1
  timeleft: 645:36:13  (26.9 days)

 error: 
 retcode : 0
DEBUG 2025-02-23 16:31:27.918 UTC: 	 Myproxy is valid: 2324160
DEBUG 2025-02-23 16:31:27.918 UTC: 	 Result of myproxy credential check:
  Credential exists on myproxy: username: f1f3941e9d4a8be26269c6d003b41f2827f63184  - validity: 26 days, 21:36:00
DEBUG 2025-02-23 16:31:27.918 UTC: 	 Command use: remake
DEBUG 2025-02-23 16:31:27.918 UTC: 	 Options use: ['--task=250222_164741:jelee_crab_TbarWplustoLNu2Q']
DEBUG 2025-02-23 16:31:27.918 UTC: 	 Encoded data for curl request: subresource=version
DEBUG 2025-02-23 16:31:27.952 UTC: 	 CRABClient version: v3.241125
DEBUG 2025-02-23 16:31:27.952 UTC: 	 Instance is prod
DEBUG 2025-02-23 16:31:27.952 UTC: 	 Server base url is cmsweb.cern.ch
DEBUG 2025-02-23 16:31:27.952 UTC: 	 Command api workflow
WARNING 2025-02-23 16:31:27.952 UTC: 	 ATTENTION return value for 'remake' has been changed to a dictionary
 format is {'commandStatus': 'SUCCESS' or 'FAILED',
            'workDir': name of the work directory created}
INFO 2025-02-23 16:31:27.953 UTC: 	 Warning: crab_TbarWplustoLNu2Q/.requestcache not created, because it already exists.
INFO 2025-02-23 16:31:27.954 UTC: 	 Log file is /afs/cern.ch/work/j/jelee/nanoaod/workspace2025/CMSSW_13_3_0/src/PhysicsTools/NanoAODTools/crab_Run2_UL_Skim/2022preEE/TbarWplustoLNu2Q/crab.log
DEBUG 2025-02-23 19:35:35.849 UTC: 	 CRAB Client version: v3.241125
DEBUG 2025-02-23 19:35:35.849 UTC: 	 Running on: Linux lxplus814.cern.ch 4.18.0-553.40.1.el8_10.x86_64 #1 SMP Thu Feb 6 21:20:51 EST 2025 x86_64 x86_64 x86_64 GNU/Linux
DEBUG 2025-02-23 19:35:35.849 UTC: 	 Not using Singularity
DEBUG 2025-02-23 19:35:35.849 UTC: 	 Operating System: Red Hat Enterprise Linux 8.10 (Ootpa)
DEBUG 2025-02-23 19:35:35.849 UTC: 	 Executing command: 'remake'
DEBUG 2025-02-23 19:35:35.849 UTC: 	 Found CRAB cache file /afs/cern.ch/user/j/jelee/.crab3
DEBUG 2025-02-23 19:35:35.849 UTC: 	 Checking credentials
DEBUG 2025-02-23 19:35:35.850 UTC: 	 Found proxy file /tmp/x509up_u21686
DEBUG 2025-02-23 19:35:35.850 UTC: 	 Making sure it has proper VOMS extension
DEBUG 2025-02-23 19:35:35.850 UTC: 	 Executing command :
 voms-proxy-info --vo --file /tmp/x509up_u21686
DEBUG 2025-02-23 19:35:36.228 UTC: 	 output : cms

 error: 
 retcode : 0
DEBUG 2025-02-23 19:35:36.228 UTC: 	 Getting proxy life time left
DEBUG 2025-02-23 19:35:36.228 UTC: 	 Executing command :
 voms-proxy-info --actimeleft --timeleft --file /tmp/x509up_u21686
DEBUG 2025-02-23 19:35:36.603 UTC: 	 output : 338422
338422

 error: 
 retcode : 0
DEBUG 2025-02-23 19:35:36.603 UTC: 	 Proxy valid for 94:00:22 hours
DEBUG 2025-02-23 19:35:36.603 UTC: 	 Encoded data for curl request: subresource=delegatedn
DEBUG 2025-02-23 19:35:36.645 UTC: 	 Registering user credentials on myproxy for /DC=ch/DC=cern/OU=computers/CN=crab-(preprod|prod)-tw(01|02).cern.ch|/DC=ch/DC=cern/OU=computers/CN=crab-dev-tw(01|02|03|04).cern.ch|/DC=ch/DC=cern/OU=Organic Units/OU=Users/CN=cmscrab/CN=(817881|373708)/CN=Robot: cms crab|/DC=ch/DC=cern/OU=Organic Units/OU=Users/CN=crabint1/CN=373708/CN=Robot: CMS CRAB Integration 1
DEBUG 2025-02-23 19:35:36.645 UTC: 	 Executing command :
 voms-proxy-info --identity --file /tmp/x509up_u21686
DEBUG 2025-02-23 19:35:37.007 UTC: 	 output : /DC=ch/DC=cern/OU=Organic Units/OU=Users/CN=jelee/CN=727784/CN=Jeongeun Lee

 error: 
 retcode : 0
DEBUG 2025-02-23 19:35:37.007 UTC: 	 Getting myproxy life time left for f1f3941e9d4a8be26269c6d003b41f2827f63184
DEBUG 2025-02-23 19:35:37.007 UTC: 	 Executing command :
 myproxy-info -s myproxy.cern.ch -l f1f3941e9d4a8be26269c6d003b41f2827f63184
DEBUG 2025-02-23 19:35:37.643 UTC: 	 output : username: f1f3941e9d4a8be26269c6d003b41f2827f63184
owner: /DC=ch/DC=cern/OU=Organic Units/OU=Users/CN=jelee/CN=727784/CN=Jeongeun Lee
  renewal policy: /DC=ch/DC=cern/OU=computers/CN=crab-(preprod|prod)-tw(01|02).cern.ch|/DC=ch/DC=cern/OU=computers/CN=crab-dev-tw(01|02|03|04).cern.ch|/DC=ch/DC=cern/OU=Organic Units/OU=Users/CN=cmscrab/CN=(817881|373708)/CN=Robot: cms crab|/DC=ch/DC=cern/OU=Organic Units/OU=Users/CN=crabint1/CN=373708/CN=Robot: CMS CRAB Integration 1
  trusted retrieval policy: /DC=ch/DC=cern/OU=computers/CN=crab-(preprod|prod)-tw(01|02).cern.ch|/DC=ch/DC=cern/OU=computers/CN=crab-dev-tw(01|02|03|04).cern.ch|/DC=ch/DC=cern/OU=Organic Units/OU=Users/CN=cmscrab/CN=(817881|373708)/CN=Robot: cms crab|/DC=ch/DC=cern/OU=Organic Units/OU=Users/CN=crabint1/CN=373708/CN=Robot: CMS CRAB Integration 1
  timeleft: 642:32:03  (26.8 days)

 error: 
 retcode : 0
DEBUG 2025-02-23 19:35:37.643 UTC: 	 Myproxy is valid: 2313120
DEBUG 2025-02-23 19:35:37.643 UTC: 	 Result of myproxy credential check:
  Credential exists on myproxy: username: f1f3941e9d4a8be26269c6d003b41f2827f63184  - validity: 26 days, 18:32:00
DEBUG 2025-02-23 19:35:37.644 UTC: 	 Command use: remake
DEBUG 2025-02-23 19:35:37.644 UTC: 	 Options use: ['--task=250222_164741:jelee_crab_TbarWplustoLNu2Q']
DEBUG 2025-02-23 19:35:37.644 UTC: 	 Encoded data for curl request: subresource=version
DEBUG 2025-02-23 19:35:37.677 UTC: 	 CRABClient version: v3.241125
DEBUG 2025-02-23 19:35:37.677 UTC: 	 Instance is prod
DEBUG 2025-02-23 19:35:37.677 UTC: 	 Server base url is cmsweb.cern.ch
DEBUG 2025-02-23 19:35:37.677 UTC: 	 Command api workflow
WARNING 2025-02-23 19:35:37.677 UTC: 	 ATTENTION return value for 'remake' has been changed to a dictionary
 format is {'commandStatus': 'SUCCESS' or 'FAILED',
            'workDir': name of the work directory created}
INFO 2025-02-23 19:35:37.677 UTC: 	 Warning: crab_TbarWplustoLNu2Q/.requestcache not created, because it already exists.
INFO 2025-02-23 19:35:37.680 UTC: 	 Log file is /afs/cern.ch/work/j/jelee/nanoaod/workspace2025/CMSSW_13_3_0/src/PhysicsTools/NanoAODTools/crab_Run2_UL_Skim/2022preEE/TbarWplustoLNu2Q/crab.log
