DEBUG 2025-02-23 16:27:27.723 UTC: 	 CRAB Client version: v3.241125
DEBUG 2025-02-23 16:27:27.724 UTC: 	 Running on: Linux lxplus814.cern.ch 4.18.0-553.40.1.el8_10.x86_64 #1 SMP Thu Feb 6 21:20:51 EST 2025 x86_64 x86_64 x86_64 GNU/Linux
DEBUG 2025-02-23 16:27:27.724 UTC: 	 Not using Singularity
DEBUG 2025-02-23 16:27:27.724 UTC: 	 Operating System: Red Hat Enterprise Linux 8.10 (Ootpa)
DEBUG 2025-02-23 16:27:27.724 UTC: 	 Executing command: 'remake'
DEBUG 2025-02-23 16:27:27.724 UTC: 	 Found CRAB cache file /afs/cern.ch/user/j/jelee/.crab3
DEBUG 2025-02-23 16:27:27.724 UTC: 	 Checking credentials
DEBUG 2025-02-23 16:27:27.724 UTC: 	 Found proxy file /tmp/x509up_u21686
DEBUG 2025-02-23 16:27:27.724 UTC: 	 Making sure it has proper VOMS extension
DEBUG 2025-02-23 16:27:27.724 UTC: 	 Executing command :
 voms-proxy-info --vo --file /tmp/x509up_u21686
DEBUG 2025-02-23 16:27:28.076 UTC: 	 output : cms

 error: 
 retcode : 0
DEBUG 2025-02-23 16:27:28.076 UTC: 	 Getting proxy life time left
DEBUG 2025-02-23 16:27:28.076 UTC: 	 Executing command :
 voms-proxy-info --actimeleft --timeleft --file /tmp/x509up_u21686
DEBUG 2025-02-23 16:27:28.421 UTC: 	 output : 349710
349710

 error: 
 retcode : 0
DEBUG 2025-02-23 16:27:28.421 UTC: 	 Proxy valid for 97:08:30 hours
DEBUG 2025-02-23 16:27:28.422 UTC: 	 Encoded data for curl request: subresource=delegatedn
DEBUG 2025-02-23 16:27:28.455 UTC: 	 Registering user credentials on myproxy for /DC=ch/DC=cern/OU=computers/CN=crab-(preprod|prod)-tw(01|02).cern.ch|/DC=ch/DC=cern/OU=computers/CN=crab-dev-tw(01|02|03|04).cern.ch|/DC=ch/DC=cern/OU=Organic Units/OU=Users/CN=cmscrab/CN=(817881|373708)/CN=Robot: cms crab|/DC=ch/DC=cern/OU=Organic Units/OU=Users/CN=crabint1/CN=373708/CN=Robot: CMS CRAB Integration 1
DEBUG 2025-02-23 16:27:28.455 UTC: 	 Executing command :
 voms-proxy-info --identity --file /tmp/x509up_u21686
DEBUG 2025-02-23 16:27:28.822 UTC: 	 output : /DC=ch/DC=cern/OU=Organic Units/OU=Users/CN=jelee/CN=727784/CN=Jeongeun Lee

 error: 
 retcode : 0
DEBUG 2025-02-23 16:27:28.822 UTC: 	 Getting myproxy life time left for f1f3941e9d4a8be26269c6d003b41f2827f63184
DEBUG 2025-02-23 16:27:28.822 UTC: 	 Executing command :
 myproxy-info -s myproxy.cern.ch -l f1f3941e9d4a8be26269c6d003b41f2827f63184
DEBUG 2025-02-23 16:27:29.230 UTC: 	 output : username: f1f3941e9d4a8be26269c6d003b41f2827f63184
owner: /DC=ch/DC=cern/OU=Organic Units/OU=Users/CN=jelee/CN=727784/CN=Jeongeun Lee
  renewal policy: /DC=ch/DC=cern/OU=computers/CN=crab-(preprod|prod)-tw(01|02).cern.ch|/DC=ch/DC=cern/OU=computers/CN=crab-dev-tw(01|02|03|04).cern.ch|/DC=ch/DC=cern/OU=Organic Units/OU=Users/CN=cmscrab/CN=(817881|373708)/CN=Robot: cms crab|/DC=ch/DC=cern/OU=Organic Units/OU=Users/CN=crabint1/CN=373708/CN=Robot: CMS CRAB Integration 1
  trusted retrieval policy: /DC=ch/DC=cern/OU=computers/CN=crab-(preprod|prod)-tw(01|02).cern.ch|/DC=ch/DC=cern/OU=computers/CN=crab-dev-tw(01|02|03|04).cern.ch|/DC=ch/DC=cern/OU=Organic Units/OU=Users/CN=cmscrab/CN=(817881|373708)/CN=Robot: cms crab|/DC=ch/DC=cern/OU=Organic Units/OU=Users/CN=crabint1/CN=373708/CN=Robot: CMS CRAB Integration 1
  timeleft: 645:40:11  (26.9 days)

 error: 
 retcode : 0
DEBUG 2025-02-23 16:27:29.230 UTC: 	 Myproxy is valid: 2324400
DEBUG 2025-02-23 16:27:29.230 UTC: 	 Result of myproxy credential check:
  Credential exists on myproxy: username: f1f3941e9d4a8be26269c6d003b41f2827f63184  - validity: 26 days, 21:40:00
DEBUG 2025-02-23 16:27:29.231 UTC: 	 Command use: remake
DEBUG 2025-02-23 16:27:29.231 UTC: 	 Options use: ['--task=250222_164622:jelee_crab_WtoLNu-2Jets_PTLNu-40to100_1J']
DEBUG 2025-02-23 16:27:29.231 UTC: 	 Encoded data for curl request: subresource=version
DEBUG 2025-02-23 16:27:29.268 UTC: 	 CRABClient version: v3.241125
DEBUG 2025-02-23 16:27:29.268 UTC: 	 Instance is prod
DEBUG 2025-02-23 16:27:29.268 UTC: 	 Server base url is cmsweb.cern.ch
DEBUG 2025-02-23 16:27:29.268 UTC: 	 Command api workflow
WARNING 2025-02-23 16:27:29.268 UTC: 	 ATTENTION return value for 'remake' has been changed to a dictionary
 format is {'commandStatus': 'SUCCESS' or 'FAILED',
            'workDir': name of the work directory created}
INFO 2025-02-23 16:27:29.268 UTC: 	 Warning: crab_WtoLNu-2Jets_PTLNu-40to100_1J/.requestcache not created, because it already exists.
INFO 2025-02-23 16:27:29.270 UTC: 	 Log file is /afs/cern.ch/work/j/jelee/nanoaod/workspace2025/CMSSW_13_3_0/src/PhysicsTools/NanoAODTools/crab_Run2_UL_Skim/2022preEE/WtoLNu-2Jets_PTLNu-40to100_1J/crab.log
DEBUG 2025-02-23 19:33:28.015 UTC: 	 CRAB Client version: v3.241125
DEBUG 2025-02-23 19:33:28.015 UTC: 	 Running on: Linux lxplus814.cern.ch 4.18.0-553.40.1.el8_10.x86_64 #1 SMP Thu Feb 6 21:20:51 EST 2025 x86_64 x86_64 x86_64 GNU/Linux
DEBUG 2025-02-23 19:33:28.015 UTC: 	 Not using Singularity
DEBUG 2025-02-23 19:33:28.015 UTC: 	 Operating System: Red Hat Enterprise Linux 8.10 (Ootpa)
DEBUG 2025-02-23 19:33:28.015 UTC: 	 Executing command: 'remake'
DEBUG 2025-02-23 19:33:28.015 UTC: 	 Found CRAB cache file /afs/cern.ch/user/j/jelee/.crab3
DEBUG 2025-02-23 19:33:28.016 UTC: 	 Checking credentials
DEBUG 2025-02-23 19:33:28.016 UTC: 	 Found proxy file /tmp/x509up_u21686
DEBUG 2025-02-23 19:33:28.016 UTC: 	 Making sure it has proper VOMS extension
DEBUG 2025-02-23 19:33:28.016 UTC: 	 Executing command :
 voms-proxy-info --vo --file /tmp/x509up_u21686
DEBUG 2025-02-23 19:33:28.419 UTC: 	 output : cms

 error: 
 retcode : 0
DEBUG 2025-02-23 19:33:28.419 UTC: 	 Getting proxy life time left
DEBUG 2025-02-23 19:33:28.419 UTC: 	 Executing command :
 voms-proxy-info --actimeleft --timeleft --file /tmp/x509up_u21686
DEBUG 2025-02-23 19:33:28.840 UTC: 	 output : 338550
338550

 error: 
 retcode : 0
DEBUG 2025-02-23 19:33:28.841 UTC: 	 Proxy valid for 94:02:30 hours
DEBUG 2025-02-23 19:33:28.841 UTC: 	 Encoded data for curl request: subresource=delegatedn
DEBUG 2025-02-23 19:33:28.880 UTC: 	 Registering user credentials on myproxy for /DC=ch/DC=cern/OU=computers/CN=crab-(preprod|prod)-tw(01|02).cern.ch|/DC=ch/DC=cern/OU=computers/CN=crab-dev-tw(01|02|03|04).cern.ch|/DC=ch/DC=cern/OU=Organic Units/OU=Users/CN=cmscrab/CN=(817881|373708)/CN=Robot: cms crab|/DC=ch/DC=cern/OU=Organic Units/OU=Users/CN=crabint1/CN=373708/CN=Robot: CMS CRAB Integration 1
DEBUG 2025-02-23 19:33:28.880 UTC: 	 Executing command :
 voms-proxy-info --identity --file /tmp/x509up_u21686
DEBUG 2025-02-23 19:33:29.321 UTC: 	 output : /DC=ch/DC=cern/OU=Organic Units/OU=Users/CN=jelee/CN=727784/CN=Jeongeun Lee

 error: 
 retcode : 0
DEBUG 2025-02-23 19:33:29.321 UTC: 	 Getting myproxy life time left for f1f3941e9d4a8be26269c6d003b41f2827f63184
DEBUG 2025-02-23 19:33:29.321 UTC: 	 Executing command :
 myproxy-info -s myproxy.cern.ch -l f1f3941e9d4a8be26269c6d003b41f2827f63184
DEBUG 2025-02-23 19:33:30.195 UTC: 	 output : username: f1f3941e9d4a8be26269c6d003b41f2827f63184
owner: /DC=ch/DC=cern/OU=Organic Units/OU=Users/CN=jelee/CN=727784/CN=Jeongeun Lee
  renewal policy: /DC=ch/DC=cern/OU=computers/CN=crab-(preprod|prod)-tw(01|02).cern.ch|/DC=ch/DC=cern/OU=computers/CN=crab-dev-tw(01|02|03|04).cern.ch|/DC=ch/DC=cern/OU=Organic Units/OU=Users/CN=cmscrab/CN=(817881|373708)/CN=Robot: cms crab|/DC=ch/DC=cern/OU=Organic Units/OU=Users/CN=crabint1/CN=373708/CN=Robot: CMS CRAB Integration 1
  trusted retrieval policy: /DC=ch/DC=cern/OU=computers/CN=crab-(preprod|prod)-tw(01|02).cern.ch|/DC=ch/DC=cern/OU=computers/CN=crab-dev-tw(01|02|03|04).cern.ch|/DC=ch/DC=cern/OU=Organic Units/OU=Users/CN=cmscrab/CN=(817881|373708)/CN=Robot: cms crab|/DC=ch/DC=cern/OU=Organic Units/OU=Users/CN=crabint1/CN=373708/CN=Robot: CMS CRAB Integration 1
  timeleft: 642:34:10  (26.8 days)

 error: 
 retcode : 0
DEBUG 2025-02-23 19:33:30.195 UTC: 	 Myproxy is valid: 2313240
DEBUG 2025-02-23 19:33:30.195 UTC: 	 Result of myproxy credential check:
  Credential exists on myproxy: username: f1f3941e9d4a8be26269c6d003b41f2827f63184  - validity: 26 days, 18:34:00
DEBUG 2025-02-23 19:33:30.195 UTC: 	 Command use: remake
DEBUG 2025-02-23 19:33:30.195 UTC: 	 Options use: ['--task=250222_164622:jelee_crab_WtoLNu-2Jets_PTLNu-40to100_1J']
DEBUG 2025-02-23 19:33:30.195 UTC: 	 Encoded data for curl request: subresource=version
DEBUG 2025-02-23 19:33:30.229 UTC: 	 CRABClient version: v3.241125
DEBUG 2025-02-23 19:33:30.229 UTC: 	 Instance is prod
DEBUG 2025-02-23 19:33:30.229 UTC: 	 Server base url is cmsweb.cern.ch
DEBUG 2025-02-23 19:33:30.229 UTC: 	 Command api workflow
WARNING 2025-02-23 19:33:30.229 UTC: 	 ATTENTION return value for 'remake' has been changed to a dictionary
 format is {'commandStatus': 'SUCCESS' or 'FAILED',
            'workDir': name of the work directory created}
INFO 2025-02-23 19:33:30.230 UTC: 	 Warning: crab_WtoLNu-2Jets_PTLNu-40to100_1J/.requestcache not created, because it already exists.
INFO 2025-02-23 19:33:30.238 UTC: 	 Log file is /afs/cern.ch/work/j/jelee/nanoaod/workspace2025/CMSSW_13_3_0/src/PhysicsTools/NanoAODTools/crab_Run2_UL_Skim/2022preEE/WtoLNu-2Jets_PTLNu-40to100_1J/crab.log
