DEBUG 2025-02-23 16:31:44.628 UTC: 	 CRAB Client version: v3.241125
DEBUG 2025-02-23 16:31:44.628 UTC: 	 Running on: Linux lxplus814.cern.ch 4.18.0-553.40.1.el8_10.x86_64 #1 SMP Thu Feb 6 21:20:51 EST 2025 x86_64 x86_64 x86_64 GNU/Linux
DEBUG 2025-02-23 16:31:44.628 UTC: 	 Not using Singularity
DEBUG 2025-02-23 16:31:44.628 UTC: 	 Operating System: Red Hat Enterprise Linux 8.10 (Ootpa)
DEBUG 2025-02-23 16:31:44.628 UTC: 	 Executing command: 'remake'
DEBUG 2025-02-23 16:31:44.628 UTC: 	 Found CRAB cache file /afs/cern.ch/user/j/jelee/.crab3
DEBUG 2025-02-23 16:31:44.629 UTC: 	 Checking credentials
DEBUG 2025-02-23 16:31:44.629 UTC: 	 Found proxy file /tmp/x509up_u21686
DEBUG 2025-02-23 16:31:44.629 UTC: 	 Making sure it has proper VOMS extension
DEBUG 2025-02-23 16:31:44.629 UTC: 	 Executing command :
 voms-proxy-info --vo --file /tmp/x509up_u21686
DEBUG 2025-02-23 16:31:44.983 UTC: 	 output : cms

 error: 
 retcode : 0
DEBUG 2025-02-23 16:31:44.983 UTC: 	 Getting proxy life time left
DEBUG 2025-02-23 16:31:44.983 UTC: 	 Executing command :
 voms-proxy-info --actimeleft --timeleft --file /tmp/x509up_u21686
DEBUG 2025-02-23 16:31:45.343 UTC: 	 output : 349453
349453

 error: 
 retcode : 0
DEBUG 2025-02-23 16:31:45.344 UTC: 	 Proxy valid for 97:04:13 hours
DEBUG 2025-02-23 16:31:45.344 UTC: 	 Encoded data for curl request: subresource=delegatedn
DEBUG 2025-02-23 16:31:45.387 UTC: 	 Registering user credentials on myproxy for /DC=ch/DC=cern/OU=computers/CN=crab-(preprod|prod)-tw(01|02).cern.ch|/DC=ch/DC=cern/OU=computers/CN=crab-dev-tw(01|02|03|04).cern.ch|/DC=ch/DC=cern/OU=Organic Units/OU=Users/CN=cmscrab/CN=(817881|373708)/CN=Robot: cms crab|/DC=ch/DC=cern/OU=Organic Units/OU=Users/CN=crabint1/CN=373708/CN=Robot: CMS CRAB Integration 1
DEBUG 2025-02-23 16:31:45.387 UTC: 	 Executing command :
 voms-proxy-info --identity --file /tmp/x509up_u21686
DEBUG 2025-02-23 16:31:45.752 UTC: 	 output : /DC=ch/DC=cern/OU=Organic Units/OU=Users/CN=jelee/CN=727784/CN=Jeongeun Lee

 error: 
 retcode : 0
DEBUG 2025-02-23 16:31:45.752 UTC: 	 Getting myproxy life time left for f1f3941e9d4a8be26269c6d003b41f2827f63184
DEBUG 2025-02-23 16:31:45.752 UTC: 	 Executing command :
 myproxy-info -s myproxy.cern.ch -l f1f3941e9d4a8be26269c6d003b41f2827f63184
DEBUG 2025-02-23 16:31:46.019 UTC: 	 output : username: f1f3941e9d4a8be26269c6d003b41f2827f63184
owner: /DC=ch/DC=cern/OU=Organic Units/OU=Users/CN=jelee/CN=727784/CN=Jeongeun Lee
  renewal policy: /DC=ch/DC=cern/OU=computers/CN=crab-(preprod|prod)-tw(01|02).cern.ch|/DC=ch/DC=cern/OU=computers/CN=crab-dev-tw(01|02|03|04).cern.ch|/DC=ch/DC=cern/OU=Organic Units/OU=Users/CN=cmscrab/CN=(817881|373708)/CN=Robot: cms crab|/DC=ch/DC=cern/OU=Organic Units/OU=Users/CN=crabint1/CN=373708/CN=Robot: CMS CRAB Integration 1
  trusted retrieval policy: /DC=ch/DC=cern/OU=computers/CN=crab-(preprod|prod)-tw(01|02).cern.ch|/DC=ch/DC=cern/OU=computers/CN=crab-dev-tw(01|02|03|04).cern.ch|/DC=ch/DC=cern/OU=Organic Units/OU=Users/CN=cmscrab/CN=(817881|373708)/CN=Robot: cms crab|/DC=ch/DC=cern/OU=Organic Units/OU=Users/CN=crabint1/CN=373708/CN=Robot: CMS CRAB Integration 1
  timeleft: 645:35:54  (26.9 days)

 error: 
 retcode : 0
DEBUG 2025-02-23 16:31:46.019 UTC: 	 Myproxy is valid: 2324100
DEBUG 2025-02-23 16:31:46.019 UTC: 	 Result of myproxy credential check:
  Credential exists on myproxy: username: f1f3941e9d4a8be26269c6d003b41f2827f63184  - validity: 26 days, 21:35:00
DEBUG 2025-02-23 16:31:46.019 UTC: 	 Command use: remake
DEBUG 2025-02-23 16:31:46.019 UTC: 	 Options use: ['--task=250222_164749:jelee_crab_TbarWplusto4Q_ext1-v2']
DEBUG 2025-02-23 16:31:46.019 UTC: 	 Encoded data for curl request: subresource=version
DEBUG 2025-02-23 16:31:46.057 UTC: 	 CRABClient version: v3.241125
DEBUG 2025-02-23 16:31:46.057 UTC: 	 Instance is prod
DEBUG 2025-02-23 16:31:46.057 UTC: 	 Server base url is cmsweb.cern.ch
DEBUG 2025-02-23 16:31:46.057 UTC: 	 Command api workflow
WARNING 2025-02-23 16:31:46.057 UTC: 	 ATTENTION return value for 'remake' has been changed to a dictionary
 format is {'commandStatus': 'SUCCESS' or 'FAILED',
            'workDir': name of the work directory created}
INFO 2025-02-23 16:31:46.057 UTC: 	 Warning: crab_TbarWplusto4Q_ext1-v2/.requestcache not created, because it already exists.
INFO 2025-02-23 16:31:46.060 UTC: 	 Log file is /afs/cern.ch/work/j/jelee/nanoaod/workspace2025/CMSSW_13_3_0/src/PhysicsTools/NanoAODTools/crab_Run2_UL_Skim/2022preEE/TbarWplusto4Q_ext1-v2/crab.log
DEBUG 2025-02-23 19:35:44.847 UTC: 	 CRAB Client version: v3.241125
DEBUG 2025-02-23 19:35:44.847 UTC: 	 Running on: Linux lxplus814.cern.ch 4.18.0-553.40.1.el8_10.x86_64 #1 SMP Thu Feb 6 21:20:51 EST 2025 x86_64 x86_64 x86_64 GNU/Linux
DEBUG 2025-02-23 19:35:44.847 UTC: 	 Not using Singularity
DEBUG 2025-02-23 19:35:44.847 UTC: 	 Operating System: Red Hat Enterprise Linux 8.10 (Ootpa)
DEBUG 2025-02-23 19:35:44.847 UTC: 	 Executing command: 'remake'
DEBUG 2025-02-23 19:35:44.848 UTC: 	 Found CRAB cache file /afs/cern.ch/user/j/jelee/.crab3
DEBUG 2025-02-23 19:35:44.848 UTC: 	 Checking credentials
DEBUG 2025-02-23 19:35:44.848 UTC: 	 Found proxy file /tmp/x509up_u21686
DEBUG 2025-02-23 19:35:44.848 UTC: 	 Making sure it has proper VOMS extension
DEBUG 2025-02-23 19:35:44.848 UTC: 	 Executing command :
 voms-proxy-info --vo --file /tmp/x509up_u21686
DEBUG 2025-02-23 19:35:45.243 UTC: 	 output : cms

 error: 
 retcode : 0
DEBUG 2025-02-23 19:35:45.243 UTC: 	 Getting proxy life time left
DEBUG 2025-02-23 19:35:45.243 UTC: 	 Executing command :
 voms-proxy-info --actimeleft --timeleft --file /tmp/x509up_u21686
DEBUG 2025-02-23 19:35:45.611 UTC: 	 output : 338413
338413

 error: 
 retcode : 0
DEBUG 2025-02-23 19:35:45.612 UTC: 	 Proxy valid for 94:00:13 hours
DEBUG 2025-02-23 19:35:45.612 UTC: 	 Encoded data for curl request: subresource=delegatedn
DEBUG 2025-02-23 19:35:45.649 UTC: 	 Registering user credentials on myproxy for /DC=ch/DC=cern/OU=computers/CN=crab-(preprod|prod)-tw(01|02).cern.ch|/DC=ch/DC=cern/OU=computers/CN=crab-dev-tw(01|02|03|04).cern.ch|/DC=ch/DC=cern/OU=Organic Units/OU=Users/CN=cmscrab/CN=(817881|373708)/CN=Robot: cms crab|/DC=ch/DC=cern/OU=Organic Units/OU=Users/CN=crabint1/CN=373708/CN=Robot: CMS CRAB Integration 1
DEBUG 2025-02-23 19:35:45.649 UTC: 	 Executing command :
 voms-proxy-info --identity --file /tmp/x509up_u21686
DEBUG 2025-02-23 19:35:45.995 UTC: 	 output : /DC=ch/DC=cern/OU=Organic Units/OU=Users/CN=jelee/CN=727784/CN=Jeongeun Lee

 error: 
 retcode : 0
DEBUG 2025-02-23 19:35:45.995 UTC: 	 Getting myproxy life time left for f1f3941e9d4a8be26269c6d003b41f2827f63184
DEBUG 2025-02-23 19:35:45.995 UTC: 	 Executing command :
 myproxy-info -s myproxy.cern.ch -l f1f3941e9d4a8be26269c6d003b41f2827f63184
DEBUG 2025-02-23 19:35:46.289 UTC: 	 output : username: f1f3941e9d4a8be26269c6d003b41f2827f63184
owner: /DC=ch/DC=cern/OU=Organic Units/OU=Users/CN=jelee/CN=727784/CN=Jeongeun Lee
  renewal policy: /DC=ch/DC=cern/OU=computers/CN=crab-(preprod|prod)-tw(01|02).cern.ch|/DC=ch/DC=cern/OU=computers/CN=crab-dev-tw(01|02|03|04).cern.ch|/DC=ch/DC=cern/OU=Organic Units/OU=Users/CN=cmscrab/CN=(817881|373708)/CN=Robot: cms crab|/DC=ch/DC=cern/OU=Organic Units/OU=Users/CN=crabint1/CN=373708/CN=Robot: CMS CRAB Integration 1
  trusted retrieval policy: /DC=ch/DC=cern/OU=computers/CN=crab-(preprod|prod)-tw(01|02).cern.ch|/DC=ch/DC=cern/OU=computers/CN=crab-dev-tw(01|02|03|04).cern.ch|/DC=ch/DC=cern/OU=Organic Units/OU=Users/CN=cmscrab/CN=(817881|373708)/CN=Robot: cms crab|/DC=ch/DC=cern/OU=Organic Units/OU=Users/CN=crabint1/CN=373708/CN=Robot: CMS CRAB Integration 1
  timeleft: 642:31:54  (26.8 days)

 error: 
 retcode : 0
DEBUG 2025-02-23 19:35:46.289 UTC: 	 Myproxy is valid: 2313060
DEBUG 2025-02-23 19:35:46.289 UTC: 	 Result of myproxy credential check:
  Credential exists on myproxy: username: f1f3941e9d4a8be26269c6d003b41f2827f63184  - validity: 26 days, 18:31:00
DEBUG 2025-02-23 19:35:46.289 UTC: 	 Command use: remake
DEBUG 2025-02-23 19:35:46.290 UTC: 	 Options use: ['--task=250222_164749:jelee_crab_TbarWplusto4Q_ext1-v2']
DEBUG 2025-02-23 19:35:46.290 UTC: 	 Encoded data for curl request: subresource=version
DEBUG 2025-02-23 19:35:46.322 UTC: 	 CRABClient version: v3.241125
DEBUG 2025-02-23 19:35:46.322 UTC: 	 Instance is prod
DEBUG 2025-02-23 19:35:46.322 UTC: 	 Server base url is cmsweb.cern.ch
DEBUG 2025-02-23 19:35:46.322 UTC: 	 Command api workflow
WARNING 2025-02-23 19:35:46.322 UTC: 	 ATTENTION return value for 'remake' has been changed to a dictionary
 format is {'commandStatus': 'SUCCESS' or 'FAILED',
            'workDir': name of the work directory created}
INFO 2025-02-23 19:35:46.322 UTC: 	 Warning: crab_TbarWplusto4Q_ext1-v2/.requestcache not created, because it already exists.
INFO 2025-02-23 19:35:46.374 UTC: 	 Log file is /afs/cern.ch/work/j/jelee/nanoaod/workspace2025/CMSSW_13_3_0/src/PhysicsTools/NanoAODTools/crab_Run2_UL_Skim/2022preEE/TbarWplusto4Q_ext1-v2/crab.log
