DEBUG 2025-02-23 16:32:22.379 UTC: 	 CRAB Client version: v3.241125
DEBUG 2025-02-23 16:32:22.379 UTC: 	 Running on: Linux lxplus814.cern.ch 4.18.0-553.40.1.el8_10.x86_64 #1 SMP Thu Feb 6 21:20:51 EST 2025 x86_64 x86_64 x86_64 GNU/Linux
DEBUG 2025-02-23 16:32:22.379 UTC: 	 Not using Singularity
DEBUG 2025-02-23 16:32:22.379 UTC: 	 Operating System: Red Hat Enterprise Linux 8.10 (Ootpa)
DEBUG 2025-02-23 16:32:22.379 UTC: 	 Executing command: 'remake'
DEBUG 2025-02-23 16:32:22.379 UTC: 	 Found CRAB cache file /afs/cern.ch/user/j/jelee/.crab3
DEBUG 2025-02-23 16:32:22.380 UTC: 	 Checking credentials
DEBUG 2025-02-23 16:32:22.380 UTC: 	 Found proxy file /tmp/x509up_u21686
DEBUG 2025-02-23 16:32:22.380 UTC: 	 Making sure it has proper VOMS extension
DEBUG 2025-02-23 16:32:22.380 UTC: 	 Executing command :
 voms-proxy-info --vo --file /tmp/x509up_u21686
DEBUG 2025-02-23 16:32:22.730 UTC: 	 output : cms

 error: 
 retcode : 0
DEBUG 2025-02-23 16:32:22.730 UTC: 	 Getting proxy life time left
DEBUG 2025-02-23 16:32:22.730 UTC: 	 Executing command :
 voms-proxy-info --actimeleft --timeleft --file /tmp/x509up_u21686
DEBUG 2025-02-23 16:32:23.056 UTC: 	 output : 349415
349415

 error: 
 retcode : 0
DEBUG 2025-02-23 16:32:23.056 UTC: 	 Proxy valid for 97:03:35 hours
DEBUG 2025-02-23 16:32:23.057 UTC: 	 Encoded data for curl request: subresource=delegatedn
DEBUG 2025-02-23 16:32:23.097 UTC: 	 Registering user credentials on myproxy for /DC=ch/DC=cern/OU=computers/CN=crab-(preprod|prod)-tw(01|02).cern.ch|/DC=ch/DC=cern/OU=computers/CN=crab-dev-tw(01|02|03|04).cern.ch|/DC=ch/DC=cern/OU=Organic Units/OU=Users/CN=cmscrab/CN=(817881|373708)/CN=Robot: cms crab|/DC=ch/DC=cern/OU=Organic Units/OU=Users/CN=crabint1/CN=373708/CN=Robot: CMS CRAB Integration 1
DEBUG 2025-02-23 16:32:23.097 UTC: 	 Executing command :
 voms-proxy-info --identity --file /tmp/x509up_u21686
DEBUG 2025-02-23 16:32:23.427 UTC: 	 output : /DC=ch/DC=cern/OU=Organic Units/OU=Users/CN=jelee/CN=727784/CN=Jeongeun Lee

 error: 
 retcode : 0
DEBUG 2025-02-23 16:32:23.427 UTC: 	 Getting myproxy life time left for f1f3941e9d4a8be26269c6d003b41f2827f63184
DEBUG 2025-02-23 16:32:23.427 UTC: 	 Executing command :
 myproxy-info -s myproxy.cern.ch -l f1f3941e9d4a8be26269c6d003b41f2827f63184
DEBUG 2025-02-23 16:32:23.705 UTC: 	 output : username: f1f3941e9d4a8be26269c6d003b41f2827f63184
owner: /DC=ch/DC=cern/OU=Organic Units/OU=Users/CN=jelee/CN=727784/CN=Jeongeun Lee
  renewal policy: /DC=ch/DC=cern/OU=computers/CN=crab-(preprod|prod)-tw(01|02).cern.ch|/DC=ch/DC=cern/OU=computers/CN=crab-dev-tw(01|02|03|04).cern.ch|/DC=ch/DC=cern/OU=Organic Units/OU=Users/CN=cmscrab/CN=(817881|373708)/CN=Robot: cms crab|/DC=ch/DC=cern/OU=Organic Units/OU=Users/CN=crabint1/CN=373708/CN=Robot: CMS CRAB Integration 1
  trusted retrieval policy: /DC=ch/DC=cern/OU=computers/CN=crab-(preprod|prod)-tw(01|02).cern.ch|/DC=ch/DC=cern/OU=computers/CN=crab-dev-tw(01|02|03|04).cern.ch|/DC=ch/DC=cern/OU=Organic Units/OU=Users/CN=cmscrab/CN=(817881|373708)/CN=Robot: cms crab|/DC=ch/DC=cern/OU=Organic Units/OU=Users/CN=crabint1/CN=373708/CN=Robot: CMS CRAB Integration 1
  timeleft: 645:35:17  (26.9 days)

 error: 
 retcode : 0
DEBUG 2025-02-23 16:32:23.705 UTC: 	 Myproxy is valid: 2324100
DEBUG 2025-02-23 16:32:23.705 UTC: 	 Result of myproxy credential check:
  Credential exists on myproxy: username: f1f3941e9d4a8be26269c6d003b41f2827f63184  - validity: 26 days, 21:35:00
DEBUG 2025-02-23 16:32:23.706 UTC: 	 Command use: remake
DEBUG 2025-02-23 16:32:23.706 UTC: 	 Options use: ['--task=250222_164802:jelee_crab_QCD_PT-470to600_ext1-v2']
DEBUG 2025-02-23 16:32:23.706 UTC: 	 Encoded data for curl request: subresource=version
DEBUG 2025-02-23 16:32:23.743 UTC: 	 CRABClient version: v3.241125
DEBUG 2025-02-23 16:32:23.743 UTC: 	 Instance is prod
DEBUG 2025-02-23 16:32:23.743 UTC: 	 Server base url is cmsweb.cern.ch
DEBUG 2025-02-23 16:32:23.743 UTC: 	 Command api workflow
WARNING 2025-02-23 16:32:23.743 UTC: 	 ATTENTION return value for 'remake' has been changed to a dictionary
 format is {'commandStatus': 'SUCCESS' or 'FAILED',
            'workDir': name of the work directory created}
INFO 2025-02-23 16:32:23.743 UTC: 	 Warning: crab_QCD_PT-470to600_ext1-v2/.requestcache not created, because it already exists.
INFO 2025-02-23 16:32:23.745 UTC: 	 Log file is /afs/cern.ch/work/j/jelee/nanoaod/workspace2025/CMSSW_13_3_0/src/PhysicsTools/NanoAODTools/crab_Run2_UL_Skim/2022preEE/QCD_PT-470to600_ext1-v2/crab.log
DEBUG 2025-02-23 19:36:05.975 UTC: 	 CRAB Client version: v3.241125
DEBUG 2025-02-23 19:36:05.975 UTC: 	 Running on: Linux lxplus814.cern.ch 4.18.0-553.40.1.el8_10.x86_64 #1 SMP Thu Feb 6 21:20:51 EST 2025 x86_64 x86_64 x86_64 GNU/Linux
DEBUG 2025-02-23 19:36:05.975 UTC: 	 Not using Singularity
DEBUG 2025-02-23 19:36:05.975 UTC: 	 Operating System: Red Hat Enterprise Linux 8.10 (Ootpa)
DEBUG 2025-02-23 19:36:05.975 UTC: 	 Executing command: 'remake'
DEBUG 2025-02-23 19:36:05.975 UTC: 	 Found CRAB cache file /afs/cern.ch/user/j/jelee/.crab3
DEBUG 2025-02-23 19:36:05.976 UTC: 	 Checking credentials
DEBUG 2025-02-23 19:36:05.976 UTC: 	 Found proxy file /tmp/x509up_u21686
DEBUG 2025-02-23 19:36:05.976 UTC: 	 Making sure it has proper VOMS extension
DEBUG 2025-02-23 19:36:05.976 UTC: 	 Executing command :
 voms-proxy-info --vo --file /tmp/x509up_u21686
DEBUG 2025-02-23 19:36:06.400 UTC: 	 output : cms

 error: 
 retcode : 0
DEBUG 2025-02-23 19:36:06.400 UTC: 	 Getting proxy life time left
DEBUG 2025-02-23 19:36:06.400 UTC: 	 Executing command :
 voms-proxy-info --actimeleft --timeleft --file /tmp/x509up_u21686
DEBUG 2025-02-23 19:36:06.821 UTC: 	 output : 338392
338392

 error: 
 retcode : 0
DEBUG 2025-02-23 19:36:06.821 UTC: 	 Proxy valid for 93:59:52 hours
DEBUG 2025-02-23 19:36:06.821 UTC: 	 Encoded data for curl request: subresource=delegatedn
DEBUG 2025-02-23 19:36:06.867 UTC: 	 Registering user credentials on myproxy for /DC=ch/DC=cern/OU=computers/CN=crab-(preprod|prod)-tw(01|02).cern.ch|/DC=ch/DC=cern/OU=computers/CN=crab-dev-tw(01|02|03|04).cern.ch|/DC=ch/DC=cern/OU=Organic Units/OU=Users/CN=cmscrab/CN=(817881|373708)/CN=Robot: cms crab|/DC=ch/DC=cern/OU=Organic Units/OU=Users/CN=crabint1/CN=373708/CN=Robot: CMS CRAB Integration 1
DEBUG 2025-02-23 19:36:06.867 UTC: 	 Executing command :
 voms-proxy-info --identity --file /tmp/x509up_u21686
DEBUG 2025-02-23 19:36:07.254 UTC: 	 output : /DC=ch/DC=cern/OU=Organic Units/OU=Users/CN=jelee/CN=727784/CN=Jeongeun Lee

 error: 
 retcode : 0
DEBUG 2025-02-23 19:36:07.254 UTC: 	 Getting myproxy life time left for f1f3941e9d4a8be26269c6d003b41f2827f63184
DEBUG 2025-02-23 19:36:07.254 UTC: 	 Executing command :
 myproxy-info -s myproxy.cern.ch -l f1f3941e9d4a8be26269c6d003b41f2827f63184
DEBUG 2025-02-23 19:36:07.572 UTC: 	 output : username: f1f3941e9d4a8be26269c6d003b41f2827f63184
owner: /DC=ch/DC=cern/OU=Organic Units/OU=Users/CN=jelee/CN=727784/CN=Jeongeun Lee
  renewal policy: /DC=ch/DC=cern/OU=computers/CN=crab-(preprod|prod)-tw(01|02).cern.ch|/DC=ch/DC=cern/OU=computers/CN=crab-dev-tw(01|02|03|04).cern.ch|/DC=ch/DC=cern/OU=Organic Units/OU=Users/CN=cmscrab/CN=(817881|373708)/CN=Robot: cms crab|/DC=ch/DC=cern/OU=Organic Units/OU=Users/CN=crabint1/CN=373708/CN=Robot: CMS CRAB Integration 1
  trusted retrieval policy: /DC=ch/DC=cern/OU=computers/CN=crab-(preprod|prod)-tw(01|02).cern.ch|/DC=ch/DC=cern/OU=computers/CN=crab-dev-tw(01|02|03|04).cern.ch|/DC=ch/DC=cern/OU=Organic Units/OU=Users/CN=cmscrab/CN=(817881|373708)/CN=Robot: cms crab|/DC=ch/DC=cern/OU=Organic Units/OU=Users/CN=crabint1/CN=373708/CN=Robot: CMS CRAB Integration 1
  timeleft: 642:31:33  (26.8 days)

 error: 
 retcode : 0
DEBUG 2025-02-23 19:36:07.572 UTC: 	 Myproxy is valid: 2313060
DEBUG 2025-02-23 19:36:07.572 UTC: 	 Result of myproxy credential check:
  Credential exists on myproxy: username: f1f3941e9d4a8be26269c6d003b41f2827f63184  - validity: 26 days, 18:31:00
DEBUG 2025-02-23 19:36:07.573 UTC: 	 Command use: remake
DEBUG 2025-02-23 19:36:07.573 UTC: 	 Options use: ['--task=250222_164802:jelee_crab_QCD_PT-470to600_ext1-v2']
DEBUG 2025-02-23 19:36:07.573 UTC: 	 Encoded data for curl request: subresource=version
DEBUG 2025-02-23 19:36:07.609 UTC: 	 CRABClient version: v3.241125
DEBUG 2025-02-23 19:36:07.610 UTC: 	 Instance is prod
DEBUG 2025-02-23 19:36:07.610 UTC: 	 Server base url is cmsweb.cern.ch
DEBUG 2025-02-23 19:36:07.610 UTC: 	 Command api workflow
WARNING 2025-02-23 19:36:07.610 UTC: 	 ATTENTION return value for 'remake' has been changed to a dictionary
 format is {'commandStatus': 'SUCCESS' or 'FAILED',
            'workDir': name of the work directory created}
INFO 2025-02-23 19:36:07.610 UTC: 	 Warning: crab_QCD_PT-470to600_ext1-v2/.requestcache not created, because it already exists.
INFO 2025-02-23 19:36:07.625 UTC: 	 Log file is /afs/cern.ch/work/j/jelee/nanoaod/workspace2025/CMSSW_13_3_0/src/PhysicsTools/NanoAODTools/crab_Run2_UL_Skim/2022preEE/QCD_PT-470to600_ext1-v2/crab.log
