DEBUG 2025-02-23 16:29:21.451 UTC: 	 CRAB Client version: v3.241125
DEBUG 2025-02-23 16:29:21.451 UTC: 	 Running on: Linux lxplus814.cern.ch 4.18.0-553.40.1.el8_10.x86_64 #1 SMP Thu Feb 6 21:20:51 EST 2025 x86_64 x86_64 x86_64 GNU/Linux
DEBUG 2025-02-23 16:29:21.451 UTC: 	 Not using Singularity
DEBUG 2025-02-23 16:29:21.451 UTC: 	 Operating System: Red Hat Enterprise Linux 8.10 (Ootpa)
DEBUG 2025-02-23 16:29:21.451 UTC: 	 Executing command: 'remake'
DEBUG 2025-02-23 16:29:21.451 UTC: 	 Found CRAB cache file /afs/cern.ch/user/j/jelee/.crab3
DEBUG 2025-02-23 16:29:21.452 UTC: 	 Checking credentials
DEBUG 2025-02-23 16:29:21.452 UTC: 	 Found proxy file /tmp/x509up_u21686
DEBUG 2025-02-23 16:29:21.452 UTC: 	 Making sure it has proper VOMS extension
DEBUG 2025-02-23 16:29:21.452 UTC: 	 Executing command :
 voms-proxy-info --vo --file /tmp/x509up_u21686
DEBUG 2025-02-23 16:29:21.822 UTC: 	 output : cms

 error: 
 retcode : 0
DEBUG 2025-02-23 16:29:21.822 UTC: 	 Getting proxy life time left
DEBUG 2025-02-23 16:29:21.822 UTC: 	 Executing command :
 voms-proxy-info --actimeleft --timeleft --file /tmp/x509up_u21686
DEBUG 2025-02-23 16:29:22.170 UTC: 	 output : 349596
349596

 error: 
 retcode : 0
DEBUG 2025-02-23 16:29:22.170 UTC: 	 Proxy valid for 97:06:36 hours
DEBUG 2025-02-23 16:29:22.170 UTC: 	 Encoded data for curl request: subresource=delegatedn
DEBUG 2025-02-23 16:29:22.207 UTC: 	 Registering user credentials on myproxy for /DC=ch/DC=cern/OU=computers/CN=crab-(preprod|prod)-tw(01|02).cern.ch|/DC=ch/DC=cern/OU=computers/CN=crab-dev-tw(01|02|03|04).cern.ch|/DC=ch/DC=cern/OU=Organic Units/OU=Users/CN=cmscrab/CN=(817881|373708)/CN=Robot: cms crab|/DC=ch/DC=cern/OU=Organic Units/OU=Users/CN=crabint1/CN=373708/CN=Robot: CMS CRAB Integration 1
DEBUG 2025-02-23 16:29:22.207 UTC: 	 Executing command :
 voms-proxy-info --identity --file /tmp/x509up_u21686
DEBUG 2025-02-23 16:29:22.552 UTC: 	 output : /DC=ch/DC=cern/OU=Organic Units/OU=Users/CN=jelee/CN=727784/CN=Jeongeun Lee

 error: 
 retcode : 0
DEBUG 2025-02-23 16:29:22.552 UTC: 	 Getting myproxy life time left for f1f3941e9d4a8be26269c6d003b41f2827f63184
DEBUG 2025-02-23 16:29:22.552 UTC: 	 Executing command :
 myproxy-info -s myproxy.cern.ch -l f1f3941e9d4a8be26269c6d003b41f2827f63184
DEBUG 2025-02-23 16:29:22.815 UTC: 	 output : username: f1f3941e9d4a8be26269c6d003b41f2827f63184
owner: /DC=ch/DC=cern/OU=Organic Units/OU=Users/CN=jelee/CN=727784/CN=Jeongeun Lee
  renewal policy: /DC=ch/DC=cern/OU=computers/CN=crab-(preprod|prod)-tw(01|02).cern.ch|/DC=ch/DC=cern/OU=computers/CN=crab-dev-tw(01|02|03|04).cern.ch|/DC=ch/DC=cern/OU=Organic Units/OU=Users/CN=cmscrab/CN=(817881|373708)/CN=Robot: cms crab|/DC=ch/DC=cern/OU=Organic Units/OU=Users/CN=crabint1/CN=373708/CN=Robot: CMS CRAB Integration 1
  trusted retrieval policy: /DC=ch/DC=cern/OU=computers/CN=crab-(preprod|prod)-tw(01|02).cern.ch|/DC=ch/DC=cern/OU=computers/CN=crab-dev-tw(01|02|03|04).cern.ch|/DC=ch/DC=cern/OU=Organic Units/OU=Users/CN=cmscrab/CN=(817881|373708)/CN=Robot: cms crab|/DC=ch/DC=cern/OU=Organic Units/OU=Users/CN=crabint1/CN=373708/CN=Robot: CMS CRAB Integration 1
  timeleft: 645:38:18  (26.9 days)

 error: 
 retcode : 0
DEBUG 2025-02-23 16:29:22.815 UTC: 	 Myproxy is valid: 2324280
DEBUG 2025-02-23 16:29:22.815 UTC: 	 Result of myproxy credential check:
  Credential exists on myproxy: username: f1f3941e9d4a8be26269c6d003b41f2827f63184  - validity: 26 days, 21:38:00
DEBUG 2025-02-23 16:29:22.815 UTC: 	 Command use: remake
DEBUG 2025-02-23 16:29:22.815 UTC: 	 Options use: ['--task=250222_164702:jelee_crab_WW']
DEBUG 2025-02-23 16:29:22.815 UTC: 	 Encoded data for curl request: subresource=version
DEBUG 2025-02-23 16:29:22.848 UTC: 	 CRABClient version: v3.241125
DEBUG 2025-02-23 16:29:22.848 UTC: 	 Instance is prod
DEBUG 2025-02-23 16:29:22.848 UTC: 	 Server base url is cmsweb.cern.ch
DEBUG 2025-02-23 16:29:22.848 UTC: 	 Command api workflow
WARNING 2025-02-23 16:29:22.848 UTC: 	 ATTENTION return value for 'remake' has been changed to a dictionary
 format is {'commandStatus': 'SUCCESS' or 'FAILED',
            'workDir': name of the work directory created}
INFO 2025-02-23 16:29:22.848 UTC: 	 Warning: crab_WW/.requestcache not created, because it already exists.
INFO 2025-02-23 16:29:22.850 UTC: 	 Log file is /afs/cern.ch/work/j/jelee/nanoaod/workspace2025/CMSSW_13_3_0/src/PhysicsTools/NanoAODTools/crab_Run2_UL_Skim/2022preEE/WW/crab.log
DEBUG 2025-02-23 19:34:28.344 UTC: 	 CRAB Client version: v3.241125
DEBUG 2025-02-23 19:34:28.344 UTC: 	 Running on: Linux lxplus814.cern.ch 4.18.0-553.40.1.el8_10.x86_64 #1 SMP Thu Feb 6 21:20:51 EST 2025 x86_64 x86_64 x86_64 GNU/Linux
DEBUG 2025-02-23 19:34:28.344 UTC: 	 Not using Singularity
DEBUG 2025-02-23 19:34:28.344 UTC: 	 Operating System: Red Hat Enterprise Linux 8.10 (Ootpa)
DEBUG 2025-02-23 19:34:28.344 UTC: 	 Executing command: 'remake'
DEBUG 2025-02-23 19:34:28.344 UTC: 	 Found CRAB cache file /afs/cern.ch/user/j/jelee/.crab3
DEBUG 2025-02-23 19:34:28.344 UTC: 	 Checking credentials
DEBUG 2025-02-23 19:34:28.344 UTC: 	 Found proxy file /tmp/x509up_u21686
DEBUG 2025-02-23 19:34:28.344 UTC: 	 Making sure it has proper VOMS extension
DEBUG 2025-02-23 19:34:28.344 UTC: 	 Executing command :
 voms-proxy-info --vo --file /tmp/x509up_u21686
DEBUG 2025-02-23 19:34:28.710 UTC: 	 output : cms

 error: 
 retcode : 0
DEBUG 2025-02-23 19:34:28.710 UTC: 	 Getting proxy life time left
DEBUG 2025-02-23 19:34:28.710 UTC: 	 Executing command :
 voms-proxy-info --actimeleft --timeleft --file /tmp/x509up_u21686
DEBUG 2025-02-23 19:34:29.084 UTC: 	 output : 338489
338489

 error: 
 retcode : 0
DEBUG 2025-02-23 19:34:29.084 UTC: 	 Proxy valid for 94:01:29 hours
DEBUG 2025-02-23 19:34:29.084 UTC: 	 Encoded data for curl request: subresource=delegatedn
DEBUG 2025-02-23 19:34:29.120 UTC: 	 Registering user credentials on myproxy for /DC=ch/DC=cern/OU=computers/CN=crab-(preprod|prod)-tw(01|02).cern.ch|/DC=ch/DC=cern/OU=computers/CN=crab-dev-tw(01|02|03|04).cern.ch|/DC=ch/DC=cern/OU=Organic Units/OU=Users/CN=cmscrab/CN=(817881|373708)/CN=Robot: cms crab|/DC=ch/DC=cern/OU=Organic Units/OU=Users/CN=crabint1/CN=373708/CN=Robot: CMS CRAB Integration 1
DEBUG 2025-02-23 19:34:29.120 UTC: 	 Executing command :
 voms-proxy-info --identity --file /tmp/x509up_u21686
DEBUG 2025-02-23 19:34:29.488 UTC: 	 output : /DC=ch/DC=cern/OU=Organic Units/OU=Users/CN=jelee/CN=727784/CN=Jeongeun Lee

 error: 
 retcode : 0
DEBUG 2025-02-23 19:34:29.488 UTC: 	 Getting myproxy life time left for f1f3941e9d4a8be26269c6d003b41f2827f63184
DEBUG 2025-02-23 19:34:29.488 UTC: 	 Executing command :
 myproxy-info -s myproxy.cern.ch -l f1f3941e9d4a8be26269c6d003b41f2827f63184
DEBUG 2025-02-23 19:34:29.809 UTC: 	 output : username: f1f3941e9d4a8be26269c6d003b41f2827f63184
owner: /DC=ch/DC=cern/OU=Organic Units/OU=Users/CN=jelee/CN=727784/CN=Jeongeun Lee
  renewal policy: /DC=ch/DC=cern/OU=computers/CN=crab-(preprod|prod)-tw(01|02).cern.ch|/DC=ch/DC=cern/OU=computers/CN=crab-dev-tw(01|02|03|04).cern.ch|/DC=ch/DC=cern/OU=Organic Units/OU=Users/CN=cmscrab/CN=(817881|373708)/CN=Robot: cms crab|/DC=ch/DC=cern/OU=Organic Units/OU=Users/CN=crabint1/CN=373708/CN=Robot: CMS CRAB Integration 1
  trusted retrieval policy: /DC=ch/DC=cern/OU=computers/CN=crab-(preprod|prod)-tw(01|02).cern.ch|/DC=ch/DC=cern/OU=computers/CN=crab-dev-tw(01|02|03|04).cern.ch|/DC=ch/DC=cern/OU=Organic Units/OU=Users/CN=cmscrab/CN=(817881|373708)/CN=Robot: cms crab|/DC=ch/DC=cern/OU=Organic Units/OU=Users/CN=crabint1/CN=373708/CN=Robot: CMS CRAB Integration 1
  timeleft: 642:33:11  (26.8 days)

 error: 
 retcode : 0
DEBUG 2025-02-23 19:34:29.810 UTC: 	 Myproxy is valid: 2313180
DEBUG 2025-02-23 19:34:29.810 UTC: 	 Result of myproxy credential check:
  Credential exists on myproxy: username: f1f3941e9d4a8be26269c6d003b41f2827f63184  - validity: 26 days, 18:33:00
DEBUG 2025-02-23 19:34:29.810 UTC: 	 Command use: remake
DEBUG 2025-02-23 19:34:29.810 UTC: 	 Options use: ['--task=250222_164702:jelee_crab_WW']
DEBUG 2025-02-23 19:34:29.810 UTC: 	 Encoded data for curl request: subresource=version
DEBUG 2025-02-23 19:34:30.046 UTC: 	 CRABClient version: v3.241125
DEBUG 2025-02-23 19:34:30.046 UTC: 	 Instance is prod
DEBUG 2025-02-23 19:34:30.046 UTC: 	 Server base url is cmsweb.cern.ch
DEBUG 2025-02-23 19:34:30.046 UTC: 	 Command api workflow
WARNING 2025-02-23 19:34:30.046 UTC: 	 ATTENTION return value for 'remake' has been changed to a dictionary
 format is {'commandStatus': 'SUCCESS' or 'FAILED',
            'workDir': name of the work directory created}
INFO 2025-02-23 19:34:30.046 UTC: 	 Warning: crab_WW/.requestcache not created, because it already exists.
INFO 2025-02-23 19:34:30.120 UTC: 	 Log file is /afs/cern.ch/work/j/jelee/nanoaod/workspace2025/CMSSW_13_3_0/src/PhysicsTools/NanoAODTools/crab_Run2_UL_Skim/2022preEE/WW/crab.log
