DEBUG 2025-02-23 16:30:24.753 UTC: 	 CRAB Client version: v3.241125
DEBUG 2025-02-23 16:30:24.753 UTC: 	 Running on: Linux lxplus814.cern.ch 4.18.0-553.40.1.el8_10.x86_64 #1 SMP Thu Feb 6 21:20:51 EST 2025 x86_64 x86_64 x86_64 GNU/Linux
DEBUG 2025-02-23 16:30:24.754 UTC: 	 Not using Singularity
DEBUG 2025-02-23 16:30:24.754 UTC: 	 Operating System: Red Hat Enterprise Linux 8.10 (Ootpa)
DEBUG 2025-02-23 16:30:24.754 UTC: 	 Executing command: 'remake'
DEBUG 2025-02-23 16:30:24.754 UTC: 	 Found CRAB cache file /afs/cern.ch/user/j/jelee/.crab3
DEBUG 2025-02-23 16:30:24.754 UTC: 	 Checking credentials
DEBUG 2025-02-23 16:30:24.754 UTC: 	 Found proxy file /tmp/x509up_u21686
DEBUG 2025-02-23 16:30:24.754 UTC: 	 Making sure it has proper VOMS extension
DEBUG 2025-02-23 16:30:24.754 UTC: 	 Executing command :
 voms-proxy-info --vo --file /tmp/x509up_u21686
DEBUG 2025-02-23 16:30:25.089 UTC: 	 output : cms

 error: 
 retcode : 0
DEBUG 2025-02-23 16:30:25.089 UTC: 	 Getting proxy life time left
DEBUG 2025-02-23 16:30:25.089 UTC: 	 Executing command :
 voms-proxy-info --actimeleft --timeleft --file /tmp/x509up_u21686
DEBUG 2025-02-23 16:30:25.435 UTC: 	 output : 349533
349533

 error: 
 retcode : 0
DEBUG 2025-02-23 16:30:25.436 UTC: 	 Proxy valid for 97:05:33 hours
DEBUG 2025-02-23 16:30:25.436 UTC: 	 Encoded data for curl request: subresource=delegatedn
DEBUG 2025-02-23 16:30:25.482 UTC: 	 Registering user credentials on myproxy for /DC=ch/DC=cern/OU=computers/CN=crab-(preprod|prod)-tw(01|02).cern.ch|/DC=ch/DC=cern/OU=computers/CN=crab-dev-tw(01|02|03|04).cern.ch|/DC=ch/DC=cern/OU=Organic Units/OU=Users/CN=cmscrab/CN=(817881|373708)/CN=Robot: cms crab|/DC=ch/DC=cern/OU=Organic Units/OU=Users/CN=crabint1/CN=373708/CN=Robot: CMS CRAB Integration 1
DEBUG 2025-02-23 16:30:25.483 UTC: 	 Executing command :
 voms-proxy-info --identity --file /tmp/x509up_u21686
DEBUG 2025-02-23 16:30:25.869 UTC: 	 output : /DC=ch/DC=cern/OU=Organic Units/OU=Users/CN=jelee/CN=727784/CN=Jeongeun Lee

 error: 
 retcode : 0
DEBUG 2025-02-23 16:30:25.869 UTC: 	 Getting myproxy life time left for f1f3941e9d4a8be26269c6d003b41f2827f63184
DEBUG 2025-02-23 16:30:25.869 UTC: 	 Executing command :
 myproxy-info -s myproxy.cern.ch -l f1f3941e9d4a8be26269c6d003b41f2827f63184
DEBUG 2025-02-23 16:30:26.133 UTC: 	 output : username: f1f3941e9d4a8be26269c6d003b41f2827f63184
owner: /DC=ch/DC=cern/OU=Organic Units/OU=Users/CN=jelee/CN=727784/CN=Jeongeun Lee
  renewal policy: /DC=ch/DC=cern/OU=computers/CN=crab-(preprod|prod)-tw(01|02).cern.ch|/DC=ch/DC=cern/OU=computers/CN=crab-dev-tw(01|02|03|04).cern.ch|/DC=ch/DC=cern/OU=Organic Units/OU=Users/CN=cmscrab/CN=(817881|373708)/CN=Robot: cms crab|/DC=ch/DC=cern/OU=Organic Units/OU=Users/CN=crabint1/CN=373708/CN=Robot: CMS CRAB Integration 1
  trusted retrieval policy: /DC=ch/DC=cern/OU=computers/CN=crab-(preprod|prod)-tw(01|02).cern.ch|/DC=ch/DC=cern/OU=computers/CN=crab-dev-tw(01|02|03|04).cern.ch|/DC=ch/DC=cern/OU=Organic Units/OU=Users/CN=cmscrab/CN=(817881|373708)/CN=Robot: cms crab|/DC=ch/DC=cern/OU=Organic Units/OU=Users/CN=crabint1/CN=373708/CN=Robot: CMS CRAB Integration 1
  timeleft: 645:37:14  (26.9 days)

 error: 
 retcode : 0
DEBUG 2025-02-23 16:30:26.133 UTC: 	 Myproxy is valid: 2324220
DEBUG 2025-02-23 16:30:26.133 UTC: 	 Result of myproxy credential check:
  Credential exists on myproxy: username: f1f3941e9d4a8be26269c6d003b41f2827f63184  - validity: 26 days, 21:37:00
DEBUG 2025-02-23 16:30:26.134 UTC: 	 Command use: remake
DEBUG 2025-02-23 16:30:26.134 UTC: 	 Options use: ['--task=250222_164720:jelee_crab_DYto2Mu_MLL-2500to4000']
DEBUG 2025-02-23 16:30:26.134 UTC: 	 Encoded data for curl request: subresource=version
DEBUG 2025-02-23 16:30:26.172 UTC: 	 CRABClient version: v3.241125
DEBUG 2025-02-23 16:30:26.173 UTC: 	 Instance is prod
DEBUG 2025-02-23 16:30:26.173 UTC: 	 Server base url is cmsweb.cern.ch
DEBUG 2025-02-23 16:30:26.173 UTC: 	 Command api workflow
WARNING 2025-02-23 16:30:26.173 UTC: 	 ATTENTION return value for 'remake' has been changed to a dictionary
 format is {'commandStatus': 'SUCCESS' or 'FAILED',
            'workDir': name of the work directory created}
INFO 2025-02-23 16:30:26.173 UTC: 	 Warning: crab_DYto2Mu_MLL-2500to4000/.requestcache not created, because it already exists.
INFO 2025-02-23 16:30:26.175 UTC: 	 Log file is /afs/cern.ch/work/j/jelee/nanoaod/workspace2025/CMSSW_13_3_0/src/PhysicsTools/NanoAODTools/crab_Run2_UL_Skim/2022preEE/DYto2Mu_MLL-2500to4000/crab.log
DEBUG 2025-02-23 19:35:02.084 UTC: 	 CRAB Client version: v3.241125
DEBUG 2025-02-23 19:35:02.085 UTC: 	 Running on: Linux lxplus814.cern.ch 4.18.0-553.40.1.el8_10.x86_64 #1 SMP Thu Feb 6 21:20:51 EST 2025 x86_64 x86_64 x86_64 GNU/Linux
DEBUG 2025-02-23 19:35:02.085 UTC: 	 Not using Singularity
DEBUG 2025-02-23 19:35:02.085 UTC: 	 Operating System: Red Hat Enterprise Linux 8.10 (Ootpa)
DEBUG 2025-02-23 19:35:02.085 UTC: 	 Executing command: 'remake'
DEBUG 2025-02-23 19:35:02.085 UTC: 	 Found CRAB cache file /afs/cern.ch/user/j/jelee/.crab3
DEBUG 2025-02-23 19:35:02.085 UTC: 	 Checking credentials
DEBUG 2025-02-23 19:35:02.085 UTC: 	 Found proxy file /tmp/x509up_u21686
DEBUG 2025-02-23 19:35:02.085 UTC: 	 Making sure it has proper VOMS extension
DEBUG 2025-02-23 19:35:02.085 UTC: 	 Executing command :
 voms-proxy-info --vo --file /tmp/x509up_u21686
DEBUG 2025-02-23 19:35:02.483 UTC: 	 output : cms

 error: 
 retcode : 0
DEBUG 2025-02-23 19:35:02.483 UTC: 	 Getting proxy life time left
DEBUG 2025-02-23 19:35:02.483 UTC: 	 Executing command :
 voms-proxy-info --actimeleft --timeleft --file /tmp/x509up_u21686
DEBUG 2025-02-23 19:35:02.922 UTC: 	 output : 338456
338456

 error: 
 retcode : 0
DEBUG 2025-02-23 19:35:02.922 UTC: 	 Proxy valid for 94:00:56 hours
DEBUG 2025-02-23 19:35:02.923 UTC: 	 Encoded data for curl request: subresource=delegatedn
DEBUG 2025-02-23 19:35:02.956 UTC: 	 Registering user credentials on myproxy for /DC=ch/DC=cern/OU=computers/CN=crab-(preprod|prod)-tw(01|02).cern.ch|/DC=ch/DC=cern/OU=computers/CN=crab-dev-tw(01|02|03|04).cern.ch|/DC=ch/DC=cern/OU=Organic Units/OU=Users/CN=cmscrab/CN=(817881|373708)/CN=Robot: cms crab|/DC=ch/DC=cern/OU=Organic Units/OU=Users/CN=crabint1/CN=373708/CN=Robot: CMS CRAB Integration 1
DEBUG 2025-02-23 19:35:02.956 UTC: 	 Executing command :
 voms-proxy-info --identity --file /tmp/x509up_u21686
DEBUG 2025-02-23 19:35:03.392 UTC: 	 output : /DC=ch/DC=cern/OU=Organic Units/OU=Users/CN=jelee/CN=727784/CN=Jeongeun Lee

 error: 
 retcode : 0
DEBUG 2025-02-23 19:35:03.392 UTC: 	 Getting myproxy life time left for f1f3941e9d4a8be26269c6d003b41f2827f63184
DEBUG 2025-02-23 19:35:03.392 UTC: 	 Executing command :
 myproxy-info -s myproxy.cern.ch -l f1f3941e9d4a8be26269c6d003b41f2827f63184
DEBUG 2025-02-23 19:35:03.816 UTC: 	 output : username: f1f3941e9d4a8be26269c6d003b41f2827f63184
owner: /DC=ch/DC=cern/OU=Organic Units/OU=Users/CN=jelee/CN=727784/CN=Jeongeun Lee
  renewal policy: /DC=ch/DC=cern/OU=computers/CN=crab-(preprod|prod)-tw(01|02).cern.ch|/DC=ch/DC=cern/OU=computers/CN=crab-dev-tw(01|02|03|04).cern.ch|/DC=ch/DC=cern/OU=Organic Units/OU=Users/CN=cmscrab/CN=(817881|373708)/CN=Robot: cms crab|/DC=ch/DC=cern/OU=Organic Units/OU=Users/CN=crabint1/CN=373708/CN=Robot: CMS CRAB Integration 1
  trusted retrieval policy: /DC=ch/DC=cern/OU=computers/CN=crab-(preprod|prod)-tw(01|02).cern.ch|/DC=ch/DC=cern/OU=computers/CN=crab-dev-tw(01|02|03|04).cern.ch|/DC=ch/DC=cern/OU=Organic Units/OU=Users/CN=cmscrab/CN=(817881|373708)/CN=Robot: cms crab|/DC=ch/DC=cern/OU=Organic Units/OU=Users/CN=crabint1/CN=373708/CN=Robot: CMS CRAB Integration 1
  timeleft: 642:32:37  (26.8 days)

 error: 
 retcode : 0
DEBUG 2025-02-23 19:35:03.816 UTC: 	 Myproxy is valid: 2313120
DEBUG 2025-02-23 19:35:03.816 UTC: 	 Result of myproxy credential check:
  Credential exists on myproxy: username: f1f3941e9d4a8be26269c6d003b41f2827f63184  - validity: 26 days, 18:32:00
DEBUG 2025-02-23 19:35:03.817 UTC: 	 Command use: remake
DEBUG 2025-02-23 19:35:03.817 UTC: 	 Options use: ['--task=250222_164720:jelee_crab_DYto2Mu_MLL-2500to4000']
DEBUG 2025-02-23 19:35:03.817 UTC: 	 Encoded data for curl request: subresource=version
DEBUG 2025-02-23 19:35:03.853 UTC: 	 CRABClient version: v3.241125
DEBUG 2025-02-23 19:35:03.853 UTC: 	 Instance is prod
DEBUG 2025-02-23 19:35:03.853 UTC: 	 Server base url is cmsweb.cern.ch
DEBUG 2025-02-23 19:35:03.853 UTC: 	 Command api workflow
WARNING 2025-02-23 19:35:03.853 UTC: 	 ATTENTION return value for 'remake' has been changed to a dictionary
 format is {'commandStatus': 'SUCCESS' or 'FAILED',
            'workDir': name of the work directory created}
INFO 2025-02-23 19:35:03.853 UTC: 	 Warning: crab_DYto2Mu_MLL-2500to4000/.requestcache not created, because it already exists.
INFO 2025-02-23 19:35:03.897 UTC: 	 Log file is /afs/cern.ch/work/j/jelee/nanoaod/workspace2025/CMSSW_13_3_0/src/PhysicsTools/NanoAODTools/crab_Run2_UL_Skim/2022preEE/DYto2Mu_MLL-2500to4000/crab.log
