DEBUG 2025-02-23 16:31:18.897 UTC: 	 CRAB Client version: v3.241125
DEBUG 2025-02-23 16:31:18.897 UTC: 	 Running on: Linux lxplus814.cern.ch 4.18.0-553.40.1.el8_10.x86_64 #1 SMP Thu Feb 6 21:20:51 EST 2025 x86_64 x86_64 x86_64 GNU/Linux
DEBUG 2025-02-23 16:31:18.897 UTC: 	 Not using Singularity
DEBUG 2025-02-23 16:31:18.897 UTC: 	 Operating System: Red Hat Enterprise Linux 8.10 (Ootpa)
DEBUG 2025-02-23 16:31:18.897 UTC: 	 Executing command: 'remake'
DEBUG 2025-02-23 16:31:18.897 UTC: 	 Found CRAB cache file /afs/cern.ch/user/j/jelee/.crab3
DEBUG 2025-02-23 16:31:18.898 UTC: 	 Checking credentials
DEBUG 2025-02-23 16:31:18.898 UTC: 	 Found proxy file /tmp/x509up_u21686
DEBUG 2025-02-23 16:31:18.898 UTC: 	 Making sure it has proper VOMS extension
DEBUG 2025-02-23 16:31:18.898 UTC: 	 Executing command :
 voms-proxy-info --vo --file /tmp/x509up_u21686
DEBUG 2025-02-23 16:31:19.238 UTC: 	 output : cms

 error: 
 retcode : 0
DEBUG 2025-02-23 16:31:19.238 UTC: 	 Getting proxy life time left
DEBUG 2025-02-23 16:31:19.238 UTC: 	 Executing command :
 voms-proxy-info --actimeleft --timeleft --file /tmp/x509up_u21686
DEBUG 2025-02-23 16:31:19.577 UTC: 	 output : 349479
349479

 error: 
 retcode : 0
DEBUG 2025-02-23 16:31:19.577 UTC: 	 Proxy valid for 97:04:39 hours
DEBUG 2025-02-23 16:31:19.577 UTC: 	 Encoded data for curl request: subresource=delegatedn
DEBUG 2025-02-23 16:31:19.610 UTC: 	 Registering user credentials on myproxy for /DC=ch/DC=cern/OU=computers/CN=crab-(preprod|prod)-tw(01|02).cern.ch|/DC=ch/DC=cern/OU=computers/CN=crab-dev-tw(01|02|03|04).cern.ch|/DC=ch/DC=cern/OU=Organic Units/OU=Users/CN=cmscrab/CN=(817881|373708)/CN=Robot: cms crab|/DC=ch/DC=cern/OU=Organic Units/OU=Users/CN=crabint1/CN=373708/CN=Robot: CMS CRAB Integration 1
DEBUG 2025-02-23 16:31:19.610 UTC: 	 Executing command :
 voms-proxy-info --identity --file /tmp/x509up_u21686
DEBUG 2025-02-23 16:31:19.963 UTC: 	 output : /DC=ch/DC=cern/OU=Organic Units/OU=Users/CN=jelee/CN=727784/CN=Jeongeun Lee

 error: 
 retcode : 0
DEBUG 2025-02-23 16:31:19.963 UTC: 	 Getting myproxy life time left for f1f3941e9d4a8be26269c6d003b41f2827f63184
DEBUG 2025-02-23 16:31:19.963 UTC: 	 Executing command :
 myproxy-info -s myproxy.cern.ch -l f1f3941e9d4a8be26269c6d003b41f2827f63184
DEBUG 2025-02-23 16:31:20.226 UTC: 	 output : username: f1f3941e9d4a8be26269c6d003b41f2827f63184
owner: /DC=ch/DC=cern/OU=Organic Units/OU=Users/CN=jelee/CN=727784/CN=Jeongeun Lee
  renewal policy: /DC=ch/DC=cern/OU=computers/CN=crab-(preprod|prod)-tw(01|02).cern.ch|/DC=ch/DC=cern/OU=computers/CN=crab-dev-tw(01|02|03|04).cern.ch|/DC=ch/DC=cern/OU=Organic Units/OU=Users/CN=cmscrab/CN=(817881|373708)/CN=Robot: cms crab|/DC=ch/DC=cern/OU=Organic Units/OU=Users/CN=crabint1/CN=373708/CN=Robot: CMS CRAB Integration 1
  trusted retrieval policy: /DC=ch/DC=cern/OU=computers/CN=crab-(preprod|prod)-tw(01|02).cern.ch|/DC=ch/DC=cern/OU=computers/CN=crab-dev-tw(01|02|03|04).cern.ch|/DC=ch/DC=cern/OU=Organic Units/OU=Users/CN=cmscrab/CN=(817881|373708)/CN=Robot: cms crab|/DC=ch/DC=cern/OU=Organic Units/OU=Users/CN=crabint1/CN=373708/CN=Robot: CMS CRAB Integration 1
  timeleft: 645:36:20  (26.9 days)

 error: 
 retcode : 0
DEBUG 2025-02-23 16:31:20.226 UTC: 	 Myproxy is valid: 2324160
DEBUG 2025-02-23 16:31:20.226 UTC: 	 Result of myproxy credential check:
  Credential exists on myproxy: username: f1f3941e9d4a8be26269c6d003b41f2827f63184  - validity: 26 days, 21:36:00
DEBUG 2025-02-23 16:31:20.227 UTC: 	 Command use: remake
DEBUG 2025-02-23 16:31:20.227 UTC: 	 Options use: ['--task=250222_164739:jelee_crab_WZto3LNu_ext1-v3']
DEBUG 2025-02-23 16:31:20.227 UTC: 	 Encoded data for curl request: subresource=version
DEBUG 2025-02-23 16:31:20.261 UTC: 	 CRABClient version: v3.241125
DEBUG 2025-02-23 16:31:20.261 UTC: 	 Instance is prod
DEBUG 2025-02-23 16:31:20.261 UTC: 	 Server base url is cmsweb.cern.ch
DEBUG 2025-02-23 16:31:20.261 UTC: 	 Command api workflow
WARNING 2025-02-23 16:31:20.261 UTC: 	 ATTENTION return value for 'remake' has been changed to a dictionary
 format is {'commandStatus': 'SUCCESS' or 'FAILED',
            'workDir': name of the work directory created}
INFO 2025-02-23 16:31:20.261 UTC: 	 Warning: crab_WZto3LNu_ext1-v3/.requestcache not created, because it already exists.
INFO 2025-02-23 16:31:20.264 UTC: 	 Log file is /afs/cern.ch/work/j/jelee/nanoaod/workspace2025/CMSSW_13_3_0/src/PhysicsTools/NanoAODTools/crab_Run2_UL_Skim/2022preEE/WZto3LNu_ext1-v3/crab.log
DEBUG 2025-02-23 19:35:30.131 UTC: 	 CRAB Client version: v3.241125
DEBUG 2025-02-23 19:35:30.131 UTC: 	 Running on: Linux lxplus814.cern.ch 4.18.0-553.40.1.el8_10.x86_64 #1 SMP Thu Feb 6 21:20:51 EST 2025 x86_64 x86_64 x86_64 GNU/Linux
DEBUG 2025-02-23 19:35:30.131 UTC: 	 Not using Singularity
DEBUG 2025-02-23 19:35:30.131 UTC: 	 Operating System: Red Hat Enterprise Linux 8.10 (Ootpa)
DEBUG 2025-02-23 19:35:30.131 UTC: 	 Executing command: 'remake'
DEBUG 2025-02-23 19:35:30.131 UTC: 	 Found CRAB cache file /afs/cern.ch/user/j/jelee/.crab3
DEBUG 2025-02-23 19:35:30.132 UTC: 	 Checking credentials
DEBUG 2025-02-23 19:35:30.132 UTC: 	 Found proxy file /tmp/x509up_u21686
DEBUG 2025-02-23 19:35:30.132 UTC: 	 Making sure it has proper VOMS extension
DEBUG 2025-02-23 19:35:30.132 UTC: 	 Executing command :
 voms-proxy-info --vo --file /tmp/x509up_u21686
DEBUG 2025-02-23 19:35:30.519 UTC: 	 output : cms

 error: 
 retcode : 0
DEBUG 2025-02-23 19:35:30.520 UTC: 	 Getting proxy life time left
DEBUG 2025-02-23 19:35:30.520 UTC: 	 Executing command :
 voms-proxy-info --actimeleft --timeleft --file /tmp/x509up_u21686
DEBUG 2025-02-23 19:35:30.923 UTC: 	 output : 338428
338428

 error: 
 retcode : 0
DEBUG 2025-02-23 19:35:30.923 UTC: 	 Proxy valid for 94:00:28 hours
DEBUG 2025-02-23 19:35:30.924 UTC: 	 Encoded data for curl request: subresource=delegatedn
DEBUG 2025-02-23 19:35:30.964 UTC: 	 Registering user credentials on myproxy for /DC=ch/DC=cern/OU=computers/CN=crab-(preprod|prod)-tw(01|02).cern.ch|/DC=ch/DC=cern/OU=computers/CN=crab-dev-tw(01|02|03|04).cern.ch|/DC=ch/DC=cern/OU=Organic Units/OU=Users/CN=cmscrab/CN=(817881|373708)/CN=Robot: cms crab|/DC=ch/DC=cern/OU=Organic Units/OU=Users/CN=crabint1/CN=373708/CN=Robot: CMS CRAB Integration 1
DEBUG 2025-02-23 19:35:30.964 UTC: 	 Executing command :
 voms-proxy-info --identity --file /tmp/x509up_u21686
DEBUG 2025-02-23 19:35:31.403 UTC: 	 output : /DC=ch/DC=cern/OU=Organic Units/OU=Users/CN=jelee/CN=727784/CN=Jeongeun Lee

 error: 
 retcode : 0
DEBUG 2025-02-23 19:35:31.404 UTC: 	 Getting myproxy life time left for f1f3941e9d4a8be26269c6d003b41f2827f63184
DEBUG 2025-02-23 19:35:31.404 UTC: 	 Executing command :
 myproxy-info -s myproxy.cern.ch -l f1f3941e9d4a8be26269c6d003b41f2827f63184
DEBUG 2025-02-23 19:35:31.777 UTC: 	 output : username: f1f3941e9d4a8be26269c6d003b41f2827f63184
owner: /DC=ch/DC=cern/OU=Organic Units/OU=Users/CN=jelee/CN=727784/CN=Jeongeun Lee
  renewal policy: /DC=ch/DC=cern/OU=computers/CN=crab-(preprod|prod)-tw(01|02).cern.ch|/DC=ch/DC=cern/OU=computers/CN=crab-dev-tw(01|02|03|04).cern.ch|/DC=ch/DC=cern/OU=Organic Units/OU=Users/CN=cmscrab/CN=(817881|373708)/CN=Robot: cms crab|/DC=ch/DC=cern/OU=Organic Units/OU=Users/CN=crabint1/CN=373708/CN=Robot: CMS CRAB Integration 1
  trusted retrieval policy: /DC=ch/DC=cern/OU=computers/CN=crab-(preprod|prod)-tw(01|02).cern.ch|/DC=ch/DC=cern/OU=computers/CN=crab-dev-tw(01|02|03|04).cern.ch|/DC=ch/DC=cern/OU=Organic Units/OU=Users/CN=cmscrab/CN=(817881|373708)/CN=Robot: cms crab|/DC=ch/DC=cern/OU=Organic Units/OU=Users/CN=crabint1/CN=373708/CN=Robot: CMS CRAB Integration 1
  timeleft: 642:32:09  (26.8 days)

 error: 
 retcode : 0
DEBUG 2025-02-23 19:35:31.777 UTC: 	 Myproxy is valid: 2313120
DEBUG 2025-02-23 19:35:31.777 UTC: 	 Result of myproxy credential check:
  Credential exists on myproxy: username: f1f3941e9d4a8be26269c6d003b41f2827f63184  - validity: 26 days, 18:32:00
DEBUG 2025-02-23 19:35:31.778 UTC: 	 Command use: remake
DEBUG 2025-02-23 19:35:31.778 UTC: 	 Options use: ['--task=250222_164739:jelee_crab_WZto3LNu_ext1-v3']
DEBUG 2025-02-23 19:35:31.778 UTC: 	 Encoded data for curl request: subresource=version
DEBUG 2025-02-23 19:35:31.820 UTC: 	 CRABClient version: v3.241125
DEBUG 2025-02-23 19:35:31.821 UTC: 	 Instance is prod
DEBUG 2025-02-23 19:35:31.821 UTC: 	 Server base url is cmsweb.cern.ch
DEBUG 2025-02-23 19:35:31.821 UTC: 	 Command api workflow
WARNING 2025-02-23 19:35:31.821 UTC: 	 ATTENTION return value for 'remake' has been changed to a dictionary
 format is {'commandStatus': 'SUCCESS' or 'FAILED',
            'workDir': name of the work directory created}
INFO 2025-02-23 19:35:31.821 UTC: 	 Warning: crab_WZto3LNu_ext1-v3/.requestcache not created, because it already exists.
INFO 2025-02-23 19:35:31.870 UTC: 	 Log file is /afs/cern.ch/work/j/jelee/nanoaod/workspace2025/CMSSW_13_3_0/src/PhysicsTools/NanoAODTools/crab_Run2_UL_Skim/2022preEE/WZto3LNu_ext1-v3/crab.log
