DEBUG 2025-02-23 16:28:53.321 UTC: 	 CRAB Client version: v3.241125
DEBUG 2025-02-23 16:28:53.322 UTC: 	 Running on: Linux lxplus814.cern.ch 4.18.0-553.40.1.el8_10.x86_64 #1 SMP Thu Feb 6 21:20:51 EST 2025 x86_64 x86_64 x86_64 GNU/Linux
DEBUG 2025-02-23 16:28:53.322 UTC: 	 Not using Singularity
DEBUG 2025-02-23 16:28:53.322 UTC: 	 Operating System: Red Hat Enterprise Linux 8.10 (Ootpa)
DEBUG 2025-02-23 16:28:53.322 UTC: 	 Executing command: 'remake'
DEBUG 2025-02-23 16:28:53.322 UTC: 	 Found CRAB cache file /afs/cern.ch/user/j/jelee/.crab3
DEBUG 2025-02-23 16:28:53.322 UTC: 	 Checking credentials
DEBUG 2025-02-23 16:28:53.323 UTC: 	 Found proxy file /tmp/x509up_u21686
DEBUG 2025-02-23 16:28:53.323 UTC: 	 Making sure it has proper VOMS extension
DEBUG 2025-02-23 16:28:53.323 UTC: 	 Executing command :
 voms-proxy-info --vo --file /tmp/x509up_u21686
DEBUG 2025-02-23 16:28:53.703 UTC: 	 output : cms

 error: 
 retcode : 0
DEBUG 2025-02-23 16:28:53.703 UTC: 	 Getting proxy life time left
DEBUG 2025-02-23 16:28:53.703 UTC: 	 Executing command :
 voms-proxy-info --actimeleft --timeleft --file /tmp/x509up_u21686
DEBUG 2025-02-23 16:28:54.078 UTC: 	 output : 349624
349624

 error: 
 retcode : 0
DEBUG 2025-02-23 16:28:54.078 UTC: 	 Proxy valid for 97:07:04 hours
DEBUG 2025-02-23 16:28:54.079 UTC: 	 Encoded data for curl request: subresource=delegatedn
DEBUG 2025-02-23 16:28:54.114 UTC: 	 Registering user credentials on myproxy for /DC=ch/DC=cern/OU=computers/CN=crab-(preprod|prod)-tw(01|02).cern.ch|/DC=ch/DC=cern/OU=computers/CN=crab-dev-tw(01|02|03|04).cern.ch|/DC=ch/DC=cern/OU=Organic Units/OU=Users/CN=cmscrab/CN=(817881|373708)/CN=Robot: cms crab|/DC=ch/DC=cern/OU=Organic Units/OU=Users/CN=crabint1/CN=373708/CN=Robot: CMS CRAB Integration 1
DEBUG 2025-02-23 16:28:54.114 UTC: 	 Executing command :
 voms-proxy-info --identity --file /tmp/x509up_u21686
DEBUG 2025-02-23 16:28:54.503 UTC: 	 output : /DC=ch/DC=cern/OU=Organic Units/OU=Users/CN=jelee/CN=727784/CN=Jeongeun Lee

 error: 
 retcode : 0
DEBUG 2025-02-23 16:28:54.503 UTC: 	 Getting myproxy life time left for f1f3941e9d4a8be26269c6d003b41f2827f63184
DEBUG 2025-02-23 16:28:54.503 UTC: 	 Executing command :
 myproxy-info -s myproxy.cern.ch -l f1f3941e9d4a8be26269c6d003b41f2827f63184
DEBUG 2025-02-23 16:28:54.986 UTC: 	 output : username: f1f3941e9d4a8be26269c6d003b41f2827f63184
owner: /DC=ch/DC=cern/OU=Organic Units/OU=Users/CN=jelee/CN=727784/CN=Jeongeun Lee
  renewal policy: /DC=ch/DC=cern/OU=computers/CN=crab-(preprod|prod)-tw(01|02).cern.ch|/DC=ch/DC=cern/OU=computers/CN=crab-dev-tw(01|02|03|04).cern.ch|/DC=ch/DC=cern/OU=Organic Units/OU=Users/CN=cmscrab/CN=(817881|373708)/CN=Robot: cms crab|/DC=ch/DC=cern/OU=Organic Units/OU=Users/CN=crabint1/CN=373708/CN=Robot: CMS CRAB Integration 1
  trusted retrieval policy: /DC=ch/DC=cern/OU=computers/CN=crab-(preprod|prod)-tw(01|02).cern.ch|/DC=ch/DC=cern/OU=computers/CN=crab-dev-tw(01|02|03|04).cern.ch|/DC=ch/DC=cern/OU=Organic Units/OU=Users/CN=cmscrab/CN=(817881|373708)/CN=Robot: cms crab|/DC=ch/DC=cern/OU=Organic Units/OU=Users/CN=crabint1/CN=373708/CN=Robot: CMS CRAB Integration 1
  timeleft: 645:38:46  (26.9 days)

 error: 
 retcode : 0
DEBUG 2025-02-23 16:28:54.986 UTC: 	 Myproxy is valid: 2324280
DEBUG 2025-02-23 16:28:54.986 UTC: 	 Result of myproxy credential check:
  Credential exists on myproxy: username: f1f3941e9d4a8be26269c6d003b41f2827f63184  - validity: 26 days, 21:38:00
DEBUG 2025-02-23 16:28:54.987 UTC: 	 Command use: remake
DEBUG 2025-02-23 16:28:54.987 UTC: 	 Options use: ['--task=250222_164654:jelee_crab_DYto2L-2Jets_MLL-50']
DEBUG 2025-02-23 16:28:54.987 UTC: 	 Encoded data for curl request: subresource=version
DEBUG 2025-02-23 16:28:55.020 UTC: 	 CRABClient version: v3.241125
DEBUG 2025-02-23 16:28:55.020 UTC: 	 Instance is prod
DEBUG 2025-02-23 16:28:55.020 UTC: 	 Server base url is cmsweb.cern.ch
DEBUG 2025-02-23 16:28:55.020 UTC: 	 Command api workflow
WARNING 2025-02-23 16:28:55.020 UTC: 	 ATTENTION return value for 'remake' has been changed to a dictionary
 format is {'commandStatus': 'SUCCESS' or 'FAILED',
            'workDir': name of the work directory created}
INFO 2025-02-23 16:28:55.020 UTC: 	 Warning: crab_DYto2L-2Jets_MLL-50/.requestcache not created, because it already exists.
INFO 2025-02-23 16:28:55.022 UTC: 	 Log file is /afs/cern.ch/work/j/jelee/nanoaod/workspace2025/CMSSW_13_3_0/src/PhysicsTools/NanoAODTools/crab_Run2_UL_Skim/2022preEE/DYto2L-2Jets_MLL-50/crab.log
DEBUG 2025-02-23 19:34:11.901 UTC: 	 CRAB Client version: v3.241125
DEBUG 2025-02-23 19:34:11.901 UTC: 	 Running on: Linux lxplus814.cern.ch 4.18.0-553.40.1.el8_10.x86_64 #1 SMP Thu Feb 6 21:20:51 EST 2025 x86_64 x86_64 x86_64 GNU/Linux
DEBUG 2025-02-23 19:34:11.901 UTC: 	 Not using Singularity
DEBUG 2025-02-23 19:34:11.901 UTC: 	 Operating System: Red Hat Enterprise Linux 8.10 (Ootpa)
DEBUG 2025-02-23 19:34:11.901 UTC: 	 Executing command: 'remake'
DEBUG 2025-02-23 19:34:11.901 UTC: 	 Found CRAB cache file /afs/cern.ch/user/j/jelee/.crab3
DEBUG 2025-02-23 19:34:11.902 UTC: 	 Checking credentials
DEBUG 2025-02-23 19:34:11.902 UTC: 	 Found proxy file /tmp/x509up_u21686
DEBUG 2025-02-23 19:34:11.902 UTC: 	 Making sure it has proper VOMS extension
DEBUG 2025-02-23 19:34:11.902 UTC: 	 Executing command :
 voms-proxy-info --vo --file /tmp/x509up_u21686
DEBUG 2025-02-23 19:34:12.296 UTC: 	 output : cms

 error: 
 retcode : 0
DEBUG 2025-02-23 19:34:12.297 UTC: 	 Getting proxy life time left
DEBUG 2025-02-23 19:34:12.297 UTC: 	 Executing command :
 voms-proxy-info --actimeleft --timeleft --file /tmp/x509up_u21686
DEBUG 2025-02-23 19:34:12.718 UTC: 	 output : 338506
338506

 error: 
 retcode : 0
DEBUG 2025-02-23 19:34:12.718 UTC: 	 Proxy valid for 94:01:46 hours
DEBUG 2025-02-23 19:34:12.718 UTC: 	 Encoded data for curl request: subresource=delegatedn
DEBUG 2025-02-23 19:34:12.763 UTC: 	 Registering user credentials on myproxy for /DC=ch/DC=cern/OU=computers/CN=crab-(preprod|prod)-tw(01|02).cern.ch|/DC=ch/DC=cern/OU=computers/CN=crab-dev-tw(01|02|03|04).cern.ch|/DC=ch/DC=cern/OU=Organic Units/OU=Users/CN=cmscrab/CN=(817881|373708)/CN=Robot: cms crab|/DC=ch/DC=cern/OU=Organic Units/OU=Users/CN=crabint1/CN=373708/CN=Robot: CMS CRAB Integration 1
DEBUG 2025-02-23 19:34:12.764 UTC: 	 Executing command :
 voms-proxy-info --identity --file /tmp/x509up_u21686
DEBUG 2025-02-23 19:34:13.142 UTC: 	 output : /DC=ch/DC=cern/OU=Organic Units/OU=Users/CN=jelee/CN=727784/CN=Jeongeun Lee

 error: 
 retcode : 0
DEBUG 2025-02-23 19:34:13.142 UTC: 	 Getting myproxy life time left for f1f3941e9d4a8be26269c6d003b41f2827f63184
DEBUG 2025-02-23 19:34:13.142 UTC: 	 Executing command :
 myproxy-info -s myproxy.cern.ch -l f1f3941e9d4a8be26269c6d003b41f2827f63184
DEBUG 2025-02-23 19:34:13.521 UTC: 	 output : username: f1f3941e9d4a8be26269c6d003b41f2827f63184
owner: /DC=ch/DC=cern/OU=Organic Units/OU=Users/CN=jelee/CN=727784/CN=Jeongeun Lee
  renewal policy: /DC=ch/DC=cern/OU=computers/CN=crab-(preprod|prod)-tw(01|02).cern.ch|/DC=ch/DC=cern/OU=computers/CN=crab-dev-tw(01|02|03|04).cern.ch|/DC=ch/DC=cern/OU=Organic Units/OU=Users/CN=cmscrab/CN=(817881|373708)/CN=Robot: cms crab|/DC=ch/DC=cern/OU=Organic Units/OU=Users/CN=crabint1/CN=373708/CN=Robot: CMS CRAB Integration 1
  trusted retrieval policy: /DC=ch/DC=cern/OU=computers/CN=crab-(preprod|prod)-tw(01|02).cern.ch|/DC=ch/DC=cern/OU=computers/CN=crab-dev-tw(01|02|03|04).cern.ch|/DC=ch/DC=cern/OU=Organic Units/OU=Users/CN=cmscrab/CN=(817881|373708)/CN=Robot: cms crab|/DC=ch/DC=cern/OU=Organic Units/OU=Users/CN=crabint1/CN=373708/CN=Robot: CMS CRAB Integration 1
  timeleft: 642:33:27  (26.8 days)

 error: 
 retcode : 0
DEBUG 2025-02-23 19:34:13.521 UTC: 	 Myproxy is valid: 2313180
DEBUG 2025-02-23 19:34:13.522 UTC: 	 Result of myproxy credential check:
  Credential exists on myproxy: username: f1f3941e9d4a8be26269c6d003b41f2827f63184  - validity: 26 days, 18:33:00
DEBUG 2025-02-23 19:34:13.522 UTC: 	 Command use: remake
DEBUG 2025-02-23 19:34:13.522 UTC: 	 Options use: ['--task=250222_164654:jelee_crab_DYto2L-2Jets_MLL-50']
DEBUG 2025-02-23 19:34:13.522 UTC: 	 Encoded data for curl request: subresource=version
DEBUG 2025-02-23 19:34:13.578 UTC: 	 CRABClient version: v3.241125
DEBUG 2025-02-23 19:34:13.578 UTC: 	 Instance is prod
DEBUG 2025-02-23 19:34:13.578 UTC: 	 Server base url is cmsweb.cern.ch
DEBUG 2025-02-23 19:34:13.578 UTC: 	 Command api workflow
WARNING 2025-02-23 19:34:13.578 UTC: 	 ATTENTION return value for 'remake' has been changed to a dictionary
 format is {'commandStatus': 'SUCCESS' or 'FAILED',
            'workDir': name of the work directory created}
INFO 2025-02-23 19:34:13.578 UTC: 	 Warning: crab_DYto2L-2Jets_MLL-50/.requestcache not created, because it already exists.
INFO 2025-02-23 19:34:13.582 UTC: 	 Log file is /afs/cern.ch/work/j/jelee/nanoaod/workspace2025/CMSSW_13_3_0/src/PhysicsTools/NanoAODTools/crab_Run2_UL_Skim/2022preEE/DYto2L-2Jets_MLL-50/crab.log
