DEBUG 2025-02-23 16:28:34.869 UTC: 	 CRAB Client version: v3.241125
DEBUG 2025-02-23 16:28:34.869 UTC: 	 Running on: Linux lxplus814.cern.ch 4.18.0-553.40.1.el8_10.x86_64 #1 SMP Thu Feb 6 21:20:51 EST 2025 x86_64 x86_64 x86_64 GNU/Linux
DEBUG 2025-02-23 16:28:34.869 UTC: 	 Not using Singularity
DEBUG 2025-02-23 16:28:34.869 UTC: 	 Operating System: Red Hat Enterprise Linux 8.10 (Ootpa)
DEBUG 2025-02-23 16:28:34.869 UTC: 	 Executing command: 'remake'
DEBUG 2025-02-23 16:28:34.869 UTC: 	 Found CRAB cache file /afs/cern.ch/user/j/jelee/.crab3
DEBUG 2025-02-23 16:28:34.869 UTC: 	 Checking credentials
DEBUG 2025-02-23 16:28:34.869 UTC: 	 Found proxy file /tmp/x509up_u21686
DEBUG 2025-02-23 16:28:34.869 UTC: 	 Making sure it has proper VOMS extension
DEBUG 2025-02-23 16:28:34.869 UTC: 	 Executing command :
 voms-proxy-info --vo --file /tmp/x509up_u21686
DEBUG 2025-02-23 16:28:35.196 UTC: 	 output : cms

 error: 
 retcode : 0
DEBUG 2025-02-23 16:28:35.197 UTC: 	 Getting proxy life time left
DEBUG 2025-02-23 16:28:35.197 UTC: 	 Executing command :
 voms-proxy-info --actimeleft --timeleft --file /tmp/x509up_u21686
DEBUG 2025-02-23 16:28:35.565 UTC: 	 output : 349643
349643

 error: 
 retcode : 0
DEBUG 2025-02-23 16:28:35.565 UTC: 	 Proxy valid for 97:07:23 hours
DEBUG 2025-02-23 16:28:35.565 UTC: 	 Encoded data for curl request: subresource=delegatedn
DEBUG 2025-02-23 16:28:35.602 UTC: 	 Registering user credentials on myproxy for /DC=ch/DC=cern/OU=computers/CN=crab-(preprod|prod)-tw(01|02).cern.ch|/DC=ch/DC=cern/OU=computers/CN=crab-dev-tw(01|02|03|04).cern.ch|/DC=ch/DC=cern/OU=Organic Units/OU=Users/CN=cmscrab/CN=(817881|373708)/CN=Robot: cms crab|/DC=ch/DC=cern/OU=Organic Units/OU=Users/CN=crabint1/CN=373708/CN=Robot: CMS CRAB Integration 1
DEBUG 2025-02-23 16:28:35.602 UTC: 	 Executing command :
 voms-proxy-info --identity --file /tmp/x509up_u21686
DEBUG 2025-02-23 16:28:35.947 UTC: 	 output : /DC=ch/DC=cern/OU=Organic Units/OU=Users/CN=jelee/CN=727784/CN=Jeongeun Lee

 error: 
 retcode : 0
DEBUG 2025-02-23 16:28:35.948 UTC: 	 Getting myproxy life time left for f1f3941e9d4a8be26269c6d003b41f2827f63184
DEBUG 2025-02-23 16:28:35.948 UTC: 	 Executing command :
 myproxy-info -s myproxy.cern.ch -l f1f3941e9d4a8be26269c6d003b41f2827f63184
DEBUG 2025-02-23 16:28:36.203 UTC: 	 output : username: f1f3941e9d4a8be26269c6d003b41f2827f63184
owner: /DC=ch/DC=cern/OU=Organic Units/OU=Users/CN=jelee/CN=727784/CN=Jeongeun Lee
  renewal policy: /DC=ch/DC=cern/OU=computers/CN=crab-(preprod|prod)-tw(01|02).cern.ch|/DC=ch/DC=cern/OU=computers/CN=crab-dev-tw(01|02|03|04).cern.ch|/DC=ch/DC=cern/OU=Organic Units/OU=Users/CN=cmscrab/CN=(817881|373708)/CN=Robot: cms crab|/DC=ch/DC=cern/OU=Organic Units/OU=Users/CN=crabint1/CN=373708/CN=Robot: CMS CRAB Integration 1
  trusted retrieval policy: /DC=ch/DC=cern/OU=computers/CN=crab-(preprod|prod)-tw(01|02).cern.ch|/DC=ch/DC=cern/OU=computers/CN=crab-dev-tw(01|02|03|04).cern.ch|/DC=ch/DC=cern/OU=Organic Units/OU=Users/CN=cmscrab/CN=(817881|373708)/CN=Robot: cms crab|/DC=ch/DC=cern/OU=Organic Units/OU=Users/CN=crabint1/CN=373708/CN=Robot: CMS CRAB Integration 1
  timeleft: 645:39:04  (26.9 days)

 error: 
 retcode : 0
DEBUG 2025-02-23 16:28:36.203 UTC: 	 Myproxy is valid: 2324340
DEBUG 2025-02-23 16:28:36.203 UTC: 	 Result of myproxy credential check:
  Credential exists on myproxy: username: f1f3941e9d4a8be26269c6d003b41f2827f63184  - validity: 26 days, 21:39:00
DEBUG 2025-02-23 16:28:36.203 UTC: 	 Command use: remake
DEBUG 2025-02-23 16:28:36.203 UTC: 	 Options use: ['--task=250222_164647:jelee_crab_WtoLNu-2Jets']
DEBUG 2025-02-23 16:28:36.204 UTC: 	 Encoded data for curl request: subresource=version
DEBUG 2025-02-23 16:28:36.238 UTC: 	 CRABClient version: v3.241125
DEBUG 2025-02-23 16:28:36.238 UTC: 	 Instance is prod
DEBUG 2025-02-23 16:28:36.238 UTC: 	 Server base url is cmsweb.cern.ch
DEBUG 2025-02-23 16:28:36.238 UTC: 	 Command api workflow
WARNING 2025-02-23 16:28:36.238 UTC: 	 ATTENTION return value for 'remake' has been changed to a dictionary
 format is {'commandStatus': 'SUCCESS' or 'FAILED',
            'workDir': name of the work directory created}
INFO 2025-02-23 16:28:36.238 UTC: 	 Warning: crab_WtoLNu-2Jets/.requestcache not created, because it already exists.
INFO 2025-02-23 16:28:36.240 UTC: 	 Log file is /afs/cern.ch/work/j/jelee/nanoaod/workspace2025/CMSSW_13_3_0/src/PhysicsTools/NanoAODTools/crab_Run2_UL_Skim/2022preEE/WtoLNu-2Jets/crab.log
DEBUG 2025-02-23 19:34:03.299 UTC: 	 CRAB Client version: v3.241125
DEBUG 2025-02-23 19:34:03.299 UTC: 	 Running on: Linux lxplus814.cern.ch 4.18.0-553.40.1.el8_10.x86_64 #1 SMP Thu Feb 6 21:20:51 EST 2025 x86_64 x86_64 x86_64 GNU/Linux
DEBUG 2025-02-23 19:34:03.299 UTC: 	 Not using Singularity
DEBUG 2025-02-23 19:34:03.299 UTC: 	 Operating System: Red Hat Enterprise Linux 8.10 (Ootpa)
DEBUG 2025-02-23 19:34:03.299 UTC: 	 Executing command: 'remake'
DEBUG 2025-02-23 19:34:03.299 UTC: 	 Found CRAB cache file /afs/cern.ch/user/j/jelee/.crab3
DEBUG 2025-02-23 19:34:03.300 UTC: 	 Checking credentials
DEBUG 2025-02-23 19:34:03.300 UTC: 	 Found proxy file /tmp/x509up_u21686
DEBUG 2025-02-23 19:34:03.300 UTC: 	 Making sure it has proper VOMS extension
DEBUG 2025-02-23 19:34:03.300 UTC: 	 Executing command :
 voms-proxy-info --vo --file /tmp/x509up_u21686
DEBUG 2025-02-23 19:34:03.702 UTC: 	 output : cms

 error: 
 retcode : 0
DEBUG 2025-02-23 19:34:03.702 UTC: 	 Getting proxy life time left
DEBUG 2025-02-23 19:34:03.702 UTC: 	 Executing command :
 voms-proxy-info --actimeleft --timeleft --file /tmp/x509up_u21686
DEBUG 2025-02-23 19:34:04.090 UTC: 	 output : 338514
338514

 error: 
 retcode : 0
DEBUG 2025-02-23 19:34:04.090 UTC: 	 Proxy valid for 94:01:54 hours
DEBUG 2025-02-23 19:34:04.091 UTC: 	 Encoded data for curl request: subresource=delegatedn
DEBUG 2025-02-23 19:34:04.129 UTC: 	 Registering user credentials on myproxy for /DC=ch/DC=cern/OU=computers/CN=crab-(preprod|prod)-tw(01|02).cern.ch|/DC=ch/DC=cern/OU=computers/CN=crab-dev-tw(01|02|03|04).cern.ch|/DC=ch/DC=cern/OU=Organic Units/OU=Users/CN=cmscrab/CN=(817881|373708)/CN=Robot: cms crab|/DC=ch/DC=cern/OU=Organic Units/OU=Users/CN=crabint1/CN=373708/CN=Robot: CMS CRAB Integration 1
DEBUG 2025-02-23 19:34:04.129 UTC: 	 Executing command :
 voms-proxy-info --identity --file /tmp/x509up_u21686
DEBUG 2025-02-23 19:34:04.534 UTC: 	 output : /DC=ch/DC=cern/OU=Organic Units/OU=Users/CN=jelee/CN=727784/CN=Jeongeun Lee

 error: 
 retcode : 0
DEBUG 2025-02-23 19:34:04.534 UTC: 	 Getting myproxy life time left for f1f3941e9d4a8be26269c6d003b41f2827f63184
DEBUG 2025-02-23 19:34:04.534 UTC: 	 Executing command :
 myproxy-info -s myproxy.cern.ch -l f1f3941e9d4a8be26269c6d003b41f2827f63184
DEBUG 2025-02-23 19:34:05.170 UTC: 	 output : username: f1f3941e9d4a8be26269c6d003b41f2827f63184
owner: /DC=ch/DC=cern/OU=Organic Units/OU=Users/CN=jelee/CN=727784/CN=Jeongeun Lee
  renewal policy: /DC=ch/DC=cern/OU=computers/CN=crab-(preprod|prod)-tw(01|02).cern.ch|/DC=ch/DC=cern/OU=computers/CN=crab-dev-tw(01|02|03|04).cern.ch|/DC=ch/DC=cern/OU=Organic Units/OU=Users/CN=cmscrab/CN=(817881|373708)/CN=Robot: cms crab|/DC=ch/DC=cern/OU=Organic Units/OU=Users/CN=crabint1/CN=373708/CN=Robot: CMS CRAB Integration 1
  trusted retrieval policy: /DC=ch/DC=cern/OU=computers/CN=crab-(preprod|prod)-tw(01|02).cern.ch|/DC=ch/DC=cern/OU=computers/CN=crab-dev-tw(01|02|03|04).cern.ch|/DC=ch/DC=cern/OU=Organic Units/OU=Users/CN=cmscrab/CN=(817881|373708)/CN=Robot: cms crab|/DC=ch/DC=cern/OU=Organic Units/OU=Users/CN=crabint1/CN=373708/CN=Robot: CMS CRAB Integration 1
  timeleft: 642:33:35  (26.8 days)

 error: 
 retcode : 0
DEBUG 2025-02-23 19:34:05.171 UTC: 	 Myproxy is valid: 2313180
DEBUG 2025-02-23 19:34:05.171 UTC: 	 Result of myproxy credential check:
  Credential exists on myproxy: username: f1f3941e9d4a8be26269c6d003b41f2827f63184  - validity: 26 days, 18:33:00
DEBUG 2025-02-23 19:34:05.171 UTC: 	 Command use: remake
DEBUG 2025-02-23 19:34:05.171 UTC: 	 Options use: ['--task=250222_164647:jelee_crab_WtoLNu-2Jets']
DEBUG 2025-02-23 19:34:05.171 UTC: 	 Encoded data for curl request: subresource=version
DEBUG 2025-02-23 19:34:05.217 UTC: 	 CRABClient version: v3.241125
DEBUG 2025-02-23 19:34:05.217 UTC: 	 Instance is prod
DEBUG 2025-02-23 19:34:05.217 UTC: 	 Server base url is cmsweb.cern.ch
DEBUG 2025-02-23 19:34:05.217 UTC: 	 Command api workflow
WARNING 2025-02-23 19:34:05.217 UTC: 	 ATTENTION return value for 'remake' has been changed to a dictionary
 format is {'commandStatus': 'SUCCESS' or 'FAILED',
            'workDir': name of the work directory created}
INFO 2025-02-23 19:34:05.217 UTC: 	 Warning: crab_WtoLNu-2Jets/.requestcache not created, because it already exists.
INFO 2025-02-23 19:34:05.367 UTC: 	 Log file is /afs/cern.ch/work/j/jelee/nanoaod/workspace2025/CMSSW_13_3_0/src/PhysicsTools/NanoAODTools/crab_Run2_UL_Skim/2022preEE/WtoLNu-2Jets/crab.log
