DEBUG 2025-02-23 16:30:47.950 UTC: 	 CRAB Client version: v3.241125
DEBUG 2025-02-23 16:30:47.950 UTC: 	 Running on: Linux lxplus814.cern.ch 4.18.0-553.40.1.el8_10.x86_64 #1 SMP Thu Feb 6 21:20:51 EST 2025 x86_64 x86_64 x86_64 GNU/Linux
DEBUG 2025-02-23 16:30:47.950 UTC: 	 Not using Singularity
DEBUG 2025-02-23 16:30:47.950 UTC: 	 Operating System: Red Hat Enterprise Linux 8.10 (Ootpa)
DEBUG 2025-02-23 16:30:47.950 UTC: 	 Executing command: 'remake'
DEBUG 2025-02-23 16:30:47.950 UTC: 	 Found CRAB cache file /afs/cern.ch/user/j/jelee/.crab3
DEBUG 2025-02-23 16:30:47.950 UTC: 	 Checking credentials
DEBUG 2025-02-23 16:30:47.950 UTC: 	 Found proxy file /tmp/x509up_u21686
DEBUG 2025-02-23 16:30:47.950 UTC: 	 Making sure it has proper VOMS extension
DEBUG 2025-02-23 16:30:47.950 UTC: 	 Executing command :
 voms-proxy-info --vo --file /tmp/x509up_u21686
DEBUG 2025-02-23 16:30:48.284 UTC: 	 output : cms

 error: 
 retcode : 0
DEBUG 2025-02-23 16:30:48.284 UTC: 	 Getting proxy life time left
DEBUG 2025-02-23 16:30:48.284 UTC: 	 Executing command :
 voms-proxy-info --actimeleft --timeleft --file /tmp/x509up_u21686
DEBUG 2025-02-23 16:30:48.630 UTC: 	 output : 349510
349510

 error: 
 retcode : 0
DEBUG 2025-02-23 16:30:48.630 UTC: 	 Proxy valid for 97:05:10 hours
DEBUG 2025-02-23 16:30:48.631 UTC: 	 Encoded data for curl request: subresource=delegatedn
DEBUG 2025-02-23 16:30:48.665 UTC: 	 Registering user credentials on myproxy for /DC=ch/DC=cern/OU=computers/CN=crab-(preprod|prod)-tw(01|02).cern.ch|/DC=ch/DC=cern/OU=computers/CN=crab-dev-tw(01|02|03|04).cern.ch|/DC=ch/DC=cern/OU=Organic Units/OU=Users/CN=cmscrab/CN=(817881|373708)/CN=Robot: cms crab|/DC=ch/DC=cern/OU=Organic Units/OU=Users/CN=crabint1/CN=373708/CN=Robot: CMS CRAB Integration 1
DEBUG 2025-02-23 16:30:48.665 UTC: 	 Executing command :
 voms-proxy-info --identity --file /tmp/x509up_u21686
DEBUG 2025-02-23 16:30:49.041 UTC: 	 output : /DC=ch/DC=cern/OU=Organic Units/OU=Users/CN=jelee/CN=727784/CN=Jeongeun Lee

 error: 
 retcode : 0
DEBUG 2025-02-23 16:30:49.041 UTC: 	 Getting myproxy life time left for f1f3941e9d4a8be26269c6d003b41f2827f63184
DEBUG 2025-02-23 16:30:49.041 UTC: 	 Executing command :
 myproxy-info -s myproxy.cern.ch -l f1f3941e9d4a8be26269c6d003b41f2827f63184
DEBUG 2025-02-23 16:30:49.305 UTC: 	 output : username: f1f3941e9d4a8be26269c6d003b41f2827f63184
owner: /DC=ch/DC=cern/OU=Organic Units/OU=Users/CN=jelee/CN=727784/CN=Jeongeun Lee
  renewal policy: /DC=ch/DC=cern/OU=computers/CN=crab-(preprod|prod)-tw(01|02).cern.ch|/DC=ch/DC=cern/OU=computers/CN=crab-dev-tw(01|02|03|04).cern.ch|/DC=ch/DC=cern/OU=Organic Units/OU=Users/CN=cmscrab/CN=(817881|373708)/CN=Robot: cms crab|/DC=ch/DC=cern/OU=Organic Units/OU=Users/CN=crabint1/CN=373708/CN=Robot: CMS CRAB Integration 1
  trusted retrieval policy: /DC=ch/DC=cern/OU=computers/CN=crab-(preprod|prod)-tw(01|02).cern.ch|/DC=ch/DC=cern/OU=computers/CN=crab-dev-tw(01|02|03|04).cern.ch|/DC=ch/DC=cern/OU=Organic Units/OU=Users/CN=cmscrab/CN=(817881|373708)/CN=Robot: cms crab|/DC=ch/DC=cern/OU=Organic Units/OU=Users/CN=crabint1/CN=373708/CN=Robot: CMS CRAB Integration 1
  timeleft: 645:36:51  (26.9 days)

 error: 
 retcode : 0
DEBUG 2025-02-23 16:30:49.305 UTC: 	 Myproxy is valid: 2324160
DEBUG 2025-02-23 16:30:49.305 UTC: 	 Result of myproxy credential check:
  Credential exists on myproxy: username: f1f3941e9d4a8be26269c6d003b41f2827f63184  - validity: 26 days, 21:36:00
DEBUG 2025-02-23 16:30:49.305 UTC: 	 Command use: remake
DEBUG 2025-02-23 16:30:49.305 UTC: 	 Options use: ['--task=250222_164730:jelee_crab_TbarWplusto2L2Nu_ext1-v2']
DEBUG 2025-02-23 16:30:49.305 UTC: 	 Encoded data for curl request: subresource=version
DEBUG 2025-02-23 16:30:49.339 UTC: 	 CRABClient version: v3.241125
DEBUG 2025-02-23 16:30:49.340 UTC: 	 Instance is prod
DEBUG 2025-02-23 16:30:49.340 UTC: 	 Server base url is cmsweb.cern.ch
DEBUG 2025-02-23 16:30:49.340 UTC: 	 Command api workflow
WARNING 2025-02-23 16:30:49.340 UTC: 	 ATTENTION return value for 'remake' has been changed to a dictionary
 format is {'commandStatus': 'SUCCESS' or 'FAILED',
            'workDir': name of the work directory created}
INFO 2025-02-23 16:30:49.340 UTC: 	 Warning: crab_TbarWplusto2L2Nu_ext1-v2/.requestcache not created, because it already exists.
INFO 2025-02-23 16:30:49.342 UTC: 	 Log file is /afs/cern.ch/work/j/jelee/nanoaod/workspace2025/CMSSW_13_3_0/src/PhysicsTools/NanoAODTools/crab_Run2_UL_Skim/2022preEE/TbarWplusto2L2Nu_ext1-v2/crab.log
DEBUG 2025-02-23 19:35:12.468 UTC: 	 CRAB Client version: v3.241125
DEBUG 2025-02-23 19:35:12.468 UTC: 	 Running on: Linux lxplus814.cern.ch 4.18.0-553.40.1.el8_10.x86_64 #1 SMP Thu Feb 6 21:20:51 EST 2025 x86_64 x86_64 x86_64 GNU/Linux
DEBUG 2025-02-23 19:35:12.468 UTC: 	 Not using Singularity
DEBUG 2025-02-23 19:35:12.468 UTC: 	 Operating System: Red Hat Enterprise Linux 8.10 (Ootpa)
DEBUG 2025-02-23 19:35:12.468 UTC: 	 Executing command: 'remake'
DEBUG 2025-02-23 19:35:12.469 UTC: 	 Found CRAB cache file /afs/cern.ch/user/j/jelee/.crab3
DEBUG 2025-02-23 19:35:12.469 UTC: 	 Checking credentials
DEBUG 2025-02-23 19:35:12.469 UTC: 	 Found proxy file /tmp/x509up_u21686
DEBUG 2025-02-23 19:35:12.469 UTC: 	 Making sure it has proper VOMS extension
DEBUG 2025-02-23 19:35:12.469 UTC: 	 Executing command :
 voms-proxy-info --vo --file /tmp/x509up_u21686
DEBUG 2025-02-23 19:35:12.865 UTC: 	 output : cms

 error: 
 retcode : 0
DEBUG 2025-02-23 19:35:12.865 UTC: 	 Getting proxy life time left
DEBUG 2025-02-23 19:35:12.865 UTC: 	 Executing command :
 voms-proxy-info --actimeleft --timeleft --file /tmp/x509up_u21686
DEBUG 2025-02-23 19:35:13.271 UTC: 	 output : 338445
338445

 error: 
 retcode : 0
DEBUG 2025-02-23 19:35:13.271 UTC: 	 Proxy valid for 94:00:45 hours
DEBUG 2025-02-23 19:35:13.272 UTC: 	 Encoded data for curl request: subresource=delegatedn
DEBUG 2025-02-23 19:35:13.304 UTC: 	 Registering user credentials on myproxy for /DC=ch/DC=cern/OU=computers/CN=crab-(preprod|prod)-tw(01|02).cern.ch|/DC=ch/DC=cern/OU=computers/CN=crab-dev-tw(01|02|03|04).cern.ch|/DC=ch/DC=cern/OU=Organic Units/OU=Users/CN=cmscrab/CN=(817881|373708)/CN=Robot: cms crab|/DC=ch/DC=cern/OU=Organic Units/OU=Users/CN=crabint1/CN=373708/CN=Robot: CMS CRAB Integration 1
DEBUG 2025-02-23 19:35:13.304 UTC: 	 Executing command :
 voms-proxy-info --identity --file /tmp/x509up_u21686
DEBUG 2025-02-23 19:35:13.686 UTC: 	 output : /DC=ch/DC=cern/OU=Organic Units/OU=Users/CN=jelee/CN=727784/CN=Jeongeun Lee

 error: 
 retcode : 0
DEBUG 2025-02-23 19:35:13.687 UTC: 	 Getting myproxy life time left for f1f3941e9d4a8be26269c6d003b41f2827f63184
DEBUG 2025-02-23 19:35:13.687 UTC: 	 Executing command :
 myproxy-info -s myproxy.cern.ch -l f1f3941e9d4a8be26269c6d003b41f2827f63184
DEBUG 2025-02-23 19:35:15.573 UTC: 	 output : username: f1f3941e9d4a8be26269c6d003b41f2827f63184
owner: /DC=ch/DC=cern/OU=Organic Units/OU=Users/CN=jelee/CN=727784/CN=Jeongeun Lee
  renewal policy: /DC=ch/DC=cern/OU=computers/CN=crab-(preprod|prod)-tw(01|02).cern.ch|/DC=ch/DC=cern/OU=computers/CN=crab-dev-tw(01|02|03|04).cern.ch|/DC=ch/DC=cern/OU=Organic Units/OU=Users/CN=cmscrab/CN=(817881|373708)/CN=Robot: cms crab|/DC=ch/DC=cern/OU=Organic Units/OU=Users/CN=crabint1/CN=373708/CN=Robot: CMS CRAB Integration 1
  trusted retrieval policy: /DC=ch/DC=cern/OU=computers/CN=crab-(preprod|prod)-tw(01|02).cern.ch|/DC=ch/DC=cern/OU=computers/CN=crab-dev-tw(01|02|03|04).cern.ch|/DC=ch/DC=cern/OU=Organic Units/OU=Users/CN=cmscrab/CN=(817881|373708)/CN=Robot: cms crab|/DC=ch/DC=cern/OU=Organic Units/OU=Users/CN=crabint1/CN=373708/CN=Robot: CMS CRAB Integration 1
  timeleft: 642:32:25  (26.8 days)

 error: 
 retcode : 0
DEBUG 2025-02-23 19:35:15.573 UTC: 	 Myproxy is valid: 2313120
DEBUG 2025-02-23 19:35:15.573 UTC: 	 Result of myproxy credential check:
  Credential exists on myproxy: username: f1f3941e9d4a8be26269c6d003b41f2827f63184  - validity: 26 days, 18:32:00
DEBUG 2025-02-23 19:35:15.573 UTC: 	 Command use: remake
DEBUG 2025-02-23 19:35:15.574 UTC: 	 Options use: ['--task=250222_164730:jelee_crab_TbarWplusto2L2Nu_ext1-v2']
DEBUG 2025-02-23 19:35:15.574 UTC: 	 Encoded data for curl request: subresource=version
DEBUG 2025-02-23 19:35:15.609 UTC: 	 CRABClient version: v3.241125
DEBUG 2025-02-23 19:35:15.609 UTC: 	 Instance is prod
DEBUG 2025-02-23 19:35:15.609 UTC: 	 Server base url is cmsweb.cern.ch
DEBUG 2025-02-23 19:35:15.609 UTC: 	 Command api workflow
WARNING 2025-02-23 19:35:15.610 UTC: 	 ATTENTION return value for 'remake' has been changed to a dictionary
 format is {'commandStatus': 'SUCCESS' or 'FAILED',
            'workDir': name of the work directory created}
INFO 2025-02-23 19:35:15.610 UTC: 	 Warning: crab_TbarWplusto2L2Nu_ext1-v2/.requestcache not created, because it already exists.
INFO 2025-02-23 19:35:15.628 UTC: 	 Log file is /afs/cern.ch/work/j/jelee/nanoaod/workspace2025/CMSSW_13_3_0/src/PhysicsTools/NanoAODTools/crab_Run2_UL_Skim/2022preEE/TbarWplusto2L2Nu_ext1-v2/crab.log
