DEBUG 2025-02-23 16:27:41.885 UTC: 	 CRAB Client version: v3.241125
DEBUG 2025-02-23 16:27:41.886 UTC: 	 Running on: Linux lxplus814.cern.ch 4.18.0-553.40.1.el8_10.x86_64 #1 SMP Thu Feb 6 21:20:51 EST 2025 x86_64 x86_64 x86_64 GNU/Linux
DEBUG 2025-02-23 16:27:41.886 UTC: 	 Not using Singularity
DEBUG 2025-02-23 16:27:41.886 UTC: 	 Operating System: Red Hat Enterprise Linux 8.10 (Ootpa)
DEBUG 2025-02-23 16:27:41.886 UTC: 	 Executing command: 'remake'
DEBUG 2025-02-23 16:27:41.886 UTC: 	 Found CRAB cache file /afs/cern.ch/user/j/jelee/.crab3
DEBUG 2025-02-23 16:27:41.886 UTC: 	 Checking credentials
DEBUG 2025-02-23 16:27:41.886 UTC: 	 Found proxy file /tmp/x509up_u21686
DEBUG 2025-02-23 16:27:41.886 UTC: 	 Making sure it has proper VOMS extension
DEBUG 2025-02-23 16:27:41.886 UTC: 	 Executing command :
 voms-proxy-info --vo --file /tmp/x509up_u21686
DEBUG 2025-02-23 16:27:42.221 UTC: 	 output : cms

 error: 
 retcode : 0
DEBUG 2025-02-23 16:27:42.221 UTC: 	 Getting proxy life time left
DEBUG 2025-02-23 16:27:42.221 UTC: 	 Executing command :
 voms-proxy-info --actimeleft --timeleft --file /tmp/x509up_u21686
DEBUG 2025-02-23 16:27:42.554 UTC: 	 output : 349696
349696

 error: 
 retcode : 0
DEBUG 2025-02-23 16:27:42.554 UTC: 	 Proxy valid for 97:08:16 hours
DEBUG 2025-02-23 16:27:42.555 UTC: 	 Encoded data for curl request: subresource=delegatedn
DEBUG 2025-02-23 16:27:42.587 UTC: 	 Registering user credentials on myproxy for /DC=ch/DC=cern/OU=computers/CN=crab-(preprod|prod)-tw(01|02).cern.ch|/DC=ch/DC=cern/OU=computers/CN=crab-dev-tw(01|02|03|04).cern.ch|/DC=ch/DC=cern/OU=Organic Units/OU=Users/CN=cmscrab/CN=(817881|373708)/CN=Robot: cms crab|/DC=ch/DC=cern/OU=Organic Units/OU=Users/CN=crabint1/CN=373708/CN=Robot: CMS CRAB Integration 1
DEBUG 2025-02-23 16:27:42.587 UTC: 	 Executing command :
 voms-proxy-info --identity --file /tmp/x509up_u21686
DEBUG 2025-02-23 16:27:42.926 UTC: 	 output : /DC=ch/DC=cern/OU=Organic Units/OU=Users/CN=jelee/CN=727784/CN=Jeongeun Lee

 error: 
 retcode : 0
DEBUG 2025-02-23 16:27:42.926 UTC: 	 Getting myproxy life time left for f1f3941e9d4a8be26269c6d003b41f2827f63184
DEBUG 2025-02-23 16:27:42.926 UTC: 	 Executing command :
 myproxy-info -s myproxy.cern.ch -l f1f3941e9d4a8be26269c6d003b41f2827f63184
DEBUG 2025-02-23 16:27:43.216 UTC: 	 output : username: f1f3941e9d4a8be26269c6d003b41f2827f63184
owner: /DC=ch/DC=cern/OU=Organic Units/OU=Users/CN=jelee/CN=727784/CN=Jeongeun Lee
  renewal policy: /DC=ch/DC=cern/OU=computers/CN=crab-(preprod|prod)-tw(01|02).cern.ch|/DC=ch/DC=cern/OU=computers/CN=crab-dev-tw(01|02|03|04).cern.ch|/DC=ch/DC=cern/OU=Organic Units/OU=Users/CN=cmscrab/CN=(817881|373708)/CN=Robot: cms crab|/DC=ch/DC=cern/OU=Organic Units/OU=Users/CN=crabint1/CN=373708/CN=Robot: CMS CRAB Integration 1
  trusted retrieval policy: /DC=ch/DC=cern/OU=computers/CN=crab-(preprod|prod)-tw(01|02).cern.ch|/DC=ch/DC=cern/OU=computers/CN=crab-dev-tw(01|02|03|04).cern.ch|/DC=ch/DC=cern/OU=Organic Units/OU=Users/CN=cmscrab/CN=(817881|373708)/CN=Robot: cms crab|/DC=ch/DC=cern/OU=Organic Units/OU=Users/CN=crabint1/CN=373708/CN=Robot: CMS CRAB Integration 1
  timeleft: 645:39:57  (26.9 days)

 error: 
 retcode : 0
DEBUG 2025-02-23 16:27:43.216 UTC: 	 Myproxy is valid: 2324340
DEBUG 2025-02-23 16:27:43.216 UTC: 	 Result of myproxy credential check:
  Credential exists on myproxy: username: f1f3941e9d4a8be26269c6d003b41f2827f63184  - validity: 26 days, 21:39:00
DEBUG 2025-02-23 16:27:43.216 UTC: 	 Command use: remake
DEBUG 2025-02-23 16:27:43.216 UTC: 	 Options use: ['--task=250222_164624:jelee_crab_WtoLNu-2Jets_PTLNu-400to600_2J']
DEBUG 2025-02-23 16:27:43.217 UTC: 	 Encoded data for curl request: subresource=version
DEBUG 2025-02-23 16:27:43.248 UTC: 	 CRABClient version: v3.241125
DEBUG 2025-02-23 16:27:43.248 UTC: 	 Instance is prod
DEBUG 2025-02-23 16:27:43.248 UTC: 	 Server base url is cmsweb.cern.ch
DEBUG 2025-02-23 16:27:43.248 UTC: 	 Command api workflow
WARNING 2025-02-23 16:27:43.248 UTC: 	 ATTENTION return value for 'remake' has been changed to a dictionary
 format is {'commandStatus': 'SUCCESS' or 'FAILED',
            'workDir': name of the work directory created}
INFO 2025-02-23 16:27:43.249 UTC: 	 Warning: crab_WtoLNu-2Jets_PTLNu-400to600_2J/.requestcache not created, because it already exists.
INFO 2025-02-23 16:27:43.250 UTC: 	 Log file is /afs/cern.ch/work/j/jelee/nanoaod/workspace2025/CMSSW_13_3_0/src/PhysicsTools/NanoAODTools/crab_Run2_UL_Skim/2022preEE/WtoLNu-2Jets_PTLNu-400to600_2J/crab.log
DEBUG 2025-02-23 19:33:36.493 UTC: 	 CRAB Client version: v3.241125
DEBUG 2025-02-23 19:33:36.493 UTC: 	 Running on: Linux lxplus814.cern.ch 4.18.0-553.40.1.el8_10.x86_64 #1 SMP Thu Feb 6 21:20:51 EST 2025 x86_64 x86_64 x86_64 GNU/Linux
DEBUG 2025-02-23 19:33:36.493 UTC: 	 Not using Singularity
DEBUG 2025-02-23 19:33:36.493 UTC: 	 Operating System: Red Hat Enterprise Linux 8.10 (Ootpa)
DEBUG 2025-02-23 19:33:36.493 UTC: 	 Executing command: 'remake'
DEBUG 2025-02-23 19:33:36.494 UTC: 	 Found CRAB cache file /afs/cern.ch/user/j/jelee/.crab3
DEBUG 2025-02-23 19:33:36.494 UTC: 	 Checking credentials
DEBUG 2025-02-23 19:33:36.494 UTC: 	 Found proxy file /tmp/x509up_u21686
DEBUG 2025-02-23 19:33:36.494 UTC: 	 Making sure it has proper VOMS extension
DEBUG 2025-02-23 19:33:36.494 UTC: 	 Executing command :
 voms-proxy-info --vo --file /tmp/x509up_u21686
DEBUG 2025-02-23 19:33:36.888 UTC: 	 output : cms

 error: 
 retcode : 0
DEBUG 2025-02-23 19:33:36.888 UTC: 	 Getting proxy life time left
DEBUG 2025-02-23 19:33:36.888 UTC: 	 Executing command :
 voms-proxy-info --actimeleft --timeleft --file /tmp/x509up_u21686
DEBUG 2025-02-23 19:33:37.284 UTC: 	 output : 338541
338541

 error: 
 retcode : 0
DEBUG 2025-02-23 19:33:37.285 UTC: 	 Proxy valid for 94:02:21 hours
DEBUG 2025-02-23 19:33:37.285 UTC: 	 Encoded data for curl request: subresource=delegatedn
DEBUG 2025-02-23 19:33:37.318 UTC: 	 Registering user credentials on myproxy for /DC=ch/DC=cern/OU=computers/CN=crab-(preprod|prod)-tw(01|02).cern.ch|/DC=ch/DC=cern/OU=computers/CN=crab-dev-tw(01|02|03|04).cern.ch|/DC=ch/DC=cern/OU=Organic Units/OU=Users/CN=cmscrab/CN=(817881|373708)/CN=Robot: cms crab|/DC=ch/DC=cern/OU=Organic Units/OU=Users/CN=crabint1/CN=373708/CN=Robot: CMS CRAB Integration 1
DEBUG 2025-02-23 19:33:37.318 UTC: 	 Executing command :
 voms-proxy-info --identity --file /tmp/x509up_u21686
DEBUG 2025-02-23 19:33:37.725 UTC: 	 output : /DC=ch/DC=cern/OU=Organic Units/OU=Users/CN=jelee/CN=727784/CN=Jeongeun Lee

 error: 
 retcode : 0
DEBUG 2025-02-23 19:33:37.725 UTC: 	 Getting myproxy life time left for f1f3941e9d4a8be26269c6d003b41f2827f63184
DEBUG 2025-02-23 19:33:37.725 UTC: 	 Executing command :
 myproxy-info -s myproxy.cern.ch -l f1f3941e9d4a8be26269c6d003b41f2827f63184
DEBUG 2025-02-23 19:33:38.113 UTC: 	 output : username: f1f3941e9d4a8be26269c6d003b41f2827f63184
owner: /DC=ch/DC=cern/OU=Organic Units/OU=Users/CN=jelee/CN=727784/CN=Jeongeun Lee
  renewal policy: /DC=ch/DC=cern/OU=computers/CN=crab-(preprod|prod)-tw(01|02).cern.ch|/DC=ch/DC=cern/OU=computers/CN=crab-dev-tw(01|02|03|04).cern.ch|/DC=ch/DC=cern/OU=Organic Units/OU=Users/CN=cmscrab/CN=(817881|373708)/CN=Robot: cms crab|/DC=ch/DC=cern/OU=Organic Units/OU=Users/CN=crabint1/CN=373708/CN=Robot: CMS CRAB Integration 1
  trusted retrieval policy: /DC=ch/DC=cern/OU=computers/CN=crab-(preprod|prod)-tw(01|02).cern.ch|/DC=ch/DC=cern/OU=computers/CN=crab-dev-tw(01|02|03|04).cern.ch|/DC=ch/DC=cern/OU=Organic Units/OU=Users/CN=cmscrab/CN=(817881|373708)/CN=Robot: cms crab|/DC=ch/DC=cern/OU=Organic Units/OU=Users/CN=crabint1/CN=373708/CN=Robot: CMS CRAB Integration 1
  timeleft: 642:34:02  (26.8 days)

 error: 
 retcode : 0
DEBUG 2025-02-23 19:33:38.113 UTC: 	 Myproxy is valid: 2313240
DEBUG 2025-02-23 19:33:38.113 UTC: 	 Result of myproxy credential check:
  Credential exists on myproxy: username: f1f3941e9d4a8be26269c6d003b41f2827f63184  - validity: 26 days, 18:34:00
DEBUG 2025-02-23 19:33:38.114 UTC: 	 Command use: remake
DEBUG 2025-02-23 19:33:38.114 UTC: 	 Options use: ['--task=250222_164624:jelee_crab_WtoLNu-2Jets_PTLNu-400to600_2J']
DEBUG 2025-02-23 19:33:38.114 UTC: 	 Encoded data for curl request: subresource=version
DEBUG 2025-02-23 19:33:38.167 UTC: 	 CRABClient version: v3.241125
DEBUG 2025-02-23 19:33:38.167 UTC: 	 Instance is prod
DEBUG 2025-02-23 19:33:38.167 UTC: 	 Server base url is cmsweb.cern.ch
DEBUG 2025-02-23 19:33:38.167 UTC: 	 Command api workflow
WARNING 2025-02-23 19:33:38.168 UTC: 	 ATTENTION return value for 'remake' has been changed to a dictionary
 format is {'commandStatus': 'SUCCESS' or 'FAILED',
            'workDir': name of the work directory created}
INFO 2025-02-23 19:33:38.168 UTC: 	 Warning: crab_WtoLNu-2Jets_PTLNu-400to600_2J/.requestcache not created, because it already exists.
INFO 2025-02-23 19:33:38.185 UTC: 	 Log file is /afs/cern.ch/work/j/jelee/nanoaod/workspace2025/CMSSW_13_3_0/src/PhysicsTools/NanoAODTools/crab_Run2_UL_Skim/2022preEE/WtoLNu-2Jets_PTLNu-400to600_2J/crab.log
