DEBUG 2025-02-23 16:29:05.921 UTC: 	 CRAB Client version: v3.241125
DEBUG 2025-02-23 16:29:05.921 UTC: 	 Running on: Linux lxplus814.cern.ch 4.18.0-553.40.1.el8_10.x86_64 #1 SMP Thu Feb 6 21:20:51 EST 2025 x86_64 x86_64 x86_64 GNU/Linux
DEBUG 2025-02-23 16:29:05.921 UTC: 	 Not using Singularity
DEBUG 2025-02-23 16:29:05.921 UTC: 	 Operating System: Red Hat Enterprise Linux 8.10 (Ootpa)
DEBUG 2025-02-23 16:29:05.921 UTC: 	 Executing command: 'remake'
DEBUG 2025-02-23 16:29:05.921 UTC: 	 Found CRAB cache file /afs/cern.ch/user/j/jelee/.crab3
DEBUG 2025-02-23 16:29:05.921 UTC: 	 Checking credentials
DEBUG 2025-02-23 16:29:05.922 UTC: 	 Found proxy file /tmp/x509up_u21686
DEBUG 2025-02-23 16:29:05.922 UTC: 	 Making sure it has proper VOMS extension
DEBUG 2025-02-23 16:29:05.922 UTC: 	 Executing command :
 voms-proxy-info --vo --file /tmp/x509up_u21686
DEBUG 2025-02-23 16:29:06.292 UTC: 	 output : cms

 error: 
 retcode : 0
DEBUG 2025-02-23 16:29:06.292 UTC: 	 Getting proxy life time left
DEBUG 2025-02-23 16:29:06.292 UTC: 	 Executing command :
 voms-proxy-info --actimeleft --timeleft --file /tmp/x509up_u21686
DEBUG 2025-02-23 16:29:06.615 UTC: 	 output : 349612
349612

 error: 
 retcode : 0
DEBUG 2025-02-23 16:29:06.615 UTC: 	 Proxy valid for 97:06:52 hours
DEBUG 2025-02-23 16:29:06.616 UTC: 	 Encoded data for curl request: subresource=delegatedn
DEBUG 2025-02-23 16:29:06.655 UTC: 	 Registering user credentials on myproxy for /DC=ch/DC=cern/OU=computers/CN=crab-(preprod|prod)-tw(01|02).cern.ch|/DC=ch/DC=cern/OU=computers/CN=crab-dev-tw(01|02|03|04).cern.ch|/DC=ch/DC=cern/OU=Organic Units/OU=Users/CN=cmscrab/CN=(817881|373708)/CN=Robot: cms crab|/DC=ch/DC=cern/OU=Organic Units/OU=Users/CN=crabint1/CN=373708/CN=Robot: CMS CRAB Integration 1
DEBUG 2025-02-23 16:29:06.655 UTC: 	 Executing command :
 voms-proxy-info --identity --file /tmp/x509up_u21686
DEBUG 2025-02-23 16:29:06.997 UTC: 	 output : /DC=ch/DC=cern/OU=Organic Units/OU=Users/CN=jelee/CN=727784/CN=Jeongeun Lee

 error: 
 retcode : 0
DEBUG 2025-02-23 16:29:06.998 UTC: 	 Getting myproxy life time left for f1f3941e9d4a8be26269c6d003b41f2827f63184
DEBUG 2025-02-23 16:29:06.998 UTC: 	 Executing command :
 myproxy-info -s myproxy.cern.ch -l f1f3941e9d4a8be26269c6d003b41f2827f63184
DEBUG 2025-02-23 16:29:07.256 UTC: 	 output : username: f1f3941e9d4a8be26269c6d003b41f2827f63184
owner: /DC=ch/DC=cern/OU=Organic Units/OU=Users/CN=jelee/CN=727784/CN=Jeongeun Lee
  renewal policy: /DC=ch/DC=cern/OU=computers/CN=crab-(preprod|prod)-tw(01|02).cern.ch|/DC=ch/DC=cern/OU=computers/CN=crab-dev-tw(01|02|03|04).cern.ch|/DC=ch/DC=cern/OU=Organic Units/OU=Users/CN=cmscrab/CN=(817881|373708)/CN=Robot: cms crab|/DC=ch/DC=cern/OU=Organic Units/OU=Users/CN=crabint1/CN=373708/CN=Robot: CMS CRAB Integration 1
  trusted retrieval policy: /DC=ch/DC=cern/OU=computers/CN=crab-(preprod|prod)-tw(01|02).cern.ch|/DC=ch/DC=cern/OU=computers/CN=crab-dev-tw(01|02|03|04).cern.ch|/DC=ch/DC=cern/OU=Organic Units/OU=Users/CN=cmscrab/CN=(817881|373708)/CN=Robot: cms crab|/DC=ch/DC=cern/OU=Organic Units/OU=Users/CN=crabint1/CN=373708/CN=Robot: CMS CRAB Integration 1
  timeleft: 645:38:33  (26.9 days)

 error: 
 retcode : 0
DEBUG 2025-02-23 16:29:07.256 UTC: 	 Myproxy is valid: 2324280
DEBUG 2025-02-23 16:29:07.256 UTC: 	 Result of myproxy credential check:
  Credential exists on myproxy: username: f1f3941e9d4a8be26269c6d003b41f2827f63184  - validity: 26 days, 21:38:00
DEBUG 2025-02-23 16:29:07.257 UTC: 	 Command use: remake
DEBUG 2025-02-23 16:29:07.257 UTC: 	 Options use: ['--task=250222_164657:jelee_crab_DYto2Mu_MLL-6000']
DEBUG 2025-02-23 16:29:07.257 UTC: 	 Encoded data for curl request: subresource=version
DEBUG 2025-02-23 16:29:07.289 UTC: 	 CRABClient version: v3.241125
DEBUG 2025-02-23 16:29:07.289 UTC: 	 Instance is prod
DEBUG 2025-02-23 16:29:07.289 UTC: 	 Server base url is cmsweb.cern.ch
DEBUG 2025-02-23 16:29:07.289 UTC: 	 Command api workflow
WARNING 2025-02-23 16:29:07.289 UTC: 	 ATTENTION return value for 'remake' has been changed to a dictionary
 format is {'commandStatus': 'SUCCESS' or 'FAILED',
            'workDir': name of the work directory created}
INFO 2025-02-23 16:29:07.289 UTC: 	 Warning: crab_DYto2Mu_MLL-6000/.requestcache not created, because it already exists.
INFO 2025-02-23 16:29:07.291 UTC: 	 Log file is /afs/cern.ch/work/j/jelee/nanoaod/workspace2025/CMSSW_13_3_0/src/PhysicsTools/NanoAODTools/crab_Run2_UL_Skim/2022preEE/DYto2Mu_MLL-6000/crab.log
DEBUG 2025-02-23 19:34:20.055 UTC: 	 CRAB Client version: v3.241125
DEBUG 2025-02-23 19:34:20.056 UTC: 	 Running on: Linux lxplus814.cern.ch 4.18.0-553.40.1.el8_10.x86_64 #1 SMP Thu Feb 6 21:20:51 EST 2025 x86_64 x86_64 x86_64 GNU/Linux
DEBUG 2025-02-23 19:34:20.056 UTC: 	 Not using Singularity
DEBUG 2025-02-23 19:34:20.056 UTC: 	 Operating System: Red Hat Enterprise Linux 8.10 (Ootpa)
DEBUG 2025-02-23 19:34:20.056 UTC: 	 Executing command: 'remake'
DEBUG 2025-02-23 19:34:20.056 UTC: 	 Found CRAB cache file /afs/cern.ch/user/j/jelee/.crab3
DEBUG 2025-02-23 19:34:20.056 UTC: 	 Checking credentials
DEBUG 2025-02-23 19:34:20.056 UTC: 	 Found proxy file /tmp/x509up_u21686
DEBUG 2025-02-23 19:34:20.056 UTC: 	 Making sure it has proper VOMS extension
DEBUG 2025-02-23 19:34:20.056 UTC: 	 Executing command :
 voms-proxy-info --vo --file /tmp/x509up_u21686
DEBUG 2025-02-23 19:34:20.463 UTC: 	 output : cms

 error: 
 retcode : 0
DEBUG 2025-02-23 19:34:20.463 UTC: 	 Getting proxy life time left
DEBUG 2025-02-23 19:34:20.463 UTC: 	 Executing command :
 voms-proxy-info --actimeleft --timeleft --file /tmp/x509up_u21686
DEBUG 2025-02-23 19:34:20.856 UTC: 	 output : 338498
338498

 error: 
 retcode : 0
DEBUG 2025-02-23 19:34:20.857 UTC: 	 Proxy valid for 94:01:38 hours
DEBUG 2025-02-23 19:34:20.857 UTC: 	 Encoded data for curl request: subresource=delegatedn
DEBUG 2025-02-23 19:34:20.889 UTC: 	 Registering user credentials on myproxy for /DC=ch/DC=cern/OU=computers/CN=crab-(preprod|prod)-tw(01|02).cern.ch|/DC=ch/DC=cern/OU=computers/CN=crab-dev-tw(01|02|03|04).cern.ch|/DC=ch/DC=cern/OU=Organic Units/OU=Users/CN=cmscrab/CN=(817881|373708)/CN=Robot: cms crab|/DC=ch/DC=cern/OU=Organic Units/OU=Users/CN=crabint1/CN=373708/CN=Robot: CMS CRAB Integration 1
DEBUG 2025-02-23 19:34:20.889 UTC: 	 Executing command :
 voms-proxy-info --identity --file /tmp/x509up_u21686
DEBUG 2025-02-23 19:34:21.265 UTC: 	 output : /DC=ch/DC=cern/OU=Organic Units/OU=Users/CN=jelee/CN=727784/CN=Jeongeun Lee

 error: 
 retcode : 0
DEBUG 2025-02-23 19:34:21.265 UTC: 	 Getting myproxy life time left for f1f3941e9d4a8be26269c6d003b41f2827f63184
DEBUG 2025-02-23 19:34:21.265 UTC: 	 Executing command :
 myproxy-info -s myproxy.cern.ch -l f1f3941e9d4a8be26269c6d003b41f2827f63184
DEBUG 2025-02-23 19:34:21.676 UTC: 	 output : username: f1f3941e9d4a8be26269c6d003b41f2827f63184
owner: /DC=ch/DC=cern/OU=Organic Units/OU=Users/CN=jelee/CN=727784/CN=Jeongeun Lee
  renewal policy: /DC=ch/DC=cern/OU=computers/CN=crab-(preprod|prod)-tw(01|02).cern.ch|/DC=ch/DC=cern/OU=computers/CN=crab-dev-tw(01|02|03|04).cern.ch|/DC=ch/DC=cern/OU=Organic Units/OU=Users/CN=cmscrab/CN=(817881|373708)/CN=Robot: cms crab|/DC=ch/DC=cern/OU=Organic Units/OU=Users/CN=crabint1/CN=373708/CN=Robot: CMS CRAB Integration 1
  trusted retrieval policy: /DC=ch/DC=cern/OU=computers/CN=crab-(preprod|prod)-tw(01|02).cern.ch|/DC=ch/DC=cern/OU=computers/CN=crab-dev-tw(01|02|03|04).cern.ch|/DC=ch/DC=cern/OU=Organic Units/OU=Users/CN=cmscrab/CN=(817881|373708)/CN=Robot: cms crab|/DC=ch/DC=cern/OU=Organic Units/OU=Users/CN=crabint1/CN=373708/CN=Robot: CMS CRAB Integration 1
  timeleft: 642:33:19  (26.8 days)

 error: 
 retcode : 0
DEBUG 2025-02-23 19:34:21.676 UTC: 	 Myproxy is valid: 2313180
DEBUG 2025-02-23 19:34:21.676 UTC: 	 Result of myproxy credential check:
  Credential exists on myproxy: username: f1f3941e9d4a8be26269c6d003b41f2827f63184  - validity: 26 days, 18:33:00
DEBUG 2025-02-23 19:34:21.676 UTC: 	 Command use: remake
DEBUG 2025-02-23 19:34:21.676 UTC: 	 Options use: ['--task=250222_164657:jelee_crab_DYto2Mu_MLL-6000']
DEBUG 2025-02-23 19:34:21.676 UTC: 	 Encoded data for curl request: subresource=version
DEBUG 2025-02-23 19:34:21.789 UTC: 	 CRABClient version: v3.241125
DEBUG 2025-02-23 19:34:21.789 UTC: 	 Instance is prod
DEBUG 2025-02-23 19:34:21.789 UTC: 	 Server base url is cmsweb.cern.ch
DEBUG 2025-02-23 19:34:21.789 UTC: 	 Command api workflow
WARNING 2025-02-23 19:34:21.789 UTC: 	 ATTENTION return value for 'remake' has been changed to a dictionary
 format is {'commandStatus': 'SUCCESS' or 'FAILED',
            'workDir': name of the work directory created}
INFO 2025-02-23 19:34:21.789 UTC: 	 Warning: crab_DYto2Mu_MLL-6000/.requestcache not created, because it already exists.
INFO 2025-02-23 19:34:21.804 UTC: 	 Log file is /afs/cern.ch/work/j/jelee/nanoaod/workspace2025/CMSSW_13_3_0/src/PhysicsTools/NanoAODTools/crab_Run2_UL_Skim/2022preEE/DYto2Mu_MLL-6000/crab.log
