DEBUG 2025-02-23 16:30:17.052 UTC: 	 CRAB Client version: v3.241125
DEBUG 2025-02-23 16:30:17.053 UTC: 	 Running on: Linux lxplus814.cern.ch 4.18.0-553.40.1.el8_10.x86_64 #1 SMP Thu Feb 6 21:20:51 EST 2025 x86_64 x86_64 x86_64 GNU/Linux
DEBUG 2025-02-23 16:30:17.053 UTC: 	 Not using Singularity
DEBUG 2025-02-23 16:30:17.053 UTC: 	 Operating System: Red Hat Enterprise Linux 8.10 (Ootpa)
DEBUG 2025-02-23 16:30:17.053 UTC: 	 Executing command: 'remake'
DEBUG 2025-02-23 16:30:17.053 UTC: 	 Found CRAB cache file /afs/cern.ch/user/j/jelee/.crab3
DEBUG 2025-02-23 16:30:17.053 UTC: 	 Checking credentials
DEBUG 2025-02-23 16:30:17.053 UTC: 	 Found proxy file /tmp/x509up_u21686
DEBUG 2025-02-23 16:30:17.053 UTC: 	 Making sure it has proper VOMS extension
DEBUG 2025-02-23 16:30:17.053 UTC: 	 Executing command :
 voms-proxy-info --vo --file /tmp/x509up_u21686
DEBUG 2025-02-23 16:30:17.412 UTC: 	 output : cms

 error: 
 retcode : 0
DEBUG 2025-02-23 16:30:17.412 UTC: 	 Getting proxy life time left
DEBUG 2025-02-23 16:30:17.412 UTC: 	 Executing command :
 voms-proxy-info --actimeleft --timeleft --file /tmp/x509up_u21686
DEBUG 2025-02-23 16:30:17.789 UTC: 	 output : 349541
349541

 error: 
 retcode : 0
DEBUG 2025-02-23 16:30:17.789 UTC: 	 Proxy valid for 97:05:41 hours
DEBUG 2025-02-23 16:30:17.790 UTC: 	 Encoded data for curl request: subresource=delegatedn
DEBUG 2025-02-23 16:30:17.828 UTC: 	 Registering user credentials on myproxy for /DC=ch/DC=cern/OU=computers/CN=crab-(preprod|prod)-tw(01|02).cern.ch|/DC=ch/DC=cern/OU=computers/CN=crab-dev-tw(01|02|03|04).cern.ch|/DC=ch/DC=cern/OU=Organic Units/OU=Users/CN=cmscrab/CN=(817881|373708)/CN=Robot: cms crab|/DC=ch/DC=cern/OU=Organic Units/OU=Users/CN=crabint1/CN=373708/CN=Robot: CMS CRAB Integration 1
DEBUG 2025-02-23 16:30:17.828 UTC: 	 Executing command :
 voms-proxy-info --identity --file /tmp/x509up_u21686
DEBUG 2025-02-23 16:30:18.201 UTC: 	 output : /DC=ch/DC=cern/OU=Organic Units/OU=Users/CN=jelee/CN=727784/CN=Jeongeun Lee

 error: 
 retcode : 0
DEBUG 2025-02-23 16:30:18.201 UTC: 	 Getting myproxy life time left for f1f3941e9d4a8be26269c6d003b41f2827f63184
DEBUG 2025-02-23 16:30:18.201 UTC: 	 Executing command :
 myproxy-info -s myproxy.cern.ch -l f1f3941e9d4a8be26269c6d003b41f2827f63184
DEBUG 2025-02-23 16:30:18.496 UTC: 	 output : username: f1f3941e9d4a8be26269c6d003b41f2827f63184
owner: /DC=ch/DC=cern/OU=Organic Units/OU=Users/CN=jelee/CN=727784/CN=Jeongeun Lee
  renewal policy: /DC=ch/DC=cern/OU=computers/CN=crab-(preprod|prod)-tw(01|02).cern.ch|/DC=ch/DC=cern/OU=computers/CN=crab-dev-tw(01|02|03|04).cern.ch|/DC=ch/DC=cern/OU=Organic Units/OU=Users/CN=cmscrab/CN=(817881|373708)/CN=Robot: cms crab|/DC=ch/DC=cern/OU=Organic Units/OU=Users/CN=crabint1/CN=373708/CN=Robot: CMS CRAB Integration 1
  trusted retrieval policy: /DC=ch/DC=cern/OU=computers/CN=crab-(preprod|prod)-tw(01|02).cern.ch|/DC=ch/DC=cern/OU=computers/CN=crab-dev-tw(01|02|03|04).cern.ch|/DC=ch/DC=cern/OU=Organic Units/OU=Users/CN=cmscrab/CN=(817881|373708)/CN=Robot: cms crab|/DC=ch/DC=cern/OU=Organic Units/OU=Users/CN=crabint1/CN=373708/CN=Robot: CMS CRAB Integration 1
  timeleft: 645:37:22  (26.9 days)

 error: 
 retcode : 0
DEBUG 2025-02-23 16:30:18.496 UTC: 	 Myproxy is valid: 2324220
DEBUG 2025-02-23 16:30:18.496 UTC: 	 Result of myproxy credential check:
  Credential exists on myproxy: username: f1f3941e9d4a8be26269c6d003b41f2827f63184  - validity: 26 days, 21:37:00
DEBUG 2025-02-23 16:30:18.496 UTC: 	 Command use: remake
DEBUG 2025-02-23 16:30:18.496 UTC: 	 Options use: ['--task=250222_164718:jelee_crab_DYto2E_MLL-200to400']
DEBUG 2025-02-23 16:30:18.496 UTC: 	 Encoded data for curl request: subresource=version
DEBUG 2025-02-23 16:30:18.531 UTC: 	 CRABClient version: v3.241125
DEBUG 2025-02-23 16:30:18.532 UTC: 	 Instance is prod
DEBUG 2025-02-23 16:30:18.532 UTC: 	 Server base url is cmsweb.cern.ch
DEBUG 2025-02-23 16:30:18.532 UTC: 	 Command api workflow
WARNING 2025-02-23 16:30:18.532 UTC: 	 ATTENTION return value for 'remake' has been changed to a dictionary
 format is {'commandStatus': 'SUCCESS' or 'FAILED',
            'workDir': name of the work directory created}
INFO 2025-02-23 16:30:18.532 UTC: 	 Warning: crab_DYto2E_MLL-200to400/.requestcache not created, because it already exists.
INFO 2025-02-23 16:30:18.533 UTC: 	 Log file is /afs/cern.ch/work/j/jelee/nanoaod/workspace2025/CMSSW_13_3_0/src/PhysicsTools/NanoAODTools/crab_Run2_UL_Skim/2022preEE/DYto2E_MLL-200to400/crab.log
DEBUG 2025-02-23 19:34:56.227 UTC: 	 CRAB Client version: v3.241125
DEBUG 2025-02-23 19:34:56.227 UTC: 	 Running on: Linux lxplus814.cern.ch 4.18.0-553.40.1.el8_10.x86_64 #1 SMP Thu Feb 6 21:20:51 EST 2025 x86_64 x86_64 x86_64 GNU/Linux
DEBUG 2025-02-23 19:34:56.228 UTC: 	 Not using Singularity
DEBUG 2025-02-23 19:34:56.228 UTC: 	 Operating System: Red Hat Enterprise Linux 8.10 (Ootpa)
DEBUG 2025-02-23 19:34:56.228 UTC: 	 Executing command: 'remake'
DEBUG 2025-02-23 19:34:56.228 UTC: 	 Found CRAB cache file /afs/cern.ch/user/j/jelee/.crab3
DEBUG 2025-02-23 19:34:56.228 UTC: 	 Checking credentials
DEBUG 2025-02-23 19:34:56.228 UTC: 	 Found proxy file /tmp/x509up_u21686
DEBUG 2025-02-23 19:34:56.228 UTC: 	 Making sure it has proper VOMS extension
DEBUG 2025-02-23 19:34:56.228 UTC: 	 Executing command :
 voms-proxy-info --vo --file /tmp/x509up_u21686
DEBUG 2025-02-23 19:34:56.655 UTC: 	 output : cms

 error: 
 retcode : 0
DEBUG 2025-02-23 19:34:56.655 UTC: 	 Getting proxy life time left
DEBUG 2025-02-23 19:34:56.655 UTC: 	 Executing command :
 voms-proxy-info --actimeleft --timeleft --file /tmp/x509up_u21686
DEBUG 2025-02-23 19:34:57.029 UTC: 	 output : 338461
338461

 error: 
 retcode : 0
DEBUG 2025-02-23 19:34:57.029 UTC: 	 Proxy valid for 94:01:01 hours
DEBUG 2025-02-23 19:34:57.029 UTC: 	 Encoded data for curl request: subresource=delegatedn
DEBUG 2025-02-23 19:34:57.068 UTC: 	 Registering user credentials on myproxy for /DC=ch/DC=cern/OU=computers/CN=crab-(preprod|prod)-tw(01|02).cern.ch|/DC=ch/DC=cern/OU=computers/CN=crab-dev-tw(01|02|03|04).cern.ch|/DC=ch/DC=cern/OU=Organic Units/OU=Users/CN=cmscrab/CN=(817881|373708)/CN=Robot: cms crab|/DC=ch/DC=cern/OU=Organic Units/OU=Users/CN=crabint1/CN=373708/CN=Robot: CMS CRAB Integration 1
DEBUG 2025-02-23 19:34:57.068 UTC: 	 Executing command :
 voms-proxy-info --identity --file /tmp/x509up_u21686
DEBUG 2025-02-23 19:34:57.472 UTC: 	 output : /DC=ch/DC=cern/OU=Organic Units/OU=Users/CN=jelee/CN=727784/CN=Jeongeun Lee

 error: 
 retcode : 0
DEBUG 2025-02-23 19:34:57.472 UTC: 	 Getting myproxy life time left for f1f3941e9d4a8be26269c6d003b41f2827f63184
DEBUG 2025-02-23 19:34:57.472 UTC: 	 Executing command :
 myproxy-info -s myproxy.cern.ch -l f1f3941e9d4a8be26269c6d003b41f2827f63184
DEBUG 2025-02-23 19:34:57.817 UTC: 	 output : username: f1f3941e9d4a8be26269c6d003b41f2827f63184
owner: /DC=ch/DC=cern/OU=Organic Units/OU=Users/CN=jelee/CN=727784/CN=Jeongeun Lee
  renewal policy: /DC=ch/DC=cern/OU=computers/CN=crab-(preprod|prod)-tw(01|02).cern.ch|/DC=ch/DC=cern/OU=computers/CN=crab-dev-tw(01|02|03|04).cern.ch|/DC=ch/DC=cern/OU=Organic Units/OU=Users/CN=cmscrab/CN=(817881|373708)/CN=Robot: cms crab|/DC=ch/DC=cern/OU=Organic Units/OU=Users/CN=crabint1/CN=373708/CN=Robot: CMS CRAB Integration 1
  trusted retrieval policy: /DC=ch/DC=cern/OU=computers/CN=crab-(preprod|prod)-tw(01|02).cern.ch|/DC=ch/DC=cern/OU=computers/CN=crab-dev-tw(01|02|03|04).cern.ch|/DC=ch/DC=cern/OU=Organic Units/OU=Users/CN=cmscrab/CN=(817881|373708)/CN=Robot: cms crab|/DC=ch/DC=cern/OU=Organic Units/OU=Users/CN=crabint1/CN=373708/CN=Robot: CMS CRAB Integration 1
  timeleft: 642:32:43  (26.8 days)

 error: 
 retcode : 0
DEBUG 2025-02-23 19:34:57.817 UTC: 	 Myproxy is valid: 2313120
DEBUG 2025-02-23 19:34:57.817 UTC: 	 Result of myproxy credential check:
  Credential exists on myproxy: username: f1f3941e9d4a8be26269c6d003b41f2827f63184  - validity: 26 days, 18:32:00
DEBUG 2025-02-23 19:34:57.817 UTC: 	 Command use: remake
DEBUG 2025-02-23 19:34:57.817 UTC: 	 Options use: ['--task=250222_164718:jelee_crab_DYto2E_MLL-200to400']
DEBUG 2025-02-23 19:34:57.817 UTC: 	 Encoded data for curl request: subresource=version
DEBUG 2025-02-23 19:34:57.859 UTC: 	 CRABClient version: v3.241125
DEBUG 2025-02-23 19:34:57.859 UTC: 	 Instance is prod
DEBUG 2025-02-23 19:34:57.859 UTC: 	 Server base url is cmsweb.cern.ch
DEBUG 2025-02-23 19:34:57.859 UTC: 	 Command api workflow
WARNING 2025-02-23 19:34:57.859 UTC: 	 ATTENTION return value for 'remake' has been changed to a dictionary
 format is {'commandStatus': 'SUCCESS' or 'FAILED',
            'workDir': name of the work directory created}
INFO 2025-02-23 19:34:57.860 UTC: 	 Warning: crab_DYto2E_MLL-200to400/.requestcache not created, because it already exists.
INFO 2025-02-23 19:34:57.934 UTC: 	 Log file is /afs/cern.ch/work/j/jelee/nanoaod/workspace2025/CMSSW_13_3_0/src/PhysicsTools/NanoAODTools/crab_Run2_UL_Skim/2022preEE/DYto2E_MLL-200to400/crab.log
