DEBUG 2025-02-23 16:29:51.347 UTC: 	 CRAB Client version: v3.241125
DEBUG 2025-02-23 16:29:51.347 UTC: 	 Running on: Linux lxplus814.cern.ch 4.18.0-553.40.1.el8_10.x86_64 #1 SMP Thu Feb 6 21:20:51 EST 2025 x86_64 x86_64 x86_64 GNU/Linux
DEBUG 2025-02-23 16:29:51.347 UTC: 	 Not using Singularity
DEBUG 2025-02-23 16:29:51.347 UTC: 	 Operating System: Red Hat Enterprise Linux 8.10 (Ootpa)
DEBUG 2025-02-23 16:29:51.347 UTC: 	 Executing command: 'remake'
DEBUG 2025-02-23 16:29:51.347 UTC: 	 Found CRAB cache file /afs/cern.ch/user/j/jelee/.crab3
DEBUG 2025-02-23 16:29:51.348 UTC: 	 Checking credentials
DEBUG 2025-02-23 16:29:51.348 UTC: 	 Found proxy file /tmp/x509up_u21686
DEBUG 2025-02-23 16:29:51.348 UTC: 	 Making sure it has proper VOMS extension
DEBUG 2025-02-23 16:29:51.348 UTC: 	 Executing command :
 voms-proxy-info --vo --file /tmp/x509up_u21686
DEBUG 2025-02-23 16:29:51.692 UTC: 	 output : cms

 error: 
 retcode : 0
DEBUG 2025-02-23 16:29:51.692 UTC: 	 Getting proxy life time left
DEBUG 2025-02-23 16:29:51.692 UTC: 	 Executing command :
 voms-proxy-info --actimeleft --timeleft --file /tmp/x509up_u21686
DEBUG 2025-02-23 16:29:52.039 UTC: 	 output : 349566
349566

 error: 
 retcode : 0
DEBUG 2025-02-23 16:29:52.039 UTC: 	 Proxy valid for 97:06:06 hours
DEBUG 2025-02-23 16:29:52.039 UTC: 	 Encoded data for curl request: subresource=delegatedn
DEBUG 2025-02-23 16:29:52.076 UTC: 	 Registering user credentials on myproxy for /DC=ch/DC=cern/OU=computers/CN=crab-(preprod|prod)-tw(01|02).cern.ch|/DC=ch/DC=cern/OU=computers/CN=crab-dev-tw(01|02|03|04).cern.ch|/DC=ch/DC=cern/OU=Organic Units/OU=Users/CN=cmscrab/CN=(817881|373708)/CN=Robot: cms crab|/DC=ch/DC=cern/OU=Organic Units/OU=Users/CN=crabint1/CN=373708/CN=Robot: CMS CRAB Integration 1
DEBUG 2025-02-23 16:29:52.077 UTC: 	 Executing command :
 voms-proxy-info --identity --file /tmp/x509up_u21686
DEBUG 2025-02-23 16:29:52.444 UTC: 	 output : /DC=ch/DC=cern/OU=Organic Units/OU=Users/CN=jelee/CN=727784/CN=Jeongeun Lee

 error: 
 retcode : 0
DEBUG 2025-02-23 16:29:52.444 UTC: 	 Getting myproxy life time left for f1f3941e9d4a8be26269c6d003b41f2827f63184
DEBUG 2025-02-23 16:29:52.444 UTC: 	 Executing command :
 myproxy-info -s myproxy.cern.ch -l f1f3941e9d4a8be26269c6d003b41f2827f63184
DEBUG 2025-02-23 16:29:52.739 UTC: 	 output : username: f1f3941e9d4a8be26269c6d003b41f2827f63184
owner: /DC=ch/DC=cern/OU=Organic Units/OU=Users/CN=jelee/CN=727784/CN=Jeongeun Lee
  renewal policy: /DC=ch/DC=cern/OU=computers/CN=crab-(preprod|prod)-tw(01|02).cern.ch|/DC=ch/DC=cern/OU=computers/CN=crab-dev-tw(01|02|03|04).cern.ch|/DC=ch/DC=cern/OU=Organic Units/OU=Users/CN=cmscrab/CN=(817881|373708)/CN=Robot: cms crab|/DC=ch/DC=cern/OU=Organic Units/OU=Users/CN=crabint1/CN=373708/CN=Robot: CMS CRAB Integration 1
  trusted retrieval policy: /DC=ch/DC=cern/OU=computers/CN=crab-(preprod|prod)-tw(01|02).cern.ch|/DC=ch/DC=cern/OU=computers/CN=crab-dev-tw(01|02|03|04).cern.ch|/DC=ch/DC=cern/OU=Organic Units/OU=Users/CN=cmscrab/CN=(817881|373708)/CN=Robot: cms crab|/DC=ch/DC=cern/OU=Organic Units/OU=Users/CN=crabint1/CN=373708/CN=Robot: CMS CRAB Integration 1
  timeleft: 645:37:48  (26.9 days)

 error: 
 retcode : 0
DEBUG 2025-02-23 16:29:52.739 UTC: 	 Myproxy is valid: 2324220
DEBUG 2025-02-23 16:29:52.739 UTC: 	 Result of myproxy credential check:
  Credential exists on myproxy: username: f1f3941e9d4a8be26269c6d003b41f2827f63184  - validity: 26 days, 21:37:00
DEBUG 2025-02-23 16:29:52.740 UTC: 	 Command use: remake
DEBUG 2025-02-23 16:29:52.740 UTC: 	 Options use: ['--task=250222_164711:jelee_crab_DYto2Mu_MLL-800to1500']
DEBUG 2025-02-23 16:29:52.740 UTC: 	 Encoded data for curl request: subresource=version
DEBUG 2025-02-23 16:29:52.776 UTC: 	 CRABClient version: v3.241125
DEBUG 2025-02-23 16:29:52.776 UTC: 	 Instance is prod
DEBUG 2025-02-23 16:29:52.776 UTC: 	 Server base url is cmsweb.cern.ch
DEBUG 2025-02-23 16:29:52.776 UTC: 	 Command api workflow
WARNING 2025-02-23 16:29:52.776 UTC: 	 ATTENTION return value for 'remake' has been changed to a dictionary
 format is {'commandStatus': 'SUCCESS' or 'FAILED',
            'workDir': name of the work directory created}
INFO 2025-02-23 16:29:52.777 UTC: 	 Warning: crab_DYto2Mu_MLL-800to1500/.requestcache not created, because it already exists.
INFO 2025-02-23 16:29:52.778 UTC: 	 Log file is /afs/cern.ch/work/j/jelee/nanoaod/workspace2025/CMSSW_13_3_0/src/PhysicsTools/NanoAODTools/crab_Run2_UL_Skim/2022preEE/DYto2Mu_MLL-800to1500/crab.log
DEBUG 2025-02-23 19:34:46.175 UTC: 	 CRAB Client version: v3.241125
DEBUG 2025-02-23 19:34:46.175 UTC: 	 Running on: Linux lxplus814.cern.ch 4.18.0-553.40.1.el8_10.x86_64 #1 SMP Thu Feb 6 21:20:51 EST 2025 x86_64 x86_64 x86_64 GNU/Linux
DEBUG 2025-02-23 19:34:46.175 UTC: 	 Not using Singularity
DEBUG 2025-02-23 19:34:46.175 UTC: 	 Operating System: Red Hat Enterprise Linux 8.10 (Ootpa)
DEBUG 2025-02-23 19:34:46.175 UTC: 	 Executing command: 'remake'
DEBUG 2025-02-23 19:34:46.175 UTC: 	 Found CRAB cache file /afs/cern.ch/user/j/jelee/.crab3
DEBUG 2025-02-23 19:34:46.176 UTC: 	 Checking credentials
DEBUG 2025-02-23 19:34:46.176 UTC: 	 Found proxy file /tmp/x509up_u21686
DEBUG 2025-02-23 19:34:46.176 UTC: 	 Making sure it has proper VOMS extension
DEBUG 2025-02-23 19:34:46.176 UTC: 	 Executing command :
 voms-proxy-info --vo --file /tmp/x509up_u21686
DEBUG 2025-02-23 19:34:46.556 UTC: 	 output : cms

 error: 
 retcode : 0
DEBUG 2025-02-23 19:34:46.556 UTC: 	 Getting proxy life time left
DEBUG 2025-02-23 19:34:46.556 UTC: 	 Executing command :
 voms-proxy-info --actimeleft --timeleft --file /tmp/x509up_u21686
DEBUG 2025-02-23 19:34:46.970 UTC: 	 output : 338472
338472

 error: 
 retcode : 0
DEBUG 2025-02-23 19:34:46.970 UTC: 	 Proxy valid for 94:01:12 hours
DEBUG 2025-02-23 19:34:46.971 UTC: 	 Encoded data for curl request: subresource=delegatedn
DEBUG 2025-02-23 19:34:47.008 UTC: 	 Registering user credentials on myproxy for /DC=ch/DC=cern/OU=computers/CN=crab-(preprod|prod)-tw(01|02).cern.ch|/DC=ch/DC=cern/OU=computers/CN=crab-dev-tw(01|02|03|04).cern.ch|/DC=ch/DC=cern/OU=Organic Units/OU=Users/CN=cmscrab/CN=(817881|373708)/CN=Robot: cms crab|/DC=ch/DC=cern/OU=Organic Units/OU=Users/CN=crabint1/CN=373708/CN=Robot: CMS CRAB Integration 1
DEBUG 2025-02-23 19:34:47.009 UTC: 	 Executing command :
 voms-proxy-info --identity --file /tmp/x509up_u21686
DEBUG 2025-02-23 19:34:47.398 UTC: 	 output : /DC=ch/DC=cern/OU=Organic Units/OU=Users/CN=jelee/CN=727784/CN=Jeongeun Lee

 error: 
 retcode : 0
DEBUG 2025-02-23 19:34:47.398 UTC: 	 Getting myproxy life time left for f1f3941e9d4a8be26269c6d003b41f2827f63184
DEBUG 2025-02-23 19:34:47.398 UTC: 	 Executing command :
 myproxy-info -s myproxy.cern.ch -l f1f3941e9d4a8be26269c6d003b41f2827f63184
DEBUG 2025-02-23 19:34:47.768 UTC: 	 output : username: f1f3941e9d4a8be26269c6d003b41f2827f63184
owner: /DC=ch/DC=cern/OU=Organic Units/OU=Users/CN=jelee/CN=727784/CN=Jeongeun Lee
  renewal policy: /DC=ch/DC=cern/OU=computers/CN=crab-(preprod|prod)-tw(01|02).cern.ch|/DC=ch/DC=cern/OU=computers/CN=crab-dev-tw(01|02|03|04).cern.ch|/DC=ch/DC=cern/OU=Organic Units/OU=Users/CN=cmscrab/CN=(817881|373708)/CN=Robot: cms crab|/DC=ch/DC=cern/OU=Organic Units/OU=Users/CN=crabint1/CN=373708/CN=Robot: CMS CRAB Integration 1
  trusted retrieval policy: /DC=ch/DC=cern/OU=computers/CN=crab-(preprod|prod)-tw(01|02).cern.ch|/DC=ch/DC=cern/OU=computers/CN=crab-dev-tw(01|02|03|04).cern.ch|/DC=ch/DC=cern/OU=Organic Units/OU=Users/CN=cmscrab/CN=(817881|373708)/CN=Robot: cms crab|/DC=ch/DC=cern/OU=Organic Units/OU=Users/CN=crabint1/CN=373708/CN=Robot: CMS CRAB Integration 1
  timeleft: 642:32:53  (26.8 days)

 error: 
 retcode : 0
DEBUG 2025-02-23 19:34:47.768 UTC: 	 Myproxy is valid: 2313120
DEBUG 2025-02-23 19:34:47.768 UTC: 	 Result of myproxy credential check:
  Credential exists on myproxy: username: f1f3941e9d4a8be26269c6d003b41f2827f63184  - validity: 26 days, 18:32:00
DEBUG 2025-02-23 19:34:47.768 UTC: 	 Command use: remake
DEBUG 2025-02-23 19:34:47.768 UTC: 	 Options use: ['--task=250222_164711:jelee_crab_DYto2Mu_MLL-800to1500']
DEBUG 2025-02-23 19:34:47.769 UTC: 	 Encoded data for curl request: subresource=version
DEBUG 2025-02-23 19:34:47.805 UTC: 	 CRABClient version: v3.241125
DEBUG 2025-02-23 19:34:47.805 UTC: 	 Instance is prod
DEBUG 2025-02-23 19:34:47.805 UTC: 	 Server base url is cmsweb.cern.ch
DEBUG 2025-02-23 19:34:47.805 UTC: 	 Command api workflow
WARNING 2025-02-23 19:34:47.805 UTC: 	 ATTENTION return value for 'remake' has been changed to a dictionary
 format is {'commandStatus': 'SUCCESS' or 'FAILED',
            'workDir': name of the work directory created}
INFO 2025-02-23 19:34:47.805 UTC: 	 Warning: crab_DYto2Mu_MLL-800to1500/.requestcache not created, because it already exists.
INFO 2025-02-23 19:34:47.808 UTC: 	 Log file is /afs/cern.ch/work/j/jelee/nanoaod/workspace2025/CMSSW_13_3_0/src/PhysicsTools/NanoAODTools/crab_Run2_UL_Skim/2022preEE/DYto2Mu_MLL-800to1500/crab.log
