DEBUG 2025-02-23 16:29:16.569 UTC: 	 CRAB Client version: v3.241125
DEBUG 2025-02-23 16:29:16.569 UTC: 	 Running on: Linux lxplus814.cern.ch 4.18.0-553.40.1.el8_10.x86_64 #1 SMP Thu Feb 6 21:20:51 EST 2025 x86_64 x86_64 x86_64 GNU/Linux
DEBUG 2025-02-23 16:29:16.569 UTC: 	 Not using Singularity
DEBUG 2025-02-23 16:29:16.569 UTC: 	 Operating System: Red Hat Enterprise Linux 8.10 (Ootpa)
DEBUG 2025-02-23 16:29:16.569 UTC: 	 Executing command: 'remake'
DEBUG 2025-02-23 16:29:16.569 UTC: 	 Found CRAB cache file /afs/cern.ch/user/j/jelee/.crab3
DEBUG 2025-02-23 16:29:16.570 UTC: 	 Checking credentials
DEBUG 2025-02-23 16:29:16.570 UTC: 	 Found proxy file /tmp/x509up_u21686
DEBUG 2025-02-23 16:29:16.570 UTC: 	 Making sure it has proper VOMS extension
DEBUG 2025-02-23 16:29:16.570 UTC: 	 Executing command :
 voms-proxy-info --vo --file /tmp/x509up_u21686
DEBUG 2025-02-23 16:29:16.938 UTC: 	 output : cms

 error: 
 retcode : 0
DEBUG 2025-02-23 16:29:16.939 UTC: 	 Getting proxy life time left
DEBUG 2025-02-23 16:29:16.939 UTC: 	 Executing command :
 voms-proxy-info --actimeleft --timeleft --file /tmp/x509up_u21686
DEBUG 2025-02-23 16:29:17.310 UTC: 	 output : 349601
349601

 error: 
 retcode : 0
DEBUG 2025-02-23 16:29:17.310 UTC: 	 Proxy valid for 97:06:41 hours
DEBUG 2025-02-23 16:29:17.310 UTC: 	 Encoded data for curl request: subresource=delegatedn
DEBUG 2025-02-23 16:29:17.346 UTC: 	 Registering user credentials on myproxy for /DC=ch/DC=cern/OU=computers/CN=crab-(preprod|prod)-tw(01|02).cern.ch|/DC=ch/DC=cern/OU=computers/CN=crab-dev-tw(01|02|03|04).cern.ch|/DC=ch/DC=cern/OU=Organic Units/OU=Users/CN=cmscrab/CN=(817881|373708)/CN=Robot: cms crab|/DC=ch/DC=cern/OU=Organic Units/OU=Users/CN=crabint1/CN=373708/CN=Robot: CMS CRAB Integration 1
DEBUG 2025-02-23 16:29:17.346 UTC: 	 Executing command :
 voms-proxy-info --identity --file /tmp/x509up_u21686
DEBUG 2025-02-23 16:29:17.751 UTC: 	 output : /DC=ch/DC=cern/OU=Organic Units/OU=Users/CN=jelee/CN=727784/CN=Jeongeun Lee

 error: 
 retcode : 0
DEBUG 2025-02-23 16:29:17.751 UTC: 	 Getting myproxy life time left for f1f3941e9d4a8be26269c6d003b41f2827f63184
DEBUG 2025-02-23 16:29:17.751 UTC: 	 Executing command :
 myproxy-info -s myproxy.cern.ch -l f1f3941e9d4a8be26269c6d003b41f2827f63184
DEBUG 2025-02-23 16:29:18.125 UTC: 	 output : username: f1f3941e9d4a8be26269c6d003b41f2827f63184
owner: /DC=ch/DC=cern/OU=Organic Units/OU=Users/CN=jelee/CN=727784/CN=Jeongeun Lee
  renewal policy: /DC=ch/DC=cern/OU=computers/CN=crab-(preprod|prod)-tw(01|02).cern.ch|/DC=ch/DC=cern/OU=computers/CN=crab-dev-tw(01|02|03|04).cern.ch|/DC=ch/DC=cern/OU=Organic Units/OU=Users/CN=cmscrab/CN=(817881|373708)/CN=Robot: cms crab|/DC=ch/DC=cern/OU=Organic Units/OU=Users/CN=crabint1/CN=373708/CN=Robot: CMS CRAB Integration 1
  trusted retrieval policy: /DC=ch/DC=cern/OU=computers/CN=crab-(preprod|prod)-tw(01|02).cern.ch|/DC=ch/DC=cern/OU=computers/CN=crab-dev-tw(01|02|03|04).cern.ch|/DC=ch/DC=cern/OU=Organic Units/OU=Users/CN=cmscrab/CN=(817881|373708)/CN=Robot: cms crab|/DC=ch/DC=cern/OU=Organic Units/OU=Users/CN=crabint1/CN=373708/CN=Robot: CMS CRAB Integration 1
  timeleft: 645:38:22  (26.9 days)

 error: 
 retcode : 0
DEBUG 2025-02-23 16:29:18.125 UTC: 	 Myproxy is valid: 2324280
DEBUG 2025-02-23 16:29:18.125 UTC: 	 Result of myproxy credential check:
  Credential exists on myproxy: username: f1f3941e9d4a8be26269c6d003b41f2827f63184  - validity: 26 days, 21:38:00
DEBUG 2025-02-23 16:29:18.125 UTC: 	 Command use: remake
DEBUG 2025-02-23 16:29:18.125 UTC: 	 Options use: ['--task=250222_164701:jelee_crab_DYto2Mu_MLL-200to400']
DEBUG 2025-02-23 16:29:18.125 UTC: 	 Encoded data for curl request: subresource=version
DEBUG 2025-02-23 16:29:18.158 UTC: 	 CRABClient version: v3.241125
DEBUG 2025-02-23 16:29:18.158 UTC: 	 Instance is prod
DEBUG 2025-02-23 16:29:18.158 UTC: 	 Server base url is cmsweb.cern.ch
DEBUG 2025-02-23 16:29:18.158 UTC: 	 Command api workflow
WARNING 2025-02-23 16:29:18.158 UTC: 	 ATTENTION return value for 'remake' has been changed to a dictionary
 format is {'commandStatus': 'SUCCESS' or 'FAILED',
            'workDir': name of the work directory created}
INFO 2025-02-23 16:29:18.159 UTC: 	 Warning: crab_DYto2Mu_MLL-200to400/.requestcache not created, because it already exists.
INFO 2025-02-23 16:29:18.161 UTC: 	 Log file is /afs/cern.ch/work/j/jelee/nanoaod/workspace2025/CMSSW_13_3_0/src/PhysicsTools/NanoAODTools/crab_Run2_UL_Skim/2022preEE/DYto2Mu_MLL-200to400/crab.log
DEBUG 2025-02-23 19:34:26.502 UTC: 	 CRAB Client version: v3.241125
DEBUG 2025-02-23 19:34:26.502 UTC: 	 Running on: Linux lxplus814.cern.ch 4.18.0-553.40.1.el8_10.x86_64 #1 SMP Thu Feb 6 21:20:51 EST 2025 x86_64 x86_64 x86_64 GNU/Linux
DEBUG 2025-02-23 19:34:26.502 UTC: 	 Not using Singularity
DEBUG 2025-02-23 19:34:26.502 UTC: 	 Operating System: Red Hat Enterprise Linux 8.10 (Ootpa)
DEBUG 2025-02-23 19:34:26.502 UTC: 	 Executing command: 'remake'
DEBUG 2025-02-23 19:34:26.502 UTC: 	 Found CRAB cache file /afs/cern.ch/user/j/jelee/.crab3
DEBUG 2025-02-23 19:34:26.503 UTC: 	 Checking credentials
DEBUG 2025-02-23 19:34:26.503 UTC: 	 Found proxy file /tmp/x509up_u21686
DEBUG 2025-02-23 19:34:26.503 UTC: 	 Making sure it has proper VOMS extension
DEBUG 2025-02-23 19:34:26.503 UTC: 	 Executing command :
 voms-proxy-info --vo --file /tmp/x509up_u21686
DEBUG 2025-02-23 19:34:26.889 UTC: 	 output : cms

 error: 
 retcode : 0
DEBUG 2025-02-23 19:34:26.889 UTC: 	 Getting proxy life time left
DEBUG 2025-02-23 19:34:26.889 UTC: 	 Executing command :
 voms-proxy-info --actimeleft --timeleft --file /tmp/x509up_u21686
DEBUG 2025-02-23 19:34:27.284 UTC: 	 output : 338491
338491

 error: 
 retcode : 0
DEBUG 2025-02-23 19:34:27.284 UTC: 	 Proxy valid for 94:01:31 hours
DEBUG 2025-02-23 19:34:27.284 UTC: 	 Encoded data for curl request: subresource=delegatedn
DEBUG 2025-02-23 19:34:27.321 UTC: 	 Registering user credentials on myproxy for /DC=ch/DC=cern/OU=computers/CN=crab-(preprod|prod)-tw(01|02).cern.ch|/DC=ch/DC=cern/OU=computers/CN=crab-dev-tw(01|02|03|04).cern.ch|/DC=ch/DC=cern/OU=Organic Units/OU=Users/CN=cmscrab/CN=(817881|373708)/CN=Robot: cms crab|/DC=ch/DC=cern/OU=Organic Units/OU=Users/CN=crabint1/CN=373708/CN=Robot: CMS CRAB Integration 1
DEBUG 2025-02-23 19:34:27.321 UTC: 	 Executing command :
 voms-proxy-info --identity --file /tmp/x509up_u21686
DEBUG 2025-02-23 19:34:27.715 UTC: 	 output : /DC=ch/DC=cern/OU=Organic Units/OU=Users/CN=jelee/CN=727784/CN=Jeongeun Lee

 error: 
 retcode : 0
DEBUG 2025-02-23 19:34:27.716 UTC: 	 Getting myproxy life time left for f1f3941e9d4a8be26269c6d003b41f2827f63184
DEBUG 2025-02-23 19:34:27.716 UTC: 	 Executing command :
 myproxy-info -s myproxy.cern.ch -l f1f3941e9d4a8be26269c6d003b41f2827f63184
DEBUG 2025-02-23 19:34:28.136 UTC: 	 output : username: f1f3941e9d4a8be26269c6d003b41f2827f63184
owner: /DC=ch/DC=cern/OU=Organic Units/OU=Users/CN=jelee/CN=727784/CN=Jeongeun Lee
  renewal policy: /DC=ch/DC=cern/OU=computers/CN=crab-(preprod|prod)-tw(01|02).cern.ch|/DC=ch/DC=cern/OU=computers/CN=crab-dev-tw(01|02|03|04).cern.ch|/DC=ch/DC=cern/OU=Organic Units/OU=Users/CN=cmscrab/CN=(817881|373708)/CN=Robot: cms crab|/DC=ch/DC=cern/OU=Organic Units/OU=Users/CN=crabint1/CN=373708/CN=Robot: CMS CRAB Integration 1
  trusted retrieval policy: /DC=ch/DC=cern/OU=computers/CN=crab-(preprod|prod)-tw(01|02).cern.ch|/DC=ch/DC=cern/OU=computers/CN=crab-dev-tw(01|02|03|04).cern.ch|/DC=ch/DC=cern/OU=Organic Units/OU=Users/CN=cmscrab/CN=(817881|373708)/CN=Robot: cms crab|/DC=ch/DC=cern/OU=Organic Units/OU=Users/CN=crabint1/CN=373708/CN=Robot: CMS CRAB Integration 1
  timeleft: 642:33:12  (26.8 days)

 error: 
 retcode : 0
DEBUG 2025-02-23 19:34:28.136 UTC: 	 Myproxy is valid: 2313180
DEBUG 2025-02-23 19:34:28.136 UTC: 	 Result of myproxy credential check:
  Credential exists on myproxy: username: f1f3941e9d4a8be26269c6d003b41f2827f63184  - validity: 26 days, 18:33:00
DEBUG 2025-02-23 19:34:28.136 UTC: 	 Command use: remake
DEBUG 2025-02-23 19:34:28.136 UTC: 	 Options use: ['--task=250222_164701:jelee_crab_DYto2Mu_MLL-200to400']
DEBUG 2025-02-23 19:34:28.137 UTC: 	 Encoded data for curl request: subresource=version
DEBUG 2025-02-23 19:34:28.178 UTC: 	 CRABClient version: v3.241125
DEBUG 2025-02-23 19:34:28.179 UTC: 	 Instance is prod
DEBUG 2025-02-23 19:34:28.179 UTC: 	 Server base url is cmsweb.cern.ch
DEBUG 2025-02-23 19:34:28.179 UTC: 	 Command api workflow
WARNING 2025-02-23 19:34:28.179 UTC: 	 ATTENTION return value for 'remake' has been changed to a dictionary
 format is {'commandStatus': 'SUCCESS' or 'FAILED',
            'workDir': name of the work directory created}
INFO 2025-02-23 19:34:28.179 UTC: 	 Warning: crab_DYto2Mu_MLL-200to400/.requestcache not created, because it already exists.
INFO 2025-02-23 19:34:28.184 UTC: 	 Log file is /afs/cern.ch/work/j/jelee/nanoaod/workspace2025/CMSSW_13_3_0/src/PhysicsTools/NanoAODTools/crab_Run2_UL_Skim/2022preEE/DYto2Mu_MLL-200to400/crab.log
