DEBUG 2025-02-23 16:31:52.295 UTC: 	 CRAB Client version: v3.241125
DEBUG 2025-02-23 16:31:52.295 UTC: 	 Running on: Linux lxplus814.cern.ch 4.18.0-553.40.1.el8_10.x86_64 #1 SMP Thu Feb 6 21:20:51 EST 2025 x86_64 x86_64 x86_64 GNU/Linux
DEBUG 2025-02-23 16:31:52.295 UTC: 	 Not using Singularity
DEBUG 2025-02-23 16:31:52.295 UTC: 	 Operating System: Red Hat Enterprise Linux 8.10 (Ootpa)
DEBUG 2025-02-23 16:31:52.295 UTC: 	 Executing command: 'remake'
DEBUG 2025-02-23 16:31:52.295 UTC: 	 Found CRAB cache file /afs/cern.ch/user/j/jelee/.crab3
DEBUG 2025-02-23 16:31:52.296 UTC: 	 Checking credentials
DEBUG 2025-02-23 16:31:52.296 UTC: 	 Found proxy file /tmp/x509up_u21686
DEBUG 2025-02-23 16:31:52.296 UTC: 	 Making sure it has proper VOMS extension
DEBUG 2025-02-23 16:31:52.296 UTC: 	 Executing command :
 voms-proxy-info --vo --file /tmp/x509up_u21686
DEBUG 2025-02-23 16:31:52.673 UTC: 	 output : cms

 error: 
 retcode : 0
DEBUG 2025-02-23 16:31:52.673 UTC: 	 Getting proxy life time left
DEBUG 2025-02-23 16:31:52.673 UTC: 	 Executing command :
 voms-proxy-info --actimeleft --timeleft --file /tmp/x509up_u21686
DEBUG 2025-02-23 16:31:53.028 UTC: 	 output : 349445
349445

 error: 
 retcode : 0
DEBUG 2025-02-23 16:31:53.029 UTC: 	 Proxy valid for 97:04:05 hours
DEBUG 2025-02-23 16:31:53.029 UTC: 	 Encoded data for curl request: subresource=delegatedn
DEBUG 2025-02-23 16:31:53.067 UTC: 	 Registering user credentials on myproxy for /DC=ch/DC=cern/OU=computers/CN=crab-(preprod|prod)-tw(01|02).cern.ch|/DC=ch/DC=cern/OU=computers/CN=crab-dev-tw(01|02|03|04).cern.ch|/DC=ch/DC=cern/OU=Organic Units/OU=Users/CN=cmscrab/CN=(817881|373708)/CN=Robot: cms crab|/DC=ch/DC=cern/OU=Organic Units/OU=Users/CN=crabint1/CN=373708/CN=Robot: CMS CRAB Integration 1
DEBUG 2025-02-23 16:31:53.068 UTC: 	 Executing command :
 voms-proxy-info --identity --file /tmp/x509up_u21686
DEBUG 2025-02-23 16:31:53.449 UTC: 	 output : /DC=ch/DC=cern/OU=Organic Units/OU=Users/CN=jelee/CN=727784/CN=Jeongeun Lee

 error: 
 retcode : 0
DEBUG 2025-02-23 16:31:53.449 UTC: 	 Getting myproxy life time left for f1f3941e9d4a8be26269c6d003b41f2827f63184
DEBUG 2025-02-23 16:31:53.449 UTC: 	 Executing command :
 myproxy-info -s myproxy.cern.ch -l f1f3941e9d4a8be26269c6d003b41f2827f63184
DEBUG 2025-02-23 16:31:53.740 UTC: 	 output : username: f1f3941e9d4a8be26269c6d003b41f2827f63184
owner: /DC=ch/DC=cern/OU=Organic Units/OU=Users/CN=jelee/CN=727784/CN=Jeongeun Lee
  renewal policy: /DC=ch/DC=cern/OU=computers/CN=crab-(preprod|prod)-tw(01|02).cern.ch|/DC=ch/DC=cern/OU=computers/CN=crab-dev-tw(01|02|03|04).cern.ch|/DC=ch/DC=cern/OU=Organic Units/OU=Users/CN=cmscrab/CN=(817881|373708)/CN=Robot: cms crab|/DC=ch/DC=cern/OU=Organic Units/OU=Users/CN=crabint1/CN=373708/CN=Robot: CMS CRAB Integration 1
  trusted retrieval policy: /DC=ch/DC=cern/OU=computers/CN=crab-(preprod|prod)-tw(01|02).cern.ch|/DC=ch/DC=cern/OU=computers/CN=crab-dev-tw(01|02|03|04).cern.ch|/DC=ch/DC=cern/OU=Organic Units/OU=Users/CN=cmscrab/CN=(817881|373708)/CN=Robot: cms crab|/DC=ch/DC=cern/OU=Organic Units/OU=Users/CN=crabint1/CN=373708/CN=Robot: CMS CRAB Integration 1
  timeleft: 645:35:47  (26.9 days)

 error: 
 retcode : 0
DEBUG 2025-02-23 16:31:53.740 UTC: 	 Myproxy is valid: 2324100
DEBUG 2025-02-23 16:31:53.740 UTC: 	 Result of myproxy credential check:
  Credential exists on myproxy: username: f1f3941e9d4a8be26269c6d003b41f2827f63184  - validity: 26 days, 21:35:00
DEBUG 2025-02-23 16:31:53.740 UTC: 	 Command use: remake
DEBUG 2025-02-23 16:31:53.740 UTC: 	 Options use: ['--task=250222_164753:jelee_crab_WZtoLNu2Q_ext-v2']
DEBUG 2025-02-23 16:31:53.741 UTC: 	 Encoded data for curl request: subresource=version
DEBUG 2025-02-23 16:31:53.788 UTC: 	 CRABClient version: v3.241125
DEBUG 2025-02-23 16:31:53.788 UTC: 	 Instance is prod
DEBUG 2025-02-23 16:31:53.788 UTC: 	 Server base url is cmsweb.cern.ch
DEBUG 2025-02-23 16:31:53.788 UTC: 	 Command api workflow
WARNING 2025-02-23 16:31:53.788 UTC: 	 ATTENTION return value for 'remake' has been changed to a dictionary
 format is {'commandStatus': 'SUCCESS' or 'FAILED',
            'workDir': name of the work directory created}
INFO 2025-02-23 16:31:53.788 UTC: 	 Warning: crab_WZtoLNu2Q_ext-v2/.requestcache not created, because it already exists.
INFO 2025-02-23 16:31:53.793 UTC: 	 Log file is /afs/cern.ch/work/j/jelee/nanoaod/workspace2025/CMSSW_13_3_0/src/PhysicsTools/NanoAODTools/crab_Run2_UL_Skim/2022preEE/WZtoLNu2Q_ext-v2/crab.log
DEBUG 2025-02-23 19:35:47.989 UTC: 	 CRAB Client version: v3.241125
DEBUG 2025-02-23 19:35:47.989 UTC: 	 Running on: Linux lxplus814.cern.ch 4.18.0-553.40.1.el8_10.x86_64 #1 SMP Thu Feb 6 21:20:51 EST 2025 x86_64 x86_64 x86_64 GNU/Linux
DEBUG 2025-02-23 19:35:47.989 UTC: 	 Not using Singularity
DEBUG 2025-02-23 19:35:47.989 UTC: 	 Operating System: Red Hat Enterprise Linux 8.10 (Ootpa)
DEBUG 2025-02-23 19:35:47.989 UTC: 	 Executing command: 'remake'
DEBUG 2025-02-23 19:35:48.237 UTC: 	 Found CRAB cache file /afs/cern.ch/user/j/jelee/.crab3
DEBUG 2025-02-23 19:35:48.238 UTC: 	 Checking credentials
DEBUG 2025-02-23 19:35:48.238 UTC: 	 Found proxy file /tmp/x509up_u21686
DEBUG 2025-02-23 19:35:48.238 UTC: 	 Making sure it has proper VOMS extension
DEBUG 2025-02-23 19:35:48.238 UTC: 	 Executing command :
 voms-proxy-info --vo --file /tmp/x509up_u21686
DEBUG 2025-02-23 19:35:48.709 UTC: 	 output : cms

 error: 
 retcode : 0
DEBUG 2025-02-23 19:35:48.710 UTC: 	 Getting proxy life time left
DEBUG 2025-02-23 19:35:48.710 UTC: 	 Executing command :
 voms-proxy-info --actimeleft --timeleft --file /tmp/x509up_u21686
DEBUG 2025-02-23 19:35:49.137 UTC: 	 output : 338409
338409

 error: 
 retcode : 0
DEBUG 2025-02-23 19:35:49.137 UTC: 	 Proxy valid for 94:00:09 hours
DEBUG 2025-02-23 19:35:49.138 UTC: 	 Encoded data for curl request: subresource=delegatedn
DEBUG 2025-02-23 19:35:49.176 UTC: 	 Registering user credentials on myproxy for /DC=ch/DC=cern/OU=computers/CN=crab-(preprod|prod)-tw(01|02).cern.ch|/DC=ch/DC=cern/OU=computers/CN=crab-dev-tw(01|02|03|04).cern.ch|/DC=ch/DC=cern/OU=Organic Units/OU=Users/CN=cmscrab/CN=(817881|373708)/CN=Robot: cms crab|/DC=ch/DC=cern/OU=Organic Units/OU=Users/CN=crabint1/CN=373708/CN=Robot: CMS CRAB Integration 1
DEBUG 2025-02-23 19:35:49.176 UTC: 	 Executing command :
 voms-proxy-info --identity --file /tmp/x509up_u21686
DEBUG 2025-02-23 19:35:49.603 UTC: 	 output : /DC=ch/DC=cern/OU=Organic Units/OU=Users/CN=jelee/CN=727784/CN=Jeongeun Lee

 error: 
 retcode : 0
DEBUG 2025-02-23 19:35:49.603 UTC: 	 Getting myproxy life time left for f1f3941e9d4a8be26269c6d003b41f2827f63184
DEBUG 2025-02-23 19:35:49.603 UTC: 	 Executing command :
 myproxy-info -s myproxy.cern.ch -l f1f3941e9d4a8be26269c6d003b41f2827f63184
DEBUG 2025-02-23 19:35:50.170 UTC: 	 output : username: f1f3941e9d4a8be26269c6d003b41f2827f63184
owner: /DC=ch/DC=cern/OU=Organic Units/OU=Users/CN=jelee/CN=727784/CN=Jeongeun Lee
  renewal policy: /DC=ch/DC=cern/OU=computers/CN=crab-(preprod|prod)-tw(01|02).cern.ch|/DC=ch/DC=cern/OU=computers/CN=crab-dev-tw(01|02|03|04).cern.ch|/DC=ch/DC=cern/OU=Organic Units/OU=Users/CN=cmscrab/CN=(817881|373708)/CN=Robot: cms crab|/DC=ch/DC=cern/OU=Organic Units/OU=Users/CN=crabint1/CN=373708/CN=Robot: CMS CRAB Integration 1
  trusted retrieval policy: /DC=ch/DC=cern/OU=computers/CN=crab-(preprod|prod)-tw(01|02).cern.ch|/DC=ch/DC=cern/OU=computers/CN=crab-dev-tw(01|02|03|04).cern.ch|/DC=ch/DC=cern/OU=Organic Units/OU=Users/CN=cmscrab/CN=(817881|373708)/CN=Robot: cms crab|/DC=ch/DC=cern/OU=Organic Units/OU=Users/CN=crabint1/CN=373708/CN=Robot: CMS CRAB Integration 1
  timeleft: 642:31:50  (26.8 days)

 error: 
 retcode : 0
DEBUG 2025-02-23 19:35:50.171 UTC: 	 Myproxy is valid: 2313060
DEBUG 2025-02-23 19:35:50.171 UTC: 	 Result of myproxy credential check:
  Credential exists on myproxy: username: f1f3941e9d4a8be26269c6d003b41f2827f63184  - validity: 26 days, 18:31:00
DEBUG 2025-02-23 19:35:50.171 UTC: 	 Command use: remake
DEBUG 2025-02-23 19:35:50.171 UTC: 	 Options use: ['--task=250222_164753:jelee_crab_WZtoLNu2Q_ext-v2']
DEBUG 2025-02-23 19:35:50.171 UTC: 	 Encoded data for curl request: subresource=version
DEBUG 2025-02-23 19:35:50.207 UTC: 	 CRABClient version: v3.241125
DEBUG 2025-02-23 19:35:50.207 UTC: 	 Instance is prod
DEBUG 2025-02-23 19:35:50.207 UTC: 	 Server base url is cmsweb.cern.ch
DEBUG 2025-02-23 19:35:50.208 UTC: 	 Command api workflow
WARNING 2025-02-23 19:35:50.208 UTC: 	 ATTENTION return value for 'remake' has been changed to a dictionary
 format is {'commandStatus': 'SUCCESS' or 'FAILED',
            'workDir': name of the work directory created}
INFO 2025-02-23 19:35:50.208 UTC: 	 Warning: crab_WZtoLNu2Q_ext-v2/.requestcache not created, because it already exists.
INFO 2025-02-23 19:35:50.259 UTC: 	 Log file is /afs/cern.ch/work/j/jelee/nanoaod/workspace2025/CMSSW_13_3_0/src/PhysicsTools/NanoAODTools/crab_Run2_UL_Skim/2022preEE/WZtoLNu2Q_ext-v2/crab.log
