DEBUG 2025-02-23 16:27:36.196 UTC: 	 CRAB Client version: v3.241125
DEBUG 2025-02-23 16:27:36.196 UTC: 	 Running on: Linux lxplus814.cern.ch 4.18.0-553.40.1.el8_10.x86_64 #1 SMP Thu Feb 6 21:20:51 EST 2025 x86_64 x86_64 x86_64 GNU/Linux
DEBUG 2025-02-23 16:27:36.196 UTC: 	 Not using Singularity
DEBUG 2025-02-23 16:27:36.196 UTC: 	 Operating System: Red Hat Enterprise Linux 8.10 (Ootpa)
DEBUG 2025-02-23 16:27:36.196 UTC: 	 Executing command: 'remake'
DEBUG 2025-02-23 16:27:36.196 UTC: 	 Found CRAB cache file /afs/cern.ch/user/j/jelee/.crab3
DEBUG 2025-02-23 16:27:36.197 UTC: 	 Checking credentials
DEBUG 2025-02-23 16:27:36.197 UTC: 	 Found proxy file /tmp/x509up_u21686
DEBUG 2025-02-23 16:27:36.197 UTC: 	 Making sure it has proper VOMS extension
DEBUG 2025-02-23 16:27:36.197 UTC: 	 Executing command :
 voms-proxy-info --vo --file /tmp/x509up_u21686
DEBUG 2025-02-23 16:27:36.573 UTC: 	 output : cms

 error: 
 retcode : 0
DEBUG 2025-02-23 16:27:36.573 UTC: 	 Getting proxy life time left
DEBUG 2025-02-23 16:27:36.573 UTC: 	 Executing command :
 voms-proxy-info --actimeleft --timeleft --file /tmp/x509up_u21686
DEBUG 2025-02-23 16:27:36.917 UTC: 	 output : 349702
349702

 error: 
 retcode : 0
DEBUG 2025-02-23 16:27:36.917 UTC: 	 Proxy valid for 97:08:22 hours
DEBUG 2025-02-23 16:27:36.918 UTC: 	 Encoded data for curl request: subresource=delegatedn
DEBUG 2025-02-23 16:27:36.952 UTC: 	 Registering user credentials on myproxy for /DC=ch/DC=cern/OU=computers/CN=crab-(preprod|prod)-tw(01|02).cern.ch|/DC=ch/DC=cern/OU=computers/CN=crab-dev-tw(01|02|03|04).cern.ch|/DC=ch/DC=cern/OU=Organic Units/OU=Users/CN=cmscrab/CN=(817881|373708)/CN=Robot: cms crab|/DC=ch/DC=cern/OU=Organic Units/OU=Users/CN=crabint1/CN=373708/CN=Robot: CMS CRAB Integration 1
DEBUG 2025-02-23 16:27:36.952 UTC: 	 Executing command :
 voms-proxy-info --identity --file /tmp/x509up_u21686
DEBUG 2025-02-23 16:27:37.297 UTC: 	 output : /DC=ch/DC=cern/OU=Organic Units/OU=Users/CN=jelee/CN=727784/CN=Jeongeun Lee

 error: 
 retcode : 0
DEBUG 2025-02-23 16:27:37.297 UTC: 	 Getting myproxy life time left for f1f3941e9d4a8be26269c6d003b41f2827f63184
DEBUG 2025-02-23 16:27:37.297 UTC: 	 Executing command :
 myproxy-info -s myproxy.cern.ch -l f1f3941e9d4a8be26269c6d003b41f2827f63184
DEBUG 2025-02-23 16:27:37.560 UTC: 	 output : username: f1f3941e9d4a8be26269c6d003b41f2827f63184
owner: /DC=ch/DC=cern/OU=Organic Units/OU=Users/CN=jelee/CN=727784/CN=Jeongeun Lee
  renewal policy: /DC=ch/DC=cern/OU=computers/CN=crab-(preprod|prod)-tw(01|02).cern.ch|/DC=ch/DC=cern/OU=computers/CN=crab-dev-tw(01|02|03|04).cern.ch|/DC=ch/DC=cern/OU=Organic Units/OU=Users/CN=cmscrab/CN=(817881|373708)/CN=Robot: cms crab|/DC=ch/DC=cern/OU=Organic Units/OU=Users/CN=crabint1/CN=373708/CN=Robot: CMS CRAB Integration 1
  trusted retrieval policy: /DC=ch/DC=cern/OU=computers/CN=crab-(preprod|prod)-tw(01|02).cern.ch|/DC=ch/DC=cern/OU=computers/CN=crab-dev-tw(01|02|03|04).cern.ch|/DC=ch/DC=cern/OU=Organic Units/OU=Users/CN=cmscrab/CN=(817881|373708)/CN=Robot: cms crab|/DC=ch/DC=cern/OU=Organic Units/OU=Users/CN=crabint1/CN=373708/CN=Robot: CMS CRAB Integration 1
  timeleft: 645:40:03  (26.9 days)

 error: 
 retcode : 0
DEBUG 2025-02-23 16:27:37.560 UTC: 	 Myproxy is valid: 2324400
DEBUG 2025-02-23 16:27:37.560 UTC: 	 Result of myproxy credential check:
  Credential exists on myproxy: username: f1f3941e9d4a8be26269c6d003b41f2827f63184  - validity: 26 days, 21:40:00
DEBUG 2025-02-23 16:27:37.561 UTC: 	 Command use: remake
DEBUG 2025-02-23 16:27:37.561 UTC: 	 Options use: ['--task=250222_164622:jelee_crab_WtoLNu-4Jets_MLNu-200to400']
DEBUG 2025-02-23 16:27:37.561 UTC: 	 Encoded data for curl request: subresource=version
DEBUG 2025-02-23 16:27:37.598 UTC: 	 CRABClient version: v3.241125
DEBUG 2025-02-23 16:27:37.598 UTC: 	 Instance is prod
DEBUG 2025-02-23 16:27:37.598 UTC: 	 Server base url is cmsweb.cern.ch
DEBUG 2025-02-23 16:27:37.598 UTC: 	 Command api workflow
WARNING 2025-02-23 16:27:37.598 UTC: 	 ATTENTION return value for 'remake' has been changed to a dictionary
 format is {'commandStatus': 'SUCCESS' or 'FAILED',
            'workDir': name of the work directory created}
INFO 2025-02-23 16:27:37.599 UTC: 	 Warning: crab_WtoLNu-4Jets_MLNu-200to400/.requestcache not created, because it already exists.
INFO 2025-02-23 16:27:37.600 UTC: 	 Log file is /afs/cern.ch/work/j/jelee/nanoaod/workspace2025/CMSSW_13_3_0/src/PhysicsTools/NanoAODTools/crab_Run2_UL_Skim/2022preEE/WtoLNu-4Jets_MLNu-200to400/crab.log
DEBUG 2025-02-23 19:33:28.448 UTC: 	 CRAB Client version: v3.241125
DEBUG 2025-02-23 19:33:28.449 UTC: 	 Running on: Linux lxplus814.cern.ch 4.18.0-553.40.1.el8_10.x86_64 #1 SMP Thu Feb 6 21:20:51 EST 2025 x86_64 x86_64 x86_64 GNU/Linux
DEBUG 2025-02-23 19:33:28.449 UTC: 	 Not using Singularity
DEBUG 2025-02-23 19:33:28.449 UTC: 	 Operating System: Red Hat Enterprise Linux 8.10 (Ootpa)
DEBUG 2025-02-23 19:33:28.449 UTC: 	 Executing command: 'remake'
DEBUG 2025-02-23 19:33:28.449 UTC: 	 Found CRAB cache file /afs/cern.ch/user/j/jelee/.crab3
DEBUG 2025-02-23 19:33:28.450 UTC: 	 Checking credentials
DEBUG 2025-02-23 19:33:28.450 UTC: 	 Found proxy file /tmp/x509up_u21686
DEBUG 2025-02-23 19:33:28.450 UTC: 	 Making sure it has proper VOMS extension
DEBUG 2025-02-23 19:33:28.450 UTC: 	 Executing command :
 voms-proxy-info --vo --file /tmp/x509up_u21686
DEBUG 2025-02-23 19:33:28.943 UTC: 	 output : cms

 error: 
 retcode : 0
DEBUG 2025-02-23 19:33:28.943 UTC: 	 Getting proxy life time left
DEBUG 2025-02-23 19:33:28.943 UTC: 	 Executing command :
 voms-proxy-info --actimeleft --timeleft --file /tmp/x509up_u21686
DEBUG 2025-02-23 19:33:29.389 UTC: 	 output : 338549
338549

 error: 
 retcode : 0
DEBUG 2025-02-23 19:33:29.389 UTC: 	 Proxy valid for 94:02:29 hours
DEBUG 2025-02-23 19:33:29.390 UTC: 	 Encoded data for curl request: subresource=delegatedn
DEBUG 2025-02-23 19:33:29.426 UTC: 	 Registering user credentials on myproxy for /DC=ch/DC=cern/OU=computers/CN=crab-(preprod|prod)-tw(01|02).cern.ch|/DC=ch/DC=cern/OU=computers/CN=crab-dev-tw(01|02|03|04).cern.ch|/DC=ch/DC=cern/OU=Organic Units/OU=Users/CN=cmscrab/CN=(817881|373708)/CN=Robot: cms crab|/DC=ch/DC=cern/OU=Organic Units/OU=Users/CN=crabint1/CN=373708/CN=Robot: CMS CRAB Integration 1
DEBUG 2025-02-23 19:33:29.426 UTC: 	 Executing command :
 voms-proxy-info --identity --file /tmp/x509up_u21686
DEBUG 2025-02-23 19:33:29.762 UTC: 	 output : /DC=ch/DC=cern/OU=Organic Units/OU=Users/CN=jelee/CN=727784/CN=Jeongeun Lee

 error: 
 retcode : 0
DEBUG 2025-02-23 19:33:29.762 UTC: 	 Getting myproxy life time left for f1f3941e9d4a8be26269c6d003b41f2827f63184
DEBUG 2025-02-23 19:33:29.762 UTC: 	 Executing command :
 myproxy-info -s myproxy.cern.ch -l f1f3941e9d4a8be26269c6d003b41f2827f63184
DEBUG 2025-02-23 19:33:30.383 UTC: 	 output : username: f1f3941e9d4a8be26269c6d003b41f2827f63184
owner: /DC=ch/DC=cern/OU=Organic Units/OU=Users/CN=jelee/CN=727784/CN=Jeongeun Lee
  renewal policy: /DC=ch/DC=cern/OU=computers/CN=crab-(preprod|prod)-tw(01|02).cern.ch|/DC=ch/DC=cern/OU=computers/CN=crab-dev-tw(01|02|03|04).cern.ch|/DC=ch/DC=cern/OU=Organic Units/OU=Users/CN=cmscrab/CN=(817881|373708)/CN=Robot: cms crab|/DC=ch/DC=cern/OU=Organic Units/OU=Users/CN=crabint1/CN=373708/CN=Robot: CMS CRAB Integration 1
  trusted retrieval policy: /DC=ch/DC=cern/OU=computers/CN=crab-(preprod|prod)-tw(01|02).cern.ch|/DC=ch/DC=cern/OU=computers/CN=crab-dev-tw(01|02|03|04).cern.ch|/DC=ch/DC=cern/OU=Organic Units/OU=Users/CN=cmscrab/CN=(817881|373708)/CN=Robot: cms crab|/DC=ch/DC=cern/OU=Organic Units/OU=Users/CN=crabint1/CN=373708/CN=Robot: CMS CRAB Integration 1
  timeleft: 642:34:10  (26.8 days)

 error: 
 retcode : 0
DEBUG 2025-02-23 19:33:30.383 UTC: 	 Myproxy is valid: 2313240
DEBUG 2025-02-23 19:33:30.383 UTC: 	 Result of myproxy credential check:
  Credential exists on myproxy: username: f1f3941e9d4a8be26269c6d003b41f2827f63184  - validity: 26 days, 18:34:00
DEBUG 2025-02-23 19:33:30.384 UTC: 	 Command use: remake
DEBUG 2025-02-23 19:33:30.384 UTC: 	 Options use: ['--task=250222_164622:jelee_crab_WtoLNu-4Jets_MLNu-200to400']
DEBUG 2025-02-23 19:33:30.384 UTC: 	 Encoded data for curl request: subresource=version
DEBUG 2025-02-23 19:33:30.419 UTC: 	 CRABClient version: v3.241125
DEBUG 2025-02-23 19:33:30.419 UTC: 	 Instance is prod
DEBUG 2025-02-23 19:33:30.419 UTC: 	 Server base url is cmsweb.cern.ch
DEBUG 2025-02-23 19:33:30.419 UTC: 	 Command api workflow
WARNING 2025-02-23 19:33:30.419 UTC: 	 ATTENTION return value for 'remake' has been changed to a dictionary
 format is {'commandStatus': 'SUCCESS' or 'FAILED',
            'workDir': name of the work directory created}
INFO 2025-02-23 19:33:30.419 UTC: 	 Warning: crab_WtoLNu-4Jets_MLNu-200to400/.requestcache not created, because it already exists.
INFO 2025-02-23 19:33:30.440 UTC: 	 Log file is /afs/cern.ch/work/j/jelee/nanoaod/workspace2025/CMSSW_13_3_0/src/PhysicsTools/NanoAODTools/crab_Run2_UL_Skim/2022preEE/WtoLNu-4Jets_MLNu-200to400/crab.log
