DEBUG 2025-02-23 16:27:49.341 UTC: 	 CRAB Client version: v3.241125
DEBUG 2025-02-23 16:27:49.341 UTC: 	 Running on: Linux lxplus814.cern.ch 4.18.0-553.40.1.el8_10.x86_64 #1 SMP Thu Feb 6 21:20:51 EST 2025 x86_64 x86_64 x86_64 GNU/Linux
DEBUG 2025-02-23 16:27:49.341 UTC: 	 Not using Singularity
DEBUG 2025-02-23 16:27:49.341 UTC: 	 Operating System: Red Hat Enterprise Linux 8.10 (Ootpa)
DEBUG 2025-02-23 16:27:49.342 UTC: 	 Executing command: 'remake'
DEBUG 2025-02-23 16:27:49.342 UTC: 	 Found CRAB cache file /afs/cern.ch/user/j/jelee/.crab3
DEBUG 2025-02-23 16:27:49.342 UTC: 	 Checking credentials
DEBUG 2025-02-23 16:27:49.342 UTC: 	 Found proxy file /tmp/x509up_u21686
DEBUG 2025-02-23 16:27:49.342 UTC: 	 Making sure it has proper VOMS extension
DEBUG 2025-02-23 16:27:49.342 UTC: 	 Executing command :
 voms-proxy-info --vo --file /tmp/x509up_u21686
DEBUG 2025-02-23 16:27:49.685 UTC: 	 output : cms

 error: 
 retcode : 0
DEBUG 2025-02-23 16:27:49.685 UTC: 	 Getting proxy life time left
DEBUG 2025-02-23 16:27:49.685 UTC: 	 Executing command :
 voms-proxy-info --actimeleft --timeleft --file /tmp/x509up_u21686
DEBUG 2025-02-23 16:27:50.013 UTC: 	 output : 349688
349688

 error: 
 retcode : 0
DEBUG 2025-02-23 16:27:50.013 UTC: 	 Proxy valid for 97:08:08 hours
DEBUG 2025-02-23 16:27:50.014 UTC: 	 Encoded data for curl request: subresource=delegatedn
DEBUG 2025-02-23 16:27:50.045 UTC: 	 Registering user credentials on myproxy for /DC=ch/DC=cern/OU=computers/CN=crab-(preprod|prod)-tw(01|02).cern.ch|/DC=ch/DC=cern/OU=computers/CN=crab-dev-tw(01|02|03|04).cern.ch|/DC=ch/DC=cern/OU=Organic Units/OU=Users/CN=cmscrab/CN=(817881|373708)/CN=Robot: cms crab|/DC=ch/DC=cern/OU=Organic Units/OU=Users/CN=crabint1/CN=373708/CN=Robot: CMS CRAB Integration 1
DEBUG 2025-02-23 16:27:50.045 UTC: 	 Executing command :
 voms-proxy-info --identity --file /tmp/x509up_u21686
DEBUG 2025-02-23 16:27:50.406 UTC: 	 output : /DC=ch/DC=cern/OU=Organic Units/OU=Users/CN=jelee/CN=727784/CN=Jeongeun Lee

 error: 
 retcode : 0
DEBUG 2025-02-23 16:27:50.407 UTC: 	 Getting myproxy life time left for f1f3941e9d4a8be26269c6d003b41f2827f63184
DEBUG 2025-02-23 16:27:50.407 UTC: 	 Executing command :
 myproxy-info -s myproxy.cern.ch -l f1f3941e9d4a8be26269c6d003b41f2827f63184
DEBUG 2025-02-23 16:27:50.676 UTC: 	 output : username: f1f3941e9d4a8be26269c6d003b41f2827f63184
owner: /DC=ch/DC=cern/OU=Organic Units/OU=Users/CN=jelee/CN=727784/CN=Jeongeun Lee
  renewal policy: /DC=ch/DC=cern/OU=computers/CN=crab-(preprod|prod)-tw(01|02).cern.ch|/DC=ch/DC=cern/OU=computers/CN=crab-dev-tw(01|02|03|04).cern.ch|/DC=ch/DC=cern/OU=Organic Units/OU=Users/CN=cmscrab/CN=(817881|373708)/CN=Robot: cms crab|/DC=ch/DC=cern/OU=Organic Units/OU=Users/CN=crabint1/CN=373708/CN=Robot: CMS CRAB Integration 1
  trusted retrieval policy: /DC=ch/DC=cern/OU=computers/CN=crab-(preprod|prod)-tw(01|02).cern.ch|/DC=ch/DC=cern/OU=computers/CN=crab-dev-tw(01|02|03|04).cern.ch|/DC=ch/DC=cern/OU=Organic Units/OU=Users/CN=cmscrab/CN=(817881|373708)/CN=Robot: cms crab|/DC=ch/DC=cern/OU=Organic Units/OU=Users/CN=crabint1/CN=373708/CN=Robot: CMS CRAB Integration 1
  timeleft: 645:39:50  (26.9 days)

 error: 
 retcode : 0
DEBUG 2025-02-23 16:27:50.676 UTC: 	 Myproxy is valid: 2324340
DEBUG 2025-02-23 16:27:50.676 UTC: 	 Result of myproxy credential check:
  Credential exists on myproxy: username: f1f3941e9d4a8be26269c6d003b41f2827f63184  - validity: 26 days, 21:39:00
DEBUG 2025-02-23 16:27:50.677 UTC: 	 Command use: remake
DEBUG 2025-02-23 16:27:50.677 UTC: 	 Options use: ['--task=250222_164627:jelee_crab_Muon_Run2022C']
DEBUG 2025-02-23 16:27:50.677 UTC: 	 Encoded data for curl request: subresource=version
DEBUG 2025-02-23 16:27:50.709 UTC: 	 CRABClient version: v3.241125
DEBUG 2025-02-23 16:27:50.709 UTC: 	 Instance is prod
DEBUG 2025-02-23 16:27:50.709 UTC: 	 Server base url is cmsweb.cern.ch
DEBUG 2025-02-23 16:27:50.709 UTC: 	 Command api workflow
WARNING 2025-02-23 16:27:50.709 UTC: 	 ATTENTION return value for 'remake' has been changed to a dictionary
 format is {'commandStatus': 'SUCCESS' or 'FAILED',
            'workDir': name of the work directory created}
INFO 2025-02-23 16:27:50.709 UTC: 	 Warning: crab_Muon_Run2022C/.requestcache not created, because it already exists.
INFO 2025-02-23 16:27:50.711 UTC: 	 Log file is /afs/cern.ch/work/j/jelee/nanoaod/workspace2025/CMSSW_13_3_0/src/PhysicsTools/NanoAODTools/crab_Run2_UL_Skim/2022preEE/Muon_Run2022C/crab.log
DEBUG 2025-02-23 19:33:37.477 UTC: 	 CRAB Client version: v3.241125
DEBUG 2025-02-23 19:33:37.477 UTC: 	 Running on: Linux lxplus814.cern.ch 4.18.0-553.40.1.el8_10.x86_64 #1 SMP Thu Feb 6 21:20:51 EST 2025 x86_64 x86_64 x86_64 GNU/Linux
DEBUG 2025-02-23 19:33:37.477 UTC: 	 Not using Singularity
DEBUG 2025-02-23 19:33:37.477 UTC: 	 Operating System: Red Hat Enterprise Linux 8.10 (Ootpa)
DEBUG 2025-02-23 19:33:37.477 UTC: 	 Executing command: 'remake'
DEBUG 2025-02-23 19:33:37.477 UTC: 	 Found CRAB cache file /afs/cern.ch/user/j/jelee/.crab3
DEBUG 2025-02-23 19:33:37.478 UTC: 	 Checking credentials
DEBUG 2025-02-23 19:33:37.478 UTC: 	 Found proxy file /tmp/x509up_u21686
DEBUG 2025-02-23 19:33:37.478 UTC: 	 Making sure it has proper VOMS extension
DEBUG 2025-02-23 19:33:37.478 UTC: 	 Executing command :
 voms-proxy-info --vo --file /tmp/x509up_u21686
DEBUG 2025-02-23 19:33:37.869 UTC: 	 output : cms

 error: 
 retcode : 0
DEBUG 2025-02-23 19:33:37.869 UTC: 	 Getting proxy life time left
DEBUG 2025-02-23 19:33:37.869 UTC: 	 Executing command :
 voms-proxy-info --actimeleft --timeleft --file /tmp/x509up_u21686
DEBUG 2025-02-23 19:33:38.267 UTC: 	 output : 338540
338540

 error: 
 retcode : 0
DEBUG 2025-02-23 19:33:38.268 UTC: 	 Proxy valid for 94:02:20 hours
DEBUG 2025-02-23 19:33:38.268 UTC: 	 Encoded data for curl request: subresource=delegatedn
DEBUG 2025-02-23 19:33:38.306 UTC: 	 Registering user credentials on myproxy for /DC=ch/DC=cern/OU=computers/CN=crab-(preprod|prod)-tw(01|02).cern.ch|/DC=ch/DC=cern/OU=computers/CN=crab-dev-tw(01|02|03|04).cern.ch|/DC=ch/DC=cern/OU=Organic Units/OU=Users/CN=cmscrab/CN=(817881|373708)/CN=Robot: cms crab|/DC=ch/DC=cern/OU=Organic Units/OU=Users/CN=crabint1/CN=373708/CN=Robot: CMS CRAB Integration 1
DEBUG 2025-02-23 19:33:38.306 UTC: 	 Executing command :
 voms-proxy-info --identity --file /tmp/x509up_u21686
DEBUG 2025-02-23 19:33:38.695 UTC: 	 output : /DC=ch/DC=cern/OU=Organic Units/OU=Users/CN=jelee/CN=727784/CN=Jeongeun Lee

 error: 
 retcode : 0
DEBUG 2025-02-23 19:33:38.695 UTC: 	 Getting myproxy life time left for f1f3941e9d4a8be26269c6d003b41f2827f63184
DEBUG 2025-02-23 19:33:38.695 UTC: 	 Executing command :
 myproxy-info -s myproxy.cern.ch -l f1f3941e9d4a8be26269c6d003b41f2827f63184
DEBUG 2025-02-23 19:33:39.594 UTC: 	 output : username: f1f3941e9d4a8be26269c6d003b41f2827f63184
owner: /DC=ch/DC=cern/OU=Organic Units/OU=Users/CN=jelee/CN=727784/CN=Jeongeun Lee
  renewal policy: /DC=ch/DC=cern/OU=computers/CN=crab-(preprod|prod)-tw(01|02).cern.ch|/DC=ch/DC=cern/OU=computers/CN=crab-dev-tw(01|02|03|04).cern.ch|/DC=ch/DC=cern/OU=Organic Units/OU=Users/CN=cmscrab/CN=(817881|373708)/CN=Robot: cms crab|/DC=ch/DC=cern/OU=Organic Units/OU=Users/CN=crabint1/CN=373708/CN=Robot: CMS CRAB Integration 1
  trusted retrieval policy: /DC=ch/DC=cern/OU=computers/CN=crab-(preprod|prod)-tw(01|02).cern.ch|/DC=ch/DC=cern/OU=computers/CN=crab-dev-tw(01|02|03|04).cern.ch|/DC=ch/DC=cern/OU=Organic Units/OU=Users/CN=cmscrab/CN=(817881|373708)/CN=Robot: cms crab|/DC=ch/DC=cern/OU=Organic Units/OU=Users/CN=crabint1/CN=373708/CN=Robot: CMS CRAB Integration 1
  timeleft: 642:34:01  (26.8 days)

 error: 
 retcode : 0
DEBUG 2025-02-23 19:33:39.594 UTC: 	 Myproxy is valid: 2313240
DEBUG 2025-02-23 19:33:39.594 UTC: 	 Result of myproxy credential check:
  Credential exists on myproxy: username: f1f3941e9d4a8be26269c6d003b41f2827f63184  - validity: 26 days, 18:34:00
DEBUG 2025-02-23 19:33:39.594 UTC: 	 Command use: remake
DEBUG 2025-02-23 19:33:39.594 UTC: 	 Options use: ['--task=250222_164627:jelee_crab_Muon_Run2022C']
DEBUG 2025-02-23 19:33:39.595 UTC: 	 Encoded data for curl request: subresource=version
DEBUG 2025-02-23 19:33:39.802 UTC: 	 CRABClient version: v3.241125
DEBUG 2025-02-23 19:33:39.802 UTC: 	 Instance is prod
DEBUG 2025-02-23 19:33:39.802 UTC: 	 Server base url is cmsweb.cern.ch
DEBUG 2025-02-23 19:33:39.802 UTC: 	 Command api workflow
WARNING 2025-02-23 19:33:39.802 UTC: 	 ATTENTION return value for 'remake' has been changed to a dictionary
 format is {'commandStatus': 'SUCCESS' or 'FAILED',
            'workDir': name of the work directory created}
INFO 2025-02-23 19:33:39.802 UTC: 	 Warning: crab_Muon_Run2022C/.requestcache not created, because it already exists.
INFO 2025-02-23 19:33:39.813 UTC: 	 Log file is /afs/cern.ch/work/j/jelee/nanoaod/workspace2025/CMSSW_13_3_0/src/PhysicsTools/NanoAODTools/crab_Run2_UL_Skim/2022preEE/Muon_Run2022C/crab.log
