DEBUG 2025-02-23 16:29:01.092 UTC: 	 CRAB Client version: v3.241125
DEBUG 2025-02-23 16:29:01.093 UTC: 	 Running on: Linux lxplus814.cern.ch 4.18.0-553.40.1.el8_10.x86_64 #1 SMP Thu Feb 6 21:20:51 EST 2025 x86_64 x86_64 x86_64 GNU/Linux
DEBUG 2025-02-23 16:29:01.093 UTC: 	 Not using Singularity
DEBUG 2025-02-23 16:29:01.093 UTC: 	 Operating System: Red Hat Enterprise Linux 8.10 (Ootpa)
DEBUG 2025-02-23 16:29:01.093 UTC: 	 Executing command: 'remake'
DEBUG 2025-02-23 16:29:01.093 UTC: 	 Found CRAB cache file /afs/cern.ch/user/j/jelee/.crab3
DEBUG 2025-02-23 16:29:01.093 UTC: 	 Checking credentials
DEBUG 2025-02-23 16:29:01.093 UTC: 	 Found proxy file /tmp/x509up_u21686
DEBUG 2025-02-23 16:29:01.093 UTC: 	 Making sure it has proper VOMS extension
DEBUG 2025-02-23 16:29:01.093 UTC: 	 Executing command :
 voms-proxy-info --vo --file /tmp/x509up_u21686
DEBUG 2025-02-23 16:29:01.448 UTC: 	 output : cms

 error: 
 retcode : 0
DEBUG 2025-02-23 16:29:01.448 UTC: 	 Getting proxy life time left
DEBUG 2025-02-23 16:29:01.448 UTC: 	 Executing command :
 voms-proxy-info --actimeleft --timeleft --file /tmp/x509up_u21686
DEBUG 2025-02-23 16:29:01.889 UTC: 	 output : 349617
349617

 error: 
 retcode : 0
DEBUG 2025-02-23 16:29:01.889 UTC: 	 Proxy valid for 97:06:57 hours
DEBUG 2025-02-23 16:29:01.890 UTC: 	 Encoded data for curl request: subresource=delegatedn
DEBUG 2025-02-23 16:29:01.925 UTC: 	 Registering user credentials on myproxy for /DC=ch/DC=cern/OU=computers/CN=crab-(preprod|prod)-tw(01|02).cern.ch|/DC=ch/DC=cern/OU=computers/CN=crab-dev-tw(01|02|03|04).cern.ch|/DC=ch/DC=cern/OU=Organic Units/OU=Users/CN=cmscrab/CN=(817881|373708)/CN=Robot: cms crab|/DC=ch/DC=cern/OU=Organic Units/OU=Users/CN=crabint1/CN=373708/CN=Robot: CMS CRAB Integration 1
DEBUG 2025-02-23 16:29:01.925 UTC: 	 Executing command :
 voms-proxy-info --identity --file /tmp/x509up_u21686
DEBUG 2025-02-23 16:29:02.378 UTC: 	 output : /DC=ch/DC=cern/OU=Organic Units/OU=Users/CN=jelee/CN=727784/CN=Jeongeun Lee

 error: 
 retcode : 0
DEBUG 2025-02-23 16:29:02.378 UTC: 	 Getting myproxy life time left for f1f3941e9d4a8be26269c6d003b41f2827f63184
DEBUG 2025-02-23 16:29:02.378 UTC: 	 Executing command :
 myproxy-info -s myproxy.cern.ch -l f1f3941e9d4a8be26269c6d003b41f2827f63184
DEBUG 2025-02-23 16:29:02.668 UTC: 	 output : username: f1f3941e9d4a8be26269c6d003b41f2827f63184
owner: /DC=ch/DC=cern/OU=Organic Units/OU=Users/CN=jelee/CN=727784/CN=Jeongeun Lee
  renewal policy: /DC=ch/DC=cern/OU=computers/CN=crab-(preprod|prod)-tw(01|02).cern.ch|/DC=ch/DC=cern/OU=computers/CN=crab-dev-tw(01|02|03|04).cern.ch|/DC=ch/DC=cern/OU=Organic Units/OU=Users/CN=cmscrab/CN=(817881|373708)/CN=Robot: cms crab|/DC=ch/DC=cern/OU=Organic Units/OU=Users/CN=crabint1/CN=373708/CN=Robot: CMS CRAB Integration 1
  trusted retrieval policy: /DC=ch/DC=cern/OU=computers/CN=crab-(preprod|prod)-tw(01|02).cern.ch|/DC=ch/DC=cern/OU=computers/CN=crab-dev-tw(01|02|03|04).cern.ch|/DC=ch/DC=cern/OU=Organic Units/OU=Users/CN=cmscrab/CN=(817881|373708)/CN=Robot: cms crab|/DC=ch/DC=cern/OU=Organic Units/OU=Users/CN=crabint1/CN=373708/CN=Robot: CMS CRAB Integration 1
  timeleft: 645:38:38  (26.9 days)

 error: 
 retcode : 0
DEBUG 2025-02-23 16:29:02.668 UTC: 	 Myproxy is valid: 2324280
DEBUG 2025-02-23 16:29:02.668 UTC: 	 Result of myproxy credential check:
  Credential exists on myproxy: username: f1f3941e9d4a8be26269c6d003b41f2827f63184  - validity: 26 days, 21:38:00
DEBUG 2025-02-23 16:29:02.668 UTC: 	 Command use: remake
DEBUG 2025-02-23 16:29:02.668 UTC: 	 Options use: ['--task=250222_164656:jelee_crab_DYto2Mu_MLL-120to200']
DEBUG 2025-02-23 16:29:02.669 UTC: 	 Encoded data for curl request: subresource=version
DEBUG 2025-02-23 16:29:02.705 UTC: 	 CRABClient version: v3.241125
DEBUG 2025-02-23 16:29:02.705 UTC: 	 Instance is prod
DEBUG 2025-02-23 16:29:02.705 UTC: 	 Server base url is cmsweb.cern.ch
DEBUG 2025-02-23 16:29:02.705 UTC: 	 Command api workflow
WARNING 2025-02-23 16:29:02.705 UTC: 	 ATTENTION return value for 'remake' has been changed to a dictionary
 format is {'commandStatus': 'SUCCESS' or 'FAILED',
            'workDir': name of the work directory created}
INFO 2025-02-23 16:29:02.705 UTC: 	 Warning: crab_DYto2Mu_MLL-120to200/.requestcache not created, because it already exists.
INFO 2025-02-23 16:29:02.707 UTC: 	 Log file is /afs/cern.ch/work/j/jelee/nanoaod/workspace2025/CMSSW_13_3_0/src/PhysicsTools/NanoAODTools/crab_Run2_UL_Skim/2022preEE/DYto2Mu_MLL-120to200/crab.log
DEBUG 2025-02-23 19:34:18.679 UTC: 	 CRAB Client version: v3.241125
DEBUG 2025-02-23 19:34:18.679 UTC: 	 Running on: Linux lxplus814.cern.ch 4.18.0-553.40.1.el8_10.x86_64 #1 SMP Thu Feb 6 21:20:51 EST 2025 x86_64 x86_64 x86_64 GNU/Linux
DEBUG 2025-02-23 19:34:18.679 UTC: 	 Not using Singularity
DEBUG 2025-02-23 19:34:18.679 UTC: 	 Operating System: Red Hat Enterprise Linux 8.10 (Ootpa)
DEBUG 2025-02-23 19:34:18.679 UTC: 	 Executing command: 'remake'
DEBUG 2025-02-23 19:34:18.680 UTC: 	 Found CRAB cache file /afs/cern.ch/user/j/jelee/.crab3
DEBUG 2025-02-23 19:34:18.680 UTC: 	 Checking credentials
DEBUG 2025-02-23 19:34:18.680 UTC: 	 Found proxy file /tmp/x509up_u21686
DEBUG 2025-02-23 19:34:18.680 UTC: 	 Making sure it has proper VOMS extension
DEBUG 2025-02-23 19:34:18.680 UTC: 	 Executing command :
 voms-proxy-info --vo --file /tmp/x509up_u21686
DEBUG 2025-02-23 19:34:19.085 UTC: 	 output : cms

 error: 
 retcode : 0
DEBUG 2025-02-23 19:34:19.085 UTC: 	 Getting proxy life time left
DEBUG 2025-02-23 19:34:19.085 UTC: 	 Executing command :
 voms-proxy-info --actimeleft --timeleft --file /tmp/x509up_u21686
DEBUG 2025-02-23 19:34:19.496 UTC: 	 output : 338499
338499

 error: 
 retcode : 0
DEBUG 2025-02-23 19:34:19.496 UTC: 	 Proxy valid for 94:01:39 hours
DEBUG 2025-02-23 19:34:19.497 UTC: 	 Encoded data for curl request: subresource=delegatedn
DEBUG 2025-02-23 19:34:19.534 UTC: 	 Registering user credentials on myproxy for /DC=ch/DC=cern/OU=computers/CN=crab-(preprod|prod)-tw(01|02).cern.ch|/DC=ch/DC=cern/OU=computers/CN=crab-dev-tw(01|02|03|04).cern.ch|/DC=ch/DC=cern/OU=Organic Units/OU=Users/CN=cmscrab/CN=(817881|373708)/CN=Robot: cms crab|/DC=ch/DC=cern/OU=Organic Units/OU=Users/CN=crabint1/CN=373708/CN=Robot: CMS CRAB Integration 1
DEBUG 2025-02-23 19:34:19.534 UTC: 	 Executing command :
 voms-proxy-info --identity --file /tmp/x509up_u21686
DEBUG 2025-02-23 19:34:19.890 UTC: 	 output : /DC=ch/DC=cern/OU=Organic Units/OU=Users/CN=jelee/CN=727784/CN=Jeongeun Lee

 error: 
 retcode : 0
DEBUG 2025-02-23 19:34:19.890 UTC: 	 Getting myproxy life time left for f1f3941e9d4a8be26269c6d003b41f2827f63184
DEBUG 2025-02-23 19:34:19.890 UTC: 	 Executing command :
 myproxy-info -s myproxy.cern.ch -l f1f3941e9d4a8be26269c6d003b41f2827f63184
DEBUG 2025-02-23 19:34:20.150 UTC: 	 output : username: f1f3941e9d4a8be26269c6d003b41f2827f63184
owner: /DC=ch/DC=cern/OU=Organic Units/OU=Users/CN=jelee/CN=727784/CN=Jeongeun Lee
  renewal policy: /DC=ch/DC=cern/OU=computers/CN=crab-(preprod|prod)-tw(01|02).cern.ch|/DC=ch/DC=cern/OU=computers/CN=crab-dev-tw(01|02|03|04).cern.ch|/DC=ch/DC=cern/OU=Organic Units/OU=Users/CN=cmscrab/CN=(817881|373708)/CN=Robot: cms crab|/DC=ch/DC=cern/OU=Organic Units/OU=Users/CN=crabint1/CN=373708/CN=Robot: CMS CRAB Integration 1
  trusted retrieval policy: /DC=ch/DC=cern/OU=computers/CN=crab-(preprod|prod)-tw(01|02).cern.ch|/DC=ch/DC=cern/OU=computers/CN=crab-dev-tw(01|02|03|04).cern.ch|/DC=ch/DC=cern/OU=Organic Units/OU=Users/CN=cmscrab/CN=(817881|373708)/CN=Robot: cms crab|/DC=ch/DC=cern/OU=Organic Units/OU=Users/CN=crabint1/CN=373708/CN=Robot: CMS CRAB Integration 1
  timeleft: 642:33:20  (26.8 days)

 error: 
 retcode : 0
DEBUG 2025-02-23 19:34:20.150 UTC: 	 Myproxy is valid: 2313180
DEBUG 2025-02-23 19:34:20.150 UTC: 	 Result of myproxy credential check:
  Credential exists on myproxy: username: f1f3941e9d4a8be26269c6d003b41f2827f63184  - validity: 26 days, 18:33:00
DEBUG 2025-02-23 19:34:20.150 UTC: 	 Command use: remake
DEBUG 2025-02-23 19:34:20.150 UTC: 	 Options use: ['--task=250222_164656:jelee_crab_DYto2Mu_MLL-120to200']
DEBUG 2025-02-23 19:34:20.151 UTC: 	 Encoded data for curl request: subresource=version
DEBUG 2025-02-23 19:34:20.186 UTC: 	 CRABClient version: v3.241125
DEBUG 2025-02-23 19:34:20.186 UTC: 	 Instance is prod
DEBUG 2025-02-23 19:34:20.186 UTC: 	 Server base url is cmsweb.cern.ch
DEBUG 2025-02-23 19:34:20.186 UTC: 	 Command api workflow
WARNING 2025-02-23 19:34:20.186 UTC: 	 ATTENTION return value for 'remake' has been changed to a dictionary
 format is {'commandStatus': 'SUCCESS' or 'FAILED',
            'workDir': name of the work directory created}
INFO 2025-02-23 19:34:20.186 UTC: 	 Warning: crab_DYto2Mu_MLL-120to200/.requestcache not created, because it already exists.
INFO 2025-02-23 19:34:20.204 UTC: 	 Log file is /afs/cern.ch/work/j/jelee/nanoaod/workspace2025/CMSSW_13_3_0/src/PhysicsTools/NanoAODTools/crab_Run2_UL_Skim/2022preEE/DYto2Mu_MLL-120to200/crab.log
