DEBUG 2025-02-23 16:31:21.385 UTC: 	 CRAB Client version: v3.241125
DEBUG 2025-02-23 16:31:21.385 UTC: 	 Running on: Linux lxplus814.cern.ch 4.18.0-553.40.1.el8_10.x86_64 #1 SMP Thu Feb 6 21:20:51 EST 2025 x86_64 x86_64 x86_64 GNU/Linux
DEBUG 2025-02-23 16:31:21.385 UTC: 	 Not using Singularity
DEBUG 2025-02-23 16:31:21.385 UTC: 	 Operating System: Red Hat Enterprise Linux 8.10 (Ootpa)
DEBUG 2025-02-23 16:31:21.385 UTC: 	 Executing command: 'remake'
DEBUG 2025-02-23 16:31:21.386 UTC: 	 Found CRAB cache file /afs/cern.ch/user/j/jelee/.crab3
DEBUG 2025-02-23 16:31:21.386 UTC: 	 Checking credentials
DEBUG 2025-02-23 16:31:21.386 UTC: 	 Found proxy file /tmp/x509up_u21686
DEBUG 2025-02-23 16:31:21.386 UTC: 	 Making sure it has proper VOMS extension
DEBUG 2025-02-23 16:31:21.386 UTC: 	 Executing command :
 voms-proxy-info --vo --file /tmp/x509up_u21686
DEBUG 2025-02-23 16:31:21.716 UTC: 	 output : cms

 error: 
 retcode : 0
DEBUG 2025-02-23 16:31:21.716 UTC: 	 Getting proxy life time left
DEBUG 2025-02-23 16:31:21.716 UTC: 	 Executing command :
 voms-proxy-info --actimeleft --timeleft --file /tmp/x509up_u21686
DEBUG 2025-02-23 16:31:22.054 UTC: 	 output : 349476
349476

 error: 
 retcode : 0
DEBUG 2025-02-23 16:31:22.054 UTC: 	 Proxy valid for 97:04:36 hours
DEBUG 2025-02-23 16:31:22.054 UTC: 	 Encoded data for curl request: subresource=delegatedn
DEBUG 2025-02-23 16:31:22.088 UTC: 	 Registering user credentials on myproxy for /DC=ch/DC=cern/OU=computers/CN=crab-(preprod|prod)-tw(01|02).cern.ch|/DC=ch/DC=cern/OU=computers/CN=crab-dev-tw(01|02|03|04).cern.ch|/DC=ch/DC=cern/OU=Organic Units/OU=Users/CN=cmscrab/CN=(817881|373708)/CN=Robot: cms crab|/DC=ch/DC=cern/OU=Organic Units/OU=Users/CN=crabint1/CN=373708/CN=Robot: CMS CRAB Integration 1
DEBUG 2025-02-23 16:31:22.088 UTC: 	 Executing command :
 voms-proxy-info --identity --file /tmp/x509up_u21686
DEBUG 2025-02-23 16:31:22.494 UTC: 	 output : /DC=ch/DC=cern/OU=Organic Units/OU=Users/CN=jelee/CN=727784/CN=Jeongeun Lee

 error: 
 retcode : 0
DEBUG 2025-02-23 16:31:22.494 UTC: 	 Getting myproxy life time left for f1f3941e9d4a8be26269c6d003b41f2827f63184
DEBUG 2025-02-23 16:31:22.494 UTC: 	 Executing command :
 myproxy-info -s myproxy.cern.ch -l f1f3941e9d4a8be26269c6d003b41f2827f63184
DEBUG 2025-02-23 16:31:22.758 UTC: 	 output : username: f1f3941e9d4a8be26269c6d003b41f2827f63184
owner: /DC=ch/DC=cern/OU=Organic Units/OU=Users/CN=jelee/CN=727784/CN=Jeongeun Lee
  renewal policy: /DC=ch/DC=cern/OU=computers/CN=crab-(preprod|prod)-tw(01|02).cern.ch|/DC=ch/DC=cern/OU=computers/CN=crab-dev-tw(01|02|03|04).cern.ch|/DC=ch/DC=cern/OU=Organic Units/OU=Users/CN=cmscrab/CN=(817881|373708)/CN=Robot: cms crab|/DC=ch/DC=cern/OU=Organic Units/OU=Users/CN=crabint1/CN=373708/CN=Robot: CMS CRAB Integration 1
  trusted retrieval policy: /DC=ch/DC=cern/OU=computers/CN=crab-(preprod|prod)-tw(01|02).cern.ch|/DC=ch/DC=cern/OU=computers/CN=crab-dev-tw(01|02|03|04).cern.ch|/DC=ch/DC=cern/OU=Organic Units/OU=Users/CN=cmscrab/CN=(817881|373708)/CN=Robot: cms crab|/DC=ch/DC=cern/OU=Organic Units/OU=Users/CN=crabint1/CN=373708/CN=Robot: CMS CRAB Integration 1
  timeleft: 645:36:18  (26.9 days)

 error: 
 retcode : 0
DEBUG 2025-02-23 16:31:22.758 UTC: 	 Myproxy is valid: 2324160
DEBUG 2025-02-23 16:31:22.758 UTC: 	 Result of myproxy credential check:
  Credential exists on myproxy: username: f1f3941e9d4a8be26269c6d003b41f2827f63184  - validity: 26 days, 21:36:00
DEBUG 2025-02-23 16:31:22.758 UTC: 	 Command use: remake
DEBUG 2025-02-23 16:31:22.758 UTC: 	 Options use: ['--task=250222_164739:jelee_crab_TWminusto2L2Nu_ext1-v2']
DEBUG 2025-02-23 16:31:22.758 UTC: 	 Encoded data for curl request: subresource=version
DEBUG 2025-02-23 16:31:22.795 UTC: 	 CRABClient version: v3.241125
DEBUG 2025-02-23 16:31:22.795 UTC: 	 Instance is prod
DEBUG 2025-02-23 16:31:22.795 UTC: 	 Server base url is cmsweb.cern.ch
DEBUG 2025-02-23 16:31:22.795 UTC: 	 Command api workflow
WARNING 2025-02-23 16:31:22.795 UTC: 	 ATTENTION return value for 'remake' has been changed to a dictionary
 format is {'commandStatus': 'SUCCESS' or 'FAILED',
            'workDir': name of the work directory created}
INFO 2025-02-23 16:31:22.795 UTC: 	 Warning: crab_TWminusto2L2Nu_ext1-v2/.requestcache not created, because it already exists.
INFO 2025-02-23 16:31:22.797 UTC: 	 Log file is /afs/cern.ch/work/j/jelee/nanoaod/workspace2025/CMSSW_13_3_0/src/PhysicsTools/NanoAODTools/crab_Run2_UL_Skim/2022preEE/TWminusto2L2Nu_ext1-v2/crab.log
DEBUG 2025-02-23 19:35:30.126 UTC: 	 CRAB Client version: v3.241125
DEBUG 2025-02-23 19:35:30.126 UTC: 	 Running on: Linux lxplus814.cern.ch 4.18.0-553.40.1.el8_10.x86_64 #1 SMP Thu Feb 6 21:20:51 EST 2025 x86_64 x86_64 x86_64 GNU/Linux
DEBUG 2025-02-23 19:35:30.126 UTC: 	 Not using Singularity
DEBUG 2025-02-23 19:35:30.126 UTC: 	 Operating System: Red Hat Enterprise Linux 8.10 (Ootpa)
DEBUG 2025-02-23 19:35:30.126 UTC: 	 Executing command: 'remake'
DEBUG 2025-02-23 19:35:30.126 UTC: 	 Found CRAB cache file /afs/cern.ch/user/j/jelee/.crab3
DEBUG 2025-02-23 19:35:30.127 UTC: 	 Checking credentials
DEBUG 2025-02-23 19:35:30.127 UTC: 	 Found proxy file /tmp/x509up_u21686
DEBUG 2025-02-23 19:35:30.127 UTC: 	 Making sure it has proper VOMS extension
DEBUG 2025-02-23 19:35:30.127 UTC: 	 Executing command :
 voms-proxy-info --vo --file /tmp/x509up_u21686
DEBUG 2025-02-23 19:35:30.541 UTC: 	 output : cms

 error: 
 retcode : 0
DEBUG 2025-02-23 19:35:30.541 UTC: 	 Getting proxy life time left
DEBUG 2025-02-23 19:35:30.541 UTC: 	 Executing command :
 voms-proxy-info --actimeleft --timeleft --file /tmp/x509up_u21686
DEBUG 2025-02-23 19:35:30.981 UTC: 	 output : 338428
338428

 error: 
 retcode : 0
DEBUG 2025-02-23 19:35:30.981 UTC: 	 Proxy valid for 94:00:28 hours
DEBUG 2025-02-23 19:35:30.981 UTC: 	 Encoded data for curl request: subresource=delegatedn
DEBUG 2025-02-23 19:35:31.016 UTC: 	 Registering user credentials on myproxy for /DC=ch/DC=cern/OU=computers/CN=crab-(preprod|prod)-tw(01|02).cern.ch|/DC=ch/DC=cern/OU=computers/CN=crab-dev-tw(01|02|03|04).cern.ch|/DC=ch/DC=cern/OU=Organic Units/OU=Users/CN=cmscrab/CN=(817881|373708)/CN=Robot: cms crab|/DC=ch/DC=cern/OU=Organic Units/OU=Users/CN=crabint1/CN=373708/CN=Robot: CMS CRAB Integration 1
DEBUG 2025-02-23 19:35:31.017 UTC: 	 Executing command :
 voms-proxy-info --identity --file /tmp/x509up_u21686
DEBUG 2025-02-23 19:35:31.460 UTC: 	 output : /DC=ch/DC=cern/OU=Organic Units/OU=Users/CN=jelee/CN=727784/CN=Jeongeun Lee

 error: 
 retcode : 0
DEBUG 2025-02-23 19:35:31.460 UTC: 	 Getting myproxy life time left for f1f3941e9d4a8be26269c6d003b41f2827f63184
DEBUG 2025-02-23 19:35:31.460 UTC: 	 Executing command :
 myproxy-info -s myproxy.cern.ch -l f1f3941e9d4a8be26269c6d003b41f2827f63184
DEBUG 2025-02-23 19:35:31.871 UTC: 	 output : username: f1f3941e9d4a8be26269c6d003b41f2827f63184
owner: /DC=ch/DC=cern/OU=Organic Units/OU=Users/CN=jelee/CN=727784/CN=Jeongeun Lee
  renewal policy: /DC=ch/DC=cern/OU=computers/CN=crab-(preprod|prod)-tw(01|02).cern.ch|/DC=ch/DC=cern/OU=computers/CN=crab-dev-tw(01|02|03|04).cern.ch|/DC=ch/DC=cern/OU=Organic Units/OU=Users/CN=cmscrab/CN=(817881|373708)/CN=Robot: cms crab|/DC=ch/DC=cern/OU=Organic Units/OU=Users/CN=crabint1/CN=373708/CN=Robot: CMS CRAB Integration 1
  trusted retrieval policy: /DC=ch/DC=cern/OU=computers/CN=crab-(preprod|prod)-tw(01|02).cern.ch|/DC=ch/DC=cern/OU=computers/CN=crab-dev-tw(01|02|03|04).cern.ch|/DC=ch/DC=cern/OU=Organic Units/OU=Users/CN=cmscrab/CN=(817881|373708)/CN=Robot: cms crab|/DC=ch/DC=cern/OU=Organic Units/OU=Users/CN=crabint1/CN=373708/CN=Robot: CMS CRAB Integration 1
  timeleft: 642:32:09  (26.8 days)

 error: 
 retcode : 0
DEBUG 2025-02-23 19:35:31.871 UTC: 	 Myproxy is valid: 2313120
DEBUG 2025-02-23 19:35:31.871 UTC: 	 Result of myproxy credential check:
  Credential exists on myproxy: username: f1f3941e9d4a8be26269c6d003b41f2827f63184  - validity: 26 days, 18:32:00
DEBUG 2025-02-23 19:35:31.872 UTC: 	 Command use: remake
DEBUG 2025-02-23 19:35:31.872 UTC: 	 Options use: ['--task=250222_164739:jelee_crab_TWminusto2L2Nu_ext1-v2']
DEBUG 2025-02-23 19:35:31.872 UTC: 	 Encoded data for curl request: subresource=version
DEBUG 2025-02-23 19:35:31.919 UTC: 	 CRABClient version: v3.241125
DEBUG 2025-02-23 19:35:31.920 UTC: 	 Instance is prod
DEBUG 2025-02-23 19:35:31.920 UTC: 	 Server base url is cmsweb.cern.ch
DEBUG 2025-02-23 19:35:31.920 UTC: 	 Command api workflow
WARNING 2025-02-23 19:35:31.920 UTC: 	 ATTENTION return value for 'remake' has been changed to a dictionary
 format is {'commandStatus': 'SUCCESS' or 'FAILED',
            'workDir': name of the work directory created}
INFO 2025-02-23 19:35:31.920 UTC: 	 Warning: crab_TWminusto2L2Nu_ext1-v2/.requestcache not created, because it already exists.
INFO 2025-02-23 19:35:32.093 UTC: 	 Log file is /afs/cern.ch/work/j/jelee/nanoaod/workspace2025/CMSSW_13_3_0/src/PhysicsTools/NanoAODTools/crab_Run2_UL_Skim/2022preEE/TWminusto2L2Nu_ext1-v2/crab.log
