DEBUG 2025-02-23 16:28:12.527 UTC: 	 CRAB Client version: v3.241125
DEBUG 2025-02-23 16:28:12.527 UTC: 	 Running on: Linux lxplus814.cern.ch 4.18.0-553.40.1.el8_10.x86_64 #1 SMP Thu Feb 6 21:20:51 EST 2025 x86_64 x86_64 x86_64 GNU/Linux
DEBUG 2025-02-23 16:28:12.527 UTC: 	 Not using Singularity
DEBUG 2025-02-23 16:28:12.527 UTC: 	 Operating System: Red Hat Enterprise Linux 8.10 (Ootpa)
DEBUG 2025-02-23 16:28:12.527 UTC: 	 Executing command: 'remake'
DEBUG 2025-02-23 16:28:12.527 UTC: 	 Found CRAB cache file /afs/cern.ch/user/j/jelee/.crab3
DEBUG 2025-02-23 16:28:12.528 UTC: 	 Checking credentials
DEBUG 2025-02-23 16:28:12.528 UTC: 	 Found proxy file /tmp/x509up_u21686
DEBUG 2025-02-23 16:28:12.528 UTC: 	 Making sure it has proper VOMS extension
DEBUG 2025-02-23 16:28:12.528 UTC: 	 Executing command :
 voms-proxy-info --vo --file /tmp/x509up_u21686
DEBUG 2025-02-23 16:28:12.861 UTC: 	 output : cms

 error: 
 retcode : 0
DEBUG 2025-02-23 16:28:12.861 UTC: 	 Getting proxy life time left
DEBUG 2025-02-23 16:28:12.861 UTC: 	 Executing command :
 voms-proxy-info --actimeleft --timeleft --file /tmp/x509up_u21686
DEBUG 2025-02-23 16:28:13.194 UTC: 	 output : 349665
349665

 error: 
 retcode : 0
DEBUG 2025-02-23 16:28:13.195 UTC: 	 Proxy valid for 97:07:45 hours
DEBUG 2025-02-23 16:28:13.195 UTC: 	 Encoded data for curl request: subresource=delegatedn
DEBUG 2025-02-23 16:28:13.226 UTC: 	 Registering user credentials on myproxy for /DC=ch/DC=cern/OU=computers/CN=crab-(preprod|prod)-tw(01|02).cern.ch|/DC=ch/DC=cern/OU=computers/CN=crab-dev-tw(01|02|03|04).cern.ch|/DC=ch/DC=cern/OU=Organic Units/OU=Users/CN=cmscrab/CN=(817881|373708)/CN=Robot: cms crab|/DC=ch/DC=cern/OU=Organic Units/OU=Users/CN=crabint1/CN=373708/CN=Robot: CMS CRAB Integration 1
DEBUG 2025-02-23 16:28:13.226 UTC: 	 Executing command :
 voms-proxy-info --identity --file /tmp/x509up_u21686
DEBUG 2025-02-23 16:28:13.570 UTC: 	 output : /DC=ch/DC=cern/OU=Organic Units/OU=Users/CN=jelee/CN=727784/CN=Jeongeun Lee

 error: 
 retcode : 0
DEBUG 2025-02-23 16:28:13.571 UTC: 	 Getting myproxy life time left for f1f3941e9d4a8be26269c6d003b41f2827f63184
DEBUG 2025-02-23 16:28:13.571 UTC: 	 Executing command :
 myproxy-info -s myproxy.cern.ch -l f1f3941e9d4a8be26269c6d003b41f2827f63184
DEBUG 2025-02-23 16:28:13.828 UTC: 	 output : username: f1f3941e9d4a8be26269c6d003b41f2827f63184
owner: /DC=ch/DC=cern/OU=Organic Units/OU=Users/CN=jelee/CN=727784/CN=Jeongeun Lee
  renewal policy: /DC=ch/DC=cern/OU=computers/CN=crab-(preprod|prod)-tw(01|02).cern.ch|/DC=ch/DC=cern/OU=computers/CN=crab-dev-tw(01|02|03|04).cern.ch|/DC=ch/DC=cern/OU=Organic Units/OU=Users/CN=cmscrab/CN=(817881|373708)/CN=Robot: cms crab|/DC=ch/DC=cern/OU=Organic Units/OU=Users/CN=crabint1/CN=373708/CN=Robot: CMS CRAB Integration 1
  trusted retrieval policy: /DC=ch/DC=cern/OU=computers/CN=crab-(preprod|prod)-tw(01|02).cern.ch|/DC=ch/DC=cern/OU=computers/CN=crab-dev-tw(01|02|03|04).cern.ch|/DC=ch/DC=cern/OU=Organic Units/OU=Users/CN=cmscrab/CN=(817881|373708)/CN=Robot: cms crab|/DC=ch/DC=cern/OU=Organic Units/OU=Users/CN=crabint1/CN=373708/CN=Robot: CMS CRAB Integration 1
  timeleft: 645:39:27  (26.9 days)

 error: 
 retcode : 0
DEBUG 2025-02-23 16:28:13.828 UTC: 	 Myproxy is valid: 2324340
DEBUG 2025-02-23 16:28:13.828 UTC: 	 Result of myproxy credential check:
  Credential exists on myproxy: username: f1f3941e9d4a8be26269c6d003b41f2827f63184  - validity: 26 days, 21:39:00
DEBUG 2025-02-23 16:28:13.828 UTC: 	 Command use: remake
DEBUG 2025-02-23 16:28:13.828 UTC: 	 Options use: ['--task=250222_164637:jelee_crab_WtoLNu-4Jets_MLNu-1500to2500']
DEBUG 2025-02-23 16:28:13.829 UTC: 	 Encoded data for curl request: subresource=version
DEBUG 2025-02-23 16:28:13.862 UTC: 	 CRABClient version: v3.241125
DEBUG 2025-02-23 16:28:13.862 UTC: 	 Instance is prod
DEBUG 2025-02-23 16:28:13.862 UTC: 	 Server base url is cmsweb.cern.ch
DEBUG 2025-02-23 16:28:13.862 UTC: 	 Command api workflow
WARNING 2025-02-23 16:28:13.862 UTC: 	 ATTENTION return value for 'remake' has been changed to a dictionary
 format is {'commandStatus': 'SUCCESS' or 'FAILED',
            'workDir': name of the work directory created}
INFO 2025-02-23 16:28:13.862 UTC: 	 Warning: crab_WtoLNu-4Jets_MLNu-1500to2500/.requestcache not created, because it already exists.
INFO 2025-02-23 16:28:13.864 UTC: 	 Log file is /afs/cern.ch/work/j/jelee/nanoaod/workspace2025/CMSSW_13_3_0/src/PhysicsTools/NanoAODTools/crab_Run2_UL_Skim/2022preEE/WtoLNu-4Jets_MLNu-1500to2500/crab.log
DEBUG 2025-02-23 19:33:53.629 UTC: 	 CRAB Client version: v3.241125
DEBUG 2025-02-23 19:33:53.629 UTC: 	 Running on: Linux lxplus814.cern.ch 4.18.0-553.40.1.el8_10.x86_64 #1 SMP Thu Feb 6 21:20:51 EST 2025 x86_64 x86_64 x86_64 GNU/Linux
DEBUG 2025-02-23 19:33:53.629 UTC: 	 Not using Singularity
DEBUG 2025-02-23 19:33:53.629 UTC: 	 Operating System: Red Hat Enterprise Linux 8.10 (Ootpa)
DEBUG 2025-02-23 19:33:53.629 UTC: 	 Executing command: 'remake'
DEBUG 2025-02-23 19:33:53.629 UTC: 	 Found CRAB cache file /afs/cern.ch/user/j/jelee/.crab3
DEBUG 2025-02-23 19:33:53.629 UTC: 	 Checking credentials
DEBUG 2025-02-23 19:33:53.629 UTC: 	 Found proxy file /tmp/x509up_u21686
DEBUG 2025-02-23 19:33:53.629 UTC: 	 Making sure it has proper VOMS extension
DEBUG 2025-02-23 19:33:53.629 UTC: 	 Executing command :
 voms-proxy-info --vo --file /tmp/x509up_u21686
DEBUG 2025-02-23 19:33:53.973 UTC: 	 output : cms

 error: 
 retcode : 0
DEBUG 2025-02-23 19:33:53.973 UTC: 	 Getting proxy life time left
DEBUG 2025-02-23 19:33:53.973 UTC: 	 Executing command :
 voms-proxy-info --actimeleft --timeleft --file /tmp/x509up_u21686
DEBUG 2025-02-23 19:33:54.318 UTC: 	 output : 338524
338524

 error: 
 retcode : 0
DEBUG 2025-02-23 19:33:54.318 UTC: 	 Proxy valid for 94:02:04 hours
DEBUG 2025-02-23 19:33:54.319 UTC: 	 Encoded data for curl request: subresource=delegatedn
DEBUG 2025-02-23 19:33:54.353 UTC: 	 Registering user credentials on myproxy for /DC=ch/DC=cern/OU=computers/CN=crab-(preprod|prod)-tw(01|02).cern.ch|/DC=ch/DC=cern/OU=computers/CN=crab-dev-tw(01|02|03|04).cern.ch|/DC=ch/DC=cern/OU=Organic Units/OU=Users/CN=cmscrab/CN=(817881|373708)/CN=Robot: cms crab|/DC=ch/DC=cern/OU=Organic Units/OU=Users/CN=crabint1/CN=373708/CN=Robot: CMS CRAB Integration 1
DEBUG 2025-02-23 19:33:54.354 UTC: 	 Executing command :
 voms-proxy-info --identity --file /tmp/x509up_u21686
DEBUG 2025-02-23 19:33:54.728 UTC: 	 output : /DC=ch/DC=cern/OU=Organic Units/OU=Users/CN=jelee/CN=727784/CN=Jeongeun Lee

 error: 
 retcode : 0
DEBUG 2025-02-23 19:33:54.728 UTC: 	 Getting myproxy life time left for f1f3941e9d4a8be26269c6d003b41f2827f63184
DEBUG 2025-02-23 19:33:54.728 UTC: 	 Executing command :
 myproxy-info -s myproxy.cern.ch -l f1f3941e9d4a8be26269c6d003b41f2827f63184
DEBUG 2025-02-23 19:33:55.000 UTC: 	 output : username: f1f3941e9d4a8be26269c6d003b41f2827f63184
owner: /DC=ch/DC=cern/OU=Organic Units/OU=Users/CN=jelee/CN=727784/CN=Jeongeun Lee
  renewal policy: /DC=ch/DC=cern/OU=computers/CN=crab-(preprod|prod)-tw(01|02).cern.ch|/DC=ch/DC=cern/OU=computers/CN=crab-dev-tw(01|02|03|04).cern.ch|/DC=ch/DC=cern/OU=Organic Units/OU=Users/CN=cmscrab/CN=(817881|373708)/CN=Robot: cms crab|/DC=ch/DC=cern/OU=Organic Units/OU=Users/CN=crabint1/CN=373708/CN=Robot: CMS CRAB Integration 1
  trusted retrieval policy: /DC=ch/DC=cern/OU=computers/CN=crab-(preprod|prod)-tw(01|02).cern.ch|/DC=ch/DC=cern/OU=computers/CN=crab-dev-tw(01|02|03|04).cern.ch|/DC=ch/DC=cern/OU=Organic Units/OU=Users/CN=cmscrab/CN=(817881|373708)/CN=Robot: cms crab|/DC=ch/DC=cern/OU=Organic Units/OU=Users/CN=crabint1/CN=373708/CN=Robot: CMS CRAB Integration 1
  timeleft: 642:33:46  (26.8 days)

 error: 
 retcode : 0
DEBUG 2025-02-23 19:33:55.000 UTC: 	 Myproxy is valid: 2313180
DEBUG 2025-02-23 19:33:55.000 UTC: 	 Result of myproxy credential check:
  Credential exists on myproxy: username: f1f3941e9d4a8be26269c6d003b41f2827f63184  - validity: 26 days, 18:33:00
DEBUG 2025-02-23 19:33:55.001 UTC: 	 Command use: remake
DEBUG 2025-02-23 19:33:55.001 UTC: 	 Options use: ['--task=250222_164637:jelee_crab_WtoLNu-4Jets_MLNu-1500to2500']
DEBUG 2025-02-23 19:33:55.001 UTC: 	 Encoded data for curl request: subresource=version
DEBUG 2025-02-23 19:33:55.041 UTC: 	 CRABClient version: v3.241125
DEBUG 2025-02-23 19:33:55.041 UTC: 	 Instance is prod
DEBUG 2025-02-23 19:33:55.041 UTC: 	 Server base url is cmsweb.cern.ch
DEBUG 2025-02-23 19:33:55.041 UTC: 	 Command api workflow
WARNING 2025-02-23 19:33:55.041 UTC: 	 ATTENTION return value for 'remake' has been changed to a dictionary
 format is {'commandStatus': 'SUCCESS' or 'FAILED',
            'workDir': name of the work directory created}
INFO 2025-02-23 19:33:55.042 UTC: 	 Warning: crab_WtoLNu-4Jets_MLNu-1500to2500/.requestcache not created, because it already exists.
INFO 2025-02-23 19:33:55.062 UTC: 	 Log file is /afs/cern.ch/work/j/jelee/nanoaod/workspace2025/CMSSW_13_3_0/src/PhysicsTools/NanoAODTools/crab_Run2_UL_Skim/2022preEE/WtoLNu-4Jets_MLNu-1500to2500/crab.log
