DEBUG 2025-02-23 16:32:40.432 UTC: 	 CRAB Client version: v3.241125
DEBUG 2025-02-23 16:32:40.433 UTC: 	 Running on: Linux lxplus814.cern.ch 4.18.0-553.40.1.el8_10.x86_64 #1 SMP Thu Feb 6 21:20:51 EST 2025 x86_64 x86_64 x86_64 GNU/Linux
DEBUG 2025-02-23 16:32:40.433 UTC: 	 Not using Singularity
DEBUG 2025-02-23 16:32:40.433 UTC: 	 Operating System: Red Hat Enterprise Linux 8.10 (Ootpa)
DEBUG 2025-02-23 16:32:40.433 UTC: 	 Executing command: 'remake'
DEBUG 2025-02-23 16:32:40.438 UTC: 	 Found CRAB cache file /afs/cern.ch/user/j/jelee/.crab3
DEBUG 2025-02-23 16:32:40.438 UTC: 	 Checking credentials
DEBUG 2025-02-23 16:32:40.438 UTC: 	 Found proxy file /tmp/x509up_u21686
DEBUG 2025-02-23 16:32:40.438 UTC: 	 Making sure it has proper VOMS extension
DEBUG 2025-02-23 16:32:40.438 UTC: 	 Executing command :
 voms-proxy-info --vo --file /tmp/x509up_u21686
DEBUG 2025-02-23 16:32:40.850 UTC: 	 output : cms

 error: 
 retcode : 0
DEBUG 2025-02-23 16:32:40.850 UTC: 	 Getting proxy life time left
DEBUG 2025-02-23 16:32:40.850 UTC: 	 Executing command :
 voms-proxy-info --actimeleft --timeleft --file /tmp/x509up_u21686
DEBUG 2025-02-23 16:32:41.222 UTC: 	 output : 349397
349397

 error: 
 retcode : 0
DEBUG 2025-02-23 16:32:41.222 UTC: 	 Proxy valid for 97:03:17 hours
DEBUG 2025-02-23 16:32:41.222 UTC: 	 Encoded data for curl request: subresource=delegatedn
DEBUG 2025-02-23 16:32:41.256 UTC: 	 Registering user credentials on myproxy for /DC=ch/DC=cern/OU=computers/CN=crab-(preprod|prod)-tw(01|02).cern.ch|/DC=ch/DC=cern/OU=computers/CN=crab-dev-tw(01|02|03|04).cern.ch|/DC=ch/DC=cern/OU=Organic Units/OU=Users/CN=cmscrab/CN=(817881|373708)/CN=Robot: cms crab|/DC=ch/DC=cern/OU=Organic Units/OU=Users/CN=crabint1/CN=373708/CN=Robot: CMS CRAB Integration 1
DEBUG 2025-02-23 16:32:41.257 UTC: 	 Executing command :
 voms-proxy-info --identity --file /tmp/x509up_u21686
DEBUG 2025-02-23 16:32:41.638 UTC: 	 output : /DC=ch/DC=cern/OU=Organic Units/OU=Users/CN=jelee/CN=727784/CN=Jeongeun Lee

 error: 
 retcode : 0
DEBUG 2025-02-23 16:32:41.639 UTC: 	 Getting myproxy life time left for f1f3941e9d4a8be26269c6d003b41f2827f63184
DEBUG 2025-02-23 16:32:41.639 UTC: 	 Executing command :
 myproxy-info -s myproxy.cern.ch -l f1f3941e9d4a8be26269c6d003b41f2827f63184
DEBUG 2025-02-23 16:32:42.224 UTC: 	 output : username: f1f3941e9d4a8be26269c6d003b41f2827f63184
owner: /DC=ch/DC=cern/OU=Organic Units/OU=Users/CN=jelee/CN=727784/CN=Jeongeun Lee
  renewal policy: /DC=ch/DC=cern/OU=computers/CN=crab-(preprod|prod)-tw(01|02).cern.ch|/DC=ch/DC=cern/OU=computers/CN=crab-dev-tw(01|02|03|04).cern.ch|/DC=ch/DC=cern/OU=Organic Units/OU=Users/CN=cmscrab/CN=(817881|373708)/CN=Robot: cms crab|/DC=ch/DC=cern/OU=Organic Units/OU=Users/CN=crabint1/CN=373708/CN=Robot: CMS CRAB Integration 1
  trusted retrieval policy: /DC=ch/DC=cern/OU=computers/CN=crab-(preprod|prod)-tw(01|02).cern.ch|/DC=ch/DC=cern/OU=computers/CN=crab-dev-tw(01|02|03|04).cern.ch|/DC=ch/DC=cern/OU=Organic Units/OU=Users/CN=cmscrab/CN=(817881|373708)/CN=Robot: cms crab|/DC=ch/DC=cern/OU=Organic Units/OU=Users/CN=crabint1/CN=373708/CN=Robot: CMS CRAB Integration 1
  timeleft: 645:34:58  (26.9 days)

 error: 
 retcode : 0
DEBUG 2025-02-23 16:32:42.225 UTC: 	 Myproxy is valid: 2324040
DEBUG 2025-02-23 16:32:42.225 UTC: 	 Result of myproxy credential check:
  Credential exists on myproxy: username: f1f3941e9d4a8be26269c6d003b41f2827f63184  - validity: 26 days, 21:34:00
DEBUG 2025-02-23 16:32:42.225 UTC: 	 Command use: remake
DEBUG 2025-02-23 16:32:42.225 UTC: 	 Options use: ['--task=250222_164812:jelee_crab_QCD_PT-1800to2400']
DEBUG 2025-02-23 16:32:42.225 UTC: 	 Encoded data for curl request: subresource=version
DEBUG 2025-02-23 16:32:42.258 UTC: 	 CRABClient version: v3.241125
DEBUG 2025-02-23 16:32:42.258 UTC: 	 Instance is prod
DEBUG 2025-02-23 16:32:42.258 UTC: 	 Server base url is cmsweb.cern.ch
DEBUG 2025-02-23 16:32:42.258 UTC: 	 Command api workflow
WARNING 2025-02-23 16:32:42.258 UTC: 	 ATTENTION return value for 'remake' has been changed to a dictionary
 format is {'commandStatus': 'SUCCESS' or 'FAILED',
            'workDir': name of the work directory created}
INFO 2025-02-23 16:32:42.259 UTC: 	 Warning: crab_QCD_PT-1800to2400/.requestcache not created, because it already exists.
INFO 2025-02-23 16:32:42.260 UTC: 	 Log file is /afs/cern.ch/work/j/jelee/nanoaod/workspace2025/CMSSW_13_3_0/src/PhysicsTools/NanoAODTools/crab_Run2_UL_Skim/2022preEE/QCD_PT-1800to2400/crab.log
DEBUG 2025-02-23 19:36:17.729 UTC: 	 CRAB Client version: v3.241125
DEBUG 2025-02-23 19:36:17.729 UTC: 	 Running on: Linux lxplus814.cern.ch 4.18.0-553.40.1.el8_10.x86_64 #1 SMP Thu Feb 6 21:20:51 EST 2025 x86_64 x86_64 x86_64 GNU/Linux
DEBUG 2025-02-23 19:36:17.729 UTC: 	 Not using Singularity
DEBUG 2025-02-23 19:36:17.730 UTC: 	 Operating System: Red Hat Enterprise Linux 8.10 (Ootpa)
DEBUG 2025-02-23 19:36:17.730 UTC: 	 Executing command: 'remake'
DEBUG 2025-02-23 19:36:17.730 UTC: 	 Found CRAB cache file /afs/cern.ch/user/j/jelee/.crab3
DEBUG 2025-02-23 19:36:17.730 UTC: 	 Checking credentials
DEBUG 2025-02-23 19:36:17.730 UTC: 	 Found proxy file /tmp/x509up_u21686
DEBUG 2025-02-23 19:36:17.730 UTC: 	 Making sure it has proper VOMS extension
DEBUG 2025-02-23 19:36:17.730 UTC: 	 Executing command :
 voms-proxy-info --vo --file /tmp/x509up_u21686
DEBUG 2025-02-23 19:36:18.136 UTC: 	 output : cms

 error: 
 retcode : 0
DEBUG 2025-02-23 19:36:18.137 UTC: 	 Getting proxy life time left
DEBUG 2025-02-23 19:36:18.137 UTC: 	 Executing command :
 voms-proxy-info --actimeleft --timeleft --file /tmp/x509up_u21686
DEBUG 2025-02-23 19:36:18.519 UTC: 	 output : 338380
338380

 error: 
 retcode : 0
DEBUG 2025-02-23 19:36:18.520 UTC: 	 Proxy valid for 93:59:40 hours
DEBUG 2025-02-23 19:36:18.520 UTC: 	 Encoded data for curl request: subresource=delegatedn
DEBUG 2025-02-23 19:36:18.552 UTC: 	 Registering user credentials on myproxy for /DC=ch/DC=cern/OU=computers/CN=crab-(preprod|prod)-tw(01|02).cern.ch|/DC=ch/DC=cern/OU=computers/CN=crab-dev-tw(01|02|03|04).cern.ch|/DC=ch/DC=cern/OU=Organic Units/OU=Users/CN=cmscrab/CN=(817881|373708)/CN=Robot: cms crab|/DC=ch/DC=cern/OU=Organic Units/OU=Users/CN=crabint1/CN=373708/CN=Robot: CMS CRAB Integration 1
DEBUG 2025-02-23 19:36:18.553 UTC: 	 Executing command :
 voms-proxy-info --identity --file /tmp/x509up_u21686
DEBUG 2025-02-23 19:36:19.007 UTC: 	 output : /DC=ch/DC=cern/OU=Organic Units/OU=Users/CN=jelee/CN=727784/CN=Jeongeun Lee

 error: 
 retcode : 0
DEBUG 2025-02-23 19:36:19.007 UTC: 	 Getting myproxy life time left for f1f3941e9d4a8be26269c6d003b41f2827f63184
DEBUG 2025-02-23 19:36:19.007 UTC: 	 Executing command :
 myproxy-info -s myproxy.cern.ch -l f1f3941e9d4a8be26269c6d003b41f2827f63184
DEBUG 2025-02-23 19:36:19.300 UTC: 	 output : username: f1f3941e9d4a8be26269c6d003b41f2827f63184
owner: /DC=ch/DC=cern/OU=Organic Units/OU=Users/CN=jelee/CN=727784/CN=Jeongeun Lee
  renewal policy: /DC=ch/DC=cern/OU=computers/CN=crab-(preprod|prod)-tw(01|02).cern.ch|/DC=ch/DC=cern/OU=computers/CN=crab-dev-tw(01|02|03|04).cern.ch|/DC=ch/DC=cern/OU=Organic Units/OU=Users/CN=cmscrab/CN=(817881|373708)/CN=Robot: cms crab|/DC=ch/DC=cern/OU=Organic Units/OU=Users/CN=crabint1/CN=373708/CN=Robot: CMS CRAB Integration 1
  trusted retrieval policy: /DC=ch/DC=cern/OU=computers/CN=crab-(preprod|prod)-tw(01|02).cern.ch|/DC=ch/DC=cern/OU=computers/CN=crab-dev-tw(01|02|03|04).cern.ch|/DC=ch/DC=cern/OU=Organic Units/OU=Users/CN=cmscrab/CN=(817881|373708)/CN=Robot: cms crab|/DC=ch/DC=cern/OU=Organic Units/OU=Users/CN=crabint1/CN=373708/CN=Robot: CMS CRAB Integration 1
  timeleft: 642:31:21  (26.8 days)

 error: 
 retcode : 0
DEBUG 2025-02-23 19:36:19.300 UTC: 	 Myproxy is valid: 2313060
DEBUG 2025-02-23 19:36:19.300 UTC: 	 Result of myproxy credential check:
  Credential exists on myproxy: username: f1f3941e9d4a8be26269c6d003b41f2827f63184  - validity: 26 days, 18:31:00
DEBUG 2025-02-23 19:36:19.300 UTC: 	 Command use: remake
DEBUG 2025-02-23 19:36:19.300 UTC: 	 Options use: ['--task=250222_164812:jelee_crab_QCD_PT-1800to2400']
DEBUG 2025-02-23 19:36:19.301 UTC: 	 Encoded data for curl request: subresource=version
DEBUG 2025-02-23 19:36:19.335 UTC: 	 CRABClient version: v3.241125
DEBUG 2025-02-23 19:36:19.335 UTC: 	 Instance is prod
DEBUG 2025-02-23 19:36:19.335 UTC: 	 Server base url is cmsweb.cern.ch
DEBUG 2025-02-23 19:36:19.335 UTC: 	 Command api workflow
WARNING 2025-02-23 19:36:19.335 UTC: 	 ATTENTION return value for 'remake' has been changed to a dictionary
 format is {'commandStatus': 'SUCCESS' or 'FAILED',
            'workDir': name of the work directory created}
INFO 2025-02-23 19:36:19.335 UTC: 	 Warning: crab_QCD_PT-1800to2400/.requestcache not created, because it already exists.
INFO 2025-02-23 19:36:19.349 UTC: 	 Log file is /afs/cern.ch/work/j/jelee/nanoaod/workspace2025/CMSSW_13_3_0/src/PhysicsTools/NanoAODTools/crab_Run2_UL_Skim/2022preEE/QCD_PT-1800to2400/crab.log
