DEBUG 2025-02-23 16:33:07.890 UTC: 	 CRAB Client version: v3.241125
DEBUG 2025-02-23 16:33:07.890 UTC: 	 Running on: Linux lxplus814.cern.ch 4.18.0-553.40.1.el8_10.x86_64 #1 SMP Thu Feb 6 21:20:51 EST 2025 x86_64 x86_64 x86_64 GNU/Linux
DEBUG 2025-02-23 16:33:07.890 UTC: 	 Not using Singularity
DEBUG 2025-02-23 16:33:07.890 UTC: 	 Operating System: Red Hat Enterprise Linux 8.10 (Ootpa)
DEBUG 2025-02-23 16:33:07.890 UTC: 	 Executing command: 'remake'
DEBUG 2025-02-23 16:33:07.890 UTC: 	 Found CRAB cache file /afs/cern.ch/user/j/jelee/.crab3
DEBUG 2025-02-23 16:33:07.891 UTC: 	 Checking credentials
DEBUG 2025-02-23 16:33:07.891 UTC: 	 Found proxy file /tmp/x509up_u21686
DEBUG 2025-02-23 16:33:07.891 UTC: 	 Making sure it has proper VOMS extension
DEBUG 2025-02-23 16:33:07.891 UTC: 	 Executing command :
 voms-proxy-info --vo --file /tmp/x509up_u21686
DEBUG 2025-02-23 16:33:08.255 UTC: 	 output : cms

 error: 
 retcode : 0
DEBUG 2025-02-23 16:33:08.255 UTC: 	 Getting proxy life time left
DEBUG 2025-02-23 16:33:08.255 UTC: 	 Executing command :
 voms-proxy-info --actimeleft --timeleft --file /tmp/x509up_u21686
DEBUG 2025-02-23 16:33:08.599 UTC: 	 output : 349370
349370

 error: 
 retcode : 0
DEBUG 2025-02-23 16:33:08.599 UTC: 	 Proxy valid for 97:02:50 hours
DEBUG 2025-02-23 16:33:08.599 UTC: 	 Encoded data for curl request: subresource=delegatedn
DEBUG 2025-02-23 16:33:08.640 UTC: 	 Registering user credentials on myproxy for /DC=ch/DC=cern/OU=computers/CN=crab-(preprod|prod)-tw(01|02).cern.ch|/DC=ch/DC=cern/OU=computers/CN=crab-dev-tw(01|02|03|04).cern.ch|/DC=ch/DC=cern/OU=Organic Units/OU=Users/CN=cmscrab/CN=(817881|373708)/CN=Robot: cms crab|/DC=ch/DC=cern/OU=Organic Units/OU=Users/CN=crabint1/CN=373708/CN=Robot: CMS CRAB Integration 1
DEBUG 2025-02-23 16:33:08.640 UTC: 	 Executing command :
 voms-proxy-info --identity --file /tmp/x509up_u21686
DEBUG 2025-02-23 16:33:08.974 UTC: 	 output : /DC=ch/DC=cern/OU=Organic Units/OU=Users/CN=jelee/CN=727784/CN=Jeongeun Lee

 error: 
 retcode : 0
DEBUG 2025-02-23 16:33:08.975 UTC: 	 Getting myproxy life time left for f1f3941e9d4a8be26269c6d003b41f2827f63184
DEBUG 2025-02-23 16:33:08.975 UTC: 	 Executing command :
 myproxy-info -s myproxy.cern.ch -l f1f3941e9d4a8be26269c6d003b41f2827f63184
DEBUG 2025-02-23 16:33:09.261 UTC: 	 output : username: f1f3941e9d4a8be26269c6d003b41f2827f63184
owner: /DC=ch/DC=cern/OU=Organic Units/OU=Users/CN=jelee/CN=727784/CN=Jeongeun Lee
  renewal policy: /DC=ch/DC=cern/OU=computers/CN=crab-(preprod|prod)-tw(01|02).cern.ch|/DC=ch/DC=cern/OU=computers/CN=crab-dev-tw(01|02|03|04).cern.ch|/DC=ch/DC=cern/OU=Organic Units/OU=Users/CN=cmscrab/CN=(817881|373708)/CN=Robot: cms crab|/DC=ch/DC=cern/OU=Organic Units/OU=Users/CN=crabint1/CN=373708/CN=Robot: CMS CRAB Integration 1
  trusted retrieval policy: /DC=ch/DC=cern/OU=computers/CN=crab-(preprod|prod)-tw(01|02).cern.ch|/DC=ch/DC=cern/OU=computers/CN=crab-dev-tw(01|02|03|04).cern.ch|/DC=ch/DC=cern/OU=Organic Units/OU=Users/CN=cmscrab/CN=(817881|373708)/CN=Robot: cms crab|/DC=ch/DC=cern/OU=Organic Units/OU=Users/CN=crabint1/CN=373708/CN=Robot: CMS CRAB Integration 1
  timeleft: 645:34:31  (26.9 days)

 error: 
 retcode : 0
DEBUG 2025-02-23 16:33:09.261 UTC: 	 Myproxy is valid: 2324040
DEBUG 2025-02-23 16:33:09.261 UTC: 	 Result of myproxy credential check:
  Credential exists on myproxy: username: f1f3941e9d4a8be26269c6d003b41f2827f63184  - validity: 26 days, 21:34:00
DEBUG 2025-02-23 16:33:09.261 UTC: 	 Command use: remake
DEBUG 2025-02-23 16:33:09.261 UTC: 	 Options use: ['--task=250222_164823:jelee_crab_QCD_PT-2400to3200_ext1-v2']
DEBUG 2025-02-23 16:33:09.262 UTC: 	 Encoded data for curl request: subresource=version
DEBUG 2025-02-23 16:33:09.294 UTC: 	 CRABClient version: v3.241125
DEBUG 2025-02-23 16:33:09.295 UTC: 	 Instance is prod
DEBUG 2025-02-23 16:33:09.295 UTC: 	 Server base url is cmsweb.cern.ch
DEBUG 2025-02-23 16:33:09.295 UTC: 	 Command api workflow
WARNING 2025-02-23 16:33:09.295 UTC: 	 ATTENTION return value for 'remake' has been changed to a dictionary
 format is {'commandStatus': 'SUCCESS' or 'FAILED',
            'workDir': name of the work directory created}
INFO 2025-02-23 16:33:09.295 UTC: 	 Warning: crab_QCD_PT-2400to3200_ext1-v2/.requestcache not created, because it already exists.
INFO 2025-02-23 16:33:09.296 UTC: 	 Log file is /afs/cern.ch/work/j/jelee/nanoaod/workspace2025/CMSSW_13_3_0/src/PhysicsTools/NanoAODTools/crab_Run2_UL_Skim/2022preEE/QCD_PT-2400to3200_ext1-v2/crab.log
DEBUG 2025-02-23 19:36:30.735 UTC: 	 CRAB Client version: v3.241125
DEBUG 2025-02-23 19:36:30.735 UTC: 	 Running on: Linux lxplus814.cern.ch 4.18.0-553.40.1.el8_10.x86_64 #1 SMP Thu Feb 6 21:20:51 EST 2025 x86_64 x86_64 x86_64 GNU/Linux
DEBUG 2025-02-23 19:36:30.735 UTC: 	 Not using Singularity
DEBUG 2025-02-23 19:36:30.735 UTC: 	 Operating System: Red Hat Enterprise Linux 8.10 (Ootpa)
DEBUG 2025-02-23 19:36:30.736 UTC: 	 Executing command: 'remake'
DEBUG 2025-02-23 19:36:30.898 UTC: 	 Found CRAB cache file /afs/cern.ch/user/j/jelee/.crab3
DEBUG 2025-02-23 19:36:30.899 UTC: 	 Checking credentials
DEBUG 2025-02-23 19:36:30.899 UTC: 	 Found proxy file /tmp/x509up_u21686
DEBUG 2025-02-23 19:36:30.899 UTC: 	 Making sure it has proper VOMS extension
DEBUG 2025-02-23 19:36:30.899 UTC: 	 Executing command :
 voms-proxy-info --vo --file /tmp/x509up_u21686
DEBUG 2025-02-23 19:36:31.304 UTC: 	 output : cms

 error: 
 retcode : 0
DEBUG 2025-02-23 19:36:31.304 UTC: 	 Getting proxy life time left
DEBUG 2025-02-23 19:36:31.304 UTC: 	 Executing command :
 voms-proxy-info --actimeleft --timeleft --file /tmp/x509up_u21686
DEBUG 2025-02-23 19:36:31.676 UTC: 	 output : 338367
338367

 error: 
 retcode : 0
DEBUG 2025-02-23 19:36:31.677 UTC: 	 Proxy valid for 93:59:27 hours
DEBUG 2025-02-23 19:36:31.677 UTC: 	 Encoded data for curl request: subresource=delegatedn
DEBUG 2025-02-23 19:36:31.712 UTC: 	 Registering user credentials on myproxy for /DC=ch/DC=cern/OU=computers/CN=crab-(preprod|prod)-tw(01|02).cern.ch|/DC=ch/DC=cern/OU=computers/CN=crab-dev-tw(01|02|03|04).cern.ch|/DC=ch/DC=cern/OU=Organic Units/OU=Users/CN=cmscrab/CN=(817881|373708)/CN=Robot: cms crab|/DC=ch/DC=cern/OU=Organic Units/OU=Users/CN=crabint1/CN=373708/CN=Robot: CMS CRAB Integration 1
DEBUG 2025-02-23 19:36:31.712 UTC: 	 Executing command :
 voms-proxy-info --identity --file /tmp/x509up_u21686
DEBUG 2025-02-23 19:36:32.157 UTC: 	 output : /DC=ch/DC=cern/OU=Organic Units/OU=Users/CN=jelee/CN=727784/CN=Jeongeun Lee

 error: 
 retcode : 0
DEBUG 2025-02-23 19:36:32.157 UTC: 	 Getting myproxy life time left for f1f3941e9d4a8be26269c6d003b41f2827f63184
DEBUG 2025-02-23 19:36:32.157 UTC: 	 Executing command :
 myproxy-info -s myproxy.cern.ch -l f1f3941e9d4a8be26269c6d003b41f2827f63184
DEBUG 2025-02-23 19:36:32.594 UTC: 	 output : username: f1f3941e9d4a8be26269c6d003b41f2827f63184
owner: /DC=ch/DC=cern/OU=Organic Units/OU=Users/CN=jelee/CN=727784/CN=Jeongeun Lee
  renewal policy: /DC=ch/DC=cern/OU=computers/CN=crab-(preprod|prod)-tw(01|02).cern.ch|/DC=ch/DC=cern/OU=computers/CN=crab-dev-tw(01|02|03|04).cern.ch|/DC=ch/DC=cern/OU=Organic Units/OU=Users/CN=cmscrab/CN=(817881|373708)/CN=Robot: cms crab|/DC=ch/DC=cern/OU=Organic Units/OU=Users/CN=crabint1/CN=373708/CN=Robot: CMS CRAB Integration 1
  trusted retrieval policy: /DC=ch/DC=cern/OU=computers/CN=crab-(preprod|prod)-tw(01|02).cern.ch|/DC=ch/DC=cern/OU=computers/CN=crab-dev-tw(01|02|03|04).cern.ch|/DC=ch/DC=cern/OU=Organic Units/OU=Users/CN=cmscrab/CN=(817881|373708)/CN=Robot: cms crab|/DC=ch/DC=cern/OU=Organic Units/OU=Users/CN=crabint1/CN=373708/CN=Robot: CMS CRAB Integration 1
  timeleft: 642:31:08  (26.8 days)

 error: 
 retcode : 0
DEBUG 2025-02-23 19:36:32.594 UTC: 	 Myproxy is valid: 2313060
DEBUG 2025-02-23 19:36:32.594 UTC: 	 Result of myproxy credential check:
  Credential exists on myproxy: username: f1f3941e9d4a8be26269c6d003b41f2827f63184  - validity: 26 days, 18:31:00
DEBUG 2025-02-23 19:36:32.594 UTC: 	 Command use: remake
DEBUG 2025-02-23 19:36:32.594 UTC: 	 Options use: ['--task=250222_164823:jelee_crab_QCD_PT-2400to3200_ext1-v2']
DEBUG 2025-02-23 19:36:32.595 UTC: 	 Encoded data for curl request: subresource=version
DEBUG 2025-02-23 19:36:32.629 UTC: 	 CRABClient version: v3.241125
DEBUG 2025-02-23 19:36:32.629 UTC: 	 Instance is prod
DEBUG 2025-02-23 19:36:32.629 UTC: 	 Server base url is cmsweb.cern.ch
DEBUG 2025-02-23 19:36:32.629 UTC: 	 Command api workflow
WARNING 2025-02-23 19:36:32.629 UTC: 	 ATTENTION return value for 'remake' has been changed to a dictionary
 format is {'commandStatus': 'SUCCESS' or 'FAILED',
            'workDir': name of the work directory created}
INFO 2025-02-23 19:36:32.630 UTC: 	 Warning: crab_QCD_PT-2400to3200_ext1-v2/.requestcache not created, because it already exists.
INFO 2025-02-23 19:36:32.644 UTC: 	 Log file is /afs/cern.ch/work/j/jelee/nanoaod/workspace2025/CMSSW_13_3_0/src/PhysicsTools/NanoAODTools/crab_Run2_UL_Skim/2022preEE/QCD_PT-2400to3200_ext1-v2/crab.log
