DEBUG 2025-02-23 16:32:06.810 UTC: 	 CRAB Client version: v3.241125
DEBUG 2025-02-23 16:32:06.810 UTC: 	 Running on: Linux lxplus814.cern.ch 4.18.0-553.40.1.el8_10.x86_64 #1 SMP Thu Feb 6 21:20:51 EST 2025 x86_64 x86_64 x86_64 GNU/Linux
DEBUG 2025-02-23 16:32:06.810 UTC: 	 Not using Singularity
DEBUG 2025-02-23 16:32:06.810 UTC: 	 Operating System: Red Hat Enterprise Linux 8.10 (Ootpa)
DEBUG 2025-02-23 16:32:06.810 UTC: 	 Executing command: 'remake'
DEBUG 2025-02-23 16:32:06.810 UTC: 	 Found CRAB cache file /afs/cern.ch/user/j/jelee/.crab3
DEBUG 2025-02-23 16:32:06.811 UTC: 	 Checking credentials
DEBUG 2025-02-23 16:32:06.811 UTC: 	 Found proxy file /tmp/x509up_u21686
DEBUG 2025-02-23 16:32:06.811 UTC: 	 Making sure it has proper VOMS extension
DEBUG 2025-02-23 16:32:06.811 UTC: 	 Executing command :
 voms-proxy-info --vo --file /tmp/x509up_u21686
DEBUG 2025-02-23 16:32:07.190 UTC: 	 output : cms

 error: 
 retcode : 0
DEBUG 2025-02-23 16:32:07.190 UTC: 	 Getting proxy life time left
DEBUG 2025-02-23 16:32:07.190 UTC: 	 Executing command :
 voms-proxy-info --actimeleft --timeleft --file /tmp/x509up_u21686
DEBUG 2025-02-23 16:32:07.531 UTC: 	 output : 349431
349431

 error: 
 retcode : 0
DEBUG 2025-02-23 16:32:07.531 UTC: 	 Proxy valid for 97:03:51 hours
DEBUG 2025-02-23 16:32:07.531 UTC: 	 Encoded data for curl request: subresource=delegatedn
DEBUG 2025-02-23 16:32:07.565 UTC: 	 Registering user credentials on myproxy for /DC=ch/DC=cern/OU=computers/CN=crab-(preprod|prod)-tw(01|02).cern.ch|/DC=ch/DC=cern/OU=computers/CN=crab-dev-tw(01|02|03|04).cern.ch|/DC=ch/DC=cern/OU=Organic Units/OU=Users/CN=cmscrab/CN=(817881|373708)/CN=Robot: cms crab|/DC=ch/DC=cern/OU=Organic Units/OU=Users/CN=crabint1/CN=373708/CN=Robot: CMS CRAB Integration 1
DEBUG 2025-02-23 16:32:07.565 UTC: 	 Executing command :
 voms-proxy-info --identity --file /tmp/x509up_u21686
DEBUG 2025-02-23 16:32:07.940 UTC: 	 output : /DC=ch/DC=cern/OU=Organic Units/OU=Users/CN=jelee/CN=727784/CN=Jeongeun Lee

 error: 
 retcode : 0
DEBUG 2025-02-23 16:32:07.940 UTC: 	 Getting myproxy life time left for f1f3941e9d4a8be26269c6d003b41f2827f63184
DEBUG 2025-02-23 16:32:07.940 UTC: 	 Executing command :
 myproxy-info -s myproxy.cern.ch -l f1f3941e9d4a8be26269c6d003b41f2827f63184
DEBUG 2025-02-23 16:32:08.207 UTC: 	 output : username: f1f3941e9d4a8be26269c6d003b41f2827f63184
owner: /DC=ch/DC=cern/OU=Organic Units/OU=Users/CN=jelee/CN=727784/CN=Jeongeun Lee
  renewal policy: /DC=ch/DC=cern/OU=computers/CN=crab-(preprod|prod)-tw(01|02).cern.ch|/DC=ch/DC=cern/OU=computers/CN=crab-dev-tw(01|02|03|04).cern.ch|/DC=ch/DC=cern/OU=Organic Units/OU=Users/CN=cmscrab/CN=(817881|373708)/CN=Robot: cms crab|/DC=ch/DC=cern/OU=Organic Units/OU=Users/CN=crabint1/CN=373708/CN=Robot: CMS CRAB Integration 1
  trusted retrieval policy: /DC=ch/DC=cern/OU=computers/CN=crab-(preprod|prod)-tw(01|02).cern.ch|/DC=ch/DC=cern/OU=computers/CN=crab-dev-tw(01|02|03|04).cern.ch|/DC=ch/DC=cern/OU=Organic Units/OU=Users/CN=cmscrab/CN=(817881|373708)/CN=Robot: cms crab|/DC=ch/DC=cern/OU=Organic Units/OU=Users/CN=crabint1/CN=373708/CN=Robot: CMS CRAB Integration 1
  timeleft: 645:35:32  (26.9 days)

 error: 
 retcode : 0
DEBUG 2025-02-23 16:32:08.207 UTC: 	 Myproxy is valid: 2324100
DEBUG 2025-02-23 16:32:08.207 UTC: 	 Result of myproxy credential check:
  Credential exists on myproxy: username: f1f3941e9d4a8be26269c6d003b41f2827f63184  - validity: 26 days, 21:35:00
DEBUG 2025-02-23 16:32:08.208 UTC: 	 Command use: remake
DEBUG 2025-02-23 16:32:08.208 UTC: 	 Options use: ['--task=250222_164758:jelee_crab_TWminusto4Q_ext1-v2']
DEBUG 2025-02-23 16:32:08.208 UTC: 	 Encoded data for curl request: subresource=version
DEBUG 2025-02-23 16:32:08.242 UTC: 	 CRABClient version: v3.241125
DEBUG 2025-02-23 16:32:08.242 UTC: 	 Instance is prod
DEBUG 2025-02-23 16:32:08.242 UTC: 	 Server base url is cmsweb.cern.ch
DEBUG 2025-02-23 16:32:08.242 UTC: 	 Command api workflow
WARNING 2025-02-23 16:32:08.242 UTC: 	 ATTENTION return value for 'remake' has been changed to a dictionary
 format is {'commandStatus': 'SUCCESS' or 'FAILED',
            'workDir': name of the work directory created}
INFO 2025-02-23 16:32:08.243 UTC: 	 Warning: crab_TWminusto4Q_ext1-v2/.requestcache not created, because it already exists.
INFO 2025-02-23 16:32:08.245 UTC: 	 Log file is /afs/cern.ch/work/j/jelee/nanoaod/workspace2025/CMSSW_13_3_0/src/PhysicsTools/NanoAODTools/crab_Run2_UL_Skim/2022preEE/TWminusto4Q_ext1-v2/crab.log
DEBUG 2025-02-23 19:35:57.170 UTC: 	 CRAB Client version: v3.241125
DEBUG 2025-02-23 19:35:57.170 UTC: 	 Running on: Linux lxplus814.cern.ch 4.18.0-553.40.1.el8_10.x86_64 #1 SMP Thu Feb 6 21:20:51 EST 2025 x86_64 x86_64 x86_64 GNU/Linux
DEBUG 2025-02-23 19:35:57.170 UTC: 	 Not using Singularity
DEBUG 2025-02-23 19:35:57.170 UTC: 	 Operating System: Red Hat Enterprise Linux 8.10 (Ootpa)
DEBUG 2025-02-23 19:35:57.170 UTC: 	 Executing command: 'remake'
DEBUG 2025-02-23 19:35:57.170 UTC: 	 Found CRAB cache file /afs/cern.ch/user/j/jelee/.crab3
DEBUG 2025-02-23 19:35:57.171 UTC: 	 Checking credentials
DEBUG 2025-02-23 19:35:57.171 UTC: 	 Found proxy file /tmp/x509up_u21686
DEBUG 2025-02-23 19:35:57.171 UTC: 	 Making sure it has proper VOMS extension
DEBUG 2025-02-23 19:35:57.171 UTC: 	 Executing command :
 voms-proxy-info --vo --file /tmp/x509up_u21686
DEBUG 2025-02-23 19:35:57.600 UTC: 	 output : cms

 error: 
 retcode : 0
DEBUG 2025-02-23 19:35:57.600 UTC: 	 Getting proxy life time left
DEBUG 2025-02-23 19:35:57.600 UTC: 	 Executing command :
 voms-proxy-info --actimeleft --timeleft --file /tmp/x509up_u21686
DEBUG 2025-02-23 19:35:57.987 UTC: 	 output : 338401
338401

 error: 
 retcode : 0
DEBUG 2025-02-23 19:35:57.987 UTC: 	 Proxy valid for 94:00:01 hours
DEBUG 2025-02-23 19:35:57.988 UTC: 	 Encoded data for curl request: subresource=delegatedn
DEBUG 2025-02-23 19:35:58.027 UTC: 	 Registering user credentials on myproxy for /DC=ch/DC=cern/OU=computers/CN=crab-(preprod|prod)-tw(01|02).cern.ch|/DC=ch/DC=cern/OU=computers/CN=crab-dev-tw(01|02|03|04).cern.ch|/DC=ch/DC=cern/OU=Organic Units/OU=Users/CN=cmscrab/CN=(817881|373708)/CN=Robot: cms crab|/DC=ch/DC=cern/OU=Organic Units/OU=Users/CN=crabint1/CN=373708/CN=Robot: CMS CRAB Integration 1
DEBUG 2025-02-23 19:35:58.027 UTC: 	 Executing command :
 voms-proxy-info --identity --file /tmp/x509up_u21686
DEBUG 2025-02-23 19:35:58.413 UTC: 	 output : /DC=ch/DC=cern/OU=Organic Units/OU=Users/CN=jelee/CN=727784/CN=Jeongeun Lee

 error: 
 retcode : 0
DEBUG 2025-02-23 19:35:58.413 UTC: 	 Getting myproxy life time left for f1f3941e9d4a8be26269c6d003b41f2827f63184
DEBUG 2025-02-23 19:35:58.413 UTC: 	 Executing command :
 myproxy-info -s myproxy.cern.ch -l f1f3941e9d4a8be26269c6d003b41f2827f63184
DEBUG 2025-02-23 19:35:58.848 UTC: 	 output : username: f1f3941e9d4a8be26269c6d003b41f2827f63184
owner: /DC=ch/DC=cern/OU=Organic Units/OU=Users/CN=jelee/CN=727784/CN=Jeongeun Lee
  renewal policy: /DC=ch/DC=cern/OU=computers/CN=crab-(preprod|prod)-tw(01|02).cern.ch|/DC=ch/DC=cern/OU=computers/CN=crab-dev-tw(01|02|03|04).cern.ch|/DC=ch/DC=cern/OU=Organic Units/OU=Users/CN=cmscrab/CN=(817881|373708)/CN=Robot: cms crab|/DC=ch/DC=cern/OU=Organic Units/OU=Users/CN=crabint1/CN=373708/CN=Robot: CMS CRAB Integration 1
  trusted retrieval policy: /DC=ch/DC=cern/OU=computers/CN=crab-(preprod|prod)-tw(01|02).cern.ch|/DC=ch/DC=cern/OU=computers/CN=crab-dev-tw(01|02|03|04).cern.ch|/DC=ch/DC=cern/OU=Organic Units/OU=Users/CN=cmscrab/CN=(817881|373708)/CN=Robot: cms crab|/DC=ch/DC=cern/OU=Organic Units/OU=Users/CN=crabint1/CN=373708/CN=Robot: CMS CRAB Integration 1
  timeleft: 642:31:42  (26.8 days)

 error: 
 retcode : 0
DEBUG 2025-02-23 19:35:58.848 UTC: 	 Myproxy is valid: 2313060
DEBUG 2025-02-23 19:35:58.849 UTC: 	 Result of myproxy credential check:
  Credential exists on myproxy: username: f1f3941e9d4a8be26269c6d003b41f2827f63184  - validity: 26 days, 18:31:00
DEBUG 2025-02-23 19:35:58.849 UTC: 	 Command use: remake
DEBUG 2025-02-23 19:35:58.849 UTC: 	 Options use: ['--task=250222_164758:jelee_crab_TWminusto4Q_ext1-v2']
DEBUG 2025-02-23 19:35:58.849 UTC: 	 Encoded data for curl request: subresource=version
DEBUG 2025-02-23 19:35:58.884 UTC: 	 CRABClient version: v3.241125
DEBUG 2025-02-23 19:35:58.884 UTC: 	 Instance is prod
DEBUG 2025-02-23 19:35:58.884 UTC: 	 Server base url is cmsweb.cern.ch
DEBUG 2025-02-23 19:35:58.884 UTC: 	 Command api workflow
WARNING 2025-02-23 19:35:58.884 UTC: 	 ATTENTION return value for 'remake' has been changed to a dictionary
 format is {'commandStatus': 'SUCCESS' or 'FAILED',
            'workDir': name of the work directory created}
INFO 2025-02-23 19:35:58.884 UTC: 	 Warning: crab_TWminusto4Q_ext1-v2/.requestcache not created, because it already exists.
INFO 2025-02-23 19:35:58.905 UTC: 	 Log file is /afs/cern.ch/work/j/jelee/nanoaod/workspace2025/CMSSW_13_3_0/src/PhysicsTools/NanoAODTools/crab_Run2_UL_Skim/2022preEE/TWminusto4Q_ext1-v2/crab.log
