DEBUG 2025-02-23 16:32:16.054 UTC: 	 CRAB Client version: v3.241125
DEBUG 2025-02-23 16:32:16.054 UTC: 	 Running on: Linux lxplus814.cern.ch 4.18.0-553.40.1.el8_10.x86_64 #1 SMP Thu Feb 6 21:20:51 EST 2025 x86_64 x86_64 x86_64 GNU/Linux
DEBUG 2025-02-23 16:32:16.055 UTC: 	 Not using Singularity
DEBUG 2025-02-23 16:32:16.055 UTC: 	 Operating System: Red Hat Enterprise Linux 8.10 (Ootpa)
DEBUG 2025-02-23 16:32:16.055 UTC: 	 Executing command: 'remake'
DEBUG 2025-02-23 16:32:16.055 UTC: 	 Found CRAB cache file /afs/cern.ch/user/j/jelee/.crab3
DEBUG 2025-02-23 16:32:16.055 UTC: 	 Checking credentials
DEBUG 2025-02-23 16:32:16.055 UTC: 	 Found proxy file /tmp/x509up_u21686
DEBUG 2025-02-23 16:32:16.055 UTC: 	 Making sure it has proper VOMS extension
DEBUG 2025-02-23 16:32:16.055 UTC: 	 Executing command :
 voms-proxy-info --vo --file /tmp/x509up_u21686
DEBUG 2025-02-23 16:32:16.410 UTC: 	 output : cms

 error: 
 retcode : 0
DEBUG 2025-02-23 16:32:16.410 UTC: 	 Getting proxy life time left
DEBUG 2025-02-23 16:32:16.410 UTC: 	 Executing command :
 voms-proxy-info --actimeleft --timeleft --file /tmp/x509up_u21686
DEBUG 2025-02-23 16:32:16.775 UTC: 	 output : 349422
349422

 error: 
 retcode : 0
DEBUG 2025-02-23 16:32:16.776 UTC: 	 Proxy valid for 97:03:42 hours
DEBUG 2025-02-23 16:32:16.776 UTC: 	 Encoded data for curl request: subresource=delegatedn
DEBUG 2025-02-23 16:32:16.816 UTC: 	 Registering user credentials on myproxy for /DC=ch/DC=cern/OU=computers/CN=crab-(preprod|prod)-tw(01|02).cern.ch|/DC=ch/DC=cern/OU=computers/CN=crab-dev-tw(01|02|03|04).cern.ch|/DC=ch/DC=cern/OU=Organic Units/OU=Users/CN=cmscrab/CN=(817881|373708)/CN=Robot: cms crab|/DC=ch/DC=cern/OU=Organic Units/OU=Users/CN=crabint1/CN=373708/CN=Robot: CMS CRAB Integration 1
DEBUG 2025-02-23 16:32:16.816 UTC: 	 Executing command :
 voms-proxy-info --identity --file /tmp/x509up_u21686
DEBUG 2025-02-23 16:32:17.166 UTC: 	 output : /DC=ch/DC=cern/OU=Organic Units/OU=Users/CN=jelee/CN=727784/CN=Jeongeun Lee

 error: 
 retcode : 0
DEBUG 2025-02-23 16:32:17.166 UTC: 	 Getting myproxy life time left for f1f3941e9d4a8be26269c6d003b41f2827f63184
DEBUG 2025-02-23 16:32:17.167 UTC: 	 Executing command :
 myproxy-info -s myproxy.cern.ch -l f1f3941e9d4a8be26269c6d003b41f2827f63184
DEBUG 2025-02-23 16:32:17.434 UTC: 	 output : username: f1f3941e9d4a8be26269c6d003b41f2827f63184
owner: /DC=ch/DC=cern/OU=Organic Units/OU=Users/CN=jelee/CN=727784/CN=Jeongeun Lee
  renewal policy: /DC=ch/DC=cern/OU=computers/CN=crab-(preprod|prod)-tw(01|02).cern.ch|/DC=ch/DC=cern/OU=computers/CN=crab-dev-tw(01|02|03|04).cern.ch|/DC=ch/DC=cern/OU=Organic Units/OU=Users/CN=cmscrab/CN=(817881|373708)/CN=Robot: cms crab|/DC=ch/DC=cern/OU=Organic Units/OU=Users/CN=crabint1/CN=373708/CN=Robot: CMS CRAB Integration 1
  trusted retrieval policy: /DC=ch/DC=cern/OU=computers/CN=crab-(preprod|prod)-tw(01|02).cern.ch|/DC=ch/DC=cern/OU=computers/CN=crab-dev-tw(01|02|03|04).cern.ch|/DC=ch/DC=cern/OU=Organic Units/OU=Users/CN=cmscrab/CN=(817881|373708)/CN=Robot: cms crab|/DC=ch/DC=cern/OU=Organic Units/OU=Users/CN=crabint1/CN=373708/CN=Robot: CMS CRAB Integration 1
  timeleft: 645:35:23  (26.9 days)

 error: 
 retcode : 0
DEBUG 2025-02-23 16:32:17.434 UTC: 	 Myproxy is valid: 2324100
DEBUG 2025-02-23 16:32:17.434 UTC: 	 Result of myproxy credential check:
  Credential exists on myproxy: username: f1f3941e9d4a8be26269c6d003b41f2827f63184  - validity: 26 days, 21:35:00
DEBUG 2025-02-23 16:32:17.434 UTC: 	 Command use: remake
DEBUG 2025-02-23 16:32:17.435 UTC: 	 Options use: ['--task=250222_164802:jelee_crab_QCD_PT-120to170']
DEBUG 2025-02-23 16:32:17.435 UTC: 	 Encoded data for curl request: subresource=version
DEBUG 2025-02-23 16:32:17.469 UTC: 	 CRABClient version: v3.241125
DEBUG 2025-02-23 16:32:17.469 UTC: 	 Instance is prod
DEBUG 2025-02-23 16:32:17.469 UTC: 	 Server base url is cmsweb.cern.ch
DEBUG 2025-02-23 16:32:17.469 UTC: 	 Command api workflow
WARNING 2025-02-23 16:32:17.469 UTC: 	 ATTENTION return value for 'remake' has been changed to a dictionary
 format is {'commandStatus': 'SUCCESS' or 'FAILED',
            'workDir': name of the work directory created}
INFO 2025-02-23 16:32:17.469 UTC: 	 Warning: crab_QCD_PT-120to170/.requestcache not created, because it already exists.
INFO 2025-02-23 16:32:17.471 UTC: 	 Log file is /afs/cern.ch/work/j/jelee/nanoaod/workspace2025/CMSSW_13_3_0/src/PhysicsTools/NanoAODTools/crab_Run2_UL_Skim/2022preEE/QCD_PT-120to170/crab.log
DEBUG 2025-02-23 19:36:05.778 UTC: 	 CRAB Client version: v3.241125
DEBUG 2025-02-23 19:36:05.778 UTC: 	 Running on: Linux lxplus814.cern.ch 4.18.0-553.40.1.el8_10.x86_64 #1 SMP Thu Feb 6 21:20:51 EST 2025 x86_64 x86_64 x86_64 GNU/Linux
DEBUG 2025-02-23 19:36:05.778 UTC: 	 Not using Singularity
DEBUG 2025-02-23 19:36:05.778 UTC: 	 Operating System: Red Hat Enterprise Linux 8.10 (Ootpa)
DEBUG 2025-02-23 19:36:05.778 UTC: 	 Executing command: 'remake'
DEBUG 2025-02-23 19:36:05.778 UTC: 	 Found CRAB cache file /afs/cern.ch/user/j/jelee/.crab3
DEBUG 2025-02-23 19:36:05.779 UTC: 	 Checking credentials
DEBUG 2025-02-23 19:36:05.779 UTC: 	 Found proxy file /tmp/x509up_u21686
DEBUG 2025-02-23 19:36:05.779 UTC: 	 Making sure it has proper VOMS extension
DEBUG 2025-02-23 19:36:05.779 UTC: 	 Executing command :
 voms-proxy-info --vo --file /tmp/x509up_u21686
DEBUG 2025-02-23 19:36:06.198 UTC: 	 output : cms

 error: 
 retcode : 0
DEBUG 2025-02-23 19:36:06.199 UTC: 	 Getting proxy life time left
DEBUG 2025-02-23 19:36:06.199 UTC: 	 Executing command :
 voms-proxy-info --actimeleft --timeleft --file /tmp/x509up_u21686
DEBUG 2025-02-23 19:36:06.591 UTC: 	 output : 338392
338392

 error: 
 retcode : 0
DEBUG 2025-02-23 19:36:06.591 UTC: 	 Proxy valid for 93:59:52 hours
DEBUG 2025-02-23 19:36:06.592 UTC: 	 Encoded data for curl request: subresource=delegatedn
DEBUG 2025-02-23 19:36:06.645 UTC: 	 Registering user credentials on myproxy for /DC=ch/DC=cern/OU=computers/CN=crab-(preprod|prod)-tw(01|02).cern.ch|/DC=ch/DC=cern/OU=computers/CN=crab-dev-tw(01|02|03|04).cern.ch|/DC=ch/DC=cern/OU=Organic Units/OU=Users/CN=cmscrab/CN=(817881|373708)/CN=Robot: cms crab|/DC=ch/DC=cern/OU=Organic Units/OU=Users/CN=crabint1/CN=373708/CN=Robot: CMS CRAB Integration 1
DEBUG 2025-02-23 19:36:06.645 UTC: 	 Executing command :
 voms-proxy-info --identity --file /tmp/x509up_u21686
DEBUG 2025-02-23 19:36:07.068 UTC: 	 output : /DC=ch/DC=cern/OU=Organic Units/OU=Users/CN=jelee/CN=727784/CN=Jeongeun Lee

 error: 
 retcode : 0
DEBUG 2025-02-23 19:36:07.068 UTC: 	 Getting myproxy life time left for f1f3941e9d4a8be26269c6d003b41f2827f63184
DEBUG 2025-02-23 19:36:07.068 UTC: 	 Executing command :
 myproxy-info -s myproxy.cern.ch -l f1f3941e9d4a8be26269c6d003b41f2827f63184
DEBUG 2025-02-23 19:36:07.469 UTC: 	 output : username: f1f3941e9d4a8be26269c6d003b41f2827f63184
owner: /DC=ch/DC=cern/OU=Organic Units/OU=Users/CN=jelee/CN=727784/CN=Jeongeun Lee
  renewal policy: /DC=ch/DC=cern/OU=computers/CN=crab-(preprod|prod)-tw(01|02).cern.ch|/DC=ch/DC=cern/OU=computers/CN=crab-dev-tw(01|02|03|04).cern.ch|/DC=ch/DC=cern/OU=Organic Units/OU=Users/CN=cmscrab/CN=(817881|373708)/CN=Robot: cms crab|/DC=ch/DC=cern/OU=Organic Units/OU=Users/CN=crabint1/CN=373708/CN=Robot: CMS CRAB Integration 1
  trusted retrieval policy: /DC=ch/DC=cern/OU=computers/CN=crab-(preprod|prod)-tw(01|02).cern.ch|/DC=ch/DC=cern/OU=computers/CN=crab-dev-tw(01|02|03|04).cern.ch|/DC=ch/DC=cern/OU=Organic Units/OU=Users/CN=cmscrab/CN=(817881|373708)/CN=Robot: cms crab|/DC=ch/DC=cern/OU=Organic Units/OU=Users/CN=crabint1/CN=373708/CN=Robot: CMS CRAB Integration 1
  timeleft: 642:31:33  (26.8 days)

 error: 
 retcode : 0
DEBUG 2025-02-23 19:36:07.469 UTC: 	 Myproxy is valid: 2313060
DEBUG 2025-02-23 19:36:07.469 UTC: 	 Result of myproxy credential check:
  Credential exists on myproxy: username: f1f3941e9d4a8be26269c6d003b41f2827f63184  - validity: 26 days, 18:31:00
DEBUG 2025-02-23 19:36:07.470 UTC: 	 Command use: remake
DEBUG 2025-02-23 19:36:07.470 UTC: 	 Options use: ['--task=250222_164802:jelee_crab_QCD_PT-120to170']
DEBUG 2025-02-23 19:36:07.470 UTC: 	 Encoded data for curl request: subresource=version
DEBUG 2025-02-23 19:36:07.501 UTC: 	 CRABClient version: v3.241125
DEBUG 2025-02-23 19:36:07.501 UTC: 	 Instance is prod
DEBUG 2025-02-23 19:36:07.501 UTC: 	 Server base url is cmsweb.cern.ch
DEBUG 2025-02-23 19:36:07.501 UTC: 	 Command api workflow
WARNING 2025-02-23 19:36:07.501 UTC: 	 ATTENTION return value for 'remake' has been changed to a dictionary
 format is {'commandStatus': 'SUCCESS' or 'FAILED',
            'workDir': name of the work directory created}
INFO 2025-02-23 19:36:07.501 UTC: 	 Warning: crab_QCD_PT-120to170/.requestcache not created, because it already exists.
INFO 2025-02-23 19:36:07.523 UTC: 	 Log file is /afs/cern.ch/work/j/jelee/nanoaod/workspace2025/CMSSW_13_3_0/src/PhysicsTools/NanoAODTools/crab_Run2_UL_Skim/2022preEE/QCD_PT-120to170/crab.log
