DEBUG 2025-02-23 16:32:24.976 UTC: 	 CRAB Client version: v3.241125
DEBUG 2025-02-23 16:32:24.977 UTC: 	 Running on: Linux lxplus814.cern.ch 4.18.0-553.40.1.el8_10.x86_64 #1 SMP Thu Feb 6 21:20:51 EST 2025 x86_64 x86_64 x86_64 GNU/Linux
DEBUG 2025-02-23 16:32:24.977 UTC: 	 Not using Singularity
DEBUG 2025-02-23 16:32:24.977 UTC: 	 Operating System: Red Hat Enterprise Linux 8.10 (Ootpa)
DEBUG 2025-02-23 16:32:24.977 UTC: 	 Executing command: 'remake'
DEBUG 2025-02-23 16:32:24.977 UTC: 	 Found CRAB cache file /afs/cern.ch/user/j/jelee/.crab3
DEBUG 2025-02-23 16:32:24.977 UTC: 	 Checking credentials
DEBUG 2025-02-23 16:32:24.977 UTC: 	 Found proxy file /tmp/x509up_u21686
DEBUG 2025-02-23 16:32:24.977 UTC: 	 Making sure it has proper VOMS extension
DEBUG 2025-02-23 16:32:24.977 UTC: 	 Executing command :
 voms-proxy-info --vo --file /tmp/x509up_u21686
DEBUG 2025-02-23 16:32:25.334 UTC: 	 output : cms

 error: 
 retcode : 0
DEBUG 2025-02-23 16:32:25.334 UTC: 	 Getting proxy life time left
DEBUG 2025-02-23 16:32:25.334 UTC: 	 Executing command :
 voms-proxy-info --actimeleft --timeleft --file /tmp/x509up_u21686
DEBUG 2025-02-23 16:32:25.693 UTC: 	 output : 349413
349413

 error: 
 retcode : 0
DEBUG 2025-02-23 16:32:25.693 UTC: 	 Proxy valid for 97:03:33 hours
DEBUG 2025-02-23 16:32:25.693 UTC: 	 Encoded data for curl request: subresource=delegatedn
DEBUG 2025-02-23 16:32:25.734 UTC: 	 Registering user credentials on myproxy for /DC=ch/DC=cern/OU=computers/CN=crab-(preprod|prod)-tw(01|02).cern.ch|/DC=ch/DC=cern/OU=computers/CN=crab-dev-tw(01|02|03|04).cern.ch|/DC=ch/DC=cern/OU=Organic Units/OU=Users/CN=cmscrab/CN=(817881|373708)/CN=Robot: cms crab|/DC=ch/DC=cern/OU=Organic Units/OU=Users/CN=crabint1/CN=373708/CN=Robot: CMS CRAB Integration 1
DEBUG 2025-02-23 16:32:25.734 UTC: 	 Executing command :
 voms-proxy-info --identity --file /tmp/x509up_u21686
DEBUG 2025-02-23 16:32:26.092 UTC: 	 output : /DC=ch/DC=cern/OU=Organic Units/OU=Users/CN=jelee/CN=727784/CN=Jeongeun Lee

 error: 
 retcode : 0
DEBUG 2025-02-23 16:32:26.092 UTC: 	 Getting myproxy life time left for f1f3941e9d4a8be26269c6d003b41f2827f63184
DEBUG 2025-02-23 16:32:26.092 UTC: 	 Executing command :
 myproxy-info -s myproxy.cern.ch -l f1f3941e9d4a8be26269c6d003b41f2827f63184
DEBUG 2025-02-23 16:32:26.370 UTC: 	 output : username: f1f3941e9d4a8be26269c6d003b41f2827f63184
owner: /DC=ch/DC=cern/OU=Organic Units/OU=Users/CN=jelee/CN=727784/CN=Jeongeun Lee
  renewal policy: /DC=ch/DC=cern/OU=computers/CN=crab-(preprod|prod)-tw(01|02).cern.ch|/DC=ch/DC=cern/OU=computers/CN=crab-dev-tw(01|02|03|04).cern.ch|/DC=ch/DC=cern/OU=Organic Units/OU=Users/CN=cmscrab/CN=(817881|373708)/CN=Robot: cms crab|/DC=ch/DC=cern/OU=Organic Units/OU=Users/CN=crabint1/CN=373708/CN=Robot: CMS CRAB Integration 1
  trusted retrieval policy: /DC=ch/DC=cern/OU=computers/CN=crab-(preprod|prod)-tw(01|02).cern.ch|/DC=ch/DC=cern/OU=computers/CN=crab-dev-tw(01|02|03|04).cern.ch|/DC=ch/DC=cern/OU=Organic Units/OU=Users/CN=cmscrab/CN=(817881|373708)/CN=Robot: cms crab|/DC=ch/DC=cern/OU=Organic Units/OU=Users/CN=crabint1/CN=373708/CN=Robot: CMS CRAB Integration 1
  timeleft: 645:35:14  (26.9 days)

 error: 
 retcode : 0
DEBUG 2025-02-23 16:32:26.370 UTC: 	 Myproxy is valid: 2324100
DEBUG 2025-02-23 16:32:26.370 UTC: 	 Result of myproxy credential check:
  Credential exists on myproxy: username: f1f3941e9d4a8be26269c6d003b41f2827f63184  - validity: 26 days, 21:35:00
DEBUG 2025-02-23 16:32:26.370 UTC: 	 Command use: remake
DEBUG 2025-02-23 16:32:26.370 UTC: 	 Options use: ['--task=250222_164805:jelee_crab_QCD_PT-3200_ext1-v2']
DEBUG 2025-02-23 16:32:26.371 UTC: 	 Encoded data for curl request: subresource=version
DEBUG 2025-02-23 16:32:26.406 UTC: 	 CRABClient version: v3.241125
DEBUG 2025-02-23 16:32:26.406 UTC: 	 Instance is prod
DEBUG 2025-02-23 16:32:26.406 UTC: 	 Server base url is cmsweb.cern.ch
DEBUG 2025-02-23 16:32:26.406 UTC: 	 Command api workflow
WARNING 2025-02-23 16:32:26.406 UTC: 	 ATTENTION return value for 'remake' has been changed to a dictionary
 format is {'commandStatus': 'SUCCESS' or 'FAILED',
            'workDir': name of the work directory created}
INFO 2025-02-23 16:32:26.406 UTC: 	 Warning: crab_QCD_PT-3200_ext1-v2/.requestcache not created, because it already exists.
INFO 2025-02-23 16:32:26.408 UTC: 	 Log file is /afs/cern.ch/work/j/jelee/nanoaod/workspace2025/CMSSW_13_3_0/src/PhysicsTools/NanoAODTools/crab_Run2_UL_Skim/2022preEE/QCD_PT-3200_ext1-v2/crab.log
DEBUG 2025-02-23 19:36:09.206 UTC: 	 CRAB Client version: v3.241125
DEBUG 2025-02-23 19:36:09.206 UTC: 	 Running on: Linux lxplus814.cern.ch 4.18.0-553.40.1.el8_10.x86_64 #1 SMP Thu Feb 6 21:20:51 EST 2025 x86_64 x86_64 x86_64 GNU/Linux
DEBUG 2025-02-23 19:36:09.206 UTC: 	 Not using Singularity
DEBUG 2025-02-23 19:36:09.206 UTC: 	 Operating System: Red Hat Enterprise Linux 8.10 (Ootpa)
DEBUG 2025-02-23 19:36:09.206 UTC: 	 Executing command: 'remake'
DEBUG 2025-02-23 19:36:09.206 UTC: 	 Found CRAB cache file /afs/cern.ch/user/j/jelee/.crab3
DEBUG 2025-02-23 19:36:09.206 UTC: 	 Checking credentials
DEBUG 2025-02-23 19:36:09.206 UTC: 	 Found proxy file /tmp/x509up_u21686
DEBUG 2025-02-23 19:36:09.206 UTC: 	 Making sure it has proper VOMS extension
DEBUG 2025-02-23 19:36:09.206 UTC: 	 Executing command :
 voms-proxy-info --vo --file /tmp/x509up_u21686
DEBUG 2025-02-23 19:36:09.651 UTC: 	 output : cms

 error: 
 retcode : 0
DEBUG 2025-02-23 19:36:09.651 UTC: 	 Getting proxy life time left
DEBUG 2025-02-23 19:36:09.651 UTC: 	 Executing command :
 voms-proxy-info --actimeleft --timeleft --file /tmp/x509up_u21686
DEBUG 2025-02-23 19:36:10.105 UTC: 	 output : 338388
338388

 error: 
 retcode : 0
DEBUG 2025-02-23 19:36:10.106 UTC: 	 Proxy valid for 93:59:48 hours
DEBUG 2025-02-23 19:36:10.106 UTC: 	 Encoded data for curl request: subresource=delegatedn
DEBUG 2025-02-23 19:36:10.143 UTC: 	 Registering user credentials on myproxy for /DC=ch/DC=cern/OU=computers/CN=crab-(preprod|prod)-tw(01|02).cern.ch|/DC=ch/DC=cern/OU=computers/CN=crab-dev-tw(01|02|03|04).cern.ch|/DC=ch/DC=cern/OU=Organic Units/OU=Users/CN=cmscrab/CN=(817881|373708)/CN=Robot: cms crab|/DC=ch/DC=cern/OU=Organic Units/OU=Users/CN=crabint1/CN=373708/CN=Robot: CMS CRAB Integration 1
DEBUG 2025-02-23 19:36:10.143 UTC: 	 Executing command :
 voms-proxy-info --identity --file /tmp/x509up_u21686
DEBUG 2025-02-23 19:36:10.532 UTC: 	 output : /DC=ch/DC=cern/OU=Organic Units/OU=Users/CN=jelee/CN=727784/CN=Jeongeun Lee

 error: 
 retcode : 0
DEBUG 2025-02-23 19:36:10.532 UTC: 	 Getting myproxy life time left for f1f3941e9d4a8be26269c6d003b41f2827f63184
DEBUG 2025-02-23 19:36:10.532 UTC: 	 Executing command :
 myproxy-info -s myproxy.cern.ch -l f1f3941e9d4a8be26269c6d003b41f2827f63184
DEBUG 2025-02-23 19:36:10.938 UTC: 	 output : username: f1f3941e9d4a8be26269c6d003b41f2827f63184
owner: /DC=ch/DC=cern/OU=Organic Units/OU=Users/CN=jelee/CN=727784/CN=Jeongeun Lee
  renewal policy: /DC=ch/DC=cern/OU=computers/CN=crab-(preprod|prod)-tw(01|02).cern.ch|/DC=ch/DC=cern/OU=computers/CN=crab-dev-tw(01|02|03|04).cern.ch|/DC=ch/DC=cern/OU=Organic Units/OU=Users/CN=cmscrab/CN=(817881|373708)/CN=Robot: cms crab|/DC=ch/DC=cern/OU=Organic Units/OU=Users/CN=crabint1/CN=373708/CN=Robot: CMS CRAB Integration 1
  trusted retrieval policy: /DC=ch/DC=cern/OU=computers/CN=crab-(preprod|prod)-tw(01|02).cern.ch|/DC=ch/DC=cern/OU=computers/CN=crab-dev-tw(01|02|03|04).cern.ch|/DC=ch/DC=cern/OU=Organic Units/OU=Users/CN=cmscrab/CN=(817881|373708)/CN=Robot: cms crab|/DC=ch/DC=cern/OU=Organic Units/OU=Users/CN=crabint1/CN=373708/CN=Robot: CMS CRAB Integration 1
  timeleft: 642:31:30  (26.8 days)

 error: 
 retcode : 0
DEBUG 2025-02-23 19:36:10.939 UTC: 	 Myproxy is valid: 2313060
DEBUG 2025-02-23 19:36:10.939 UTC: 	 Result of myproxy credential check:
  Credential exists on myproxy: username: f1f3941e9d4a8be26269c6d003b41f2827f63184  - validity: 26 days, 18:31:00
DEBUG 2025-02-23 19:36:10.939 UTC: 	 Command use: remake
DEBUG 2025-02-23 19:36:10.939 UTC: 	 Options use: ['--task=250222_164805:jelee_crab_QCD_PT-3200_ext1-v2']
DEBUG 2025-02-23 19:36:10.939 UTC: 	 Encoded data for curl request: subresource=version
DEBUG 2025-02-23 19:36:10.977 UTC: 	 CRABClient version: v3.241125
DEBUG 2025-02-23 19:36:10.977 UTC: 	 Instance is prod
DEBUG 2025-02-23 19:36:10.977 UTC: 	 Server base url is cmsweb.cern.ch
DEBUG 2025-02-23 19:36:10.977 UTC: 	 Command api workflow
WARNING 2025-02-23 19:36:10.977 UTC: 	 ATTENTION return value for 'remake' has been changed to a dictionary
 format is {'commandStatus': 'SUCCESS' or 'FAILED',
            'workDir': name of the work directory created}
INFO 2025-02-23 19:36:10.978 UTC: 	 Warning: crab_QCD_PT-3200_ext1-v2/.requestcache not created, because it already exists.
INFO 2025-02-23 19:36:10.993 UTC: 	 Log file is /afs/cern.ch/work/j/jelee/nanoaod/workspace2025/CMSSW_13_3_0/src/PhysicsTools/NanoAODTools/crab_Run2_UL_Skim/2022preEE/QCD_PT-3200_ext1-v2/crab.log
