DEBUG 2025-02-23 16:28:50.295 UTC: 	 CRAB Client version: v3.241125
DEBUG 2025-02-23 16:28:50.296 UTC: 	 Running on: Linux lxplus814.cern.ch 4.18.0-553.40.1.el8_10.x86_64 #1 SMP Thu Feb 6 21:20:51 EST 2025 x86_64 x86_64 x86_64 GNU/Linux
DEBUG 2025-02-23 16:28:50.296 UTC: 	 Not using Singularity
DEBUG 2025-02-23 16:28:50.296 UTC: 	 Operating System: Red Hat Enterprise Linux 8.10 (Ootpa)
DEBUG 2025-02-23 16:28:50.296 UTC: 	 Executing command: 'remake'
DEBUG 2025-02-23 16:28:50.296 UTC: 	 Found CRAB cache file /afs/cern.ch/user/j/jelee/.crab3
DEBUG 2025-02-23 16:28:50.296 UTC: 	 Checking credentials
DEBUG 2025-02-23 16:28:50.296 UTC: 	 Found proxy file /tmp/x509up_u21686
DEBUG 2025-02-23 16:28:50.296 UTC: 	 Making sure it has proper VOMS extension
DEBUG 2025-02-23 16:28:50.296 UTC: 	 Executing command :
 voms-proxy-info --vo --file /tmp/x509up_u21686
DEBUG 2025-02-23 16:28:50.657 UTC: 	 output : cms

 error: 
 retcode : 0
DEBUG 2025-02-23 16:28:50.657 UTC: 	 Getting proxy life time left
DEBUG 2025-02-23 16:28:50.657 UTC: 	 Executing command :
 voms-proxy-info --actimeleft --timeleft --file /tmp/x509up_u21686
DEBUG 2025-02-23 16:28:50.983 UTC: 	 output : 349628
349628

 error: 
 retcode : 0
DEBUG 2025-02-23 16:28:50.983 UTC: 	 Proxy valid for 97:07:08 hours
DEBUG 2025-02-23 16:28:50.984 UTC: 	 Encoded data for curl request: subresource=delegatedn
DEBUG 2025-02-23 16:28:51.020 UTC: 	 Registering user credentials on myproxy for /DC=ch/DC=cern/OU=computers/CN=crab-(preprod|prod)-tw(01|02).cern.ch|/DC=ch/DC=cern/OU=computers/CN=crab-dev-tw(01|02|03|04).cern.ch|/DC=ch/DC=cern/OU=Organic Units/OU=Users/CN=cmscrab/CN=(817881|373708)/CN=Robot: cms crab|/DC=ch/DC=cern/OU=Organic Units/OU=Users/CN=crabint1/CN=373708/CN=Robot: CMS CRAB Integration 1
DEBUG 2025-02-23 16:28:51.020 UTC: 	 Executing command :
 voms-proxy-info --identity --file /tmp/x509up_u21686
DEBUG 2025-02-23 16:28:51.355 UTC: 	 output : /DC=ch/DC=cern/OU=Organic Units/OU=Users/CN=jelee/CN=727784/CN=Jeongeun Lee

 error: 
 retcode : 0
DEBUG 2025-02-23 16:28:51.355 UTC: 	 Getting myproxy life time left for f1f3941e9d4a8be26269c6d003b41f2827f63184
DEBUG 2025-02-23 16:28:51.355 UTC: 	 Executing command :
 myproxy-info -s myproxy.cern.ch -l f1f3941e9d4a8be26269c6d003b41f2827f63184
DEBUG 2025-02-23 16:28:51.612 UTC: 	 output : username: f1f3941e9d4a8be26269c6d003b41f2827f63184
owner: /DC=ch/DC=cern/OU=Organic Units/OU=Users/CN=jelee/CN=727784/CN=Jeongeun Lee
  renewal policy: /DC=ch/DC=cern/OU=computers/CN=crab-(preprod|prod)-tw(01|02).cern.ch|/DC=ch/DC=cern/OU=computers/CN=crab-dev-tw(01|02|03|04).cern.ch|/DC=ch/DC=cern/OU=Organic Units/OU=Users/CN=cmscrab/CN=(817881|373708)/CN=Robot: cms crab|/DC=ch/DC=cern/OU=Organic Units/OU=Users/CN=crabint1/CN=373708/CN=Robot: CMS CRAB Integration 1
  trusted retrieval policy: /DC=ch/DC=cern/OU=computers/CN=crab-(preprod|prod)-tw(01|02).cern.ch|/DC=ch/DC=cern/OU=computers/CN=crab-dev-tw(01|02|03|04).cern.ch|/DC=ch/DC=cern/OU=Organic Units/OU=Users/CN=cmscrab/CN=(817881|373708)/CN=Robot: cms crab|/DC=ch/DC=cern/OU=Organic Units/OU=Users/CN=crabint1/CN=373708/CN=Robot: CMS CRAB Integration 1
  timeleft: 645:38:49  (26.9 days)

 error: 
 retcode : 0
DEBUG 2025-02-23 16:28:51.612 UTC: 	 Myproxy is valid: 2324280
DEBUG 2025-02-23 16:28:51.612 UTC: 	 Result of myproxy credential check:
  Credential exists on myproxy: username: f1f3941e9d4a8be26269c6d003b41f2827f63184  - validity: 26 days, 21:38:00
DEBUG 2025-02-23 16:28:51.612 UTC: 	 Command use: remake
DEBUG 2025-02-23 16:28:51.613 UTC: 	 Options use: ['--task=250222_164652:jelee_crab_DYto2Mu_MLL-4000to6000']
DEBUG 2025-02-23 16:28:51.613 UTC: 	 Encoded data for curl request: subresource=version
DEBUG 2025-02-23 16:28:51.648 UTC: 	 CRABClient version: v3.241125
DEBUG 2025-02-23 16:28:51.648 UTC: 	 Instance is prod
DEBUG 2025-02-23 16:28:51.648 UTC: 	 Server base url is cmsweb.cern.ch
DEBUG 2025-02-23 16:28:51.648 UTC: 	 Command api workflow
WARNING 2025-02-23 16:28:51.648 UTC: 	 ATTENTION return value for 'remake' has been changed to a dictionary
 format is {'commandStatus': 'SUCCESS' or 'FAILED',
            'workDir': name of the work directory created}
INFO 2025-02-23 16:28:51.648 UTC: 	 Warning: crab_DYto2Mu_MLL-4000to6000/.requestcache not created, because it already exists.
INFO 2025-02-23 16:28:51.652 UTC: 	 Log file is /afs/cern.ch/work/j/jelee/nanoaod/workspace2025/CMSSW_13_3_0/src/PhysicsTools/NanoAODTools/crab_Run2_UL_Skim/2022preEE/DYto2Mu_MLL-4000to6000/crab.log
DEBUG 2025-02-23 19:34:11.984 UTC: 	 CRAB Client version: v3.241125
DEBUG 2025-02-23 19:34:11.984 UTC: 	 Running on: Linux lxplus814.cern.ch 4.18.0-553.40.1.el8_10.x86_64 #1 SMP Thu Feb 6 21:20:51 EST 2025 x86_64 x86_64 x86_64 GNU/Linux
DEBUG 2025-02-23 19:34:11.984 UTC: 	 Not using Singularity
DEBUG 2025-02-23 19:34:11.984 UTC: 	 Operating System: Red Hat Enterprise Linux 8.10 (Ootpa)
DEBUG 2025-02-23 19:34:11.984 UTC: 	 Executing command: 'remake'
DEBUG 2025-02-23 19:34:11.984 UTC: 	 Found CRAB cache file /afs/cern.ch/user/j/jelee/.crab3
DEBUG 2025-02-23 19:34:11.985 UTC: 	 Checking credentials
DEBUG 2025-02-23 19:34:11.985 UTC: 	 Found proxy file /tmp/x509up_u21686
DEBUG 2025-02-23 19:34:11.985 UTC: 	 Making sure it has proper VOMS extension
DEBUG 2025-02-23 19:34:11.985 UTC: 	 Executing command :
 voms-proxy-info --vo --file /tmp/x509up_u21686
DEBUG 2025-02-23 19:34:12.382 UTC: 	 output : cms

 error: 
 retcode : 0
DEBUG 2025-02-23 19:34:12.382 UTC: 	 Getting proxy life time left
DEBUG 2025-02-23 19:34:12.382 UTC: 	 Executing command :
 voms-proxy-info --actimeleft --timeleft --file /tmp/x509up_u21686
DEBUG 2025-02-23 19:34:12.767 UTC: 	 output : 338506
338506

 error: 
 retcode : 0
DEBUG 2025-02-23 19:34:12.767 UTC: 	 Proxy valid for 94:01:46 hours
DEBUG 2025-02-23 19:34:12.767 UTC: 	 Encoded data for curl request: subresource=delegatedn
DEBUG 2025-02-23 19:34:12.802 UTC: 	 Registering user credentials on myproxy for /DC=ch/DC=cern/OU=computers/CN=crab-(preprod|prod)-tw(01|02).cern.ch|/DC=ch/DC=cern/OU=computers/CN=crab-dev-tw(01|02|03|04).cern.ch|/DC=ch/DC=cern/OU=Organic Units/OU=Users/CN=cmscrab/CN=(817881|373708)/CN=Robot: cms crab|/DC=ch/DC=cern/OU=Organic Units/OU=Users/CN=crabint1/CN=373708/CN=Robot: CMS CRAB Integration 1
DEBUG 2025-02-23 19:34:12.802 UTC: 	 Executing command :
 voms-proxy-info --identity --file /tmp/x509up_u21686
DEBUG 2025-02-23 19:34:13.193 UTC: 	 output : /DC=ch/DC=cern/OU=Organic Units/OU=Users/CN=jelee/CN=727784/CN=Jeongeun Lee

 error: 
 retcode : 0
DEBUG 2025-02-23 19:34:13.193 UTC: 	 Getting myproxy life time left for f1f3941e9d4a8be26269c6d003b41f2827f63184
DEBUG 2025-02-23 19:34:13.193 UTC: 	 Executing command :
 myproxy-info -s myproxy.cern.ch -l f1f3941e9d4a8be26269c6d003b41f2827f63184
DEBUG 2025-02-23 19:34:13.579 UTC: 	 output : username: f1f3941e9d4a8be26269c6d003b41f2827f63184
owner: /DC=ch/DC=cern/OU=Organic Units/OU=Users/CN=jelee/CN=727784/CN=Jeongeun Lee
  renewal policy: /DC=ch/DC=cern/OU=computers/CN=crab-(preprod|prod)-tw(01|02).cern.ch|/DC=ch/DC=cern/OU=computers/CN=crab-dev-tw(01|02|03|04).cern.ch|/DC=ch/DC=cern/OU=Organic Units/OU=Users/CN=cmscrab/CN=(817881|373708)/CN=Robot: cms crab|/DC=ch/DC=cern/OU=Organic Units/OU=Users/CN=crabint1/CN=373708/CN=Robot: CMS CRAB Integration 1
  trusted retrieval policy: /DC=ch/DC=cern/OU=computers/CN=crab-(preprod|prod)-tw(01|02).cern.ch|/DC=ch/DC=cern/OU=computers/CN=crab-dev-tw(01|02|03|04).cern.ch|/DC=ch/DC=cern/OU=Organic Units/OU=Users/CN=cmscrab/CN=(817881|373708)/CN=Robot: cms crab|/DC=ch/DC=cern/OU=Organic Units/OU=Users/CN=crabint1/CN=373708/CN=Robot: CMS CRAB Integration 1
  timeleft: 642:33:27  (26.8 days)

 error: 
 retcode : 0
DEBUG 2025-02-23 19:34:13.579 UTC: 	 Myproxy is valid: 2313180
DEBUG 2025-02-23 19:34:13.579 UTC: 	 Result of myproxy credential check:
  Credential exists on myproxy: username: f1f3941e9d4a8be26269c6d003b41f2827f63184  - validity: 26 days, 18:33:00
DEBUG 2025-02-23 19:34:13.579 UTC: 	 Command use: remake
DEBUG 2025-02-23 19:34:13.579 UTC: 	 Options use: ['--task=250222_164652:jelee_crab_DYto2Mu_MLL-4000to6000']
DEBUG 2025-02-23 19:34:13.579 UTC: 	 Encoded data for curl request: subresource=version
DEBUG 2025-02-23 19:34:13.615 UTC: 	 CRABClient version: v3.241125
DEBUG 2025-02-23 19:34:13.615 UTC: 	 Instance is prod
DEBUG 2025-02-23 19:34:13.615 UTC: 	 Server base url is cmsweb.cern.ch
DEBUG 2025-02-23 19:34:13.615 UTC: 	 Command api workflow
WARNING 2025-02-23 19:34:13.615 UTC: 	 ATTENTION return value for 'remake' has been changed to a dictionary
 format is {'commandStatus': 'SUCCESS' or 'FAILED',
            'workDir': name of the work directory created}
INFO 2025-02-23 19:34:13.615 UTC: 	 Warning: crab_DYto2Mu_MLL-4000to6000/.requestcache not created, because it already exists.
INFO 2025-02-23 19:34:13.646 UTC: 	 Log file is /afs/cern.ch/work/j/jelee/nanoaod/workspace2025/CMSSW_13_3_0/src/PhysicsTools/NanoAODTools/crab_Run2_UL_Skim/2022preEE/DYto2Mu_MLL-4000to6000/crab.log
