DEBUG 2025-02-23 16:27:44.058 UTC: 	 CRAB Client version: v3.241125
DEBUG 2025-02-23 16:27:44.059 UTC: 	 Running on: Linux lxplus814.cern.ch 4.18.0-553.40.1.el8_10.x86_64 #1 SMP Thu Feb 6 21:20:51 EST 2025 x86_64 x86_64 x86_64 GNU/Linux
DEBUG 2025-02-23 16:27:44.059 UTC: 	 Not using Singularity
DEBUG 2025-02-23 16:27:44.059 UTC: 	 Operating System: Red Hat Enterprise Linux 8.10 (Ootpa)
DEBUG 2025-02-23 16:27:44.059 UTC: 	 Executing command: 'remake'
DEBUG 2025-02-23 16:27:44.059 UTC: 	 Found CRAB cache file /afs/cern.ch/user/j/jelee/.crab3
DEBUG 2025-02-23 16:27:44.059 UTC: 	 Checking credentials
DEBUG 2025-02-23 16:27:44.059 UTC: 	 Found proxy file /tmp/x509up_u21686
DEBUG 2025-02-23 16:27:44.059 UTC: 	 Making sure it has proper VOMS extension
DEBUG 2025-02-23 16:27:44.059 UTC: 	 Executing command :
 voms-proxy-info --vo --file /tmp/x509up_u21686
DEBUG 2025-02-23 16:27:44.400 UTC: 	 output : cms

 error: 
 retcode : 0
DEBUG 2025-02-23 16:27:44.400 UTC: 	 Getting proxy life time left
DEBUG 2025-02-23 16:27:44.400 UTC: 	 Executing command :
 voms-proxy-info --actimeleft --timeleft --file /tmp/x509up_u21686
DEBUG 2025-02-23 16:27:44.745 UTC: 	 output : 349694
349694

 error: 
 retcode : 0
DEBUG 2025-02-23 16:27:44.745 UTC: 	 Proxy valid for 97:08:14 hours
DEBUG 2025-02-23 16:27:44.745 UTC: 	 Encoded data for curl request: subresource=delegatedn
DEBUG 2025-02-23 16:27:44.780 UTC: 	 Registering user credentials on myproxy for /DC=ch/DC=cern/OU=computers/CN=crab-(preprod|prod)-tw(01|02).cern.ch|/DC=ch/DC=cern/OU=computers/CN=crab-dev-tw(01|02|03|04).cern.ch|/DC=ch/DC=cern/OU=Organic Units/OU=Users/CN=cmscrab/CN=(817881|373708)/CN=Robot: cms crab|/DC=ch/DC=cern/OU=Organic Units/OU=Users/CN=crabint1/CN=373708/CN=Robot: CMS CRAB Integration 1
DEBUG 2025-02-23 16:27:44.781 UTC: 	 Executing command :
 voms-proxy-info --identity --file /tmp/x509up_u21686
DEBUG 2025-02-23 16:27:45.149 UTC: 	 output : /DC=ch/DC=cern/OU=Organic Units/OU=Users/CN=jelee/CN=727784/CN=Jeongeun Lee

 error: 
 retcode : 0
DEBUG 2025-02-23 16:27:45.150 UTC: 	 Getting myproxy life time left for f1f3941e9d4a8be26269c6d003b41f2827f63184
DEBUG 2025-02-23 16:27:45.150 UTC: 	 Executing command :
 myproxy-info -s myproxy.cern.ch -l f1f3941e9d4a8be26269c6d003b41f2827f63184
DEBUG 2025-02-23 16:27:45.497 UTC: 	 output : username: f1f3941e9d4a8be26269c6d003b41f2827f63184
owner: /DC=ch/DC=cern/OU=Organic Units/OU=Users/CN=jelee/CN=727784/CN=Jeongeun Lee
  renewal policy: /DC=ch/DC=cern/OU=computers/CN=crab-(preprod|prod)-tw(01|02).cern.ch|/DC=ch/DC=cern/OU=computers/CN=crab-dev-tw(01|02|03|04).cern.ch|/DC=ch/DC=cern/OU=Organic Units/OU=Users/CN=cmscrab/CN=(817881|373708)/CN=Robot: cms crab|/DC=ch/DC=cern/OU=Organic Units/OU=Users/CN=crabint1/CN=373708/CN=Robot: CMS CRAB Integration 1
  trusted retrieval policy: /DC=ch/DC=cern/OU=computers/CN=crab-(preprod|prod)-tw(01|02).cern.ch|/DC=ch/DC=cern/OU=computers/CN=crab-dev-tw(01|02|03|04).cern.ch|/DC=ch/DC=cern/OU=Organic Units/OU=Users/CN=cmscrab/CN=(817881|373708)/CN=Robot: cms crab|/DC=ch/DC=cern/OU=Organic Units/OU=Users/CN=crabint1/CN=373708/CN=Robot: CMS CRAB Integration 1
  timeleft: 645:39:55  (26.9 days)

 error: 
 retcode : 0
DEBUG 2025-02-23 16:27:45.497 UTC: 	 Myproxy is valid: 2324340
DEBUG 2025-02-23 16:27:45.497 UTC: 	 Result of myproxy credential check:
  Credential exists on myproxy: username: f1f3941e9d4a8be26269c6d003b41f2827f63184  - validity: 26 days, 21:39:00
DEBUG 2025-02-23 16:27:45.498 UTC: 	 Command use: remake
DEBUG 2025-02-23 16:27:45.498 UTC: 	 Options use: ['--task=250222_164627:jelee_crab_WtoLNu-2Jets_PTLNu-40to100_2J']
DEBUG 2025-02-23 16:27:45.498 UTC: 	 Encoded data for curl request: subresource=version
DEBUG 2025-02-23 16:27:45.534 UTC: 	 CRABClient version: v3.241125
DEBUG 2025-02-23 16:27:45.535 UTC: 	 Instance is prod
DEBUG 2025-02-23 16:27:45.535 UTC: 	 Server base url is cmsweb.cern.ch
DEBUG 2025-02-23 16:27:45.535 UTC: 	 Command api workflow
WARNING 2025-02-23 16:27:45.535 UTC: 	 ATTENTION return value for 'remake' has been changed to a dictionary
 format is {'commandStatus': 'SUCCESS' or 'FAILED',
            'workDir': name of the work directory created}
INFO 2025-02-23 16:27:45.535 UTC: 	 Warning: crab_WtoLNu-2Jets_PTLNu-40to100_2J/.requestcache not created, because it already exists.
INFO 2025-02-23 16:27:45.538 UTC: 	 Log file is /afs/cern.ch/work/j/jelee/nanoaod/workspace2025/CMSSW_13_3_0/src/PhysicsTools/NanoAODTools/crab_Run2_UL_Skim/2022preEE/WtoLNu-2Jets_PTLNu-40to100_2J/crab.log
DEBUG 2025-02-23 19:33:37.354 UTC: 	 CRAB Client version: v3.241125
DEBUG 2025-02-23 19:33:37.354 UTC: 	 Running on: Linux lxplus814.cern.ch 4.18.0-553.40.1.el8_10.x86_64 #1 SMP Thu Feb 6 21:20:51 EST 2025 x86_64 x86_64 x86_64 GNU/Linux
DEBUG 2025-02-23 19:33:37.354 UTC: 	 Not using Singularity
DEBUG 2025-02-23 19:33:37.354 UTC: 	 Operating System: Red Hat Enterprise Linux 8.10 (Ootpa)
DEBUG 2025-02-23 19:33:37.354 UTC: 	 Executing command: 'remake'
DEBUG 2025-02-23 19:33:37.354 UTC: 	 Found CRAB cache file /afs/cern.ch/user/j/jelee/.crab3
DEBUG 2025-02-23 19:33:37.355 UTC: 	 Checking credentials
DEBUG 2025-02-23 19:33:37.355 UTC: 	 Found proxy file /tmp/x509up_u21686
DEBUG 2025-02-23 19:33:37.355 UTC: 	 Making sure it has proper VOMS extension
DEBUG 2025-02-23 19:33:37.355 UTC: 	 Executing command :
 voms-proxy-info --vo --file /tmp/x509up_u21686
DEBUG 2025-02-23 19:33:37.772 UTC: 	 output : cms

 error: 
 retcode : 0
DEBUG 2025-02-23 19:33:37.773 UTC: 	 Getting proxy life time left
DEBUG 2025-02-23 19:33:37.773 UTC: 	 Executing command :
 voms-proxy-info --actimeleft --timeleft --file /tmp/x509up_u21686
DEBUG 2025-02-23 19:33:38.201 UTC: 	 output : 338540
338540

 error: 
 retcode : 0
DEBUG 2025-02-23 19:33:38.201 UTC: 	 Proxy valid for 94:02:20 hours
DEBUG 2025-02-23 19:33:38.201 UTC: 	 Encoded data for curl request: subresource=delegatedn
DEBUG 2025-02-23 19:33:38.242 UTC: 	 Registering user credentials on myproxy for /DC=ch/DC=cern/OU=computers/CN=crab-(preprod|prod)-tw(01|02).cern.ch|/DC=ch/DC=cern/OU=computers/CN=crab-dev-tw(01|02|03|04).cern.ch|/DC=ch/DC=cern/OU=Organic Units/OU=Users/CN=cmscrab/CN=(817881|373708)/CN=Robot: cms crab|/DC=ch/DC=cern/OU=Organic Units/OU=Users/CN=crabint1/CN=373708/CN=Robot: CMS CRAB Integration 1
DEBUG 2025-02-23 19:33:38.242 UTC: 	 Executing command :
 voms-proxy-info --identity --file /tmp/x509up_u21686
DEBUG 2025-02-23 19:33:38.617 UTC: 	 output : /DC=ch/DC=cern/OU=Organic Units/OU=Users/CN=jelee/CN=727784/CN=Jeongeun Lee

 error: 
 retcode : 0
DEBUG 2025-02-23 19:33:38.618 UTC: 	 Getting myproxy life time left for f1f3941e9d4a8be26269c6d003b41f2827f63184
DEBUG 2025-02-23 19:33:38.618 UTC: 	 Executing command :
 myproxy-info -s myproxy.cern.ch -l f1f3941e9d4a8be26269c6d003b41f2827f63184
DEBUG 2025-02-23 19:33:39.581 UTC: 	 output : username: f1f3941e9d4a8be26269c6d003b41f2827f63184
owner: /DC=ch/DC=cern/OU=Organic Units/OU=Users/CN=jelee/CN=727784/CN=Jeongeun Lee
  renewal policy: /DC=ch/DC=cern/OU=computers/CN=crab-(preprod|prod)-tw(01|02).cern.ch|/DC=ch/DC=cern/OU=computers/CN=crab-dev-tw(01|02|03|04).cern.ch|/DC=ch/DC=cern/OU=Organic Units/OU=Users/CN=cmscrab/CN=(817881|373708)/CN=Robot: cms crab|/DC=ch/DC=cern/OU=Organic Units/OU=Users/CN=crabint1/CN=373708/CN=Robot: CMS CRAB Integration 1
  trusted retrieval policy: /DC=ch/DC=cern/OU=computers/CN=crab-(preprod|prod)-tw(01|02).cern.ch|/DC=ch/DC=cern/OU=computers/CN=crab-dev-tw(01|02|03|04).cern.ch|/DC=ch/DC=cern/OU=Organic Units/OU=Users/CN=cmscrab/CN=(817881|373708)/CN=Robot: cms crab|/DC=ch/DC=cern/OU=Organic Units/OU=Users/CN=crabint1/CN=373708/CN=Robot: CMS CRAB Integration 1
  timeleft: 642:34:01  (26.8 days)

 error: 
 retcode : 0
DEBUG 2025-02-23 19:33:39.581 UTC: 	 Myproxy is valid: 2313240
DEBUG 2025-02-23 19:33:39.581 UTC: 	 Result of myproxy credential check:
  Credential exists on myproxy: username: f1f3941e9d4a8be26269c6d003b41f2827f63184  - validity: 26 days, 18:34:00
DEBUG 2025-02-23 19:33:39.582 UTC: 	 Command use: remake
DEBUG 2025-02-23 19:33:39.582 UTC: 	 Options use: ['--task=250222_164627:jelee_crab_WtoLNu-2Jets_PTLNu-40to100_2J']
DEBUG 2025-02-23 19:33:39.582 UTC: 	 Encoded data for curl request: subresource=version
DEBUG 2025-02-23 19:33:39.616 UTC: 	 CRABClient version: v3.241125
DEBUG 2025-02-23 19:33:39.616 UTC: 	 Instance is prod
DEBUG 2025-02-23 19:33:39.616 UTC: 	 Server base url is cmsweb.cern.ch
DEBUG 2025-02-23 19:33:39.616 UTC: 	 Command api workflow
WARNING 2025-02-23 19:33:39.616 UTC: 	 ATTENTION return value for 'remake' has been changed to a dictionary
 format is {'commandStatus': 'SUCCESS' or 'FAILED',
            'workDir': name of the work directory created}
INFO 2025-02-23 19:33:39.616 UTC: 	 Warning: crab_WtoLNu-2Jets_PTLNu-40to100_2J/.requestcache not created, because it already exists.
INFO 2025-02-23 19:33:39.619 UTC: 	 Log file is /afs/cern.ch/work/j/jelee/nanoaod/workspace2025/CMSSW_13_3_0/src/PhysicsTools/NanoAODTools/crab_Run2_UL_Skim/2022preEE/WtoLNu-2Jets_PTLNu-40to100_2J/crab.log
