DEBUG 2025-02-23 16:30:58.412 UTC: 	 CRAB Client version: v3.241125
DEBUG 2025-02-23 16:30:58.412 UTC: 	 Running on: Linux lxplus814.cern.ch 4.18.0-553.40.1.el8_10.x86_64 #1 SMP Thu Feb 6 21:20:51 EST 2025 x86_64 x86_64 x86_64 GNU/Linux
DEBUG 2025-02-23 16:30:58.412 UTC: 	 Not using Singularity
DEBUG 2025-02-23 16:30:58.412 UTC: 	 Operating System: Red Hat Enterprise Linux 8.10 (Ootpa)
DEBUG 2025-02-23 16:30:58.412 UTC: 	 Executing command: 'remake'
DEBUG 2025-02-23 16:30:58.412 UTC: 	 Found CRAB cache file /afs/cern.ch/user/j/jelee/.crab3
DEBUG 2025-02-23 16:30:58.413 UTC: 	 Checking credentials
DEBUG 2025-02-23 16:30:58.413 UTC: 	 Found proxy file /tmp/x509up_u21686
DEBUG 2025-02-23 16:30:58.413 UTC: 	 Making sure it has proper VOMS extension
DEBUG 2025-02-23 16:30:58.413 UTC: 	 Executing command :
 voms-proxy-info --vo --file /tmp/x509up_u21686
DEBUG 2025-02-23 16:30:58.759 UTC: 	 output : cms

 error: 
 retcode : 0
DEBUG 2025-02-23 16:30:58.759 UTC: 	 Getting proxy life time left
DEBUG 2025-02-23 16:30:58.759 UTC: 	 Executing command :
 voms-proxy-info --actimeleft --timeleft --file /tmp/x509up_u21686
DEBUG 2025-02-23 16:30:59.146 UTC: 	 output : 349499
349499

 error: 
 retcode : 0
DEBUG 2025-02-23 16:30:59.146 UTC: 	 Proxy valid for 97:04:59 hours
DEBUG 2025-02-23 16:30:59.146 UTC: 	 Encoded data for curl request: subresource=delegatedn
DEBUG 2025-02-23 16:30:59.188 UTC: 	 Registering user credentials on myproxy for /DC=ch/DC=cern/OU=computers/CN=crab-(preprod|prod)-tw(01|02).cern.ch|/DC=ch/DC=cern/OU=computers/CN=crab-dev-tw(01|02|03|04).cern.ch|/DC=ch/DC=cern/OU=Organic Units/OU=Users/CN=cmscrab/CN=(817881|373708)/CN=Robot: cms crab|/DC=ch/DC=cern/OU=Organic Units/OU=Users/CN=crabint1/CN=373708/CN=Robot: CMS CRAB Integration 1
DEBUG 2025-02-23 16:30:59.188 UTC: 	 Executing command :
 voms-proxy-info --identity --file /tmp/x509up_u21686
DEBUG 2025-02-23 16:30:59.582 UTC: 	 output : /DC=ch/DC=cern/OU=Organic Units/OU=Users/CN=jelee/CN=727784/CN=Jeongeun Lee

 error: 
 retcode : 0
DEBUG 2025-02-23 16:30:59.582 UTC: 	 Getting myproxy life time left for f1f3941e9d4a8be26269c6d003b41f2827f63184
DEBUG 2025-02-23 16:30:59.582 UTC: 	 Executing command :
 myproxy-info -s myproxy.cern.ch -l f1f3941e9d4a8be26269c6d003b41f2827f63184
DEBUG 2025-02-23 16:31:00.145 UTC: 	 output : username: f1f3941e9d4a8be26269c6d003b41f2827f63184
owner: /DC=ch/DC=cern/OU=Organic Units/OU=Users/CN=jelee/CN=727784/CN=Jeongeun Lee
  renewal policy: /DC=ch/DC=cern/OU=computers/CN=crab-(preprod|prod)-tw(01|02).cern.ch|/DC=ch/DC=cern/OU=computers/CN=crab-dev-tw(01|02|03|04).cern.ch|/DC=ch/DC=cern/OU=Organic Units/OU=Users/CN=cmscrab/CN=(817881|373708)/CN=Robot: cms crab|/DC=ch/DC=cern/OU=Organic Units/OU=Users/CN=crabint1/CN=373708/CN=Robot: CMS CRAB Integration 1
  trusted retrieval policy: /DC=ch/DC=cern/OU=computers/CN=crab-(preprod|prod)-tw(01|02).cern.ch|/DC=ch/DC=cern/OU=computers/CN=crab-dev-tw(01|02|03|04).cern.ch|/DC=ch/DC=cern/OU=Organic Units/OU=Users/CN=cmscrab/CN=(817881|373708)/CN=Robot: cms crab|/DC=ch/DC=cern/OU=Organic Units/OU=Users/CN=crabint1/CN=373708/CN=Robot: CMS CRAB Integration 1
  timeleft: 645:36:40  (26.9 days)

 error: 
 retcode : 0
DEBUG 2025-02-23 16:31:00.145 UTC: 	 Myproxy is valid: 2324160
DEBUG 2025-02-23 16:31:00.145 UTC: 	 Result of myproxy credential check:
  Credential exists on myproxy: username: f1f3941e9d4a8be26269c6d003b41f2827f63184  - validity: 26 days, 21:36:00
DEBUG 2025-02-23 16:31:00.146 UTC: 	 Command use: remake
DEBUG 2025-02-23 16:31:00.146 UTC: 	 Options use: ['--task=250222_164734:jelee_crab_WWto2L2Nu_ext1-v2']
DEBUG 2025-02-23 16:31:00.146 UTC: 	 Encoded data for curl request: subresource=version
DEBUG 2025-02-23 16:31:00.178 UTC: 	 CRABClient version: v3.241125
DEBUG 2025-02-23 16:31:00.178 UTC: 	 Instance is prod
DEBUG 2025-02-23 16:31:00.178 UTC: 	 Server base url is cmsweb.cern.ch
DEBUG 2025-02-23 16:31:00.178 UTC: 	 Command api workflow
WARNING 2025-02-23 16:31:00.178 UTC: 	 ATTENTION return value for 'remake' has been changed to a dictionary
 format is {'commandStatus': 'SUCCESS' or 'FAILED',
            'workDir': name of the work directory created}
INFO 2025-02-23 16:31:00.178 UTC: 	 Warning: crab_WWto2L2Nu_ext1-v2/.requestcache not created, because it already exists.
INFO 2025-02-23 16:31:00.180 UTC: 	 Log file is /afs/cern.ch/work/j/jelee/nanoaod/workspace2025/CMSSW_13_3_0/src/PhysicsTools/NanoAODTools/crab_Run2_UL_Skim/2022preEE/WWto2L2Nu_ext1-v2/crab.log
DEBUG 2025-02-23 19:35:19.909 UTC: 	 CRAB Client version: v3.241125
DEBUG 2025-02-23 19:35:19.909 UTC: 	 Running on: Linux lxplus814.cern.ch 4.18.0-553.40.1.el8_10.x86_64 #1 SMP Thu Feb 6 21:20:51 EST 2025 x86_64 x86_64 x86_64 GNU/Linux
DEBUG 2025-02-23 19:35:19.909 UTC: 	 Not using Singularity
DEBUG 2025-02-23 19:35:19.909 UTC: 	 Operating System: Red Hat Enterprise Linux 8.10 (Ootpa)
DEBUG 2025-02-23 19:35:19.909 UTC: 	 Executing command: 'remake'
DEBUG 2025-02-23 19:35:19.909 UTC: 	 Found CRAB cache file /afs/cern.ch/user/j/jelee/.crab3
DEBUG 2025-02-23 19:35:19.910 UTC: 	 Checking credentials
DEBUG 2025-02-23 19:35:19.910 UTC: 	 Found proxy file /tmp/x509up_u21686
DEBUG 2025-02-23 19:35:19.910 UTC: 	 Making sure it has proper VOMS extension
DEBUG 2025-02-23 19:35:19.910 UTC: 	 Executing command :
 voms-proxy-info --vo --file /tmp/x509up_u21686
DEBUG 2025-02-23 19:35:20.293 UTC: 	 output : cms

 error: 
 retcode : 0
DEBUG 2025-02-23 19:35:20.293 UTC: 	 Getting proxy life time left
DEBUG 2025-02-23 19:35:20.293 UTC: 	 Executing command :
 voms-proxy-info --actimeleft --timeleft --file /tmp/x509up_u21686
DEBUG 2025-02-23 19:35:20.674 UTC: 	 output : 338438
338438

 error: 
 retcode : 0
DEBUG 2025-02-23 19:35:20.674 UTC: 	 Proxy valid for 94:00:38 hours
DEBUG 2025-02-23 19:35:20.674 UTC: 	 Encoded data for curl request: subresource=delegatedn
DEBUG 2025-02-23 19:35:20.710 UTC: 	 Registering user credentials on myproxy for /DC=ch/DC=cern/OU=computers/CN=crab-(preprod|prod)-tw(01|02).cern.ch|/DC=ch/DC=cern/OU=computers/CN=crab-dev-tw(01|02|03|04).cern.ch|/DC=ch/DC=cern/OU=Organic Units/OU=Users/CN=cmscrab/CN=(817881|373708)/CN=Robot: cms crab|/DC=ch/DC=cern/OU=Organic Units/OU=Users/CN=crabint1/CN=373708/CN=Robot: CMS CRAB Integration 1
DEBUG 2025-02-23 19:35:20.710 UTC: 	 Executing command :
 voms-proxy-info --identity --file /tmp/x509up_u21686
DEBUG 2025-02-23 19:35:21.080 UTC: 	 output : /DC=ch/DC=cern/OU=Organic Units/OU=Users/CN=jelee/CN=727784/CN=Jeongeun Lee

 error: 
 retcode : 0
DEBUG 2025-02-23 19:35:21.080 UTC: 	 Getting myproxy life time left for f1f3941e9d4a8be26269c6d003b41f2827f63184
DEBUG 2025-02-23 19:35:21.080 UTC: 	 Executing command :
 myproxy-info -s myproxy.cern.ch -l f1f3941e9d4a8be26269c6d003b41f2827f63184
DEBUG 2025-02-23 19:35:21.349 UTC: 	 output : username: f1f3941e9d4a8be26269c6d003b41f2827f63184
owner: /DC=ch/DC=cern/OU=Organic Units/OU=Users/CN=jelee/CN=727784/CN=Jeongeun Lee
  renewal policy: /DC=ch/DC=cern/OU=computers/CN=crab-(preprod|prod)-tw(01|02).cern.ch|/DC=ch/DC=cern/OU=computers/CN=crab-dev-tw(01|02|03|04).cern.ch|/DC=ch/DC=cern/OU=Organic Units/OU=Users/CN=cmscrab/CN=(817881|373708)/CN=Robot: cms crab|/DC=ch/DC=cern/OU=Organic Units/OU=Users/CN=crabint1/CN=373708/CN=Robot: CMS CRAB Integration 1
  trusted retrieval policy: /DC=ch/DC=cern/OU=computers/CN=crab-(preprod|prod)-tw(01|02).cern.ch|/DC=ch/DC=cern/OU=computers/CN=crab-dev-tw(01|02|03|04).cern.ch|/DC=ch/DC=cern/OU=Organic Units/OU=Users/CN=cmscrab/CN=(817881|373708)/CN=Robot: cms crab|/DC=ch/DC=cern/OU=Organic Units/OU=Users/CN=crabint1/CN=373708/CN=Robot: CMS CRAB Integration 1
  timeleft: 642:32:19  (26.8 days)

 error: 
 retcode : 0
DEBUG 2025-02-23 19:35:21.349 UTC: 	 Myproxy is valid: 2313120
DEBUG 2025-02-23 19:35:21.349 UTC: 	 Result of myproxy credential check:
  Credential exists on myproxy: username: f1f3941e9d4a8be26269c6d003b41f2827f63184  - validity: 26 days, 18:32:00
DEBUG 2025-02-23 19:35:21.350 UTC: 	 Command use: remake
DEBUG 2025-02-23 19:35:21.350 UTC: 	 Options use: ['--task=250222_164734:jelee_crab_WWto2L2Nu_ext1-v2']
DEBUG 2025-02-23 19:35:21.350 UTC: 	 Encoded data for curl request: subresource=version
DEBUG 2025-02-23 19:35:21.383 UTC: 	 CRABClient version: v3.241125
DEBUG 2025-02-23 19:35:21.384 UTC: 	 Instance is prod
DEBUG 2025-02-23 19:35:21.384 UTC: 	 Server base url is cmsweb.cern.ch
DEBUG 2025-02-23 19:35:21.384 UTC: 	 Command api workflow
WARNING 2025-02-23 19:35:21.384 UTC: 	 ATTENTION return value for 'remake' has been changed to a dictionary
 format is {'commandStatus': 'SUCCESS' or 'FAILED',
            'workDir': name of the work directory created}
INFO 2025-02-23 19:35:21.384 UTC: 	 Warning: crab_WWto2L2Nu_ext1-v2/.requestcache not created, because it already exists.
INFO 2025-02-23 19:35:21.398 UTC: 	 Log file is /afs/cern.ch/work/j/jelee/nanoaod/workspace2025/CMSSW_13_3_0/src/PhysicsTools/NanoAODTools/crab_Run2_UL_Skim/2022preEE/WWto2L2Nu_ext1-v2/crab.log
