DEBUG 2025-02-23 16:28:05.074 UTC: 	 CRAB Client version: v3.241125
DEBUG 2025-02-23 16:28:05.074 UTC: 	 Running on: Linux lxplus814.cern.ch 4.18.0-553.40.1.el8_10.x86_64 #1 SMP Thu Feb 6 21:20:51 EST 2025 x86_64 x86_64 x86_64 GNU/Linux
DEBUG 2025-02-23 16:28:05.074 UTC: 	 Not using Singularity
DEBUG 2025-02-23 16:28:05.074 UTC: 	 Operating System: Red Hat Enterprise Linux 8.10 (Ootpa)
DEBUG 2025-02-23 16:28:05.074 UTC: 	 Executing command: 'remake'
DEBUG 2025-02-23 16:28:05.075 UTC: 	 Found CRAB cache file /afs/cern.ch/user/j/jelee/.crab3
DEBUG 2025-02-23 16:28:05.075 UTC: 	 Checking credentials
DEBUG 2025-02-23 16:28:05.075 UTC: 	 Found proxy file /tmp/x509up_u21686
DEBUG 2025-02-23 16:28:05.075 UTC: 	 Making sure it has proper VOMS extension
DEBUG 2025-02-23 16:28:05.075 UTC: 	 Executing command :
 voms-proxy-info --vo --file /tmp/x509up_u21686
DEBUG 2025-02-23 16:28:05.428 UTC: 	 output : cms

 error: 
 retcode : 0
DEBUG 2025-02-23 16:28:05.428 UTC: 	 Getting proxy life time left
DEBUG 2025-02-23 16:28:05.428 UTC: 	 Executing command :
 voms-proxy-info --actimeleft --timeleft --file /tmp/x509up_u21686
DEBUG 2025-02-23 16:28:05.784 UTC: 	 output : 349673
349673

 error: 
 retcode : 0
DEBUG 2025-02-23 16:28:05.784 UTC: 	 Proxy valid for 97:07:53 hours
DEBUG 2025-02-23 16:28:05.785 UTC: 	 Encoded data for curl request: subresource=delegatedn
DEBUG 2025-02-23 16:28:05.822 UTC: 	 Registering user credentials on myproxy for /DC=ch/DC=cern/OU=computers/CN=crab-(preprod|prod)-tw(01|02).cern.ch|/DC=ch/DC=cern/OU=computers/CN=crab-dev-tw(01|02|03|04).cern.ch|/DC=ch/DC=cern/OU=Organic Units/OU=Users/CN=cmscrab/CN=(817881|373708)/CN=Robot: cms crab|/DC=ch/DC=cern/OU=Organic Units/OU=Users/CN=crabint1/CN=373708/CN=Robot: CMS CRAB Integration 1
DEBUG 2025-02-23 16:28:05.822 UTC: 	 Executing command :
 voms-proxy-info --identity --file /tmp/x509up_u21686
DEBUG 2025-02-23 16:28:06.162 UTC: 	 output : /DC=ch/DC=cern/OU=Organic Units/OU=Users/CN=jelee/CN=727784/CN=Jeongeun Lee

 error: 
 retcode : 0
DEBUG 2025-02-23 16:28:06.162 UTC: 	 Getting myproxy life time left for f1f3941e9d4a8be26269c6d003b41f2827f63184
DEBUG 2025-02-23 16:28:06.162 UTC: 	 Executing command :
 myproxy-info -s myproxy.cern.ch -l f1f3941e9d4a8be26269c6d003b41f2827f63184
DEBUG 2025-02-23 16:28:06.428 UTC: 	 output : username: f1f3941e9d4a8be26269c6d003b41f2827f63184
owner: /DC=ch/DC=cern/OU=Organic Units/OU=Users/CN=jelee/CN=727784/CN=Jeongeun Lee
  renewal policy: /DC=ch/DC=cern/OU=computers/CN=crab-(preprod|prod)-tw(01|02).cern.ch|/DC=ch/DC=cern/OU=computers/CN=crab-dev-tw(01|02|03|04).cern.ch|/DC=ch/DC=cern/OU=Organic Units/OU=Users/CN=cmscrab/CN=(817881|373708)/CN=Robot: cms crab|/DC=ch/DC=cern/OU=Organic Units/OU=Users/CN=crabint1/CN=373708/CN=Robot: CMS CRAB Integration 1
  trusted retrieval policy: /DC=ch/DC=cern/OU=computers/CN=crab-(preprod|prod)-tw(01|02).cern.ch|/DC=ch/DC=cern/OU=computers/CN=crab-dev-tw(01|02|03|04).cern.ch|/DC=ch/DC=cern/OU=Organic Units/OU=Users/CN=cmscrab/CN=(817881|373708)/CN=Robot: cms crab|/DC=ch/DC=cern/OU=Organic Units/OU=Users/CN=crabint1/CN=373708/CN=Robot: CMS CRAB Integration 1
  timeleft: 645:39:34  (26.9 days)

 error: 
 retcode : 0
DEBUG 2025-02-23 16:28:06.428 UTC: 	 Myproxy is valid: 2324340
DEBUG 2025-02-23 16:28:06.428 UTC: 	 Result of myproxy credential check:
  Credential exists on myproxy: username: f1f3941e9d4a8be26269c6d003b41f2827f63184  - validity: 26 days, 21:39:00
DEBUG 2025-02-23 16:28:06.428 UTC: 	 Command use: remake
DEBUG 2025-02-23 16:28:06.428 UTC: 	 Options use: ['--task=250222_164634:jelee_crab_WtoLNu-2Jets_PTLNu-600_1J']
DEBUG 2025-02-23 16:28:06.428 UTC: 	 Encoded data for curl request: subresource=version
DEBUG 2025-02-23 16:28:06.468 UTC: 	 CRABClient version: v3.241125
DEBUG 2025-02-23 16:28:06.469 UTC: 	 Instance is prod
DEBUG 2025-02-23 16:28:06.469 UTC: 	 Server base url is cmsweb.cern.ch
DEBUG 2025-02-23 16:28:06.469 UTC: 	 Command api workflow
WARNING 2025-02-23 16:28:06.469 UTC: 	 ATTENTION return value for 'remake' has been changed to a dictionary
 format is {'commandStatus': 'SUCCESS' or 'FAILED',
            'workDir': name of the work directory created}
INFO 2025-02-23 16:28:06.469 UTC: 	 Warning: crab_WtoLNu-2Jets_PTLNu-600_1J/.requestcache not created, because it already exists.
INFO 2025-02-23 16:28:06.470 UTC: 	 Log file is /afs/cern.ch/work/j/jelee/nanoaod/workspace2025/CMSSW_13_3_0/src/PhysicsTools/NanoAODTools/crab_Run2_UL_Skim/2022preEE/WtoLNu-2Jets_PTLNu-600_1J/crab.log
DEBUG 2025-02-23 19:33:46.610 UTC: 	 CRAB Client version: v3.241125
DEBUG 2025-02-23 19:33:46.610 UTC: 	 Running on: Linux lxplus814.cern.ch 4.18.0-553.40.1.el8_10.x86_64 #1 SMP Thu Feb 6 21:20:51 EST 2025 x86_64 x86_64 x86_64 GNU/Linux
DEBUG 2025-02-23 19:33:46.610 UTC: 	 Not using Singularity
DEBUG 2025-02-23 19:33:46.610 UTC: 	 Operating System: Red Hat Enterprise Linux 8.10 (Ootpa)
DEBUG 2025-02-23 19:33:46.610 UTC: 	 Executing command: 'remake'
DEBUG 2025-02-23 19:33:46.610 UTC: 	 Found CRAB cache file /afs/cern.ch/user/j/jelee/.crab3
DEBUG 2025-02-23 19:33:46.611 UTC: 	 Checking credentials
DEBUG 2025-02-23 19:33:46.611 UTC: 	 Found proxy file /tmp/x509up_u21686
DEBUG 2025-02-23 19:33:46.611 UTC: 	 Making sure it has proper VOMS extension
DEBUG 2025-02-23 19:33:46.611 UTC: 	 Executing command :
 voms-proxy-info --vo --file /tmp/x509up_u21686
DEBUG 2025-02-23 19:33:46.969 UTC: 	 output : cms

 error: 
 retcode : 0
DEBUG 2025-02-23 19:33:46.969 UTC: 	 Getting proxy life time left
DEBUG 2025-02-23 19:33:46.969 UTC: 	 Executing command :
 voms-proxy-info --actimeleft --timeleft --file /tmp/x509up_u21686
DEBUG 2025-02-23 19:33:47.391 UTC: 	 output : 338531
338531

 error: 
 retcode : 0
DEBUG 2025-02-23 19:33:47.391 UTC: 	 Proxy valid for 94:02:11 hours
DEBUG 2025-02-23 19:33:47.392 UTC: 	 Encoded data for curl request: subresource=delegatedn
DEBUG 2025-02-23 19:33:47.428 UTC: 	 Registering user credentials on myproxy for /DC=ch/DC=cern/OU=computers/CN=crab-(preprod|prod)-tw(01|02).cern.ch|/DC=ch/DC=cern/OU=computers/CN=crab-dev-tw(01|02|03|04).cern.ch|/DC=ch/DC=cern/OU=Organic Units/OU=Users/CN=cmscrab/CN=(817881|373708)/CN=Robot: cms crab|/DC=ch/DC=cern/OU=Organic Units/OU=Users/CN=crabint1/CN=373708/CN=Robot: CMS CRAB Integration 1
DEBUG 2025-02-23 19:33:47.428 UTC: 	 Executing command :
 voms-proxy-info --identity --file /tmp/x509up_u21686
DEBUG 2025-02-23 19:33:47.878 UTC: 	 output : /DC=ch/DC=cern/OU=Organic Units/OU=Users/CN=jelee/CN=727784/CN=Jeongeun Lee

 error: 
 retcode : 0
DEBUG 2025-02-23 19:33:47.878 UTC: 	 Getting myproxy life time left for f1f3941e9d4a8be26269c6d003b41f2827f63184
DEBUG 2025-02-23 19:33:47.878 UTC: 	 Executing command :
 myproxy-info -s myproxy.cern.ch -l f1f3941e9d4a8be26269c6d003b41f2827f63184
DEBUG 2025-02-23 19:33:48.202 UTC: 	 output : username: f1f3941e9d4a8be26269c6d003b41f2827f63184
owner: /DC=ch/DC=cern/OU=Organic Units/OU=Users/CN=jelee/CN=727784/CN=Jeongeun Lee
  renewal policy: /DC=ch/DC=cern/OU=computers/CN=crab-(preprod|prod)-tw(01|02).cern.ch|/DC=ch/DC=cern/OU=computers/CN=crab-dev-tw(01|02|03|04).cern.ch|/DC=ch/DC=cern/OU=Organic Units/OU=Users/CN=cmscrab/CN=(817881|373708)/CN=Robot: cms crab|/DC=ch/DC=cern/OU=Organic Units/OU=Users/CN=crabint1/CN=373708/CN=Robot: CMS CRAB Integration 1
  trusted retrieval policy: /DC=ch/DC=cern/OU=computers/CN=crab-(preprod|prod)-tw(01|02).cern.ch|/DC=ch/DC=cern/OU=computers/CN=crab-dev-tw(01|02|03|04).cern.ch|/DC=ch/DC=cern/OU=Organic Units/OU=Users/CN=cmscrab/CN=(817881|373708)/CN=Robot: cms crab|/DC=ch/DC=cern/OU=Organic Units/OU=Users/CN=crabint1/CN=373708/CN=Robot: CMS CRAB Integration 1
  timeleft: 642:33:52  (26.8 days)

 error: 
 retcode : 0
DEBUG 2025-02-23 19:33:48.202 UTC: 	 Myproxy is valid: 2313180
DEBUG 2025-02-23 19:33:48.202 UTC: 	 Result of myproxy credential check:
  Credential exists on myproxy: username: f1f3941e9d4a8be26269c6d003b41f2827f63184  - validity: 26 days, 18:33:00
DEBUG 2025-02-23 19:33:48.202 UTC: 	 Command use: remake
DEBUG 2025-02-23 19:33:48.203 UTC: 	 Options use: ['--task=250222_164634:jelee_crab_WtoLNu-2Jets_PTLNu-600_1J']
DEBUG 2025-02-23 19:33:48.203 UTC: 	 Encoded data for curl request: subresource=version
DEBUG 2025-02-23 19:33:48.247 UTC: 	 CRABClient version: v3.241125
DEBUG 2025-02-23 19:33:48.247 UTC: 	 Instance is prod
DEBUG 2025-02-23 19:33:48.247 UTC: 	 Server base url is cmsweb.cern.ch
DEBUG 2025-02-23 19:33:48.247 UTC: 	 Command api workflow
WARNING 2025-02-23 19:33:48.247 UTC: 	 ATTENTION return value for 'remake' has been changed to a dictionary
 format is {'commandStatus': 'SUCCESS' or 'FAILED',
            'workDir': name of the work directory created}
INFO 2025-02-23 19:33:48.247 UTC: 	 Warning: crab_WtoLNu-2Jets_PTLNu-600_1J/.requestcache not created, because it already exists.
INFO 2025-02-23 19:33:48.265 UTC: 	 Log file is /afs/cern.ch/work/j/jelee/nanoaod/workspace2025/CMSSW_13_3_0/src/PhysicsTools/NanoAODTools/crab_Run2_UL_Skim/2022preEE/WtoLNu-2Jets_PTLNu-600_1J/crab.log
