DEBUG 2025-02-23 16:28:45.944 UTC: 	 CRAB Client version: v3.241125
DEBUG 2025-02-23 16:28:45.944 UTC: 	 Running on: Linux lxplus814.cern.ch 4.18.0-553.40.1.el8_10.x86_64 #1 SMP Thu Feb 6 21:20:51 EST 2025 x86_64 x86_64 x86_64 GNU/Linux
DEBUG 2025-02-23 16:28:45.944 UTC: 	 Not using Singularity
DEBUG 2025-02-23 16:28:45.944 UTC: 	 Operating System: Red Hat Enterprise Linux 8.10 (Ootpa)
DEBUG 2025-02-23 16:28:45.944 UTC: 	 Executing command: 'remake'
DEBUG 2025-02-23 16:28:45.944 UTC: 	 Found CRAB cache file /afs/cern.ch/user/j/jelee/.crab3
DEBUG 2025-02-23 16:28:45.945 UTC: 	 Checking credentials
DEBUG 2025-02-23 16:28:45.945 UTC: 	 Found proxy file /tmp/x509up_u21686
DEBUG 2025-02-23 16:28:45.945 UTC: 	 Making sure it has proper VOMS extension
DEBUG 2025-02-23 16:28:45.945 UTC: 	 Executing command :
 voms-proxy-info --vo --file /tmp/x509up_u21686
DEBUG 2025-02-23 16:28:46.348 UTC: 	 output : cms

 error: 
 retcode : 0
DEBUG 2025-02-23 16:28:46.348 UTC: 	 Getting proxy life time left
DEBUG 2025-02-23 16:28:46.349 UTC: 	 Executing command :
 voms-proxy-info --actimeleft --timeleft --file /tmp/x509up_u21686
DEBUG 2025-02-23 16:28:46.688 UTC: 	 output : 349632
349632

 error: 
 retcode : 0
DEBUG 2025-02-23 16:28:46.688 UTC: 	 Proxy valid for 97:07:12 hours
DEBUG 2025-02-23 16:28:46.688 UTC: 	 Encoded data for curl request: subresource=delegatedn
DEBUG 2025-02-23 16:28:46.722 UTC: 	 Registering user credentials on myproxy for /DC=ch/DC=cern/OU=computers/CN=crab-(preprod|prod)-tw(01|02).cern.ch|/DC=ch/DC=cern/OU=computers/CN=crab-dev-tw(01|02|03|04).cern.ch|/DC=ch/DC=cern/OU=Organic Units/OU=Users/CN=cmscrab/CN=(817881|373708)/CN=Robot: cms crab|/DC=ch/DC=cern/OU=Organic Units/OU=Users/CN=crabint1/CN=373708/CN=Robot: CMS CRAB Integration 1
DEBUG 2025-02-23 16:28:46.722 UTC: 	 Executing command :
 voms-proxy-info --identity --file /tmp/x509up_u21686
DEBUG 2025-02-23 16:28:47.059 UTC: 	 output : /DC=ch/DC=cern/OU=Organic Units/OU=Users/CN=jelee/CN=727784/CN=Jeongeun Lee

 error: 
 retcode : 0
DEBUG 2025-02-23 16:28:47.060 UTC: 	 Getting myproxy life time left for f1f3941e9d4a8be26269c6d003b41f2827f63184
DEBUG 2025-02-23 16:28:47.060 UTC: 	 Executing command :
 myproxy-info -s myproxy.cern.ch -l f1f3941e9d4a8be26269c6d003b41f2827f63184
DEBUG 2025-02-23 16:28:47.309 UTC: 	 output : username: f1f3941e9d4a8be26269c6d003b41f2827f63184
owner: /DC=ch/DC=cern/OU=Organic Units/OU=Users/CN=jelee/CN=727784/CN=Jeongeun Lee
  renewal policy: /DC=ch/DC=cern/OU=computers/CN=crab-(preprod|prod)-tw(01|02).cern.ch|/DC=ch/DC=cern/OU=computers/CN=crab-dev-tw(01|02|03|04).cern.ch|/DC=ch/DC=cern/OU=Organic Units/OU=Users/CN=cmscrab/CN=(817881|373708)/CN=Robot: cms crab|/DC=ch/DC=cern/OU=Organic Units/OU=Users/CN=crabint1/CN=373708/CN=Robot: CMS CRAB Integration 1
  trusted retrieval policy: /DC=ch/DC=cern/OU=computers/CN=crab-(preprod|prod)-tw(01|02).cern.ch|/DC=ch/DC=cern/OU=computers/CN=crab-dev-tw(01|02|03|04).cern.ch|/DC=ch/DC=cern/OU=Organic Units/OU=Users/CN=cmscrab/CN=(817881|373708)/CN=Robot: cms crab|/DC=ch/DC=cern/OU=Organic Units/OU=Users/CN=crabint1/CN=373708/CN=Robot: CMS CRAB Integration 1
  timeleft: 645:38:53  (26.9 days)

 error: 
 retcode : 0
DEBUG 2025-02-23 16:28:47.310 UTC: 	 Myproxy is valid: 2324280
DEBUG 2025-02-23 16:28:47.310 UTC: 	 Result of myproxy credential check:
  Credential exists on myproxy: username: f1f3941e9d4a8be26269c6d003b41f2827f63184  - validity: 26 days, 21:38:00
DEBUG 2025-02-23 16:28:47.310 UTC: 	 Command use: remake
DEBUG 2025-02-23 16:28:47.310 UTC: 	 Options use: ['--task=250222_164651:jelee_crab_DYto2E_MLL-400to800']
DEBUG 2025-02-23 16:28:47.310 UTC: 	 Encoded data for curl request: subresource=version
DEBUG 2025-02-23 16:28:47.345 UTC: 	 CRABClient version: v3.241125
DEBUG 2025-02-23 16:28:47.345 UTC: 	 Instance is prod
DEBUG 2025-02-23 16:28:47.345 UTC: 	 Server base url is cmsweb.cern.ch
DEBUG 2025-02-23 16:28:47.345 UTC: 	 Command api workflow
WARNING 2025-02-23 16:28:47.345 UTC: 	 ATTENTION return value for 'remake' has been changed to a dictionary
 format is {'commandStatus': 'SUCCESS' or 'FAILED',
            'workDir': name of the work directory created}
INFO 2025-02-23 16:28:47.346 UTC: 	 Warning: crab_DYto2E_MLL-400to800/.requestcache not created, because it already exists.
INFO 2025-02-23 16:28:47.348 UTC: 	 Log file is /afs/cern.ch/work/j/jelee/nanoaod/workspace2025/CMSSW_13_3_0/src/PhysicsTools/NanoAODTools/crab_Run2_UL_Skim/2022preEE/DYto2E_MLL-400to800/crab.log
DEBUG 2025-02-23 19:34:10.564 UTC: 	 CRAB Client version: v3.241125
DEBUG 2025-02-23 19:34:10.564 UTC: 	 Running on: Linux lxplus814.cern.ch 4.18.0-553.40.1.el8_10.x86_64 #1 SMP Thu Feb 6 21:20:51 EST 2025 x86_64 x86_64 x86_64 GNU/Linux
DEBUG 2025-02-23 19:34:10.564 UTC: 	 Not using Singularity
DEBUG 2025-02-23 19:34:10.564 UTC: 	 Operating System: Red Hat Enterprise Linux 8.10 (Ootpa)
DEBUG 2025-02-23 19:34:10.564 UTC: 	 Executing command: 'remake'
DEBUG 2025-02-23 19:34:10.564 UTC: 	 Found CRAB cache file /afs/cern.ch/user/j/jelee/.crab3
DEBUG 2025-02-23 19:34:10.564 UTC: 	 Checking credentials
DEBUG 2025-02-23 19:34:10.564 UTC: 	 Found proxy file /tmp/x509up_u21686
DEBUG 2025-02-23 19:34:10.564 UTC: 	 Making sure it has proper VOMS extension
DEBUG 2025-02-23 19:34:10.564 UTC: 	 Executing command :
 voms-proxy-info --vo --file /tmp/x509up_u21686
DEBUG 2025-02-23 19:34:10.964 UTC: 	 output : cms

 error: 
 retcode : 0
DEBUG 2025-02-23 19:34:10.965 UTC: 	 Getting proxy life time left
DEBUG 2025-02-23 19:34:10.965 UTC: 	 Executing command :
 voms-proxy-info --actimeleft --timeleft --file /tmp/x509up_u21686
DEBUG 2025-02-23 19:34:11.388 UTC: 	 output : 338507
338507

 error: 
 retcode : 0
DEBUG 2025-02-23 19:34:11.388 UTC: 	 Proxy valid for 94:01:47 hours
DEBUG 2025-02-23 19:34:11.388 UTC: 	 Encoded data for curl request: subresource=delegatedn
DEBUG 2025-02-23 19:34:11.426 UTC: 	 Registering user credentials on myproxy for /DC=ch/DC=cern/OU=computers/CN=crab-(preprod|prod)-tw(01|02).cern.ch|/DC=ch/DC=cern/OU=computers/CN=crab-dev-tw(01|02|03|04).cern.ch|/DC=ch/DC=cern/OU=Organic Units/OU=Users/CN=cmscrab/CN=(817881|373708)/CN=Robot: cms crab|/DC=ch/DC=cern/OU=Organic Units/OU=Users/CN=crabint1/CN=373708/CN=Robot: CMS CRAB Integration 1
DEBUG 2025-02-23 19:34:11.427 UTC: 	 Executing command :
 voms-proxy-info --identity --file /tmp/x509up_u21686
DEBUG 2025-02-23 19:34:11.801 UTC: 	 output : /DC=ch/DC=cern/OU=Organic Units/OU=Users/CN=jelee/CN=727784/CN=Jeongeun Lee

 error: 
 retcode : 0
DEBUG 2025-02-23 19:34:11.801 UTC: 	 Getting myproxy life time left for f1f3941e9d4a8be26269c6d003b41f2827f63184
DEBUG 2025-02-23 19:34:11.801 UTC: 	 Executing command :
 myproxy-info -s myproxy.cern.ch -l f1f3941e9d4a8be26269c6d003b41f2827f63184
DEBUG 2025-02-23 19:34:12.061 UTC: 	 output : username: f1f3941e9d4a8be26269c6d003b41f2827f63184
owner: /DC=ch/DC=cern/OU=Organic Units/OU=Users/CN=jelee/CN=727784/CN=Jeongeun Lee
  renewal policy: /DC=ch/DC=cern/OU=computers/CN=crab-(preprod|prod)-tw(01|02).cern.ch|/DC=ch/DC=cern/OU=computers/CN=crab-dev-tw(01|02|03|04).cern.ch|/DC=ch/DC=cern/OU=Organic Units/OU=Users/CN=cmscrab/CN=(817881|373708)/CN=Robot: cms crab|/DC=ch/DC=cern/OU=Organic Units/OU=Users/CN=crabint1/CN=373708/CN=Robot: CMS CRAB Integration 1
  trusted retrieval policy: /DC=ch/DC=cern/OU=computers/CN=crab-(preprod|prod)-tw(01|02).cern.ch|/DC=ch/DC=cern/OU=computers/CN=crab-dev-tw(01|02|03|04).cern.ch|/DC=ch/DC=cern/OU=Organic Units/OU=Users/CN=cmscrab/CN=(817881|373708)/CN=Robot: cms crab|/DC=ch/DC=cern/OU=Organic Units/OU=Users/CN=crabint1/CN=373708/CN=Robot: CMS CRAB Integration 1
  timeleft: 642:33:28  (26.8 days)

 error: 
 retcode : 0
DEBUG 2025-02-23 19:34:12.061 UTC: 	 Myproxy is valid: 2313180
DEBUG 2025-02-23 19:34:12.061 UTC: 	 Result of myproxy credential check:
  Credential exists on myproxy: username: f1f3941e9d4a8be26269c6d003b41f2827f63184  - validity: 26 days, 18:33:00
DEBUG 2025-02-23 19:34:12.061 UTC: 	 Command use: remake
DEBUG 2025-02-23 19:34:12.061 UTC: 	 Options use: ['--task=250222_164651:jelee_crab_DYto2E_MLL-400to800']
DEBUG 2025-02-23 19:34:12.062 UTC: 	 Encoded data for curl request: subresource=version
DEBUG 2025-02-23 19:34:12.097 UTC: 	 CRABClient version: v3.241125
DEBUG 2025-02-23 19:34:12.097 UTC: 	 Instance is prod
DEBUG 2025-02-23 19:34:12.097 UTC: 	 Server base url is cmsweb.cern.ch
DEBUG 2025-02-23 19:34:12.097 UTC: 	 Command api workflow
WARNING 2025-02-23 19:34:12.097 UTC: 	 ATTENTION return value for 'remake' has been changed to a dictionary
 format is {'commandStatus': 'SUCCESS' or 'FAILED',
            'workDir': name of the work directory created}
INFO 2025-02-23 19:34:12.097 UTC: 	 Warning: crab_DYto2E_MLL-400to800/.requestcache not created, because it already exists.
INFO 2025-02-23 19:34:12.108 UTC: 	 Log file is /afs/cern.ch/work/j/jelee/nanoaod/workspace2025/CMSSW_13_3_0/src/PhysicsTools/NanoAODTools/crab_Run2_UL_Skim/2022preEE/DYto2E_MLL-400to800/crab.log
