DEBUG 2025-02-23 16:27:18.709 UTC: 	 CRAB Client version: v3.241125
DEBUG 2025-02-23 16:27:18.709 UTC: 	 Running on: Linux lxplus814.cern.ch 4.18.0-553.40.1.el8_10.x86_64 #1 SMP Thu Feb 6 21:20:51 EST 2025 x86_64 x86_64 x86_64 GNU/Linux
DEBUG 2025-02-23 16:27:18.709 UTC: 	 Not using Singularity
DEBUG 2025-02-23 16:27:18.709 UTC: 	 Operating System: Red Hat Enterprise Linux 8.10 (Ootpa)
DEBUG 2025-02-23 16:27:18.709 UTC: 	 Executing command: 'remake'
DEBUG 2025-02-23 16:27:18.709 UTC: 	 Found CRAB cache file /afs/cern.ch/user/j/jelee/.crab3
DEBUG 2025-02-23 16:27:18.710 UTC: 	 Checking credentials
DEBUG 2025-02-23 16:27:18.710 UTC: 	 Found proxy file /tmp/x509up_u21686
DEBUG 2025-02-23 16:27:18.710 UTC: 	 Making sure it has proper VOMS extension
DEBUG 2025-02-23 16:27:18.710 UTC: 	 Executing command :
 voms-proxy-info --vo --file /tmp/x509up_u21686
DEBUG 2025-02-23 16:27:19.051 UTC: 	 output : cms

 error: 
 retcode : 0
DEBUG 2025-02-23 16:27:19.051 UTC: 	 Getting proxy life time left
DEBUG 2025-02-23 16:27:19.051 UTC: 	 Executing command :
 voms-proxy-info --actimeleft --timeleft --file /tmp/x509up_u21686
DEBUG 2025-02-23 16:27:19.418 UTC: 	 output : 349719
349719

 error: 
 retcode : 0
DEBUG 2025-02-23 16:27:19.418 UTC: 	 Proxy valid for 97:08:39 hours
DEBUG 2025-02-23 16:27:19.419 UTC: 	 Encoded data for curl request: subresource=delegatedn
DEBUG 2025-02-23 16:27:19.454 UTC: 	 Registering user credentials on myproxy for /DC=ch/DC=cern/OU=computers/CN=crab-(preprod|prod)-tw(01|02).cern.ch|/DC=ch/DC=cern/OU=computers/CN=crab-dev-tw(01|02|03|04).cern.ch|/DC=ch/DC=cern/OU=Organic Units/OU=Users/CN=cmscrab/CN=(817881|373708)/CN=Robot: cms crab|/DC=ch/DC=cern/OU=Organic Units/OU=Users/CN=crabint1/CN=373708/CN=Robot: CMS CRAB Integration 1
DEBUG 2025-02-23 16:27:19.454 UTC: 	 Executing command :
 voms-proxy-info --identity --file /tmp/x509up_u21686
DEBUG 2025-02-23 16:27:19.843 UTC: 	 output : /DC=ch/DC=cern/OU=Organic Units/OU=Users/CN=jelee/CN=727784/CN=Jeongeun Lee

 error: 
 retcode : 0
DEBUG 2025-02-23 16:27:19.843 UTC: 	 Getting myproxy life time left for f1f3941e9d4a8be26269c6d003b41f2827f63184
DEBUG 2025-02-23 16:27:19.843 UTC: 	 Executing command :
 myproxy-info -s myproxy.cern.ch -l f1f3941e9d4a8be26269c6d003b41f2827f63184
DEBUG 2025-02-23 16:27:20.102 UTC: 	 output : username: f1f3941e9d4a8be26269c6d003b41f2827f63184
owner: /DC=ch/DC=cern/OU=Organic Units/OU=Users/CN=jelee/CN=727784/CN=Jeongeun Lee
  renewal policy: /DC=ch/DC=cern/OU=computers/CN=crab-(preprod|prod)-tw(01|02).cern.ch|/DC=ch/DC=cern/OU=computers/CN=crab-dev-tw(01|02|03|04).cern.ch|/DC=ch/DC=cern/OU=Organic Units/OU=Users/CN=cmscrab/CN=(817881|373708)/CN=Robot: cms crab|/DC=ch/DC=cern/OU=Organic Units/OU=Users/CN=crabint1/CN=373708/CN=Robot: CMS CRAB Integration 1
  trusted retrieval policy: /DC=ch/DC=cern/OU=computers/CN=crab-(preprod|prod)-tw(01|02).cern.ch|/DC=ch/DC=cern/OU=computers/CN=crab-dev-tw(01|02|03|04).cern.ch|/DC=ch/DC=cern/OU=Organic Units/OU=Users/CN=cmscrab/CN=(817881|373708)/CN=Robot: cms crab|/DC=ch/DC=cern/OU=Organic Units/OU=Users/CN=crabint1/CN=373708/CN=Robot: CMS CRAB Integration 1
  timeleft: 645:40:20  (26.9 days)

 error: 
 retcode : 0
DEBUG 2025-02-23 16:27:20.102 UTC: 	 Myproxy is valid: 2324400
DEBUG 2025-02-23 16:27:20.102 UTC: 	 Result of myproxy credential check:
  Credential exists on myproxy: username: f1f3941e9d4a8be26269c6d003b41f2827f63184  - validity: 26 days, 21:40:00
DEBUG 2025-02-23 16:27:20.102 UTC: 	 Command use: remake
DEBUG 2025-02-23 16:27:20.102 UTC: 	 Options use: ['--task=250222_164617:jelee_crab_WtoLNu-4Jets_MLNu-6000']
DEBUG 2025-02-23 16:27:20.102 UTC: 	 Encoded data for curl request: subresource=version
DEBUG 2025-02-23 16:27:20.141 UTC: 	 CRABClient version: v3.241125
DEBUG 2025-02-23 16:27:20.141 UTC: 	 Instance is prod
DEBUG 2025-02-23 16:27:20.141 UTC: 	 Server base url is cmsweb.cern.ch
DEBUG 2025-02-23 16:27:20.141 UTC: 	 Command api workflow
WARNING 2025-02-23 16:27:20.141 UTC: 	 ATTENTION return value for 'remake' has been changed to a dictionary
 format is {'commandStatus': 'SUCCESS' or 'FAILED',
            'workDir': name of the work directory created}
INFO 2025-02-23 16:27:20.141 UTC: 	 Warning: crab_WtoLNu-4Jets_MLNu-6000/.requestcache not created, because it already exists.
INFO 2025-02-23 16:27:20.143 UTC: 	 Log file is /afs/cern.ch/work/j/jelee/nanoaod/workspace2025/CMSSW_13_3_0/src/PhysicsTools/NanoAODTools/crab_Run2_UL_Skim/2022preEE/WtoLNu-4Jets_MLNu-6000/crab.log
DEBUG 2025-02-23 19:33:06.174 UTC: 	 CRAB Client version: v3.241125
DEBUG 2025-02-23 19:33:06.175 UTC: 	 Running on: Linux lxplus814.cern.ch 4.18.0-553.40.1.el8_10.x86_64 #1 SMP Thu Feb 6 21:20:51 EST 2025 x86_64 x86_64 x86_64 GNU/Linux
DEBUG 2025-02-23 19:33:06.175 UTC: 	 Not using Singularity
DEBUG 2025-02-23 19:33:06.175 UTC: 	 Operating System: Red Hat Enterprise Linux 8.10 (Ootpa)
DEBUG 2025-02-23 19:33:06.175 UTC: 	 Executing command: 'remake'
DEBUG 2025-02-23 19:33:06.175 UTC: 	 Found CRAB cache file /afs/cern.ch/user/j/jelee/.crab3
DEBUG 2025-02-23 19:33:06.175 UTC: 	 Checking credentials
DEBUG 2025-02-23 19:33:06.175 UTC: 	 Found proxy file /tmp/x509up_u21686
DEBUG 2025-02-23 19:33:06.175 UTC: 	 Making sure it has proper VOMS extension
DEBUG 2025-02-23 19:33:06.175 UTC: 	 Executing command :
 voms-proxy-info --vo --file /tmp/x509up_u21686
DEBUG 2025-02-23 19:33:06.610 UTC: 	 output : cms

 error: 
 retcode : 0
DEBUG 2025-02-23 19:33:06.610 UTC: 	 Getting proxy life time left
DEBUG 2025-02-23 19:33:06.610 UTC: 	 Executing command :
 voms-proxy-info --actimeleft --timeleft --file /tmp/x509up_u21686
DEBUG 2025-02-23 19:33:07.048 UTC: 	 output : 338571
338571

 error: 
 retcode : 0
DEBUG 2025-02-23 19:33:07.049 UTC: 	 Proxy valid for 94:02:51 hours
DEBUG 2025-02-23 19:33:07.049 UTC: 	 Encoded data for curl request: subresource=delegatedn
DEBUG 2025-02-23 19:33:07.099 UTC: 	 Registering user credentials on myproxy for /DC=ch/DC=cern/OU=computers/CN=crab-(preprod|prod)-tw(01|02).cern.ch|/DC=ch/DC=cern/OU=computers/CN=crab-dev-tw(01|02|03|04).cern.ch|/DC=ch/DC=cern/OU=Organic Units/OU=Users/CN=cmscrab/CN=(817881|373708)/CN=Robot: cms crab|/DC=ch/DC=cern/OU=Organic Units/OU=Users/CN=crabint1/CN=373708/CN=Robot: CMS CRAB Integration 1
DEBUG 2025-02-23 19:33:07.099 UTC: 	 Executing command :
 voms-proxy-info --identity --file /tmp/x509up_u21686
DEBUG 2025-02-23 19:33:07.512 UTC: 	 output : /DC=ch/DC=cern/OU=Organic Units/OU=Users/CN=jelee/CN=727784/CN=Jeongeun Lee

 error: 
 retcode : 0
DEBUG 2025-02-23 19:33:07.512 UTC: 	 Getting myproxy life time left for f1f3941e9d4a8be26269c6d003b41f2827f63184
DEBUG 2025-02-23 19:33:07.512 UTC: 	 Executing command :
 myproxy-info -s myproxy.cern.ch -l f1f3941e9d4a8be26269c6d003b41f2827f63184
DEBUG 2025-02-23 19:33:08.333 UTC: 	 output : username: f1f3941e9d4a8be26269c6d003b41f2827f63184
owner: /DC=ch/DC=cern/OU=Organic Units/OU=Users/CN=jelee/CN=727784/CN=Jeongeun Lee
  renewal policy: /DC=ch/DC=cern/OU=computers/CN=crab-(preprod|prod)-tw(01|02).cern.ch|/DC=ch/DC=cern/OU=computers/CN=crab-dev-tw(01|02|03|04).cern.ch|/DC=ch/DC=cern/OU=Organic Units/OU=Users/CN=cmscrab/CN=(817881|373708)/CN=Robot: cms crab|/DC=ch/DC=cern/OU=Organic Units/OU=Users/CN=crabint1/CN=373708/CN=Robot: CMS CRAB Integration 1
  trusted retrieval policy: /DC=ch/DC=cern/OU=computers/CN=crab-(preprod|prod)-tw(01|02).cern.ch|/DC=ch/DC=cern/OU=computers/CN=crab-dev-tw(01|02|03|04).cern.ch|/DC=ch/DC=cern/OU=Organic Units/OU=Users/CN=cmscrab/CN=(817881|373708)/CN=Robot: cms crab|/DC=ch/DC=cern/OU=Organic Units/OU=Users/CN=crabint1/CN=373708/CN=Robot: CMS CRAB Integration 1
  timeleft: 642:34:32  (26.8 days)

 error: 
 retcode : 0
DEBUG 2025-02-23 19:33:08.333 UTC: 	 Myproxy is valid: 2313240
DEBUG 2025-02-23 19:33:08.333 UTC: 	 Result of myproxy credential check:
  Credential exists on myproxy: username: f1f3941e9d4a8be26269c6d003b41f2827f63184  - validity: 26 days, 18:34:00
DEBUG 2025-02-23 19:33:08.334 UTC: 	 Command use: remake
DEBUG 2025-02-23 19:33:08.334 UTC: 	 Options use: ['--task=250222_164617:jelee_crab_WtoLNu-4Jets_MLNu-6000']
DEBUG 2025-02-23 19:33:08.334 UTC: 	 Encoded data for curl request: subresource=version
DEBUG 2025-02-23 19:33:08.369 UTC: 	 CRABClient version: v3.241125
DEBUG 2025-02-23 19:33:08.369 UTC: 	 Instance is prod
DEBUG 2025-02-23 19:33:08.369 UTC: 	 Server base url is cmsweb.cern.ch
DEBUG 2025-02-23 19:33:08.369 UTC: 	 Command api workflow
WARNING 2025-02-23 19:33:08.369 UTC: 	 ATTENTION return value for 'remake' has been changed to a dictionary
 format is {'commandStatus': 'SUCCESS' or 'FAILED',
            'workDir': name of the work directory created}
INFO 2025-02-23 19:33:08.369 UTC: 	 Warning: crab_WtoLNu-4Jets_MLNu-6000/.requestcache not created, because it already exists.
INFO 2025-02-23 19:33:08.386 UTC: 	 Log file is /afs/cern.ch/work/j/jelee/nanoaod/workspace2025/CMSSW_13_3_0/src/PhysicsTools/NanoAODTools/crab_Run2_UL_Skim/2022preEE/WtoLNu-4Jets_MLNu-6000/crab.log
