DEBUG 2025-02-23 16:32:29.813 UTC: 	 CRAB Client version: v3.241125
DEBUG 2025-02-23 16:32:29.813 UTC: 	 Running on: Linux lxplus814.cern.ch 4.18.0-553.40.1.el8_10.x86_64 #1 SMP Thu Feb 6 21:20:51 EST 2025 x86_64 x86_64 x86_64 GNU/Linux
DEBUG 2025-02-23 16:32:29.813 UTC: 	 Not using Singularity
DEBUG 2025-02-23 16:32:29.813 UTC: 	 Operating System: Red Hat Enterprise Linux 8.10 (Ootpa)
DEBUG 2025-02-23 16:32:29.813 UTC: 	 Executing command: 'remake'
DEBUG 2025-02-23 16:32:29.814 UTC: 	 Found CRAB cache file /afs/cern.ch/user/j/jelee/.crab3
DEBUG 2025-02-23 16:32:29.814 UTC: 	 Checking credentials
DEBUG 2025-02-23 16:32:29.814 UTC: 	 Found proxy file /tmp/x509up_u21686
DEBUG 2025-02-23 16:32:29.814 UTC: 	 Making sure it has proper VOMS extension
DEBUG 2025-02-23 16:32:29.814 UTC: 	 Executing command :
 voms-proxy-info --vo --file /tmp/x509up_u21686
DEBUG 2025-02-23 16:32:30.191 UTC: 	 output : cms

 error: 
 retcode : 0
DEBUG 2025-02-23 16:32:30.191 UTC: 	 Getting proxy life time left
DEBUG 2025-02-23 16:32:30.191 UTC: 	 Executing command :
 voms-proxy-info --actimeleft --timeleft --file /tmp/x509up_u21686
DEBUG 2025-02-23 16:32:30.558 UTC: 	 output : 349408
349408

 error: 
 retcode : 0
DEBUG 2025-02-23 16:32:30.558 UTC: 	 Proxy valid for 97:03:28 hours
DEBUG 2025-02-23 16:32:30.558 UTC: 	 Encoded data for curl request: subresource=delegatedn
DEBUG 2025-02-23 16:32:30.598 UTC: 	 Registering user credentials on myproxy for /DC=ch/DC=cern/OU=computers/CN=crab-(preprod|prod)-tw(01|02).cern.ch|/DC=ch/DC=cern/OU=computers/CN=crab-dev-tw(01|02|03|04).cern.ch|/DC=ch/DC=cern/OU=Organic Units/OU=Users/CN=cmscrab/CN=(817881|373708)/CN=Robot: cms crab|/DC=ch/DC=cern/OU=Organic Units/OU=Users/CN=crabint1/CN=373708/CN=Robot: CMS CRAB Integration 1
DEBUG 2025-02-23 16:32:30.598 UTC: 	 Executing command :
 voms-proxy-info --identity --file /tmp/x509up_u21686
DEBUG 2025-02-23 16:32:30.961 UTC: 	 output : /DC=ch/DC=cern/OU=Organic Units/OU=Users/CN=jelee/CN=727784/CN=Jeongeun Lee

 error: 
 retcode : 0
DEBUG 2025-02-23 16:32:30.961 UTC: 	 Getting myproxy life time left for f1f3941e9d4a8be26269c6d003b41f2827f63184
DEBUG 2025-02-23 16:32:30.961 UTC: 	 Executing command :
 myproxy-info -s myproxy.cern.ch -l f1f3941e9d4a8be26269c6d003b41f2827f63184
DEBUG 2025-02-23 16:32:31.227 UTC: 	 output : username: f1f3941e9d4a8be26269c6d003b41f2827f63184
owner: /DC=ch/DC=cern/OU=Organic Units/OU=Users/CN=jelee/CN=727784/CN=Jeongeun Lee
  renewal policy: /DC=ch/DC=cern/OU=computers/CN=crab-(preprod|prod)-tw(01|02).cern.ch|/DC=ch/DC=cern/OU=computers/CN=crab-dev-tw(01|02|03|04).cern.ch|/DC=ch/DC=cern/OU=Organic Units/OU=Users/CN=cmscrab/CN=(817881|373708)/CN=Robot: cms crab|/DC=ch/DC=cern/OU=Organic Units/OU=Users/CN=crabint1/CN=373708/CN=Robot: CMS CRAB Integration 1
  trusted retrieval policy: /DC=ch/DC=cern/OU=computers/CN=crab-(preprod|prod)-tw(01|02).cern.ch|/DC=ch/DC=cern/OU=computers/CN=crab-dev-tw(01|02|03|04).cern.ch|/DC=ch/DC=cern/OU=Organic Units/OU=Users/CN=cmscrab/CN=(817881|373708)/CN=Robot: cms crab|/DC=ch/DC=cern/OU=Organic Units/OU=Users/CN=crabint1/CN=373708/CN=Robot: CMS CRAB Integration 1
  timeleft: 645:35:09  (26.9 days)

 error: 
 retcode : 0
DEBUG 2025-02-23 16:32:31.227 UTC: 	 Myproxy is valid: 2324100
DEBUG 2025-02-23 16:32:31.227 UTC: 	 Result of myproxy credential check:
  Credential exists on myproxy: username: f1f3941e9d4a8be26269c6d003b41f2827f63184  - validity: 26 days, 21:35:00
DEBUG 2025-02-23 16:32:31.228 UTC: 	 Command use: remake
DEBUG 2025-02-23 16:32:31.228 UTC: 	 Options use: ['--task=250222_164807:jelee_crab_QCD_PT-600to800']
DEBUG 2025-02-23 16:32:31.228 UTC: 	 Encoded data for curl request: subresource=version
DEBUG 2025-02-23 16:32:31.273 UTC: 	 CRABClient version: v3.241125
DEBUG 2025-02-23 16:32:31.273 UTC: 	 Instance is prod
DEBUG 2025-02-23 16:32:31.273 UTC: 	 Server base url is cmsweb.cern.ch
DEBUG 2025-02-23 16:32:31.273 UTC: 	 Command api workflow
WARNING 2025-02-23 16:32:31.273 UTC: 	 ATTENTION return value for 'remake' has been changed to a dictionary
 format is {'commandStatus': 'SUCCESS' or 'FAILED',
            'workDir': name of the work directory created}
INFO 2025-02-23 16:32:31.273 UTC: 	 Warning: crab_QCD_PT-600to800/.requestcache not created, because it already exists.
INFO 2025-02-23 16:32:31.275 UTC: 	 Log file is /afs/cern.ch/work/j/jelee/nanoaod/workspace2025/CMSSW_13_3_0/src/PhysicsTools/NanoAODTools/crab_Run2_UL_Skim/2022preEE/QCD_PT-600to800/crab.log
DEBUG 2025-02-23 19:36:10.872 UTC: 	 CRAB Client version: v3.241125
DEBUG 2025-02-23 19:36:10.872 UTC: 	 Running on: Linux lxplus814.cern.ch 4.18.0-553.40.1.el8_10.x86_64 #1 SMP Thu Feb 6 21:20:51 EST 2025 x86_64 x86_64 x86_64 GNU/Linux
DEBUG 2025-02-23 19:36:10.872 UTC: 	 Not using Singularity
DEBUG 2025-02-23 19:36:10.872 UTC: 	 Operating System: Red Hat Enterprise Linux 8.10 (Ootpa)
DEBUG 2025-02-23 19:36:10.872 UTC: 	 Executing command: 'remake'
DEBUG 2025-02-23 19:36:10.872 UTC: 	 Found CRAB cache file /afs/cern.ch/user/j/jelee/.crab3
DEBUG 2025-02-23 19:36:10.873 UTC: 	 Checking credentials
DEBUG 2025-02-23 19:36:10.873 UTC: 	 Found proxy file /tmp/x509up_u21686
DEBUG 2025-02-23 19:36:10.873 UTC: 	 Making sure it has proper VOMS extension
DEBUG 2025-02-23 19:36:10.873 UTC: 	 Executing command :
 voms-proxy-info --vo --file /tmp/x509up_u21686
DEBUG 2025-02-23 19:36:11.275 UTC: 	 output : cms

 error: 
 retcode : 0
DEBUG 2025-02-23 19:36:11.276 UTC: 	 Getting proxy life time left
DEBUG 2025-02-23 19:36:11.276 UTC: 	 Executing command :
 voms-proxy-info --actimeleft --timeleft --file /tmp/x509up_u21686
DEBUG 2025-02-23 19:36:11.653 UTC: 	 output : 338387
338387

 error: 
 retcode : 0
DEBUG 2025-02-23 19:36:11.653 UTC: 	 Proxy valid for 93:59:47 hours
DEBUG 2025-02-23 19:36:11.653 UTC: 	 Encoded data for curl request: subresource=delegatedn
DEBUG 2025-02-23 19:36:11.692 UTC: 	 Registering user credentials on myproxy for /DC=ch/DC=cern/OU=computers/CN=crab-(preprod|prod)-tw(01|02).cern.ch|/DC=ch/DC=cern/OU=computers/CN=crab-dev-tw(01|02|03|04).cern.ch|/DC=ch/DC=cern/OU=Organic Units/OU=Users/CN=cmscrab/CN=(817881|373708)/CN=Robot: cms crab|/DC=ch/DC=cern/OU=Organic Units/OU=Users/CN=crabint1/CN=373708/CN=Robot: CMS CRAB Integration 1
DEBUG 2025-02-23 19:36:11.692 UTC: 	 Executing command :
 voms-proxy-info --identity --file /tmp/x509up_u21686
DEBUG 2025-02-23 19:36:12.026 UTC: 	 output : /DC=ch/DC=cern/OU=Organic Units/OU=Users/CN=jelee/CN=727784/CN=Jeongeun Lee

 error: 
 retcode : 0
DEBUG 2025-02-23 19:36:12.026 UTC: 	 Getting myproxy life time left for f1f3941e9d4a8be26269c6d003b41f2827f63184
DEBUG 2025-02-23 19:36:12.026 UTC: 	 Executing command :
 myproxy-info -s myproxy.cern.ch -l f1f3941e9d4a8be26269c6d003b41f2827f63184
DEBUG 2025-02-23 19:36:12.281 UTC: 	 output : username: f1f3941e9d4a8be26269c6d003b41f2827f63184
owner: /DC=ch/DC=cern/OU=Organic Units/OU=Users/CN=jelee/CN=727784/CN=Jeongeun Lee
  renewal policy: /DC=ch/DC=cern/OU=computers/CN=crab-(preprod|prod)-tw(01|02).cern.ch|/DC=ch/DC=cern/OU=computers/CN=crab-dev-tw(01|02|03|04).cern.ch|/DC=ch/DC=cern/OU=Organic Units/OU=Users/CN=cmscrab/CN=(817881|373708)/CN=Robot: cms crab|/DC=ch/DC=cern/OU=Organic Units/OU=Users/CN=crabint1/CN=373708/CN=Robot: CMS CRAB Integration 1
  trusted retrieval policy: /DC=ch/DC=cern/OU=computers/CN=crab-(preprod|prod)-tw(01|02).cern.ch|/DC=ch/DC=cern/OU=computers/CN=crab-dev-tw(01|02|03|04).cern.ch|/DC=ch/DC=cern/OU=Organic Units/OU=Users/CN=cmscrab/CN=(817881|373708)/CN=Robot: cms crab|/DC=ch/DC=cern/OU=Organic Units/OU=Users/CN=crabint1/CN=373708/CN=Robot: CMS CRAB Integration 1
  timeleft: 642:31:28  (26.8 days)

 error: 
 retcode : 0
DEBUG 2025-02-23 19:36:12.281 UTC: 	 Myproxy is valid: 2313060
DEBUG 2025-02-23 19:36:12.281 UTC: 	 Result of myproxy credential check:
  Credential exists on myproxy: username: f1f3941e9d4a8be26269c6d003b41f2827f63184  - validity: 26 days, 18:31:00
DEBUG 2025-02-23 19:36:12.282 UTC: 	 Command use: remake
DEBUG 2025-02-23 19:36:12.282 UTC: 	 Options use: ['--task=250222_164807:jelee_crab_QCD_PT-600to800']
DEBUG 2025-02-23 19:36:12.282 UTC: 	 Encoded data for curl request: subresource=version
DEBUG 2025-02-23 19:36:12.322 UTC: 	 CRABClient version: v3.241125
DEBUG 2025-02-23 19:36:12.322 UTC: 	 Instance is prod
DEBUG 2025-02-23 19:36:12.322 UTC: 	 Server base url is cmsweb.cern.ch
DEBUG 2025-02-23 19:36:12.322 UTC: 	 Command api workflow
WARNING 2025-02-23 19:36:12.322 UTC: 	 ATTENTION return value for 'remake' has been changed to a dictionary
 format is {'commandStatus': 'SUCCESS' or 'FAILED',
            'workDir': name of the work directory created}
INFO 2025-02-23 19:36:12.322 UTC: 	 Warning: crab_QCD_PT-600to800/.requestcache not created, because it already exists.
INFO 2025-02-23 19:36:12.364 UTC: 	 Log file is /afs/cern.ch/work/j/jelee/nanoaod/workspace2025/CMSSW_13_3_0/src/PhysicsTools/NanoAODTools/crab_Run2_UL_Skim/2022preEE/QCD_PT-600to800/crab.log
