DEBUG 2025-02-23 16:30:29.954 UTC: 	 CRAB Client version: v3.241125
DEBUG 2025-02-23 16:30:29.954 UTC: 	 Running on: Linux lxplus814.cern.ch 4.18.0-553.40.1.el8_10.x86_64 #1 SMP Thu Feb 6 21:20:51 EST 2025 x86_64 x86_64 x86_64 GNU/Linux
DEBUG 2025-02-23 16:30:29.954 UTC: 	 Not using Singularity
DEBUG 2025-02-23 16:30:29.954 UTC: 	 Operating System: Red Hat Enterprise Linux 8.10 (Ootpa)
DEBUG 2025-02-23 16:30:29.954 UTC: 	 Executing command: 'remake'
DEBUG 2025-02-23 16:30:29.955 UTC: 	 Found CRAB cache file /afs/cern.ch/user/j/jelee/.crab3
DEBUG 2025-02-23 16:30:29.955 UTC: 	 Checking credentials
DEBUG 2025-02-23 16:30:29.955 UTC: 	 Found proxy file /tmp/x509up_u21686
DEBUG 2025-02-23 16:30:29.955 UTC: 	 Making sure it has proper VOMS extension
DEBUG 2025-02-23 16:30:29.955 UTC: 	 Executing command :
 voms-proxy-info --vo --file /tmp/x509up_u21686
DEBUG 2025-02-23 16:30:30.311 UTC: 	 output : cms

 error: 
 retcode : 0
DEBUG 2025-02-23 16:30:30.311 UTC: 	 Getting proxy life time left
DEBUG 2025-02-23 16:30:30.311 UTC: 	 Executing command :
 voms-proxy-info --actimeleft --timeleft --file /tmp/x509up_u21686
DEBUG 2025-02-23 16:30:30.690 UTC: 	 output : 349528
349528

 error: 
 retcode : 0
DEBUG 2025-02-23 16:30:30.691 UTC: 	 Proxy valid for 97:05:28 hours
DEBUG 2025-02-23 16:30:30.691 UTC: 	 Encoded data for curl request: subresource=delegatedn
DEBUG 2025-02-23 16:30:30.732 UTC: 	 Registering user credentials on myproxy for /DC=ch/DC=cern/OU=computers/CN=crab-(preprod|prod)-tw(01|02).cern.ch|/DC=ch/DC=cern/OU=computers/CN=crab-dev-tw(01|02|03|04).cern.ch|/DC=ch/DC=cern/OU=Organic Units/OU=Users/CN=cmscrab/CN=(817881|373708)/CN=Robot: cms crab|/DC=ch/DC=cern/OU=Organic Units/OU=Users/CN=crabint1/CN=373708/CN=Robot: CMS CRAB Integration 1
DEBUG 2025-02-23 16:30:30.732 UTC: 	 Executing command :
 voms-proxy-info --identity --file /tmp/x509up_u21686
DEBUG 2025-02-23 16:30:31.163 UTC: 	 output : /DC=ch/DC=cern/OU=Organic Units/OU=Users/CN=jelee/CN=727784/CN=Jeongeun Lee

 error: 
 retcode : 0
DEBUG 2025-02-23 16:30:31.163 UTC: 	 Getting myproxy life time left for f1f3941e9d4a8be26269c6d003b41f2827f63184
DEBUG 2025-02-23 16:30:31.164 UTC: 	 Executing command :
 myproxy-info -s myproxy.cern.ch -l f1f3941e9d4a8be26269c6d003b41f2827f63184
DEBUG 2025-02-23 16:30:31.442 UTC: 	 output : username: f1f3941e9d4a8be26269c6d003b41f2827f63184
owner: /DC=ch/DC=cern/OU=Organic Units/OU=Users/CN=jelee/CN=727784/CN=Jeongeun Lee
  renewal policy: /DC=ch/DC=cern/OU=computers/CN=crab-(preprod|prod)-tw(01|02).cern.ch|/DC=ch/DC=cern/OU=computers/CN=crab-dev-tw(01|02|03|04).cern.ch|/DC=ch/DC=cern/OU=Organic Units/OU=Users/CN=cmscrab/CN=(817881|373708)/CN=Robot: cms crab|/DC=ch/DC=cern/OU=Organic Units/OU=Users/CN=crabint1/CN=373708/CN=Robot: CMS CRAB Integration 1
  trusted retrieval policy: /DC=ch/DC=cern/OU=computers/CN=crab-(preprod|prod)-tw(01|02).cern.ch|/DC=ch/DC=cern/OU=computers/CN=crab-dev-tw(01|02|03|04).cern.ch|/DC=ch/DC=cern/OU=Organic Units/OU=Users/CN=cmscrab/CN=(817881|373708)/CN=Robot: cms crab|/DC=ch/DC=cern/OU=Organic Units/OU=Users/CN=crabint1/CN=373708/CN=Robot: CMS CRAB Integration 1
  timeleft: 645:37:09  (26.9 days)

 error: 
 retcode : 0
DEBUG 2025-02-23 16:30:31.442 UTC: 	 Myproxy is valid: 2324220
DEBUG 2025-02-23 16:30:31.442 UTC: 	 Result of myproxy credential check:
  Credential exists on myproxy: username: f1f3941e9d4a8be26269c6d003b41f2827f63184  - validity: 26 days, 21:37:00
DEBUG 2025-02-23 16:30:31.443 UTC: 	 Command use: remake
DEBUG 2025-02-23 16:30:31.443 UTC: 	 Options use: ['--task=250222_164721:jelee_crab_WWtoLNu2Q']
DEBUG 2025-02-23 16:30:31.443 UTC: 	 Encoded data for curl request: subresource=version
DEBUG 2025-02-23 16:30:31.478 UTC: 	 CRABClient version: v3.241125
DEBUG 2025-02-23 16:30:31.479 UTC: 	 Instance is prod
DEBUG 2025-02-23 16:30:31.479 UTC: 	 Server base url is cmsweb.cern.ch
DEBUG 2025-02-23 16:30:31.479 UTC: 	 Command api workflow
WARNING 2025-02-23 16:30:31.479 UTC: 	 ATTENTION return value for 'remake' has been changed to a dictionary
 format is {'commandStatus': 'SUCCESS' or 'FAILED',
            'workDir': name of the work directory created}
INFO 2025-02-23 16:30:31.479 UTC: 	 Warning: crab_WWtoLNu2Q/.requestcache not created, because it already exists.
INFO 2025-02-23 16:30:31.480 UTC: 	 Log file is /afs/cern.ch/work/j/jelee/nanoaod/workspace2025/CMSSW_13_3_0/src/PhysicsTools/NanoAODTools/crab_Run2_UL_Skim/2022preEE/WWtoLNu2Q/crab.log
DEBUG 2025-02-23 19:35:04.114 UTC: 	 CRAB Client version: v3.241125
DEBUG 2025-02-23 19:35:04.115 UTC: 	 Running on: Linux lxplus814.cern.ch 4.18.0-553.40.1.el8_10.x86_64 #1 SMP Thu Feb 6 21:20:51 EST 2025 x86_64 x86_64 x86_64 GNU/Linux
DEBUG 2025-02-23 19:35:04.115 UTC: 	 Not using Singularity
DEBUG 2025-02-23 19:35:04.115 UTC: 	 Operating System: Red Hat Enterprise Linux 8.10 (Ootpa)
DEBUG 2025-02-23 19:35:04.115 UTC: 	 Executing command: 'remake'
DEBUG 2025-02-23 19:35:04.115 UTC: 	 Found CRAB cache file /afs/cern.ch/user/j/jelee/.crab3
DEBUG 2025-02-23 19:35:04.115 UTC: 	 Checking credentials
DEBUG 2025-02-23 19:35:04.115 UTC: 	 Found proxy file /tmp/x509up_u21686
DEBUG 2025-02-23 19:35:04.115 UTC: 	 Making sure it has proper VOMS extension
DEBUG 2025-02-23 19:35:04.115 UTC: 	 Executing command :
 voms-proxy-info --vo --file /tmp/x509up_u21686
DEBUG 2025-02-23 19:35:04.506 UTC: 	 output : cms

 error: 
 retcode : 0
DEBUG 2025-02-23 19:35:04.506 UTC: 	 Getting proxy life time left
DEBUG 2025-02-23 19:35:04.506 UTC: 	 Executing command :
 voms-proxy-info --actimeleft --timeleft --file /tmp/x509up_u21686
DEBUG 2025-02-23 19:35:04.876 UTC: 	 output : 338454
338454

 error: 
 retcode : 0
DEBUG 2025-02-23 19:35:04.876 UTC: 	 Proxy valid for 94:00:54 hours
DEBUG 2025-02-23 19:35:04.876 UTC: 	 Encoded data for curl request: subresource=delegatedn
DEBUG 2025-02-23 19:35:04.915 UTC: 	 Registering user credentials on myproxy for /DC=ch/DC=cern/OU=computers/CN=crab-(preprod|prod)-tw(01|02).cern.ch|/DC=ch/DC=cern/OU=computers/CN=crab-dev-tw(01|02|03|04).cern.ch|/DC=ch/DC=cern/OU=Organic Units/OU=Users/CN=cmscrab/CN=(817881|373708)/CN=Robot: cms crab|/DC=ch/DC=cern/OU=Organic Units/OU=Users/CN=crabint1/CN=373708/CN=Robot: CMS CRAB Integration 1
DEBUG 2025-02-23 19:35:04.915 UTC: 	 Executing command :
 voms-proxy-info --identity --file /tmp/x509up_u21686
DEBUG 2025-02-23 19:35:05.280 UTC: 	 output : /DC=ch/DC=cern/OU=Organic Units/OU=Users/CN=jelee/CN=727784/CN=Jeongeun Lee

 error: 
 retcode : 0
DEBUG 2025-02-23 19:35:05.280 UTC: 	 Getting myproxy life time left for f1f3941e9d4a8be26269c6d003b41f2827f63184
DEBUG 2025-02-23 19:35:05.280 UTC: 	 Executing command :
 myproxy-info -s myproxy.cern.ch -l f1f3941e9d4a8be26269c6d003b41f2827f63184
DEBUG 2025-02-23 19:35:05.569 UTC: 	 output : username: f1f3941e9d4a8be26269c6d003b41f2827f63184
owner: /DC=ch/DC=cern/OU=Organic Units/OU=Users/CN=jelee/CN=727784/CN=Jeongeun Lee
  renewal policy: /DC=ch/DC=cern/OU=computers/CN=crab-(preprod|prod)-tw(01|02).cern.ch|/DC=ch/DC=cern/OU=computers/CN=crab-dev-tw(01|02|03|04).cern.ch|/DC=ch/DC=cern/OU=Organic Units/OU=Users/CN=cmscrab/CN=(817881|373708)/CN=Robot: cms crab|/DC=ch/DC=cern/OU=Organic Units/OU=Users/CN=crabint1/CN=373708/CN=Robot: CMS CRAB Integration 1
  trusted retrieval policy: /DC=ch/DC=cern/OU=computers/CN=crab-(preprod|prod)-tw(01|02).cern.ch|/DC=ch/DC=cern/OU=computers/CN=crab-dev-tw(01|02|03|04).cern.ch|/DC=ch/DC=cern/OU=Organic Units/OU=Users/CN=cmscrab/CN=(817881|373708)/CN=Robot: cms crab|/DC=ch/DC=cern/OU=Organic Units/OU=Users/CN=crabint1/CN=373708/CN=Robot: CMS CRAB Integration 1
  timeleft: 642:32:35  (26.8 days)

 error: 
 retcode : 0
DEBUG 2025-02-23 19:35:05.569 UTC: 	 Myproxy is valid: 2313120
DEBUG 2025-02-23 19:35:05.569 UTC: 	 Result of myproxy credential check:
  Credential exists on myproxy: username: f1f3941e9d4a8be26269c6d003b41f2827f63184  - validity: 26 days, 18:32:00
DEBUG 2025-02-23 19:35:05.570 UTC: 	 Command use: remake
DEBUG 2025-02-23 19:35:05.570 UTC: 	 Options use: ['--task=250222_164721:jelee_crab_WWtoLNu2Q']
DEBUG 2025-02-23 19:35:05.570 UTC: 	 Encoded data for curl request: subresource=version
DEBUG 2025-02-23 19:35:05.609 UTC: 	 CRABClient version: v3.241125
DEBUG 2025-02-23 19:35:05.609 UTC: 	 Instance is prod
DEBUG 2025-02-23 19:35:05.609 UTC: 	 Server base url is cmsweb.cern.ch
DEBUG 2025-02-23 19:35:05.609 UTC: 	 Command api workflow
WARNING 2025-02-23 19:35:05.609 UTC: 	 ATTENTION return value for 'remake' has been changed to a dictionary
 format is {'commandStatus': 'SUCCESS' or 'FAILED',
            'workDir': name of the work directory created}
INFO 2025-02-23 19:35:05.609 UTC: 	 Warning: crab_WWtoLNu2Q/.requestcache not created, because it already exists.
INFO 2025-02-23 19:35:05.629 UTC: 	 Log file is /afs/cern.ch/work/j/jelee/nanoaod/workspace2025/CMSSW_13_3_0/src/PhysicsTools/NanoAODTools/crab_Run2_UL_Skim/2022preEE/WWtoLNu2Q/crab.log
