DEBUG 2025-02-23 16:30:55.571 UTC: 	 CRAB Client version: v3.241125
DEBUG 2025-02-23 16:30:55.572 UTC: 	 Running on: Linux lxplus814.cern.ch 4.18.0-553.40.1.el8_10.x86_64 #1 SMP Thu Feb 6 21:20:51 EST 2025 x86_64 x86_64 x86_64 GNU/Linux
DEBUG 2025-02-23 16:30:55.572 UTC: 	 Not using Singularity
DEBUG 2025-02-23 16:30:55.572 UTC: 	 Operating System: Red Hat Enterprise Linux 8.10 (Ootpa)
DEBUG 2025-02-23 16:30:55.572 UTC: 	 Executing command: 'remake'
DEBUG 2025-02-23 16:30:55.572 UTC: 	 Found CRAB cache file /afs/cern.ch/user/j/jelee/.crab3
DEBUG 2025-02-23 16:30:55.572 UTC: 	 Checking credentials
DEBUG 2025-02-23 16:30:55.572 UTC: 	 Found proxy file /tmp/x509up_u21686
DEBUG 2025-02-23 16:30:55.572 UTC: 	 Making sure it has proper VOMS extension
DEBUG 2025-02-23 16:30:55.572 UTC: 	 Executing command :
 voms-proxy-info --vo --file /tmp/x509up_u21686
DEBUG 2025-02-23 16:30:55.924 UTC: 	 output : cms

 error: 
 retcode : 0
DEBUG 2025-02-23 16:30:55.924 UTC: 	 Getting proxy life time left
DEBUG 2025-02-23 16:30:55.924 UTC: 	 Executing command :
 voms-proxy-info --actimeleft --timeleft --file /tmp/x509up_u21686
DEBUG 2025-02-23 16:30:56.274 UTC: 	 output : 349502
349502

 error: 
 retcode : 0
DEBUG 2025-02-23 16:30:56.274 UTC: 	 Proxy valid for 97:05:02 hours
DEBUG 2025-02-23 16:30:56.275 UTC: 	 Encoded data for curl request: subresource=delegatedn
DEBUG 2025-02-23 16:30:56.307 UTC: 	 Registering user credentials on myproxy for /DC=ch/DC=cern/OU=computers/CN=crab-(preprod|prod)-tw(01|02).cern.ch|/DC=ch/DC=cern/OU=computers/CN=crab-dev-tw(01|02|03|04).cern.ch|/DC=ch/DC=cern/OU=Organic Units/OU=Users/CN=cmscrab/CN=(817881|373708)/CN=Robot: cms crab|/DC=ch/DC=cern/OU=Organic Units/OU=Users/CN=crabint1/CN=373708/CN=Robot: CMS CRAB Integration 1
DEBUG 2025-02-23 16:30:56.307 UTC: 	 Executing command :
 voms-proxy-info --identity --file /tmp/x509up_u21686
DEBUG 2025-02-23 16:30:56.645 UTC: 	 output : /DC=ch/DC=cern/OU=Organic Units/OU=Users/CN=jelee/CN=727784/CN=Jeongeun Lee

 error: 
 retcode : 0
DEBUG 2025-02-23 16:30:56.645 UTC: 	 Getting myproxy life time left for f1f3941e9d4a8be26269c6d003b41f2827f63184
DEBUG 2025-02-23 16:30:56.645 UTC: 	 Executing command :
 myproxy-info -s myproxy.cern.ch -l f1f3941e9d4a8be26269c6d003b41f2827f63184
DEBUG 2025-02-23 16:30:56.917 UTC: 	 output : username: f1f3941e9d4a8be26269c6d003b41f2827f63184
owner: /DC=ch/DC=cern/OU=Organic Units/OU=Users/CN=jelee/CN=727784/CN=Jeongeun Lee
  renewal policy: /DC=ch/DC=cern/OU=computers/CN=crab-(preprod|prod)-tw(01|02).cern.ch|/DC=ch/DC=cern/OU=computers/CN=crab-dev-tw(01|02|03|04).cern.ch|/DC=ch/DC=cern/OU=Organic Units/OU=Users/CN=cmscrab/CN=(817881|373708)/CN=Robot: cms crab|/DC=ch/DC=cern/OU=Organic Units/OU=Users/CN=crabint1/CN=373708/CN=Robot: CMS CRAB Integration 1
  trusted retrieval policy: /DC=ch/DC=cern/OU=computers/CN=crab-(preprod|prod)-tw(01|02).cern.ch|/DC=ch/DC=cern/OU=computers/CN=crab-dev-tw(01|02|03|04).cern.ch|/DC=ch/DC=cern/OU=Organic Units/OU=Users/CN=cmscrab/CN=(817881|373708)/CN=Robot: cms crab|/DC=ch/DC=cern/OU=Organic Units/OU=Users/CN=crabint1/CN=373708/CN=Robot: CMS CRAB Integration 1
  timeleft: 645:36:44  (26.9 days)

 error: 
 retcode : 0
DEBUG 2025-02-23 16:30:56.917 UTC: 	 Myproxy is valid: 2324160
DEBUG 2025-02-23 16:30:56.917 UTC: 	 Result of myproxy credential check:
  Credential exists on myproxy: username: f1f3941e9d4a8be26269c6d003b41f2827f63184  - validity: 26 days, 21:36:00
DEBUG 2025-02-23 16:30:56.917 UTC: 	 Command use: remake
DEBUG 2025-02-23 16:30:56.917 UTC: 	 Options use: ['--task=250222_164731:jelee_crab_TBbarQ_t-ch']
DEBUG 2025-02-23 16:30:56.918 UTC: 	 Encoded data for curl request: subresource=version
DEBUG 2025-02-23 16:30:56.949 UTC: 	 CRABClient version: v3.241125
DEBUG 2025-02-23 16:30:56.949 UTC: 	 Instance is prod
DEBUG 2025-02-23 16:30:56.949 UTC: 	 Server base url is cmsweb.cern.ch
DEBUG 2025-02-23 16:30:56.949 UTC: 	 Command api workflow
WARNING 2025-02-23 16:30:56.949 UTC: 	 ATTENTION return value for 'remake' has been changed to a dictionary
 format is {'commandStatus': 'SUCCESS' or 'FAILED',
            'workDir': name of the work directory created}
INFO 2025-02-23 16:30:56.949 UTC: 	 Warning: crab_TBbarQ_t-ch/.requestcache not created, because it already exists.
INFO 2025-02-23 16:30:56.951 UTC: 	 Log file is /afs/cern.ch/work/j/jelee/nanoaod/workspace2025/CMSSW_13_3_0/src/PhysicsTools/NanoAODTools/crab_Run2_UL_Skim/2022preEE/TBbarQ_t-ch/crab.log
DEBUG 2025-02-23 19:35:19.617 UTC: 	 CRAB Client version: v3.241125
DEBUG 2025-02-23 19:35:19.617 UTC: 	 Running on: Linux lxplus814.cern.ch 4.18.0-553.40.1.el8_10.x86_64 #1 SMP Thu Feb 6 21:20:51 EST 2025 x86_64 x86_64 x86_64 GNU/Linux
DEBUG 2025-02-23 19:35:19.617 UTC: 	 Not using Singularity
DEBUG 2025-02-23 19:35:19.617 UTC: 	 Operating System: Red Hat Enterprise Linux 8.10 (Ootpa)
DEBUG 2025-02-23 19:35:19.617 UTC: 	 Executing command: 'remake'
DEBUG 2025-02-23 19:35:19.618 UTC: 	 Found CRAB cache file /afs/cern.ch/user/j/jelee/.crab3
DEBUG 2025-02-23 19:35:19.618 UTC: 	 Checking credentials
DEBUG 2025-02-23 19:35:19.618 UTC: 	 Found proxy file /tmp/x509up_u21686
DEBUG 2025-02-23 19:35:19.618 UTC: 	 Making sure it has proper VOMS extension
DEBUG 2025-02-23 19:35:19.618 UTC: 	 Executing command :
 voms-proxy-info --vo --file /tmp/x509up_u21686
DEBUG 2025-02-23 19:35:19.954 UTC: 	 output : cms

 error: 
 retcode : 0
DEBUG 2025-02-23 19:35:19.954 UTC: 	 Getting proxy life time left
DEBUG 2025-02-23 19:35:19.954 UTC: 	 Executing command :
 voms-proxy-info --actimeleft --timeleft --file /tmp/x509up_u21686
DEBUG 2025-02-23 19:35:20.320 UTC: 	 output : 338438
338438

 error: 
 retcode : 0
DEBUG 2025-02-23 19:35:20.321 UTC: 	 Proxy valid for 94:00:38 hours
DEBUG 2025-02-23 19:35:20.321 UTC: 	 Encoded data for curl request: subresource=delegatedn
DEBUG 2025-02-23 19:35:20.357 UTC: 	 Registering user credentials on myproxy for /DC=ch/DC=cern/OU=computers/CN=crab-(preprod|prod)-tw(01|02).cern.ch|/DC=ch/DC=cern/OU=computers/CN=crab-dev-tw(01|02|03|04).cern.ch|/DC=ch/DC=cern/OU=Organic Units/OU=Users/CN=cmscrab/CN=(817881|373708)/CN=Robot: cms crab|/DC=ch/DC=cern/OU=Organic Units/OU=Users/CN=crabint1/CN=373708/CN=Robot: CMS CRAB Integration 1
DEBUG 2025-02-23 19:35:20.357 UTC: 	 Executing command :
 voms-proxy-info --identity --file /tmp/x509up_u21686
DEBUG 2025-02-23 19:35:20.726 UTC: 	 output : /DC=ch/DC=cern/OU=Organic Units/OU=Users/CN=jelee/CN=727784/CN=Jeongeun Lee

 error: 
 retcode : 0
DEBUG 2025-02-23 19:35:20.726 UTC: 	 Getting myproxy life time left for f1f3941e9d4a8be26269c6d003b41f2827f63184
DEBUG 2025-02-23 19:35:20.726 UTC: 	 Executing command :
 myproxy-info -s myproxy.cern.ch -l f1f3941e9d4a8be26269c6d003b41f2827f63184
DEBUG 2025-02-23 19:35:21.008 UTC: 	 output : username: f1f3941e9d4a8be26269c6d003b41f2827f63184
owner: /DC=ch/DC=cern/OU=Organic Units/OU=Users/CN=jelee/CN=727784/CN=Jeongeun Lee
  renewal policy: /DC=ch/DC=cern/OU=computers/CN=crab-(preprod|prod)-tw(01|02).cern.ch|/DC=ch/DC=cern/OU=computers/CN=crab-dev-tw(01|02|03|04).cern.ch|/DC=ch/DC=cern/OU=Organic Units/OU=Users/CN=cmscrab/CN=(817881|373708)/CN=Robot: cms crab|/DC=ch/DC=cern/OU=Organic Units/OU=Users/CN=crabint1/CN=373708/CN=Robot: CMS CRAB Integration 1
  trusted retrieval policy: /DC=ch/DC=cern/OU=computers/CN=crab-(preprod|prod)-tw(01|02).cern.ch|/DC=ch/DC=cern/OU=computers/CN=crab-dev-tw(01|02|03|04).cern.ch|/DC=ch/DC=cern/OU=Organic Units/OU=Users/CN=cmscrab/CN=(817881|373708)/CN=Robot: cms crab|/DC=ch/DC=cern/OU=Organic Units/OU=Users/CN=crabint1/CN=373708/CN=Robot: CMS CRAB Integration 1
  timeleft: 642:32:19  (26.8 days)

 error: 
 retcode : 0
DEBUG 2025-02-23 19:35:21.009 UTC: 	 Myproxy is valid: 2313120
DEBUG 2025-02-23 19:35:21.009 UTC: 	 Result of myproxy credential check:
  Credential exists on myproxy: username: f1f3941e9d4a8be26269c6d003b41f2827f63184  - validity: 26 days, 18:32:00
DEBUG 2025-02-23 19:35:21.009 UTC: 	 Command use: remake
DEBUG 2025-02-23 19:35:21.009 UTC: 	 Options use: ['--task=250222_164731:jelee_crab_TBbarQ_t-ch']
DEBUG 2025-02-23 19:35:21.009 UTC: 	 Encoded data for curl request: subresource=version
DEBUG 2025-02-23 19:35:21.043 UTC: 	 CRABClient version: v3.241125
DEBUG 2025-02-23 19:35:21.043 UTC: 	 Instance is prod
DEBUG 2025-02-23 19:35:21.043 UTC: 	 Server base url is cmsweb.cern.ch
DEBUG 2025-02-23 19:35:21.043 UTC: 	 Command api workflow
WARNING 2025-02-23 19:35:21.043 UTC: 	 ATTENTION return value for 'remake' has been changed to a dictionary
 format is {'commandStatus': 'SUCCESS' or 'FAILED',
            'workDir': name of the work directory created}
INFO 2025-02-23 19:35:21.043 UTC: 	 Warning: crab_TBbarQ_t-ch/.requestcache not created, because it already exists.
INFO 2025-02-23 19:35:21.064 UTC: 	 Log file is /afs/cern.ch/work/j/jelee/nanoaod/workspace2025/CMSSW_13_3_0/src/PhysicsTools/NanoAODTools/crab_Run2_UL_Skim/2022preEE/TBbarQ_t-ch/crab.log
